#! /nix/store/vh3lcg8gq2c3pxbqkqmrk3fmf3papk52-iverilog-12.0/bin/vvp
:ivl_version "12.0 (stable)";
:ivl_delay_selection "TYPICAL";
:vpi_time_precision - 11;
:vpi_module "/nix/store/vh3lcg8gq2c3pxbqkqmrk3fmf3papk52-iverilog-12.0/lib/ivl/system.vpi";
:vpi_module "/nix/store/vh3lcg8gq2c3pxbqkqmrk3fmf3papk52-iverilog-12.0/lib/ivl/vhdl_sys.vpi";
:vpi_module "/nix/store/vh3lcg8gq2c3pxbqkqmrk3fmf3papk52-iverilog-12.0/lib/ivl/vhdl_textio.vpi";
:vpi_module "/nix/store/vh3lcg8gq2c3pxbqkqmrk3fmf3papk52-iverilog-12.0/lib/ivl/v2005_math.vpi";
:vpi_module "/nix/store/vh3lcg8gq2c3pxbqkqmrk3fmf3papk52-iverilog-12.0/lib/ivl/va_math.vpi";
S_0x15c01330 .scope module, "main" "main" 2 3;
 .timescale -9 -9;
v0x15c381f0_0 .var "a", 7 0;
v0x15c382d0_0 .var "b", 7 0;
v0x15c38370_0 .var "ci", 0 0;
v0x15c38410_0 .net "co", 0 0, L_0x15c54e10;  1 drivers
v0x15c38500_0 .net "sum", 7 0, L_0x15c54f10;  1 drivers
S_0x15b2f500 .scope module, "test" "adder" 2 9, 3 5 0, S_0x15c01330;
 .timescale 0 0;
    .port_info 0 /INPUT 8 "a";
    .port_info 1 /INPUT 8 "b";
    .port_info 2 /INPUT 1 "ci";
    .port_info 3 /OUTPUT 8 "sum";
    .port_info 4 /OUTPUT 1 "co";
v0x15c35d60_0 .net "_00_", 0 0, L_0x15c4d570;  1 drivers
v0x15c35e00_0 .net "_01_", 0 0, L_0x15c4d8a0;  1 drivers
v0x15c35ec0_0 .net "_02_", 0 0, L_0x15c4db80;  1 drivers
v0x15c35f60_0 .net "_03_", 0 0, L_0x15c4df20;  1 drivers
v0x15c36000_0 .net "_04_", 0 0, L_0x15c4e1b0;  1 drivers
v0x15c36140_0 .net "_05_", 0 0, L_0x15c4e600;  1 drivers
v0x15c361e0_0 .net "_06_", 0 0, L_0x15c4e7b0;  1 drivers
v0x15c36280_0 .net "_07_", 0 0, L_0x15c4eb60;  1 drivers
v0x15c36320_0 .net "_08_", 0 0, L_0x15c4f0b0;  1 drivers
v0x15c363c0_0 .net "_09_", 0 0, L_0x15c4edf0;  1 drivers
v0x15c364f0_0 .net "_10_", 0 0, L_0x15c4fa50;  1 drivers
v0x15c36590_0 .net "_11_", 0 0, L_0x15c4fb10;  1 drivers
v0x15c36630_0 .net "_12_", 0 0, L_0x15c4fcc0;  1 drivers
v0x15c366d0_0 .net "_13_", 0 0, L_0x15c4fee0;  1 drivers
v0x15c36770_0 .net "_14_", 0 0, L_0x15c50280;  1 drivers
v0x15c36810_0 .net "_15_", 0 0, L_0x15c50720;  1 drivers
v0x15c36940_0 .net "_16_", 0 0, L_0x15c50960;  1 drivers
v0x15c369e0_0 .net "_17_", 0 0, L_0x15c50bb0;  1 drivers
v0x15c36a80_0 .net "_18_", 0 0, L_0x15c50d40;  1 drivers
v0x15c36b20_0 .net "_19_", 0 0, L_0x15c50f80;  1 drivers
v0x15c36bc0_0 .net "_20_", 0 0, L_0x15c51230;  1 drivers
v0x15c36c60_0 .net "_21_", 0 0, L_0x15c516e0;  1 drivers
v0x15c36d00_0 .net "_22_", 0 0, L_0x15c517a0;  1 drivers
v0x15c36da0_0 .net "_23_", 0 0, L_0x15c51940;  1 drivers
v0x15c36e40_0 .net "_24_", 0 0, L_0x15c51b10;  1 drivers
v0x15c36ee0_0 .net "_25_", 0 0, L_0x15c51db0;  1 drivers
v0x15c36f80_0 .net "_26_", 0 0, L_0x15c52220;  1 drivers
v0x15c37020_0 .net "_27_", 0 0, L_0x15c524a0;  1 drivers
v0x15c370c0_0 .net "_28_", 0 0, L_0x15c526f0;  1 drivers
v0x15c37160_0 .net "_29_", 0 0, L_0x15c52880;  1 drivers
v0x15c37200_0 .net "_30_", 0 0, L_0x15c52b20;  1 drivers
v0x15c372a0_0 .net "_31_", 0 0, L_0x15c52ea0;  1 drivers
v0x15c37390_0 .net "_32_", 0 0, L_0x15c53610;  1 drivers
v0x15c37640_0 .net "_33_", 0 0, L_0x15c539b0;  1 drivers
v0x15c376e0_0 .net "_34_", 0 0, L_0x15c53b60;  1 drivers
v0x15c37780_0 .net "_35_", 0 0, L_0x15c53da0;  1 drivers
v0x15c37820_0 .net "_36_", 0 0, L_0x15c53f50;  1 drivers
v0x15c378c0_0 .net "_37_", 0 0, L_0x15c542d0;  1 drivers
v0x15c37960_0 .net "_38_", 0 0, L_0x15c54690;  1 drivers
v0x15c37a50_0 .net "_39_", 0 0, L_0x15c54850;  1 drivers
v0x15c37af0_0 .net "_40_", 0 0, L_0x15c54b50;  1 drivers
v0x15c37be0_0 .net "a", 7 0, v0x15c381f0_0;  1 drivers
v0x15c37ca0_0 .net "b", 7 0, v0x15c382d0_0;  1 drivers
v0x15c37da0_0 .net "ci", 0 0, v0x15c38370_0;  1 drivers
v0x15c37eb0_0 .net "co", 0 0, L_0x15c54e10;  alias, 1 drivers
v0x15c37f70_0 .net "sum", 7 0, L_0x15c54f10;  alias, 1 drivers
v0x15c38050_0 .net "tmp", 8 0, L_0x15c552d0;  1 drivers
L_0x15c4d670 .part v0x15c382d0_0, 1, 1;
L_0x15c4d760 .part v0x15c381f0_0, 1, 1;
L_0x15c4d9c0 .part v0x15c382d0_0, 1, 1;
L_0x15c4da60 .part v0x15c381f0_0, 1, 1;
L_0x15c4dc80 .part v0x15c382d0_0, 0, 1;
L_0x15c4ddb0 .part v0x15c381f0_0, 0, 1;
L_0x15c4e220 .part v0x15c382d0_0, 0, 1;
L_0x15c4e2c0 .part v0x15c381f0_0, 0, 1;
L_0x15c4e8b0 .part v0x15c382d0_0, 2, 1;
L_0x15c4e9a0 .part v0x15c381f0_0, 2, 1;
L_0x15c4ec60 .part v0x15c382d0_0, 2, 1;
L_0x15c4ed00 .part v0x15c381f0_0, 2, 1;
L_0x15c4f230 .part v0x15c382d0_0, 0, 1;
L_0x15c4f430 .part v0x15c381f0_0, 0, 1;
L_0x15c4f6b0 .part v0x15c382d0_0, 1, 1;
L_0x15c4f7a0 .part v0x15c381f0_0, 1, 1;
L_0x15c4ffe0 .part v0x15c382d0_0, 3, 1;
L_0x15c50080 .part v0x15c381f0_0, 3, 1;
L_0x15c50340 .part v0x15c382d0_0, 3, 1;
L_0x15c50430 .part v0x15c381f0_0, 3, 1;
L_0x15c50170 .part v0x15c382d0_0, 4, 1;
L_0x15c51080 .part v0x15c381f0_0, 4, 1;
L_0x15c51330 .part v0x15c382d0_0, 4, 1;
L_0x15c513d0 .part v0x15c381f0_0, 4, 1;
L_0x15c51eb0 .part v0x15c382d0_0, 5, 1;
L_0x15c51f50 .part v0x15c381f0_0, 5, 1;
L_0x15c52c20 .part v0x15c382d0_0, 5, 1;
L_0x15c52cc0 .part v0x15c381f0_0, 5, 1;
L_0x15c52f10 .part v0x15c382d0_0, 6, 1;
L_0x15c53210 .part v0x15c381f0_0, 6, 1;
L_0x15c53710 .part v0x15c382d0_0, 6, 1;
L_0x15c537b0 .part v0x15c381f0_0, 6, 1;
L_0x15c54070 .part v0x15c382d0_0, 7, 1;
L_0x15c54110 .part v0x15c381f0_0, 7, 1;
L_0x15c543d0 .part v0x15c382d0_0, 7, 1;
L_0x15c54470 .part v0x15c381f0_0, 7, 1;
LS_0x15c54f10_0_0 .concat8 [ 1 1 1 1], L_0x15c54e80, L_0x15c4e500, L_0x15c4fe50, L_0x15c50e60;
LS_0x15c54f10_0_4 .concat8 [ 1 1 1 1], L_0x15c51c30, L_0x15c529a0, L_0x15c53c80, L_0x15c54970;
L_0x15c54f10 .concat8 [ 4 4 0 0], LS_0x15c54f10_0_0, LS_0x15c54f10_0_4;
L_0x15c552d0 .concat [ 8 1 0 0], L_0x15c54f10, L_0x15c54e10;
S_0x15b307b0 .scope module, "_41_" "sg13g2_nor2_1" 3 64, 4 1313 1, S_0x15b2f500;
 .timescale -9 -11;
    .port_info 0 /OUTPUT 1 "Y";
    .port_info 1 /INPUT 1 "A";
    .port_info 2 /INPUT 1 "B";
L_0x15c4d4a0 .functor OR 1, L_0x15c4d670, L_0x15c4d760, C4<0>, C4<0>;
L_0x15c4d570 .functor NOT 1, L_0x15c4d4a0, C4<0>, C4<0>, C4<0>;
v0x15b60b40_0 .net "A", 0 0, L_0x15c4d670;  1 drivers
v0x15b6beb0_0 .net "B", 0 0, L_0x15c4d760;  1 drivers
v0x15b7faa0_0 .net "Y", 0 0, L_0x15c4d570;  alias, 1 drivers
v0x15b84e70_0 .net "int_fwire_0", 0 0, L_0x15c4d4a0;  1 drivers
S_0x15b542e0 .scope module, "_42_" "sg13g2_xor2_1" 3 69, 4 1950 1, S_0x15b2f500;
 .timescale -9 -11;
    .port_info 0 /OUTPUT 1 "X";
    .port_info 1 /INPUT 1 "A";
    .port_info 2 /INPUT 1 "B";
L_0x15c4d8a0 .functor XOR 1, L_0x15c4d9c0, L_0x15c4da60, C4<0>, C4<0>;
v0x15b8a450_0 .net "A", 0 0, L_0x15c4d9c0;  1 drivers
v0x15b55720_0 .net "B", 0 0, L_0x15c4da60;  1 drivers
v0x15b557e0_0 .net "X", 0 0, L_0x15c4d8a0;  alias, 1 drivers
S_0x15b55900 .scope module, "_43_" "sg13g2_xor2_1" 3 74, 4 1950 1, S_0x15b2f500;
 .timescale -9 -11;
    .port_info 0 /OUTPUT 1 "X";
    .port_info 1 /INPUT 1 "A";
    .port_info 2 /INPUT 1 "B";
L_0x15c4db80 .functor XOR 1, L_0x15c4dc80, L_0x15c4ddb0, C4<0>, C4<0>;
v0x15b57090_0 .net "A", 0 0, L_0x15c4dc80;  1 drivers
v0x15b57150_0 .net "B", 0 0, L_0x15c4ddb0;  1 drivers
v0x15b57210_0 .net "X", 0 0, L_0x15c4db80;  alias, 1 drivers
S_0x15b57330 .scope module, "_44_" "sg13g2_and2_1" 3 79, 4 237 1, S_0x15b2f500;
 .timescale -9 -11;
    .port_info 0 /OUTPUT 1 "X";
    .port_info 1 /INPUT 1 "A";
    .port_info 2 /INPUT 1 "B";
L_0x15c4df20 .functor AND 1, v0x15c38370_0, L_0x15c4db80, C4<1>, C4<1>;
v0x15b58a00_0 .net "A", 0 0, v0x15c38370_0;  alias, 1 drivers
v0x15b58ac0_0 .net "B", 0 0, L_0x15c4db80;  alias, 1 drivers
v0x15b58bb0_0 .net "X", 0 0, L_0x15c4df20;  alias, 1 drivers
S_0x15b58cc0 .scope module, "_45_" "sg13g2_a21oi_1" 3 84, 4 82 1, S_0x15b2f500;
 .timescale -9 -11;
    .port_info 0 /OUTPUT 1 "Y";
    .port_info 1 /INPUT 1 "A1";
    .port_info 2 /INPUT 1 "A2";
    .port_info 3 /INPUT 1 "B1";
L_0x15c4e0b0 .functor AND 1, L_0x15c4e220, L_0x15c4e2c0, C4<1>, C4<1>;
L_0x15c4e140 .functor OR 1, L_0x15c4e0b0, L_0x15c4df20, C4<0>, C4<0>;
L_0x15c4e1b0 .functor NOT 1, L_0x15c4e140, C4<0>, C4<0>, C4<0>;
v0x15b5a530_0 .net "A1", 0 0, L_0x15c4e220;  1 drivers
v0x15b5a5d0_0 .net "A2", 0 0, L_0x15c4e2c0;  1 drivers
v0x15b5a690_0 .net "B1", 0 0, L_0x15c4df20;  alias, 1 drivers
v0x15b5a760_0 .net "Y", 0 0, L_0x15c4e1b0;  alias, 1 drivers
v0x15b5a800_0 .net "int_fwire_0", 0 0, L_0x15c4e0b0;  1 drivers
v0x15b5bee0_0 .net "int_fwire_1", 0 0, L_0x15c4e140;  1 drivers
S_0x15b5c020 .scope module, "_46_" "sg13g2_xnor2_1" 3 90, 4 1921 1, S_0x15b2f500;
 .timescale -9 -11;
    .port_info 0 /OUTPUT 1 "Y";
    .port_info 1 /INPUT 1 "A";
    .port_info 2 /INPUT 1 "B";
L_0x15c4e400 .functor XOR 1, L_0x15c4d8a0, L_0x15c4e1b0, C4<0>, C4<0>;
L_0x15c4e500 .functor NOT 1, L_0x15c4e400, C4<0>, C4<0>, C4<0>;
v0x15b5c270_0 .net "A", 0 0, L_0x15c4d8a0;  alias, 1 drivers
v0x15b5ddf0_0 .net "B", 0 0, L_0x15c4e1b0;  alias, 1 drivers
v0x15b5de90_0 .net "Y", 0 0, L_0x15c4e500;  1 drivers
v0x15b5df60_0 .net "int_fwire_0", 0 0, L_0x15c4e400;  1 drivers
S_0x15b5e060 .scope module, "_47_" "sg13g2_nand2_1" 3 95, 4 1159 1, S_0x15b2f500;
 .timescale -9 -11;
    .port_info 0 /OUTPUT 1 "Y";
    .port_info 1 /INPUT 1 "A";
    .port_info 2 /INPUT 1 "B";
L_0x15c4e590 .functor AND 1, L_0x15c4d8a0, L_0x15c4df20, C4<1>, C4<1>;
L_0x15c4e600 .functor NOT 1, L_0x15c4e590, C4<0>, C4<0>, C4<0>;
v0x15b5fd20_0 .net "A", 0 0, L_0x15c4d8a0;  alias, 1 drivers
v0x15b5fe30_0 .net "B", 0 0, L_0x15c4df20;  alias, 1 drivers
v0x15b5ff40_0 .net "Y", 0 0, L_0x15c4e600;  alias, 1 drivers
v0x15b5ffe0_0 .net "int_fwire_0", 0 0, L_0x15c4e590;  1 drivers
S_0x15b61e50 .scope module, "_48_" "sg13g2_nand2_1" 3 100, 4 1159 1, S_0x15b2f500;
 .timescale -9 -11;
    .port_info 0 /OUTPUT 1 "Y";
    .port_info 1 /INPUT 1 "A";
    .port_info 2 /INPUT 1 "B";
L_0x15c4e720 .functor AND 1, L_0x15c4e8b0, L_0x15c4e9a0, C4<1>, C4<1>;
L_0x15c4e7b0 .functor NOT 1, L_0x15c4e720, C4<0>, C4<0>, C4<0>;
v0x15b62030_0 .net "A", 0 0, L_0x15c4e8b0;  1 drivers
v0x15b62110_0 .net "B", 0 0, L_0x15c4e9a0;  1 drivers
v0x15b621d0_0 .net "Y", 0 0, L_0x15c4e7b0;  alias, 1 drivers
v0x15b630c0_0 .net "int_fwire_0", 0 0, L_0x15c4e720;  1 drivers
S_0x15b63200 .scope module, "_49_" "sg13g2_xnor2_1" 3 105, 4 1921 1, S_0x15b2f500;
 .timescale -9 -11;
    .port_info 0 /OUTPUT 1 "Y";
    .port_info 1 /INPUT 1 "A";
    .port_info 2 /INPUT 1 "B";
L_0x15c4eaf0 .functor XOR 1, L_0x15c4ec60, L_0x15c4ed00, C4<0>, C4<0>;
L_0x15c4eb60 .functor NOT 1, L_0x15c4eaf0, C4<0>, C4<0>, C4<0>;
v0x15b633e0_0 .net "A", 0 0, L_0x15c4ec60;  1 drivers
v0x15b642a0_0 .net "B", 0 0, L_0x15c4ed00;  1 drivers
v0x15b64360_0 .net "Y", 0 0, L_0x15c4eb60;  alias, 1 drivers
v0x15b64400_0 .net "int_fwire_0", 0 0, L_0x15c4eaf0;  1 drivers
S_0x15b64540 .scope module, "_50_" "sg13g2_a22oi_1" 3 110, 4 200 1, S_0x15b2f500;
 .timescale -9 -11;
    .port_info 0 /OUTPUT 1 "Y";
    .port_info 1 /INPUT 1 "A1";
    .port_info 2 /INPUT 1 "A2";
    .port_info 3 /INPUT 1 "B1";
    .port_info 4 /INPUT 1 "B2";
L_0x15c4ee60 .functor AND 1, L_0x15c4f6b0, L_0x15c4f7a0, C4<1>, C4<1>;
L_0x15c4eed0 .functor AND 1, L_0x15c4f230, L_0x15c4f430, C4<1>, C4<1>;
L_0x15c4ef70 .functor OR 1, L_0x15c4eed0, L_0x15c4ee60, C4<0>, C4<0>;
L_0x15c4f0b0 .functor NOT 1, L_0x15c4ef70, C4<0>, C4<0>, C4<0>;
v0x15b65910_0 .net "A1", 0 0, L_0x15c4f230;  1 drivers
v0x15b659d0_0 .net "A2", 0 0, L_0x15c4f430;  1 drivers
v0x15b65a90_0 .net "B1", 0 0, L_0x15c4f6b0;  1 drivers
v0x15b65b30_0 .net "B2", 0 0, L_0x15c4f7a0;  1 drivers
v0x15b65bf0_0 .net "Y", 0 0, L_0x15c4f0b0;  alias, 1 drivers
v0x15b66f80_0 .net "int_fwire_0", 0 0, L_0x15c4ee60;  1 drivers
v0x15b67040_0 .net "int_fwire_1", 0 0, L_0x15c4eed0;  1 drivers
v0x15b67100_0 .net "int_fwire_2", 0 0, L_0x15c4ef70;  1 drivers
S_0x15b67260 .scope module, "_51_" "sg13g2_or3_1" 3 117, 4 1550 1, S_0x15b2f500;
 .timescale -9 -11;
    .port_info 0 /OUTPUT 1 "X";
    .port_info 1 /INPUT 1 "A";
    .port_info 2 /INPUT 1 "B";
    .port_info 3 /INPUT 1 "C";
L_0x15c4edf0 .functor OR 1, L_0x15c4d570, L_0x15c4eb60, L_0x15c4f0b0, C4<0>;
v0x15b68ae0_0 .net "A", 0 0, L_0x15c4d570;  alias, 1 drivers
v0x15b68b80_0 .net "B", 0 0, L_0x15c4eb60;  alias, 1 drivers
v0x15b68c50_0 .net "C", 0 0, L_0x15c4f0b0;  alias, 1 drivers
v0x15b68d50_0 .net "X", 0 0, L_0x15c4edf0;  alias, 1 drivers
S_0x15b6a5c0 .scope module, "_52_" "sg13g2_o21ai_1" 3 123, 4 1489 1, S_0x15b2f500;
 .timescale -9 -11;
    .port_info 0 /OUTPUT 1 "Y";
    .port_info 1 /INPUT 1 "A1";
    .port_info 2 /INPUT 1 "A2";
    .port_info 3 /INPUT 1 "B1";
L_0x15c4f920 .functor OR 1, L_0x15c4d570, L_0x15c4f0b0, C4<0>, C4<0>;
L_0x15c4f990 .functor AND 1, L_0x15c4f920, L_0x15c4eb60, C4<1>, C4<1>;
L_0x15c4fa50 .functor NOT 1, L_0x15c4f990, C4<0>, C4<0>, C4<0>;
v0x15b6a810_0 .net "A1", 0 0, L_0x15c4d570;  alias, 1 drivers
v0x15b6a920_0 .net "A2", 0 0, L_0x15c4f0b0;  alias, 1 drivers
v0x15b68e40_0 .net "B1", 0 0, L_0x15c4eb60;  alias, 1 drivers
v0x15b719b0_0 .net "Y", 0 0, L_0x15c4fa50;  alias, 1 drivers
v0x15b71a50_0 .net "int_fwire_0", 0 0, L_0x15c4f920;  1 drivers
v0x15b71b40_0 .net "int_fwire_1", 0 0, L_0x15c4f990;  1 drivers
S_0x15b71c80 .scope module, "_53_" "sg13g2_and2_1" 3 129, 4 237 1, S_0x15b2f500;
 .timescale -9 -11;
    .port_info 0 /OUTPUT 1 "X";
    .port_info 1 /INPUT 1 "A";
    .port_info 2 /INPUT 1 "B";
L_0x15c4fb10 .functor AND 1, L_0x15c4edf0, L_0x15c4fa50, C4<1>, C4<1>;
v0x15b780e0_0 .net "A", 0 0, L_0x15c4edf0;  alias, 1 drivers
v0x15b781a0_0 .net "B", 0 0, L_0x15c4fa50;  alias, 1 drivers
v0x15b78240_0 .net "X", 0 0, L_0x15c4fb10;  alias, 1 drivers
S_0x15b78320 .scope module, "_54_" "sg13g2_nand2b_1" 3 134, 4 1201 1, S_0x15b2f500;
 .timescale -9 -11;
    .port_info 0 /OUTPUT 1 "Y";
    .port_info 1 /INPUT 1 "A_N";
    .port_info 2 /INPUT 1 "B";
L_0x15c4fba0 .functor NOT 1, L_0x15c4e600, C4<0>, C4<0>, C4<0>;
L_0x15c4fc30 .functor AND 1, L_0x15c4fba0, L_0x15c4fb10, C4<1>, C4<1>;
L_0x15c4fcc0 .functor NOT 1, L_0x15c4fc30, C4<0>, C4<0>, C4<0>;
v0x15b7e7a0_0 .net "A_N", 0 0, L_0x15c4e600;  alias, 1 drivers
v0x15b7e860_0 .net "A_N__bar", 0 0, L_0x15c4fba0;  1 drivers
v0x15b7e900_0 .net "B", 0 0, L_0x15c4fb10;  alias, 1 drivers
v0x15b7ea00_0 .net "Y", 0 0, L_0x15c4fcc0;  alias, 1 drivers
v0x15b7eaa0_0 .net "int_fwire_0", 0 0, L_0x15c4fc30;  1 drivers
S_0x15b83ba0 .scope module, "_55_" "sg13g2_xnor2_1" 3 139, 4 1921 1, S_0x15b2f500;
 .timescale -9 -11;
    .port_info 0 /OUTPUT 1 "Y";
    .port_info 1 /INPUT 1 "A";
    .port_info 2 /INPUT 1 "B";
L_0x15c4fdc0 .functor XOR 1, L_0x15c4e600, L_0x15c4fb10, C4<0>, C4<0>;
L_0x15c4fe50 .functor NOT 1, L_0x15c4fdc0, C4<0>, C4<0>, C4<0>;
v0x15b83dd0_0 .net "A", 0 0, L_0x15c4e600;  alias, 1 drivers
v0x15b88ea0_0 .net "B", 0 0, L_0x15c4fb10;  alias, 1 drivers
v0x15b88fb0_0 .net "Y", 0 0, L_0x15c4fe50;  1 drivers
v0x15b89050_0 .net "int_fwire_0", 0 0, L_0x15c4fdc0;  1 drivers
S_0x15b89170 .scope module, "_56_" "sg13g2_and2_1" 3 144, 4 237 1, S_0x15b2f500;
 .timescale -9 -11;
    .port_info 0 /OUTPUT 1 "X";
    .port_info 1 /INPUT 1 "A";
    .port_info 2 /INPUT 1 "B";
L_0x15c4fee0 .functor AND 1, L_0x15c4ffe0, L_0x15c50080, C4<1>, C4<1>;
v0x15b89510_0 .net "A", 0 0, L_0x15c4ffe0;  1 drivers
v0x15b895b0_0 .net "B", 0 0, L_0x15c50080;  1 drivers
v0x15b89670_0 .net "X", 0 0, L_0x15c4fee0;  alias, 1 drivers
S_0x15b89790 .scope module, "_57_" "sg13g2_xnor2_1" 3 149, 4 1921 1, S_0x15b2f500;
 .timescale -9 -11;
    .port_info 0 /OUTPUT 1 "Y";
    .port_info 1 /INPUT 1 "A";
    .port_info 2 /INPUT 1 "B";
L_0x15c50210 .functor XOR 1, L_0x15c50340, L_0x15c50430, C4<0>, C4<0>;
L_0x15c50280 .functor NOT 1, L_0x15c50210, C4<0>, C4<0>, C4<0>;
v0x15b8bd90_0 .net "A", 0 0, L_0x15c50340;  1 drivers
v0x15b8be50_0 .net "B", 0 0, L_0x15c50430;  1 drivers
v0x15b8bf10_0 .net "Y", 0 0, L_0x15c50280;  alias, 1 drivers
v0x15b8bfb0_0 .net "int_fwire_0", 0 0, L_0x15c50210;  1 drivers
S_0x15b8c580 .scope module, "_58_" "sg13g2_a21oi_1" 3 154, 4 82 1, S_0x15b2f500;
 .timescale -9 -11;
    .port_info 0 /OUTPUT 1 "Y";
    .port_info 1 /INPUT 1 "A1";
    .port_info 2 /INPUT 1 "A2";
    .port_info 3 /INPUT 1 "B1";
L_0x15c505d0 .functor AND 1, L_0x15c4e7b0, L_0x15c4edf0, C4<1>, C4<1>;
L_0x15c50640 .functor OR 1, L_0x15c505d0, L_0x15c50280, C4<0>, C4<0>;
L_0x15c50720 .functor NOT 1, L_0x15c50640, C4<0>, C4<0>, C4<0>;
v0x15b8c800_0 .net "A1", 0 0, L_0x15c4e7b0;  alias, 1 drivers
v0x15b8c8d0_0 .net "A2", 0 0, L_0x15c4edf0;  alias, 1 drivers
v0x15b8cf00_0 .net "B1", 0 0, L_0x15c50280;  alias, 1 drivers
v0x15b8cfd0_0 .net "Y", 0 0, L_0x15c50720;  alias, 1 drivers
v0x15b8d070_0 .net "int_fwire_0", 0 0, L_0x15c505d0;  1 drivers
v0x15b8d160_0 .net "int_fwire_1", 0 0, L_0x15c50640;  1 drivers
S_0x15b8efb0 .scope module, "_59_" "sg13g2_nand3_1" 3 160, 4 1245 1, S_0x15b2f500;
 .timescale -9 -11;
    .port_info 0 /OUTPUT 1 "Y";
    .port_info 1 /INPUT 1 "A";
    .port_info 2 /INPUT 1 "B";
    .port_info 3 /INPUT 1 "C";
L_0x15c507e0 .functor AND 1, L_0x15c4e7b0, L_0x15c4edf0, L_0x15c50280, C4<1>;
L_0x15c50960 .functor NOT 1, L_0x15c507e0, C4<0>, C4<0>, C4<0>;
v0x15b8f200_0 .net "A", 0 0, L_0x15c4e7b0;  alias, 1 drivers
v0x15b8f310_0 .net "B", 0 0, L_0x15c4edf0;  alias, 1 drivers
v0x15b8d280_0 .net "C", 0 0, L_0x15c50280;  alias, 1 drivers
v0x15aaa1c0_0 .net "Y", 0 0, L_0x15c50960;  alias, 1 drivers
v0x15aaa260_0 .net "int_fwire_0", 0 0, L_0x15c507e0;  1 drivers
S_0x15aaa3d0 .scope module, "_60_" "sg13g2_nand2b_1" 3 166, 4 1201 1, S_0x15b2f500;
 .timescale -9 -11;
    .port_info 0 /OUTPUT 1 "Y";
    .port_info 1 /INPUT 1 "A_N";
    .port_info 2 /INPUT 1 "B";
L_0x15c50a40 .functor NOT 1, L_0x15c50720, C4<0>, C4<0>, C4<0>;
L_0x15c50ad0 .functor AND 1, L_0x15c50a40, L_0x15c50960, C4<1>, C4<1>;
L_0x15c50bb0 .functor NOT 1, L_0x15c50ad0, C4<0>, C4<0>, C4<0>;
v0x15c2a860_0 .net "A_N", 0 0, L_0x15c50720;  alias, 1 drivers
v0x15c2a900_0 .net "A_N__bar", 0 0, L_0x15c50a40;  1 drivers
v0x15c2a9a0_0 .net "B", 0 0, L_0x15c50960;  alias, 1 drivers
v0x15c2aa40_0 .net "Y", 0 0, L_0x15c50bb0;  alias, 1 drivers
v0x15c2aae0_0 .net "int_fwire_0", 0 0, L_0x15c50ad0;  1 drivers
S_0x15c2ab80 .scope module, "_61_" "sg13g2_nor2_1" 3 171, 4 1313 1, S_0x15b2f500;
 .timescale -9 -11;
    .port_info 0 /OUTPUT 1 "Y";
    .port_info 1 /INPUT 1 "A";
    .port_info 2 /INPUT 1 "B";
L_0x15c50cb0 .functor OR 1, L_0x15c4fcc0, L_0x15c50bb0, C4<0>, C4<0>;
L_0x15c50d40 .functor NOT 1, L_0x15c50cb0, C4<0>, C4<0>, C4<0>;
v0x15c2adb0_0 .net "A", 0 0, L_0x15c4fcc0;  alias, 1 drivers
v0x15c2ae50_0 .net "B", 0 0, L_0x15c50bb0;  alias, 1 drivers
v0x15c2af20_0 .net "Y", 0 0, L_0x15c50d40;  alias, 1 drivers
v0x15c2aff0_0 .net "int_fwire_0", 0 0, L_0x15c50cb0;  1 drivers
S_0x15c2b0d0 .scope module, "_62_" "sg13g2_xor2_1" 3 176, 4 1950 1, S_0x15b2f500;
 .timescale -9 -11;
    .port_info 0 /OUTPUT 1 "X";
    .port_info 1 /INPUT 1 "A";
    .port_info 2 /INPUT 1 "B";
L_0x15c50e60 .functor XOR 1, L_0x15c4fcc0, L_0x15c50bb0, C4<0>, C4<0>;
v0x15c2b300_0 .net "A", 0 0, L_0x15c4fcc0;  alias, 1 drivers
v0x15c2b410_0 .net "B", 0 0, L_0x15c50bb0;  alias, 1 drivers
v0x15c2b520_0 .net "X", 0 0, L_0x15c50e60;  1 drivers
S_0x15c2b620 .scope module, "_63_" "sg13g2_nand2_1" 3 181, 4 1159 1, S_0x15b2f500;
 .timescale -9 -11;
    .port_info 0 /OUTPUT 1 "Y";
    .port_info 1 /INPUT 1 "A";
    .port_info 2 /INPUT 1 "B";
L_0x15c50ef0 .functor AND 1, L_0x15c50170, L_0x15c51080, C4<1>, C4<1>;
L_0x15c50f80 .functor NOT 1, L_0x15c50ef0, C4<0>, C4<0>, C4<0>;
v0x15c2b850_0 .net "A", 0 0, L_0x15c50170;  1 drivers
v0x15c2b930_0 .net "B", 0 0, L_0x15c51080;  1 drivers
v0x15c2b9f0_0 .net "Y", 0 0, L_0x15c50f80;  alias, 1 drivers
v0x15c2ba90_0 .net "int_fwire_0", 0 0, L_0x15c50ef0;  1 drivers
S_0x15c2bbd0 .scope module, "_64_" "sg13g2_xor2_1" 3 186, 4 1950 1, S_0x15b2f500;
 .timescale -9 -11;
    .port_info 0 /OUTPUT 1 "X";
    .port_info 1 /INPUT 1 "A";
    .port_info 2 /INPUT 1 "B";
L_0x15c51230 .functor XOR 1, L_0x15c51330, L_0x15c513d0, C4<0>, C4<0>;
v0x15c2be00_0 .net "A", 0 0, L_0x15c51330;  1 drivers
v0x15c2bee0_0 .net "B", 0 0, L_0x15c513d0;  1 drivers
v0x15c2bfa0_0 .net "X", 0 0, L_0x15c51230;  alias, 1 drivers
S_0x15c2c0f0 .scope module, "_65_" "sg13g2_o21ai_1" 3 191, 4 1489 1, S_0x15b2f500;
 .timescale -9 -11;
    .port_info 0 /OUTPUT 1 "Y";
    .port_info 1 /INPUT 1 "A1";
    .port_info 2 /INPUT 1 "A2";
    .port_info 3 /INPUT 1 "B1";
L_0x15c51590 .functor OR 1, L_0x15c4fee0, L_0x15c50720, C4<0>, C4<0>;
L_0x15c51600 .functor AND 1, L_0x15c51590, L_0x15c51230, C4<1>, C4<1>;
L_0x15c516e0 .functor NOT 1, L_0x15c51600, C4<0>, C4<0>, C4<0>;
v0x15c2c370_0 .net "A1", 0 0, L_0x15c4fee0;  alias, 1 drivers
v0x15c2c440_0 .net "A2", 0 0, L_0x15c50720;  alias, 1 drivers
v0x15c2c530_0 .net "B1", 0 0, L_0x15c51230;  alias, 1 drivers
v0x15c2c600_0 .net "Y", 0 0, L_0x15c516e0;  alias, 1 drivers
v0x15c2c6a0_0 .net "int_fwire_0", 0 0, L_0x15c51590;  1 drivers
v0x15c2c790_0 .net "int_fwire_1", 0 0, L_0x15c51600;  1 drivers
S_0x15c2c8b0 .scope module, "_66_" "sg13g2_or3_1" 3 197, 4 1550 1, S_0x15b2f500;
 .timescale -9 -11;
    .port_info 0 /OUTPUT 1 "X";
    .port_info 1 /INPUT 1 "A";
    .port_info 2 /INPUT 1 "B";
    .port_info 3 /INPUT 1 "C";
L_0x15c517a0 .functor OR 1, L_0x15c4fee0, L_0x15c50720, L_0x15c51230, C4<0>;
v0x15c2cb00_0 .net "A", 0 0, L_0x15c4fee0;  alias, 1 drivers
v0x15c2cc10_0 .net "B", 0 0, L_0x15c50720;  alias, 1 drivers
v0x15c2ccd0_0 .net "C", 0 0, L_0x15c51230;  alias, 1 drivers
v0x15c2cdc0_0 .net "X", 0 0, L_0x15c517a0;  alias, 1 drivers
S_0x15c2cec0 .scope module, "_67_" "sg13g2_and2_1" 3 203, 4 237 1, S_0x15b2f500;
 .timescale -9 -11;
    .port_info 0 /OUTPUT 1 "X";
    .port_info 1 /INPUT 1 "A";
    .port_info 2 /INPUT 1 "B";
L_0x15c51940 .functor AND 1, L_0x15c516e0, L_0x15c517a0, C4<1>, C4<1>;
v0x15c2d110_0 .net "A", 0 0, L_0x15c516e0;  alias, 1 drivers
v0x15c2d1d0_0 .net "B", 0 0, L_0x15c517a0;  alias, 1 drivers
v0x15c2d2a0_0 .net "X", 0 0, L_0x15c51940;  alias, 1 drivers
S_0x15c2d3b0 .scope module, "_68_" "sg13g2_nand2_1" 3 208, 4 1159 1, S_0x15b2f500;
 .timescale -9 -11;
    .port_info 0 /OUTPUT 1 "Y";
    .port_info 1 /INPUT 1 "A";
    .port_info 2 /INPUT 1 "B";
L_0x15c51a80 .functor AND 1, L_0x15c50d40, L_0x15c51940, C4<1>, C4<1>;
L_0x15c51b10 .functor NOT 1, L_0x15c51a80, C4<0>, C4<0>, C4<0>;
v0x15c2d5e0_0 .net "A", 0 0, L_0x15c50d40;  alias, 1 drivers
v0x15c2d6d0_0 .net "B", 0 0, L_0x15c51940;  alias, 1 drivers
v0x15c2d7a0_0 .net "Y", 0 0, L_0x15c51b10;  alias, 1 drivers
v0x15c2d870_0 .net "int_fwire_0", 0 0, L_0x15c51a80;  1 drivers
S_0x15c2d970 .scope module, "_69_" "sg13g2_xor2_1" 3 213, 4 1950 1, S_0x15b2f500;
 .timescale -9 -11;
    .port_info 0 /OUTPUT 1 "X";
    .port_info 1 /INPUT 1 "A";
    .port_info 2 /INPUT 1 "B";
L_0x15c51c30 .functor XOR 1, L_0x15c50d40, L_0x15c51940, C4<0>, C4<0>;
v0x15c2dba0_0 .net "A", 0 0, L_0x15c50d40;  alias, 1 drivers
v0x15c2dcb0_0 .net "B", 0 0, L_0x15c51940;  alias, 1 drivers
v0x15c2ddc0_0 .net "X", 0 0, L_0x15c51c30;  1 drivers
S_0x15c2dec0 .scope module, "_70_" "sg13g2_xnor2_1" 3 218, 4 1921 1, S_0x15b2f500;
 .timescale -9 -11;
    .port_info 0 /OUTPUT 1 "Y";
    .port_info 1 /INPUT 1 "A";
    .port_info 2 /INPUT 1 "B";
L_0x15c51cc0 .functor XOR 1, L_0x15c51eb0, L_0x15c51f50, C4<0>, C4<0>;
L_0x15c51db0 .functor NOT 1, L_0x15c51cc0, C4<0>, C4<0>, C4<0>;
v0x15c2e0f0_0 .net "A", 0 0, L_0x15c51eb0;  1 drivers
v0x15c2e1d0_0 .net "B", 0 0, L_0x15c51f50;  1 drivers
v0x15c2e290_0 .net "Y", 0 0, L_0x15c51db0;  alias, 1 drivers
v0x15c2e330_0 .net "int_fwire_0", 0 0, L_0x15c51cc0;  1 drivers
S_0x15c2e470 .scope module, "_71_" "sg13g2_a21oi_1" 3 223, 4 82 1, S_0x15b2f500;
 .timescale -9 -11;
    .port_info 0 /OUTPUT 1 "Y";
    .port_info 1 /INPUT 1 "A1";
    .port_info 2 /INPUT 1 "A2";
    .port_info 3 /INPUT 1 "B1";
L_0x15c520d0 .functor AND 1, L_0x15c50f80, L_0x15c516e0, C4<1>, C4<1>;
L_0x15c52140 .functor OR 1, L_0x15c520d0, L_0x15c51db0, C4<0>, C4<0>;
L_0x15c52220 .functor NOT 1, L_0x15c52140, C4<0>, C4<0>, C4<0>;
v0x15c2e6f0_0 .net "A1", 0 0, L_0x15c50f80;  alias, 1 drivers
v0x15c2e7c0_0 .net "A2", 0 0, L_0x15c516e0;  alias, 1 drivers
v0x15c2e8b0_0 .net "B1", 0 0, L_0x15c51db0;  alias, 1 drivers
v0x15c2e980_0 .net "Y", 0 0, L_0x15c52220;  alias, 1 drivers
v0x15c2ea20_0 .net "int_fwire_0", 0 0, L_0x15c520d0;  1 drivers
v0x15c2eb10_0 .net "int_fwire_1", 0 0, L_0x15c52140;  1 drivers
S_0x15c2ec30 .scope module, "_72_" "sg13g2_nand3_1" 3 229, 4 1245 1, S_0x15b2f500;
 .timescale -9 -11;
    .port_info 0 /OUTPUT 1 "Y";
    .port_info 1 /INPUT 1 "A";
    .port_info 2 /INPUT 1 "B";
    .port_info 3 /INPUT 1 "C";
L_0x15c52320 .functor AND 1, L_0x15c50f80, L_0x15c516e0, L_0x15c51db0, C4<1>;
L_0x15c524a0 .functor NOT 1, L_0x15c52320, C4<0>, C4<0>, C4<0>;
v0x15c2ee80_0 .net "A", 0 0, L_0x15c50f80;  alias, 1 drivers
v0x15c2ef90_0 .net "B", 0 0, L_0x15c516e0;  alias, 1 drivers
v0x15c2f050_0 .net "C", 0 0, L_0x15c51db0;  alias, 1 drivers
v0x15c2f140_0 .net "Y", 0 0, L_0x15c524a0;  alias, 1 drivers
v0x15c2f1e0_0 .net "int_fwire_0", 0 0, L_0x15c52320;  1 drivers
S_0x15c2f350 .scope module, "_73_" "sg13g2_nand2b_1" 3 235, 4 1201 1, S_0x15b2f500;
 .timescale -9 -11;
    .port_info 0 /OUTPUT 1 "Y";
    .port_info 1 /INPUT 1 "A_N";
    .port_info 2 /INPUT 1 "B";
L_0x15c52580 .functor NOT 1, L_0x15c52220, C4<0>, C4<0>, C4<0>;
L_0x15c52610 .functor AND 1, L_0x15c52580, L_0x15c524a0, C4<1>, C4<1>;
L_0x15c526f0 .functor NOT 1, L_0x15c52610, C4<0>, C4<0>, C4<0>;
v0x15c2f5a0_0 .net "A_N", 0 0, L_0x15c52220;  alias, 1 drivers
v0x15c2f660_0 .net "A_N__bar", 0 0, L_0x15c52580;  1 drivers
v0x15c2f700_0 .net "B", 0 0, L_0x15c524a0;  alias, 1 drivers
v0x15c2f7d0_0 .net "Y", 0 0, L_0x15c526f0;  alias, 1 drivers
v0x15c2f870_0 .net "int_fwire_0", 0 0, L_0x15c52610;  1 drivers
S_0x15c2f9e0 .scope module, "_74_" "sg13g2_nor2_1" 3 240, 4 1313 1, S_0x15b2f500;
 .timescale -9 -11;
    .port_info 0 /OUTPUT 1 "Y";
    .port_info 1 /INPUT 1 "A";
    .port_info 2 /INPUT 1 "B";
L_0x15c527f0 .functor OR 1, L_0x15c51b10, L_0x15c526f0, C4<0>, C4<0>;
L_0x15c52880 .functor NOT 1, L_0x15c527f0, C4<0>, C4<0>, C4<0>;
v0x15c2fc10_0 .net "A", 0 0, L_0x15c51b10;  alias, 1 drivers
v0x15c2fcd0_0 .net "B", 0 0, L_0x15c526f0;  alias, 1 drivers
v0x15c2fda0_0 .net "Y", 0 0, L_0x15c52880;  alias, 1 drivers
v0x15c2fe70_0 .net "int_fwire_0", 0 0, L_0x15c527f0;  1 drivers
S_0x15c2ff70 .scope module, "_75_" "sg13g2_xor2_1" 3 245, 4 1950 1, S_0x15b2f500;
 .timescale -9 -11;
    .port_info 0 /OUTPUT 1 "X";
    .port_info 1 /INPUT 1 "A";
    .port_info 2 /INPUT 1 "B";
L_0x15c529a0 .functor XOR 1, L_0x15c51b10, L_0x15c526f0, C4<0>, C4<0>;
v0x15c301a0_0 .net "A", 0 0, L_0x15c51b10;  alias, 1 drivers
v0x15c302b0_0 .net "B", 0 0, L_0x15c526f0;  alias, 1 drivers
v0x15c303c0_0 .net "X", 0 0, L_0x15c529a0;  1 drivers
S_0x15c304c0 .scope module, "_76_" "sg13g2_a21o_1" 3 250, 4 18 1, S_0x15b2f500;
 .timescale -9 -11;
    .port_info 0 /OUTPUT 1 "X";
    .port_info 1 /INPUT 1 "A1";
    .port_info 2 /INPUT 1 "A2";
    .port_info 3 /INPUT 1 "B1";
L_0x15c52a30 .functor AND 1, L_0x15c52c20, L_0x15c52cc0, C4<1>, C4<1>;
L_0x15c52b20 .functor OR 1, L_0x15c52a30, L_0x15c52220, C4<0>, C4<0>;
v0x15c30710_0 .net "A1", 0 0, L_0x15c52c20;  1 drivers
v0x15c307d0_0 .net "A2", 0 0, L_0x15c52cc0;  1 drivers
v0x15c30890_0 .net "B1", 0 0, L_0x15c52220;  alias, 1 drivers
v0x15c309b0_0 .net "X", 0 0, L_0x15c52b20;  alias, 1 drivers
v0x15c30a50_0 .net "int_fwire_0", 0 0, L_0x15c52a30;  1 drivers
S_0x15c30be0 .scope module, "_77_" "sg13g2_and2_1" 3 256, 4 237 1, S_0x15b2f500;
 .timescale -9 -11;
    .port_info 0 /OUTPUT 1 "X";
    .port_info 1 /INPUT 1 "A";
    .port_info 2 /INPUT 1 "B";
L_0x15c52ea0 .functor AND 1, L_0x15c52f10, L_0x15c53210, C4<1>, C4<1>;
v0x15c30e30_0 .net "A", 0 0, L_0x15c52f10;  1 drivers
v0x15c30f10_0 .net "B", 0 0, L_0x15c53210;  1 drivers
v0x15c30fd0_0 .net "X", 0 0, L_0x15c52ea0;  alias, 1 drivers
S_0x15c310f0 .scope module, "_78_" "sg13g2_xor2_1" 3 261, 4 1950 1, S_0x15b2f500;
 .timescale -9 -11;
    .port_info 0 /OUTPUT 1 "X";
    .port_info 1 /INPUT 1 "A";
    .port_info 2 /INPUT 1 "B";
L_0x15c53610 .functor XOR 1, L_0x15c53710, L_0x15c537b0, C4<0>, C4<0>;
v0x15c31320_0 .net "A", 0 0, L_0x15c53710;  1 drivers
v0x15c31400_0 .net "B", 0 0, L_0x15c537b0;  1 drivers
v0x15c314c0_0 .net "X", 0 0, L_0x15c53610;  alias, 1 drivers
S_0x15c315e0 .scope module, "_79_" "sg13g2_xor2_1" 3 266, 4 1950 1, S_0x15b2f500;
 .timescale -9 -11;
    .port_info 0 /OUTPUT 1 "X";
    .port_info 1 /INPUT 1 "A";
    .port_info 2 /INPUT 1 "B";
L_0x15c539b0 .functor XOR 1, L_0x15c52b20, L_0x15c53610, C4<0>, C4<0>;
v0x15c31810_0 .net "A", 0 0, L_0x15c52b20;  alias, 1 drivers
v0x15c31900_0 .net "B", 0 0, L_0x15c53610;  alias, 1 drivers
v0x15c319d0_0 .net "X", 0 0, L_0x15c539b0;  alias, 1 drivers
S_0x15c31ae0 .scope module, "_80_" "sg13g2_nand2_1" 3 271, 4 1159 1, S_0x15b2f500;
 .timescale -9 -11;
    .port_info 0 /OUTPUT 1 "Y";
    .port_info 1 /INPUT 1 "A";
    .port_info 2 /INPUT 1 "B";
L_0x15c53ad0 .functor AND 1, L_0x15c52880, L_0x15c539b0, C4<1>, C4<1>;
L_0x15c53b60 .functor NOT 1, L_0x15c53ad0, C4<0>, C4<0>, C4<0>;
v0x15c31d10_0 .net "A", 0 0, L_0x15c52880;  alias, 1 drivers
v0x15c31e00_0 .net "B", 0 0, L_0x15c539b0;  alias, 1 drivers
v0x15c31ed0_0 .net "Y", 0 0, L_0x15c53b60;  alias, 1 drivers
v0x15c31fa0_0 .net "int_fwire_0", 0 0, L_0x15c53ad0;  1 drivers
S_0x15c320a0 .scope module, "_81_" "sg13g2_xor2_1" 3 276, 4 1950 1, S_0x15b2f500;
 .timescale -9 -11;
    .port_info 0 /OUTPUT 1 "X";
    .port_info 1 /INPUT 1 "A";
    .port_info 2 /INPUT 1 "B";
L_0x15c53c80 .functor XOR 1, L_0x15c52880, L_0x15c539b0, C4<0>, C4<0>;
v0x15c322d0_0 .net "A", 0 0, L_0x15c52880;  alias, 1 drivers
v0x15c323e0_0 .net "B", 0 0, L_0x15c539b0;  alias, 1 drivers
v0x15c324f0_0 .net "X", 0 0, L_0x15c53c80;  1 drivers
S_0x15c325f0 .scope module, "_82_" "sg13g2_a21o_1" 3 281, 4 18 1, S_0x15b2f500;
 .timescale -9 -11;
    .port_info 0 /OUTPUT 1 "X";
    .port_info 1 /INPUT 1 "A1";
    .port_info 2 /INPUT 1 "A2";
    .port_info 3 /INPUT 1 "B1";
L_0x15c53d10 .functor AND 1, L_0x15c52b20, L_0x15c53610, C4<1>, C4<1>;
L_0x15c53da0 .functor OR 1, L_0x15c53d10, L_0x15c52ea0, C4<0>, C4<0>;
v0x15c32840_0 .net "A1", 0 0, L_0x15c52b20;  alias, 1 drivers
v0x15c32930_0 .net "A2", 0 0, L_0x15c53610;  alias, 1 drivers
v0x15c32a40_0 .net "B1", 0 0, L_0x15c52ea0;  alias, 1 drivers
v0x15c32ae0_0 .net "X", 0 0, L_0x15c53da0;  alias, 1 drivers
v0x15c32b80_0 .net "int_fwire_0", 0 0, L_0x15c53d10;  1 drivers
S_0x15c32cd0 .scope module, "_83_" "sg13g2_and2_1" 3 287, 4 237 1, S_0x15b2f500;
 .timescale -9 -11;
    .port_info 0 /OUTPUT 1 "X";
    .port_info 1 /INPUT 1 "A";
    .port_info 2 /INPUT 1 "B";
L_0x15c53f50 .functor AND 1, L_0x15c54070, L_0x15c54110, C4<1>, C4<1>;
v0x15c32f20_0 .net "A", 0 0, L_0x15c54070;  1 drivers
v0x15c33000_0 .net "B", 0 0, L_0x15c54110;  1 drivers
v0x15c330c0_0 .net "X", 0 0, L_0x15c53f50;  alias, 1 drivers
S_0x15c331e0 .scope module, "_84_" "sg13g2_or2_1" 3 292, 4 1514 1, S_0x15b2f500;
 .timescale -9 -11;
    .port_info 0 /OUTPUT 1 "X";
    .port_info 1 /INPUT 1 "A";
    .port_info 2 /INPUT 1 "B";
L_0x15c542d0 .functor OR 1, L_0x15c543d0, L_0x15c54470, C4<0>, C4<0>;
v0x15c33410_0 .net "A", 0 0, L_0x15c543d0;  1 drivers
v0x15c334f0_0 .net "B", 0 0, L_0x15c54470;  1 drivers
v0x15c335b0_0 .net "X", 0 0, L_0x15c542d0;  alias, 1 drivers
S_0x15c33700 .scope module, "_85_" "sg13g2_nor2b_1" 3 297, 4 1355 1, S_0x15b2f500;
 .timescale -9 -11;
    .port_info 0 /OUTPUT 1 "Y";
    .port_info 1 /INPUT 1 "A";
    .port_info 2 /INPUT 1 "B_N";
L_0x15c541b0 .functor NOT 1, L_0x15c542d0, C4<0>, C4<0>, C4<0>;
L_0x15c54220 .functor OR 1, L_0x15c53f50, L_0x15c541b0, C4<0>, C4<0>;
L_0x15c54690 .functor NOT 1, L_0x15c54220, C4<0>, C4<0>, C4<0>;
v0x15c33930_0 .net "A", 0 0, L_0x15c53f50;  alias, 1 drivers
v0x15c33a20_0 .net "B_N", 0 0, L_0x15c542d0;  alias, 1 drivers
v0x15c33af0_0 .net "B_N__bar", 0 0, L_0x15c541b0;  1 drivers
v0x15c33bc0_0 .net "Y", 0 0, L_0x15c54690;  alias, 1 drivers
v0x15c33c60_0 .net "int_fwire_0", 0 0, L_0x15c54220;  1 drivers
S_0x15c33dd0 .scope module, "_86_" "sg13g2_xnor2_1" 3 302, 4 1921 1, S_0x15b2f500;
 .timescale -9 -11;
    .port_info 0 /OUTPUT 1 "Y";
    .port_info 1 /INPUT 1 "A";
    .port_info 2 /INPUT 1 "B";
L_0x15c54750 .functor XOR 1, L_0x15c53da0, L_0x15c54690, C4<0>, C4<0>;
L_0x15c54850 .functor NOT 1, L_0x15c54750, C4<0>, C4<0>, C4<0>;
v0x15c34000_0 .net "A", 0 0, L_0x15c53da0;  alias, 1 drivers
v0x15c340c0_0 .net "B", 0 0, L_0x15c54690;  alias, 1 drivers
v0x15c34190_0 .net "Y", 0 0, L_0x15c54850;  alias, 1 drivers
v0x15c34260_0 .net "int_fwire_0", 0 0, L_0x15c54750;  1 drivers
S_0x15c34360 .scope module, "_87_" "sg13g2_xor2_1" 3 307, 4 1950 1, S_0x15b2f500;
 .timescale -9 -11;
    .port_info 0 /OUTPUT 1 "X";
    .port_info 1 /INPUT 1 "A";
    .port_info 2 /INPUT 1 "B";
L_0x15c54970 .functor XOR 1, L_0x15c53b60, L_0x15c54850, C4<0>, C4<0>;
v0x15c34590_0 .net "A", 0 0, L_0x15c53b60;  alias, 1 drivers
v0x15c34680_0 .net "B", 0 0, L_0x15c54850;  alias, 1 drivers
v0x15c34750_0 .net "X", 0 0, L_0x15c54970;  1 drivers
S_0x15c34860 .scope module, "_88_" "sg13g2_a21oi_1" 3 312, 4 82 1, S_0x15b2f500;
 .timescale -9 -11;
    .port_info 0 /OUTPUT 1 "Y";
    .port_info 1 /INPUT 1 "A1";
    .port_info 2 /INPUT 1 "A2";
    .port_info 3 /INPUT 1 "B1";
L_0x15c54a00 .functor AND 1, L_0x15c53da0, L_0x15c542d0, C4<1>, C4<1>;
L_0x15c54a90 .functor OR 1, L_0x15c54a00, L_0x15c53f50, C4<0>, C4<0>;
L_0x15c54b50 .functor NOT 1, L_0x15c54a90, C4<0>, C4<0>, C4<0>;
v0x15c34ae0_0 .net "A1", 0 0, L_0x15c53da0;  alias, 1 drivers
v0x15c34bd0_0 .net "A2", 0 0, L_0x15c542d0;  alias, 1 drivers
v0x15c34ce0_0 .net "B1", 0 0, L_0x15c53f50;  alias, 1 drivers
v0x15c34dd0_0 .net "Y", 0 0, L_0x15c54b50;  alias, 1 drivers
v0x15c34e70_0 .net "int_fwire_0", 0 0, L_0x15c54a00;  1 drivers
v0x15c34f60_0 .net "int_fwire_1", 0 0, L_0x15c54a90;  1 drivers
S_0x15c350a0 .scope module, "_89_" "sg13g2_o21ai_1" 3 318, 4 1489 1, S_0x15b2f500;
 .timescale -9 -11;
    .port_info 0 /OUTPUT 1 "Y";
    .port_info 1 /INPUT 1 "A1";
    .port_info 2 /INPUT 1 "A2";
    .port_info 3 /INPUT 1 "B1";
L_0x15c54c10 .functor OR 1, L_0x15c53b60, L_0x15c54850, C4<0>, C4<0>;
L_0x15c54ca0 .functor AND 1, L_0x15c54c10, L_0x15c54b50, C4<1>, C4<1>;
L_0x15c54e10 .functor NOT 1, L_0x15c54ca0, C4<0>, C4<0>, C4<0>;
v0x15c352f0_0 .net "A1", 0 0, L_0x15c53b60;  alias, 1 drivers
v0x15c35400_0 .net "A2", 0 0, L_0x15c54850;  alias, 1 drivers
v0x15c35510_0 .net "B1", 0 0, L_0x15c54b50;  alias, 1 drivers
v0x15c355b0_0 .net "Y", 0 0, L_0x15c54e10;  alias, 1 drivers
v0x15c35650_0 .net "int_fwire_0", 0 0, L_0x15c54c10;  1 drivers
v0x15c35740_0 .net "int_fwire_1", 0 0, L_0x15c54ca0;  1 drivers
S_0x15c35860 .scope module, "_90_" "sg13g2_xor2_1" 3 324, 4 1950 1, S_0x15b2f500;
 .timescale -9 -11;
    .port_info 0 /OUTPUT 1 "X";
    .port_info 1 /INPUT 1 "A";
    .port_info 2 /INPUT 1 "B";
L_0x15c54e80 .functor XOR 1, v0x15c38370_0, L_0x15c4db80, C4<0>, C4<0>;
v0x15c35ab0_0 .net "A", 0 0, v0x15c38370_0;  alias, 1 drivers
v0x15c35b70_0 .net "B", 0 0, L_0x15c4db80;  alias, 1 drivers
v0x15c35c60_0 .net "X", 0 0, L_0x15c54e80;  1 drivers
S_0x15bfd090 .scope module, "sg13g2_a21o_2" "sg13g2_a21o_2" 4 50;
 .timescale -9 -11;
    .port_info 0 /OUTPUT 1 "X";
    .port_info 1 /INPUT 1 "A1";
    .port_info 2 /INPUT 1 "A2";
    .port_info 3 /INPUT 1 "B1";
o0x7d8893eb2918 .functor BUFZ 1, C4<z>; HiZ drive
o0x7d8893eb2948 .functor BUFZ 1, C4<z>; HiZ drive
L_0x15c55560 .functor AND 1, o0x7d8893eb2918, o0x7d8893eb2948, C4<1>, C4<1>;
o0x7d8893eb2978 .functor BUFZ 1, C4<z>; HiZ drive
L_0x15c555d0 .functor OR 1, L_0x15c55560, o0x7d8893eb2978, C4<0>, C4<0>;
v0x15c385f0_0 .net "A1", 0 0, o0x7d8893eb2918;  0 drivers
v0x15c38690_0 .net "A2", 0 0, o0x7d8893eb2948;  0 drivers
v0x15c38750_0 .net "B1", 0 0, o0x7d8893eb2978;  0 drivers
v0x15c387f0_0 .net "X", 0 0, L_0x15c555d0;  1 drivers
v0x15c388b0_0 .net "int_fwire_0", 0 0, L_0x15c55560;  1 drivers
S_0x15bfc590 .scope module, "sg13g2_a21oi_2" "sg13g2_a21oi_2" 4 111;
 .timescale -9 -11;
    .port_info 0 /OUTPUT 1 "Y";
    .port_info 1 /INPUT 1 "A1";
    .port_info 2 /INPUT 1 "A2";
    .port_info 3 /INPUT 1 "B1";
o0x7d8893eb2ac8 .functor BUFZ 1, C4<z>; HiZ drive
o0x7d8893eb2af8 .functor BUFZ 1, C4<z>; HiZ drive
L_0x15c55640 .functor AND 1, o0x7d8893eb2ac8, o0x7d8893eb2af8, C4<1>, C4<1>;
o0x7d8893eb2b28 .functor BUFZ 1, C4<z>; HiZ drive
L_0x15c556b0 .functor OR 1, L_0x15c55640, o0x7d8893eb2b28, C4<0>, C4<0>;
L_0x15c55770 .functor NOT 1, L_0x15c556b0, C4<0>, C4<0>, C4<0>;
v0x15c38a40_0 .net "A1", 0 0, o0x7d8893eb2ac8;  0 drivers
v0x15c38b20_0 .net "A2", 0 0, o0x7d8893eb2af8;  0 drivers
v0x15c38be0_0 .net "B1", 0 0, o0x7d8893eb2b28;  0 drivers
v0x15c38c80_0 .net "Y", 0 0, L_0x15c55770;  1 drivers
v0x15c38d40_0 .net "int_fwire_0", 0 0, L_0x15c55640;  1 drivers
v0x15c38e50_0 .net "int_fwire_1", 0 0, L_0x15c556b0;  1 drivers
S_0x15bfa9d0 .scope module, "sg13g2_a221oi_1" "sg13g2_a221oi_1" 4 140;
 .timescale -9 -11;
    .port_info 0 /OUTPUT 1 "Y";
    .port_info 1 /INPUT 1 "A1";
    .port_info 2 /INPUT 1 "A2";
    .port_info 3 /INPUT 1 "B1";
    .port_info 4 /INPUT 1 "B2";
    .port_info 5 /INPUT 1 "C1";
o0x7d8893eb2d08 .functor BUFZ 1, C4<z>; HiZ drive
o0x7d8893eb2d38 .functor BUFZ 1, C4<z>; HiZ drive
L_0x15c55830 .functor AND 1, o0x7d8893eb2d08, o0x7d8893eb2d38, C4<1>, C4<1>;
o0x7d8893eb2ca8 .functor BUFZ 1, C4<z>; HiZ drive
o0x7d8893eb2cd8 .functor BUFZ 1, C4<z>; HiZ drive
L_0x15c55900 .functor AND 1, o0x7d8893eb2ca8, o0x7d8893eb2cd8, C4<1>, C4<1>;
o0x7d8893eb2d68 .functor BUFZ 1, C4<z>; HiZ drive
L_0x15c559d0 .functor OR 1, L_0x15c55900, L_0x15c55830, o0x7d8893eb2d68, C4<0>;
L_0x15c55b40 .functor NOT 1, L_0x15c559d0, C4<0>, C4<0>, C4<0>;
v0x15c38f90_0 .net "A1", 0 0, o0x7d8893eb2ca8;  0 drivers
v0x15c39030_0 .net "A2", 0 0, o0x7d8893eb2cd8;  0 drivers
v0x15c390f0_0 .net "B1", 0 0, o0x7d8893eb2d08;  0 drivers
v0x15c391b0_0 .net "B2", 0 0, o0x7d8893eb2d38;  0 drivers
v0x15c39270_0 .net "C1", 0 0, o0x7d8893eb2d68;  0 drivers
v0x15c39380_0 .net "Y", 0 0, L_0x15c55b40;  1 drivers
v0x15c39440_0 .net "int_fwire_0", 0 0, L_0x15c55830;  1 drivers
v0x15c39500_0 .net "int_fwire_1", 0 0, L_0x15c55900;  1 drivers
v0x15c395c0_0 .net "int_fwire_2", 0 0, L_0x15c559d0;  1 drivers
S_0x15bf93d0 .scope module, "sg13g2_and2_2" "sg13g2_and2_2" 4 255;
 .timescale -9 -11;
    .port_info 0 /OUTPUT 1 "X";
    .port_info 1 /INPUT 1 "A";
    .port_info 2 /INPUT 1 "B";
o0x7d8893eb2f78 .functor BUFZ 1, C4<z>; HiZ drive
o0x7d8893eb2fa8 .functor BUFZ 1, C4<z>; HiZ drive
L_0x15c55c30 .functor AND 1, o0x7d8893eb2f78, o0x7d8893eb2fa8, C4<1>, C4<1>;
v0x15c397d0_0 .net "A", 0 0, o0x7d8893eb2f78;  0 drivers
v0x15c398b0_0 .net "B", 0 0, o0x7d8893eb2fa8;  0 drivers
v0x15c39970_0 .net "X", 0 0, L_0x15c55c30;  1 drivers
S_0x15abafe0 .scope module, "sg13g2_and3_1" "sg13g2_and3_1" 4 273;
 .timescale -9 -11;
    .port_info 0 /OUTPUT 1 "X";
    .port_info 1 /INPUT 1 "A";
    .port_info 2 /INPUT 1 "B";
    .port_info 3 /INPUT 1 "C";
o0x7d8893eb3098 .functor BUFZ 1, C4<z>; HiZ drive
o0x7d8893eb30c8 .functor BUFZ 1, C4<z>; HiZ drive
o0x7d8893eb30f8 .functor BUFZ 1, C4<z>; HiZ drive
L_0x15c55d00 .functor AND 1, o0x7d8893eb3098, o0x7d8893eb30c8, o0x7d8893eb30f8, C4<1>;
v0x15c39a90_0 .net "A", 0 0, o0x7d8893eb3098;  0 drivers
v0x15c39b50_0 .net "B", 0 0, o0x7d8893eb30c8;  0 drivers
v0x15c39c10_0 .net "C", 0 0, o0x7d8893eb30f8;  0 drivers
v0x15c39cb0_0 .net "X", 0 0, L_0x15c55d00;  1 drivers
S_0x15abbf80 .scope module, "sg13g2_and3_2" "sg13g2_and3_2" 4 292;
 .timescale -9 -11;
    .port_info 0 /OUTPUT 1 "X";
    .port_info 1 /INPUT 1 "A";
    .port_info 2 /INPUT 1 "B";
    .port_info 3 /INPUT 1 "C";
o0x7d8893eb3218 .functor BUFZ 1, C4<z>; HiZ drive
o0x7d8893eb3248 .functor BUFZ 1, C4<z>; HiZ drive
o0x7d8893eb3278 .functor BUFZ 1, C4<z>; HiZ drive
L_0x15c55e60 .functor AND 1, o0x7d8893eb3218, o0x7d8893eb3248, o0x7d8893eb3278, C4<1>;
v0x15c39df0_0 .net "A", 0 0, o0x7d8893eb3218;  0 drivers
v0x15c39ed0_0 .net "B", 0 0, o0x7d8893eb3248;  0 drivers
v0x15c39f90_0 .net "C", 0 0, o0x7d8893eb3278;  0 drivers
v0x15c3a030_0 .net "X", 0 0, L_0x15c55e60;  1 drivers
S_0x15ae48f0 .scope module, "sg13g2_and4_1" "sg13g2_and4_1" 4 311;
 .timescale -9 -11;
    .port_info 0 /OUTPUT 1 "X";
    .port_info 1 /INPUT 1 "A";
    .port_info 2 /INPUT 1 "B";
    .port_info 3 /INPUT 1 "C";
    .port_info 4 /INPUT 1 "D";
o0x7d8893eb3398 .functor BUFZ 1, C4<z>; HiZ drive
o0x7d8893eb33c8 .functor BUFZ 1, C4<z>; HiZ drive
o0x7d8893eb33f8 .functor BUFZ 1, C4<z>; HiZ drive
o0x7d8893eb3428 .functor BUFZ 1, C4<z>; HiZ drive
L_0x15c55fc0 .functor AND 1, o0x7d8893eb3398, o0x7d8893eb33c8, o0x7d8893eb33f8, o0x7d8893eb3428;
v0x15c3a170_0 .net "A", 0 0, o0x7d8893eb3398;  0 drivers
v0x15c3a250_0 .net "B", 0 0, o0x7d8893eb33c8;  0 drivers
v0x15c3a310_0 .net "C", 0 0, o0x7d8893eb33f8;  0 drivers
v0x15c3a3b0_0 .net "D", 0 0, o0x7d8893eb3428;  0 drivers
v0x15c3a470_0 .net "X", 0 0, L_0x15c55fc0;  1 drivers
S_0x15ae4a80 .scope module, "sg13g2_and4_2" "sg13g2_and4_2" 4 331;
 .timescale -9 -11;
    .port_info 0 /OUTPUT 1 "X";
    .port_info 1 /INPUT 1 "A";
    .port_info 2 /INPUT 1 "B";
    .port_info 3 /INPUT 1 "C";
    .port_info 4 /INPUT 1 "D";
o0x7d8893eb3578 .functor BUFZ 1, C4<z>; HiZ drive
o0x7d8893eb35a8 .functor BUFZ 1, C4<z>; HiZ drive
o0x7d8893eb35d8 .functor BUFZ 1, C4<z>; HiZ drive
o0x7d8893eb3608 .functor BUFZ 1, C4<z>; HiZ drive
L_0x15c56150 .functor AND 1, o0x7d8893eb3578, o0x7d8893eb35a8, o0x7d8893eb35d8, o0x7d8893eb3608;
v0x15c3a5d0_0 .net "A", 0 0, o0x7d8893eb3578;  0 drivers
v0x15c3a6b0_0 .net "B", 0 0, o0x7d8893eb35a8;  0 drivers
v0x15c3a770_0 .net "C", 0 0, o0x7d8893eb35d8;  0 drivers
v0x15c3a810_0 .net "D", 0 0, o0x7d8893eb3608;  0 drivers
v0x15c3a8d0_0 .net "X", 0 0, L_0x15c56150;  1 drivers
S_0x15aea9a0 .scope module, "sg13g2_antennanp" "sg13g2_antennanp" 4 351;
 .timescale -9 -11;
    .port_info 0 /INPUT 1 "A";
o0x7d8893eb3758 .functor BUFZ 1, C4<z>; HiZ drive
v0x15c3aa80_0 .net "A", 0 0, o0x7d8893eb3758;  0 drivers
S_0x15aeab30 .scope module, "sg13g2_buf_1" "sg13g2_buf_1" 4 362;
 .timescale -9 -11;
    .port_info 0 /OUTPUT 1 "X";
    .port_info 1 /INPUT 1 "A";
o0x7d8893eb37b8 .functor BUFZ 1, C4<z>; HiZ drive
L_0x15c562e0 .functor BUF 1, o0x7d8893eb37b8, C4<0>, C4<0>, C4<0>;
v0x15c3aba0_0 .net "A", 0 0, o0x7d8893eb37b8;  0 drivers
v0x15c3ac60_0 .net "X", 0 0, L_0x15c562e0;  1 drivers
S_0x15aed4f0 .scope module, "sg13g2_buf_16" "sg13g2_buf_16" 4 379;
 .timescale -9 -11;
    .port_info 0 /OUTPUT 1 "X";
    .port_info 1 /INPUT 1 "A";
o0x7d8893eb3878 .functor BUFZ 1, C4<z>; HiZ drive
L_0x15c563b0 .functor BUF 1, o0x7d8893eb3878, C4<0>, C4<0>, C4<0>;
v0x15c3ad80_0 .net "A", 0 0, o0x7d8893eb3878;  0 drivers
v0x15c3ae40_0 .net "X", 0 0, L_0x15c563b0;  1 drivers
S_0x15aed680 .scope module, "sg13g2_buf_2" "sg13g2_buf_2" 4 396;
 .timescale -9 -11;
    .port_info 0 /OUTPUT 1 "X";
    .port_info 1 /INPUT 1 "A";
o0x7d8893eb3938 .functor BUFZ 1, C4<z>; HiZ drive
L_0x15c56480 .functor BUF 1, o0x7d8893eb3938, C4<0>, C4<0>, C4<0>;
v0x15c3af60_0 .net "A", 0 0, o0x7d8893eb3938;  0 drivers
v0x15c3b020_0 .net "X", 0 0, L_0x15c56480;  1 drivers
S_0x15af0310 .scope module, "sg13g2_buf_4" "sg13g2_buf_4" 4 413;
 .timescale -9 -11;
    .port_info 0 /OUTPUT 1 "X";
    .port_info 1 /INPUT 1 "A";
o0x7d8893eb39f8 .functor BUFZ 1, C4<z>; HiZ drive
L_0x15c56550 .functor BUF 1, o0x7d8893eb39f8, C4<0>, C4<0>, C4<0>;
v0x15c3b140_0 .net "A", 0 0, o0x7d8893eb39f8;  0 drivers
v0x15c3b200_0 .net "X", 0 0, L_0x15c56550;  1 drivers
S_0x15af04a0 .scope module, "sg13g2_buf_8" "sg13g2_buf_8" 4 430;
 .timescale -9 -11;
    .port_info 0 /OUTPUT 1 "X";
    .port_info 1 /INPUT 1 "A";
o0x7d8893eb3ab8 .functor BUFZ 1, C4<z>; HiZ drive
L_0x15c56620 .functor BUF 1, o0x7d8893eb3ab8, C4<0>, C4<0>, C4<0>;
v0x15c3b320_0 .net "A", 0 0, o0x7d8893eb3ab8;  0 drivers
v0x15c3b3e0_0 .net "X", 0 0, L_0x15c56620;  1 drivers
S_0x15af2ee0 .scope module, "sg13g2_decap_4" "sg13g2_decap_4" 4 447;
 .timescale -9 -11;
S_0x15af3070 .scope module, "sg13g2_decap_8" "sg13g2_decap_8" 4 457;
 .timescale -9 -11;
S_0x15af5ab0 .scope module, "sg13g2_dfrbp_1" "sg13g2_dfrbp_1" 4 467;
 .timescale -9 -11;
    .port_info 0 /OUTPUT 1 "Q";
    .port_info 1 /OUTPUT 1 "Q_N";
    .port_info 2 /INPUT 1 "D";
    .port_info 3 /INPUT 1 "RESET_B";
    .port_info 4 /INPUT 1 "CLK";
o0x7d8893eb3cc8 .functor BUFZ 1, C4<z>; HiZ drive
L_0x15c566f0 .functor NOT 1, o0x7d8893eb3cc8, C4<0>, C4<0>, C4<0>;
UDP_ihp_dff_r_err .udp/sequ "ihp_dff_r_err", 3, 2
 ,"??0Q-"
 ,"??0F-"
 ,"?Q?00"
 ,"?Q0x0"
 ,"?M?01"
 ,"?M0x1";
o0x7d8893eb3c68 .functor BUFZ 1, C4<z>; HiZ drive
o0x7d8893eb3c98 .functor BUFZ 1, C4<z>; HiZ drive
L_0x15c567c0 .udp UDP_ihp_dff_r_err, o0x7d8893eb3c68, o0x7d8893eb3c98, L_0x15c566f0;
UDP_ihp_dff_r .udp/sequ "ihp_dff_r", 5, 2
 ,"?*????x"
 ,"????1?0"
 ,"0?b?N?-"
 ,"0?x0N?-"
 ,"????f?-"
 ,"????F?-"
 ,"0???Q?-"
 ,"??R0?00"
 ,"??R1001"
 ,"0?R0?10"
 ,"1?R1011"
 ,"??R??x-"
 ,"0?q0??-"
 ,"1?q10?-"
 ,"??F0??-"
 ,"??F10?-"
 ,"??F?0x-"
 ,"??r0??0"
 ,"??r10?1"
 ,"??f???-"
 ,"??b*??-"
 ,"?????*-";
L_0x15c569d0 .udp UDP_ihp_dff_r, v0x15c3be00_0, o0x7d8893eb3c68, o0x7d8893eb3c98, L_0x15c566f0, L_0x15c567c0;
L_0x15c56be0 .functor BUF 1, L_0x15c569d0, C4<0>, C4<0>, C4<0>;
L_0x15c56cd0 .functor NOT 1, L_0x15c569d0, C4<0>, C4<0>, C4<0>;
L_0x15c56d40 .functor BUF 1, L_0x15c56cd0, C4<0>, C4<0>, C4<0>;
o0x7d8893eb3b78 .functor BUFZ 1, C4<z>; HiZ drive
v0x15c3b500_0 .net "CLK", 0 0, o0x7d8893eb3b78;  0 drivers
o0x7d8893eb3ba8 .functor BUFZ 1, C4<z>; HiZ drive
v0x15c3b5c0_0 .net "D", 0 0, o0x7d8893eb3ba8;  0 drivers
v0x15c3b680_0 .net "Q", 0 0, L_0x15c56be0;  1 drivers
v0x15c3b720_0 .net "Q_N", 0 0, L_0x15c56d40;  1 drivers
o0x7d8893eb3c38 .functor BUFZ 1, C4<z>; HiZ drive
v0x15c3b7e0_0 .net "RESET_B", 0 0, o0x7d8893eb3c38;  0 drivers
v0x15c3b8f0_0 .net "delayed_CLK", 0 0, o0x7d8893eb3c68;  0 drivers
v0x15c3b9b0_0 .net "delayed_D", 0 0, o0x7d8893eb3c98;  0 drivers
v0x15c3ba70_0 .net "delayed_RESET_B", 0 0, o0x7d8893eb3cc8;  0 drivers
v0x15c3bb30_0 .net "int_fwire_IQ", 0 0, L_0x15c569d0;  1 drivers
v0x15c3bc80_0 .net "int_fwire_IQN", 0 0, L_0x15c56cd0;  1 drivers
v0x15c3bd40_0 .net "int_fwire_r", 0 0, L_0x15c566f0;  1 drivers
v0x15c3be00_0 .var "notifier", 0 0;
v0x15c3bec0_0 .net "xcr_0", 0 0, L_0x15c567c0;  1 drivers
S_0x15af5c40 .scope module, "sg13g2_dfrbp_2" "sg13g2_dfrbp_2" 4 503;
 .timescale -9 -11;
    .port_info 0 /OUTPUT 1 "Q";
    .port_info 1 /OUTPUT 1 "Q_N";
    .port_info 2 /INPUT 1 "D";
    .port_info 3 /INPUT 1 "RESET_B";
    .port_info 4 /INPUT 1 "CLK";
o0x7d8893eb4028 .functor BUFZ 1, C4<z>; HiZ drive
L_0x15c56e40 .functor NOT 1, o0x7d8893eb4028, C4<0>, C4<0>, C4<0>;
o0x7d8893eb3fc8 .functor BUFZ 1, C4<z>; HiZ drive
o0x7d8893eb3ff8 .functor BUFZ 1, C4<z>; HiZ drive
L_0x15c56eb0 .udp UDP_ihp_dff_r_err, o0x7d8893eb3fc8, o0x7d8893eb3ff8, L_0x15c56e40;
L_0x15c57000 .udp UDP_ihp_dff_r, v0x15c3c8f0_0, o0x7d8893eb3fc8, o0x7d8893eb3ff8, L_0x15c56e40, L_0x15c56eb0;
L_0x15c571d0 .functor BUF 1, L_0x15c57000, C4<0>, C4<0>, C4<0>;
L_0x15c572c0 .functor NOT 1, L_0x15c57000, C4<0>, C4<0>, C4<0>;
L_0x15c57330 .functor BUF 1, L_0x15c572c0, C4<0>, C4<0>, C4<0>;
o0x7d8893eb3ed8 .functor BUFZ 1, C4<z>; HiZ drive
v0x15c3c020_0 .net "CLK", 0 0, o0x7d8893eb3ed8;  0 drivers
o0x7d8893eb3f08 .functor BUFZ 1, C4<z>; HiZ drive
v0x15c3c100_0 .net "D", 0 0, o0x7d8893eb3f08;  0 drivers
v0x15c3c1c0_0 .net "Q", 0 0, L_0x15c571d0;  1 drivers
v0x15c3c260_0 .net "Q_N", 0 0, L_0x15c57330;  1 drivers
o0x7d8893eb3f98 .functor BUFZ 1, C4<z>; HiZ drive
v0x15c3c320_0 .net "RESET_B", 0 0, o0x7d8893eb3f98;  0 drivers
v0x15c3c3e0_0 .net "delayed_CLK", 0 0, o0x7d8893eb3fc8;  0 drivers
v0x15c3c4a0_0 .net "delayed_D", 0 0, o0x7d8893eb3ff8;  0 drivers
v0x15c3c560_0 .net "delayed_RESET_B", 0 0, o0x7d8893eb4028;  0 drivers
v0x15c3c620_0 .net "int_fwire_IQ", 0 0, L_0x15c57000;  1 drivers
v0x15c3c770_0 .net "int_fwire_IQN", 0 0, L_0x15c572c0;  1 drivers
v0x15c3c830_0 .net "int_fwire_r", 0 0, L_0x15c56e40;  1 drivers
v0x15c3c8f0_0 .var "notifier", 0 0;
v0x15c3c9b0_0 .net "xcr_0", 0 0, L_0x15c56eb0;  1 drivers
S_0x15b00d60 .scope module, "sg13g2_dfrbpq_1" "sg13g2_dfrbpq_1" 4 539;
 .timescale -9 -11;
    .port_info 0 /OUTPUT 1 "Q";
    .port_info 1 /INPUT 1 "D";
    .port_info 2 /INPUT 1 "RESET_B";
    .port_info 3 /INPUT 1 "CLK";
o0x7d8893eb4358 .functor BUFZ 1, C4<z>; HiZ drive
L_0x15c57430 .functor NOT 1, o0x7d8893eb4358, C4<0>, C4<0>, C4<0>;
o0x7d8893eb42f8 .functor BUFZ 1, C4<z>; HiZ drive
o0x7d8893eb4328 .functor BUFZ 1, C4<z>; HiZ drive
L_0x15c574a0 .udp UDP_ihp_dff_r_err, o0x7d8893eb42f8, o0x7d8893eb4328, L_0x15c57430;
L_0x15c575f0 .udp UDP_ihp_dff_r, v0x15c3d260_0, o0x7d8893eb42f8, o0x7d8893eb4328, L_0x15c57430, L_0x15c574a0;
L_0x15c577c0 .functor BUF 1, L_0x15c575f0, C4<0>, C4<0>, C4<0>;
o0x7d8893eb4238 .functor BUFZ 1, C4<z>; HiZ drive
v0x15c3cb10_0 .net "CLK", 0 0, o0x7d8893eb4238;  0 drivers
o0x7d8893eb4268 .functor BUFZ 1, C4<z>; HiZ drive
v0x15c3cbf0_0 .net "D", 0 0, o0x7d8893eb4268;  0 drivers
v0x15c3ccb0_0 .net "Q", 0 0, L_0x15c577c0;  1 drivers
o0x7d8893eb42c8 .functor BUFZ 1, C4<z>; HiZ drive
v0x15c3cd50_0 .net "RESET_B", 0 0, o0x7d8893eb42c8;  0 drivers
v0x15c3ce10_0 .net "delayed_CLK", 0 0, o0x7d8893eb42f8;  0 drivers
v0x15c3ced0_0 .net "delayed_D", 0 0, o0x7d8893eb4328;  0 drivers
v0x15c3cf90_0 .net "delayed_RESET_B", 0 0, o0x7d8893eb4358;  0 drivers
v0x15c3d050_0 .net "int_fwire_IQ", 0 0, L_0x15c575f0;  1 drivers
v0x15c3d110_0 .net "int_fwire_r", 0 0, L_0x15c57430;  1 drivers
v0x15c3d260_0 .var "notifier", 0 0;
v0x15c3d320_0 .net "xcr_0", 0 0, L_0x15c574a0;  1 drivers
S_0x15b00f60 .scope module, "sg13g2_dfrbpq_2" "sg13g2_dfrbpq_2" 4 570;
 .timescale -9 -11;
    .port_info 0 /OUTPUT 1 "Q";
    .port_info 1 /INPUT 1 "D";
    .port_info 2 /INPUT 1 "RESET_B";
    .port_info 3 /INPUT 1 "CLK";
o0x7d8893eb4628 .functor BUFZ 1, C4<z>; HiZ drive
L_0x15c578b0 .functor NOT 1, o0x7d8893eb4628, C4<0>, C4<0>, C4<0>;
o0x7d8893eb45c8 .functor BUFZ 1, C4<z>; HiZ drive
o0x7d8893eb45f8 .functor BUFZ 1, C4<z>; HiZ drive
L_0x15c57920 .udp UDP_ihp_dff_r_err, o0x7d8893eb45c8, o0x7d8893eb45f8, L_0x15c578b0;
L_0x15c57a70 .udp UDP_ihp_dff_r, v0x15c3dbb0_0, o0x7d8893eb45c8, o0x7d8893eb45f8, L_0x15c578b0, L_0x15c57920;
L_0x15c57c40 .functor BUF 1, L_0x15c57a70, C4<0>, C4<0>, C4<0>;
o0x7d8893eb4508 .functor BUFZ 1, C4<z>; HiZ drive
v0x15c3d460_0 .net "CLK", 0 0, o0x7d8893eb4508;  0 drivers
o0x7d8893eb4538 .functor BUFZ 1, C4<z>; HiZ drive
v0x15c3d540_0 .net "D", 0 0, o0x7d8893eb4538;  0 drivers
v0x15c3d600_0 .net "Q", 0 0, L_0x15c57c40;  1 drivers
o0x7d8893eb4598 .functor BUFZ 1, C4<z>; HiZ drive
v0x15c3d6a0_0 .net "RESET_B", 0 0, o0x7d8893eb4598;  0 drivers
v0x15c3d760_0 .net "delayed_CLK", 0 0, o0x7d8893eb45c8;  0 drivers
v0x15c3d820_0 .net "delayed_D", 0 0, o0x7d8893eb45f8;  0 drivers
v0x15c3d8e0_0 .net "delayed_RESET_B", 0 0, o0x7d8893eb4628;  0 drivers
v0x15c3d9a0_0 .net "int_fwire_IQ", 0 0, L_0x15c57a70;  1 drivers
v0x15c3da60_0 .net "int_fwire_r", 0 0, L_0x15c578b0;  1 drivers
v0x15c3dbb0_0 .var "notifier", 0 0;
v0x15c3dc70_0 .net "xcr_0", 0 0, L_0x15c57920;  1 drivers
S_0x15b04f10 .scope module, "sg13g2_dlhq_1" "sg13g2_dlhq_1" 4 601;
 .timescale -9 -11;
    .port_info 0 /OUTPUT 1 "Q";
    .port_info 1 /INPUT 1 "D";
    .port_info 2 /INPUT 1 "GATE";
UDP_ihp_latch .udp/sequ "ihp_latch", 3, 2
 ,"?*??x"
 ,"??100"
 ,"??111"
 ,"0?x0-"
 ,"1?x1-"
 ,"??0?-";
o0x7d8893eb4898 .functor BUFZ 1, C4<z>; HiZ drive
o0x7d8893eb4868 .functor BUFZ 1, C4<z>; HiZ drive
L_0x15c57d30 .udp UDP_ihp_latch, v0x15c3e230_0, o0x7d8893eb4898, o0x7d8893eb4868;
L_0x15c57f50 .functor BUF 1, L_0x15c57d30, C4<0>, C4<0>, C4<0>;
o0x7d8893eb47d8 .functor BUFZ 1, C4<z>; HiZ drive
v0x15c3ddb0_0 .net "D", 0 0, o0x7d8893eb47d8;  0 drivers
o0x7d8893eb4808 .functor BUFZ 1, C4<z>; HiZ drive
v0x15c3de90_0 .net "GATE", 0 0, o0x7d8893eb4808;  0 drivers
v0x15c3df50_0 .net "Q", 0 0, L_0x15c57f50;  1 drivers
v0x15c3dff0_0 .net "delayed_D", 0 0, o0x7d8893eb4868;  0 drivers
v0x15c3e0b0_0 .net "delayed_GATE", 0 0, o0x7d8893eb4898;  0 drivers
v0x15c3e170_0 .net "int_fwire_IQ", 0 0, L_0x15c57d30;  1 drivers
v0x15c3e230_0 .var "notifier", 0 0;
S_0x15b050f0 .scope module, "sg13g2_dlhr_1" "sg13g2_dlhr_1" 4 627;
 .timescale -9 -11;
    .port_info 0 /OUTPUT 1 "Q";
    .port_info 1 /OUTPUT 1 "Q_N";
    .port_info 2 /INPUT 1 "D";
    .port_info 3 /INPUT 1 "RESET_B";
    .port_info 4 /INPUT 1 "GATE";
o0x7d8893eb4b08 .functor BUFZ 1, C4<z>; HiZ drive
L_0x15c58040 .functor NOT 1, o0x7d8893eb4b08, C4<0>, C4<0>, C4<0>;
UDP_ihp_latch_r .udp/sequ "ihp_latch_r", 4, 2
 ,"?*???x"
 ,"????10"
 ,"??0?0-"
 ,"0?0?x-"
 ,"??1000"
 ,"??10x0"
 ,"??1101"
 ,"0?x00-"
 ,"0?x0x-"
 ,"1?x10-";
o0x7d8893eb4ad8 .functor BUFZ 1, C4<z>; HiZ drive
o0x7d8893eb4aa8 .functor BUFZ 1, C4<z>; HiZ drive
L_0x15c580e0 .udp UDP_ihp_latch_r, v0x15c3ec70_0, o0x7d8893eb4ad8, o0x7d8893eb4aa8, L_0x15c58040;
L_0x15c58310 .functor BUF 1, L_0x15c580e0, C4<0>, C4<0>, C4<0>;
L_0x15c583d0 .functor NOT 1, L_0x15c580e0, C4<0>, C4<0>, C4<0>;
L_0x15c58470 .functor BUF 1, L_0x15c583d0, C4<0>, C4<0>, C4<0>;
o0x7d8893eb49b8 .functor BUFZ 1, C4<z>; HiZ drive
v0x15c3e370_0 .net "D", 0 0, o0x7d8893eb49b8;  0 drivers
o0x7d8893eb49e8 .functor BUFZ 1, C4<z>; HiZ drive
v0x15c3e430_0 .net "GATE", 0 0, o0x7d8893eb49e8;  0 drivers
v0x15c3e4f0_0 .net "Q", 0 0, L_0x15c58310;  1 drivers
v0x15c3e590_0 .net "Q_N", 0 0, L_0x15c58470;  1 drivers
o0x7d8893eb4a78 .functor BUFZ 1, C4<z>; HiZ drive
v0x15c3e650_0 .net "RESET_B", 0 0, o0x7d8893eb4a78;  0 drivers
v0x15c3e760_0 .net "delayed_D", 0 0, o0x7d8893eb4aa8;  0 drivers
v0x15c3e820_0 .net "delayed_GATE", 0 0, o0x7d8893eb4ad8;  0 drivers
v0x15c3e8e0_0 .net "delayed_RESET_B", 0 0, o0x7d8893eb4b08;  0 drivers
v0x15c3e9a0_0 .net "int_fwire_IQ", 0 0, L_0x15c580e0;  1 drivers
v0x15c3eaf0_0 .net "int_fwire_IQN", 0 0, L_0x15c583d0;  1 drivers
v0x15c3ebb0_0 .net "int_fwire_r", 0 0, L_0x15c58040;  1 drivers
v0x15c3ec70_0 .var "notifier", 0 0;
S_0x15b06150 .scope module, "sg13g2_dlhrq_1" "sg13g2_dlhrq_1" 4 662;
 .timescale -9 -11;
    .port_info 0 /OUTPUT 1 "Q";
    .port_info 1 /INPUT 1 "D";
    .port_info 2 /INPUT 1 "RESET_B";
    .port_info 3 /INPUT 1 "GATE";
o0x7d8893eb4e08 .functor BUFZ 1, C4<z>; HiZ drive
L_0x15c58560 .functor NOT 1, o0x7d8893eb4e08, C4<0>, C4<0>, C4<0>;
o0x7d8893eb4dd8 .functor BUFZ 1, C4<z>; HiZ drive
o0x7d8893eb4da8 .functor BUFZ 1, C4<z>; HiZ drive
L_0x15c58600 .udp UDP_ihp_latch_r, v0x15c3f520_0, o0x7d8893eb4dd8, o0x7d8893eb4da8, L_0x15c58560;
L_0x15c587b0 .functor BUF 1, L_0x15c58600, C4<0>, C4<0>, C4<0>;
o0x7d8893eb4ce8 .functor BUFZ 1, C4<z>; HiZ drive
v0x15c3edd0_0 .net "D", 0 0, o0x7d8893eb4ce8;  0 drivers
o0x7d8893eb4d18 .functor BUFZ 1, C4<z>; HiZ drive
v0x15c3eeb0_0 .net "GATE", 0 0, o0x7d8893eb4d18;  0 drivers
v0x15c3ef70_0 .net "Q", 0 0, L_0x15c587b0;  1 drivers
o0x7d8893eb4d78 .functor BUFZ 1, C4<z>; HiZ drive
v0x15c3f010_0 .net "RESET_B", 0 0, o0x7d8893eb4d78;  0 drivers
v0x15c3f0d0_0 .net "delayed_D", 0 0, o0x7d8893eb4da8;  0 drivers
v0x15c3f190_0 .net "delayed_GATE", 0 0, o0x7d8893eb4dd8;  0 drivers
v0x15c3f250_0 .net "delayed_RESET_B", 0 0, o0x7d8893eb4e08;  0 drivers
v0x15c3f310_0 .net "int_fwire_IQ", 0 0, L_0x15c58600;  1 drivers
v0x15c3f3d0_0 .net "int_fwire_r", 0 0, L_0x15c58560;  1 drivers
v0x15c3f520_0 .var "notifier", 0 0;
S_0x15b06350 .scope module, "sg13g2_dllr_1" "sg13g2_dllr_1" 4 692;
 .timescale -9 -11;
    .port_info 0 /OUTPUT 1 "Q";
    .port_info 1 /OUTPUT 1 "Q_N";
    .port_info 2 /INPUT 1 "D";
    .port_info 3 /INPUT 1 "RESET_B";
    .port_info 4 /INPUT 1 "GATE_N";
o0x7d8893eb50a8 .functor BUFZ 1, C4<z>; HiZ drive
L_0x15c58870 .functor NOT 1, o0x7d8893eb50a8, C4<0>, C4<0>, C4<0>;
o0x7d8893eb50d8 .functor BUFZ 1, C4<z>; HiZ drive
L_0x15c58910 .functor NOT 1, o0x7d8893eb50d8, C4<0>, C4<0>, C4<0>;
o0x7d8893eb5078 .functor BUFZ 1, C4<z>; HiZ drive
L_0x15c589e0 .udp UDP_ihp_latch_r, v0x15c3fff0_0, L_0x15c58870, o0x7d8893eb5078, L_0x15c58910;
L_0x15c58b80 .functor BUF 1, L_0x15c589e0, C4<0>, C4<0>, C4<0>;
L_0x15c58c70 .functor NOT 1, L_0x15c589e0, C4<0>, C4<0>, C4<0>;
L_0x15c58ce0 .functor BUF 1, L_0x15c58c70, C4<0>, C4<0>, C4<0>;
o0x7d8893eb4f88 .functor BUFZ 1, C4<z>; HiZ drive
v0x15c3f660_0 .net "D", 0 0, o0x7d8893eb4f88;  0 drivers
o0x7d8893eb4fb8 .functor BUFZ 1, C4<z>; HiZ drive
v0x15c3f740_0 .net "GATE_N", 0 0, o0x7d8893eb4fb8;  0 drivers
v0x15c3f800_0 .net "Q", 0 0, L_0x15c58b80;  1 drivers
v0x15c3f8a0_0 .net "Q_N", 0 0, L_0x15c58ce0;  1 drivers
o0x7d8893eb5048 .functor BUFZ 1, C4<z>; HiZ drive
v0x15c3f960_0 .net "RESET_B", 0 0, o0x7d8893eb5048;  0 drivers
v0x15c3fa20_0 .net "delayed_D", 0 0, o0x7d8893eb5078;  0 drivers
v0x15c3fae0_0 .net "delayed_GATE_N", 0 0, o0x7d8893eb50a8;  0 drivers
v0x15c3fba0_0 .net "delayed_RESET_B", 0 0, o0x7d8893eb50d8;  0 drivers
v0x15c3fc60_0 .net "int_fwire_IQ", 0 0, L_0x15c589e0;  1 drivers
v0x15c3fdb0_0 .net "int_fwire_IQN", 0 0, L_0x15c58c70;  1 drivers
v0x15c3fe70_0 .net "int_fwire_clk", 0 0, L_0x15c58870;  1 drivers
v0x15c3ff30_0 .net "int_fwire_r", 0 0, L_0x15c58910;  1 drivers
v0x15c3fff0_0 .var "notifier", 0 0;
S_0x15b07330 .scope module, "sg13g2_dllrq_1" "sg13g2_dllrq_1" 4 729;
 .timescale -9 -11;
    .port_info 0 /OUTPUT 1 "Q";
    .port_info 1 /INPUT 1 "D";
    .port_info 2 /INPUT 1 "RESET_B";
    .port_info 3 /INPUT 1 "GATE_N";
o0x7d8893eb53d8 .functor BUFZ 1, C4<z>; HiZ drive
L_0x15c58e10 .functor NOT 1, o0x7d8893eb53d8, C4<0>, C4<0>, C4<0>;
o0x7d8893eb5408 .functor BUFZ 1, C4<z>; HiZ drive
L_0x15c58e80 .functor NOT 1, o0x7d8893eb5408, C4<0>, C4<0>, C4<0>;
o0x7d8893eb53a8 .functor BUFZ 1, C4<z>; HiZ drive
L_0x15c58f50 .udp UDP_ihp_latch_r, v0x15c40960_0, L_0x15c58e10, o0x7d8893eb53a8, L_0x15c58e80;
L_0x15c590f0 .functor BUF 1, L_0x15c58f50, C4<0>, C4<0>, C4<0>;
o0x7d8893eb52e8 .functor BUFZ 1, C4<z>; HiZ drive
v0x15c40150_0 .net "D", 0 0, o0x7d8893eb52e8;  0 drivers
o0x7d8893eb5318 .functor BUFZ 1, C4<z>; HiZ drive
v0x15c40230_0 .net "GATE_N", 0 0, o0x7d8893eb5318;  0 drivers
v0x15c402f0_0 .net "Q", 0 0, L_0x15c590f0;  1 drivers
o0x7d8893eb5378 .functor BUFZ 1, C4<z>; HiZ drive
v0x15c40390_0 .net "RESET_B", 0 0, o0x7d8893eb5378;  0 drivers
v0x15c40450_0 .net "delayed_D", 0 0, o0x7d8893eb53a8;  0 drivers
v0x15c40510_0 .net "delayed_GATE_N", 0 0, o0x7d8893eb53d8;  0 drivers
v0x15c405d0_0 .net "delayed_RESET_B", 0 0, o0x7d8893eb5408;  0 drivers
v0x15c40690_0 .net "int_fwire_IQ", 0 0, L_0x15c58f50;  1 drivers
v0x15c40750_0 .net "int_fwire_clk", 0 0, L_0x15c58e10;  1 drivers
v0x15c408a0_0 .net "int_fwire_r", 0 0, L_0x15c58e80;  1 drivers
v0x15c40960_0 .var "notifier", 0 0;
S_0x15b07530 .scope module, "sg13g2_dlygate4sd1_1" "sg13g2_dlygate4sd1_1" 4 761;
 .timescale -9 -11;
    .port_info 0 /OUTPUT 1 "X";
    .port_info 1 /INPUT 1 "A";
o0x7d8893eb55b8 .functor BUFZ 1, C4<z>; HiZ drive
L_0x15c591e0 .functor BUF 1, o0x7d8893eb55b8, C4<0>, C4<0>, C4<0>;
v0x15c40aa0_0 .net "A", 0 0, o0x7d8893eb55b8;  0 drivers
v0x15c40b80_0 .net "X", 0 0, L_0x15c591e0;  1 drivers
S_0x15b089a0 .scope module, "sg13g2_dlygate4sd2_1" "sg13g2_dlygate4sd2_1" 4 778;
 .timescale -9 -11;
    .port_info 0 /OUTPUT 1 "X";
    .port_info 1 /INPUT 1 "A";
o0x7d8893eb5678 .functor BUFZ 1, C4<z>; HiZ drive
L_0x15c59280 .functor BUF 1, o0x7d8893eb5678, C4<0>, C4<0>, C4<0>;
v0x15c40ca0_0 .net "A", 0 0, o0x7d8893eb5678;  0 drivers
v0x15c40d60_0 .net "X", 0 0, L_0x15c59280;  1 drivers
S_0x15b08b30 .scope module, "sg13g2_dlygate4sd3_1" "sg13g2_dlygate4sd3_1" 4 795;
 .timescale -9 -11;
    .port_info 0 /OUTPUT 1 "X";
    .port_info 1 /INPUT 1 "A";
o0x7d8893eb5738 .functor BUFZ 1, C4<z>; HiZ drive
L_0x15c59350 .functor BUF 1, o0x7d8893eb5738, C4<0>, C4<0>, C4<0>;
v0x15c40e80_0 .net "A", 0 0, o0x7d8893eb5738;  0 drivers
v0x15c40f40_0 .net "X", 0 0, L_0x15c59350;  1 drivers
S_0x15b0a010 .scope module, "sg13g2_ebufn_2" "sg13g2_ebufn_2" 4 812;
 .timescale -9 -11;
    .port_info 0 /OUTPUT 1 "Z";
    .port_info 1 /INPUT 1 "A";
    .port_info 2 /INPUT 1 "TE_B";
o0x7d8893eb57f8 .functor BUFZ 1, C4<z>; HiZ drive
o0x7d8893eb5828 .functor BUFZ 1, C4<z>; HiZ drive
L_0x15c59420 .functor BUFIF0 1, o0x7d8893eb57f8, o0x7d8893eb5828, C4<0>, C4<0>;
v0x15c41060_0 .net "A", 0 0, o0x7d8893eb57f8;  0 drivers
v0x15c41120_0 .net "TE_B", 0 0, o0x7d8893eb5828;  0 drivers
v0x15c411e0_0 .net8 "Z", 0 0, L_0x15c59420;  1 drivers, strength-aware
S_0x15b0a1f0 .scope module, "sg13g2_ebufn_4" "sg13g2_ebufn_4" 4 830;
 .timescale -9 -11;
    .port_info 0 /OUTPUT 1 "Z";
    .port_info 1 /INPUT 1 "A";
    .port_info 2 /INPUT 1 "TE_B";
o0x7d8893eb5918 .functor BUFZ 1, C4<z>; HiZ drive
o0x7d8893eb5948 .functor BUFZ 1, C4<z>; HiZ drive
L_0x15c59520 .functor BUFIF0 1, o0x7d8893eb5918, o0x7d8893eb5948, C4<0>, C4<0>;
v0x15c41300_0 .net "A", 0 0, o0x7d8893eb5918;  0 drivers
v0x15c413c0_0 .net "TE_B", 0 0, o0x7d8893eb5948;  0 drivers
v0x15c41480_0 .net8 "Z", 0 0, L_0x15c59520;  1 drivers, strength-aware
S_0x15b0bb70 .scope module, "sg13g2_ebufn_8" "sg13g2_ebufn_8" 4 848;
 .timescale -9 -11;
    .port_info 0 /OUTPUT 1 "Z";
    .port_info 1 /INPUT 1 "A";
    .port_info 2 /INPUT 1 "TE_B";
o0x7d8893eb5a38 .functor BUFZ 1, C4<z>; HiZ drive
o0x7d8893eb5a68 .functor BUFZ 1, C4<z>; HiZ drive
L_0x15c59620 .functor BUFIF0 1, o0x7d8893eb5a38, o0x7d8893eb5a68, C4<0>, C4<0>;
v0x15c415a0_0 .net "A", 0 0, o0x7d8893eb5a38;  0 drivers
v0x15c41660_0 .net "TE_B", 0 0, o0x7d8893eb5a68;  0 drivers
v0x15c41720_0 .net8 "Z", 0 0, L_0x15c59620;  1 drivers, strength-aware
S_0x15b0bd50 .scope module, "sg13g2_einvn_2" "sg13g2_einvn_2" 4 866;
 .timescale -9 -11;
    .port_info 0 /OUTPUT 1 "Z";
    .port_info 1 /INPUT 1 "A";
    .port_info 2 /INPUT 1 "TE_B";
o0x7d8893eb5b58 .functor BUFZ 1, C4<z>; HiZ drive
o0x7d8893eb5b88 .functor BUFZ 1, C4<z>; HiZ drive
L_0x15c59720 .functor NOTIF0 1, o0x7d8893eb5b58, o0x7d8893eb5b88, C4<0>, C4<0>;
v0x15c41840_0 .net "A", 0 0, o0x7d8893eb5b58;  0 drivers
v0x15c41900_0 .net "TE_B", 0 0, o0x7d8893eb5b88;  0 drivers
v0x15c419c0_0 .net "Z", 0 0, L_0x15c59720;  1 drivers
S_0x15b0d860 .scope module, "sg13g2_einvn_4" "sg13g2_einvn_4" 4 885;
 .timescale -9 -11;
    .port_info 0 /OUTPUT 1 "Z";
    .port_info 1 /INPUT 1 "A";
    .port_info 2 /INPUT 1 "TE_B";
o0x7d8893eb5c78 .functor BUFZ 1, C4<z>; HiZ drive
o0x7d8893eb5ca8 .functor BUFZ 1, C4<z>; HiZ drive
L_0x15c59820 .functor NOTIF0 1, o0x7d8893eb5c78, o0x7d8893eb5ca8, C4<0>, C4<0>;
v0x15c41b10_0 .net "A", 0 0, o0x7d8893eb5c78;  0 drivers
v0x15c41bd0_0 .net "TE_B", 0 0, o0x7d8893eb5ca8;  0 drivers
v0x15c41c90_0 .net "Z", 0 0, L_0x15c59820;  1 drivers
S_0x15b0dd50 .scope module, "sg13g2_einvn_8" "sg13g2_einvn_8" 4 904;
 .timescale -9 -11;
    .port_info 0 /OUTPUT 1 "Z";
    .port_info 1 /INPUT 1 "A";
    .port_info 2 /INPUT 1 "TE_B";
o0x7d8893eb5d98 .functor BUFZ 1, C4<z>; HiZ drive
o0x7d8893eb5dc8 .functor BUFZ 1, C4<z>; HiZ drive
L_0x15c59920 .functor NOTIF0 1, o0x7d8893eb5d98, o0x7d8893eb5dc8, C4<0>, C4<0>;
v0x15c41de0_0 .net "A", 0 0, o0x7d8893eb5d98;  0 drivers
v0x15c41ea0_0 .net "TE_B", 0 0, o0x7d8893eb5dc8;  0 drivers
v0x15c41f60_0 .net "Z", 0 0, L_0x15c59920;  1 drivers
S_0x15b0df30 .scope module, "sg13g2_fill_1" "sg13g2_fill_1" 4 923;
 .timescale -9 -11;
S_0x15b0ead0 .scope module, "sg13g2_fill_2" "sg13g2_fill_2" 4 933;
 .timescale -9 -11;
S_0x15b0ec60 .scope module, "sg13g2_fill_4" "sg13g2_fill_4" 4 943;
 .timescale -9 -11;
S_0x15b0f840 .scope module, "sg13g2_fill_8" "sg13g2_fill_8" 4 953;
 .timescale -9 -11;
S_0x15b0f9d0 .scope module, "sg13g2_inv_1" "sg13g2_inv_1" 4 963;
 .timescale -9 -11;
    .port_info 0 /OUTPUT 1 "Y";
    .port_info 1 /INPUT 1 "A";
o0x7d8893eb5eb8 .functor BUFZ 1, C4<z>; HiZ drive
L_0x15c59a20 .functor NOT 1, o0x7d8893eb5eb8, C4<0>, C4<0>, C4<0>;
v0x15c420b0_0 .net "A", 0 0, o0x7d8893eb5eb8;  0 drivers
v0x15c42170_0 .net "Y", 0 0, L_0x15c59a20;  1 drivers
S_0x15b105b0 .scope module, "sg13g2_inv_16" "sg13g2_inv_16" 4 980;
 .timescale -9 -11;
    .port_info 0 /OUTPUT 1 "Y";
    .port_info 1 /INPUT 1 "A";
o0x7d8893eb5f78 .functor BUFZ 1, C4<z>; HiZ drive
L_0x15c59af0 .functor NOT 1, o0x7d8893eb5f78, C4<0>, C4<0>, C4<0>;
v0x15c42290_0 .net "A", 0 0, o0x7d8893eb5f78;  0 drivers
v0x15c42350_0 .net "Y", 0 0, L_0x15c59af0;  1 drivers
S_0x15b10740 .scope module, "sg13g2_inv_2" "sg13g2_inv_2" 4 997;
 .timescale -9 -11;
    .port_info 0 /OUTPUT 1 "Y";
    .port_info 1 /INPUT 1 "A";
o0x7d8893eb6038 .functor BUFZ 1, C4<z>; HiZ drive
L_0x15c59bc0 .functor NOT 1, o0x7d8893eb6038, C4<0>, C4<0>, C4<0>;
v0x15c42470_0 .net "A", 0 0, o0x7d8893eb6038;  0 drivers
v0x15c42530_0 .net "Y", 0 0, L_0x15c59bc0;  1 drivers
S_0x15b11320 .scope module, "sg13g2_inv_4" "sg13g2_inv_4" 4 1014;
 .timescale -9 -11;
    .port_info 0 /OUTPUT 1 "Y";
    .port_info 1 /INPUT 1 "A";
o0x7d8893eb60f8 .functor BUFZ 1, C4<z>; HiZ drive
L_0x15c59c90 .functor NOT 1, o0x7d8893eb60f8, C4<0>, C4<0>, C4<0>;
v0x15c42650_0 .net "A", 0 0, o0x7d8893eb60f8;  0 drivers
v0x15c42710_0 .net "Y", 0 0, L_0x15c59c90;  1 drivers
S_0x15b114b0 .scope module, "sg13g2_inv_8" "sg13g2_inv_8" 4 1031;
 .timescale -9 -11;
    .port_info 0 /OUTPUT 1 "Y";
    .port_info 1 /INPUT 1 "A";
o0x7d8893eb61b8 .functor BUFZ 1, C4<z>; HiZ drive
L_0x15c59d60 .functor NOT 1, o0x7d8893eb61b8, C4<0>, C4<0>, C4<0>;
v0x15c42830_0 .net "A", 0 0, o0x7d8893eb61b8;  0 drivers
v0x15c428f0_0 .net "Y", 0 0, L_0x15c59d60;  1 drivers
S_0x15b12090 .scope module, "sg13g2_lgcp_1" "sg13g2_lgcp_1" 4 1048;
 .timescale -9 -11;
    .port_info 0 /OUTPUT 1 "GCLK";
    .port_info 1 /INPUT 1 "GATE";
    .port_info 2 /INPUT 1 "CLK";
o0x7d8893eb6308 .functor BUFZ 1, C4<z>; HiZ drive
L_0x15c59e30 .functor NOT 1, o0x7d8893eb6308, C4<0>, C4<0>, C4<0>;
o0x7d8893eb6338 .functor BUFZ 1, C4<z>; HiZ drive
L_0x15c59f00 .udp UDP_ihp_latch, v0x15c42f60_0, L_0x15c59e30, o0x7d8893eb6338;
L_0x15c59fd0 .functor AND 1, o0x7d8893eb6308, L_0x15c59f00, C4<1>, C4<1>;
o0x7d8893eb6278 .functor BUFZ 1, C4<z>; HiZ drive
v0x15c42a10_0 .net "CLK", 0 0, o0x7d8893eb6278;  0 drivers
o0x7d8893eb62a8 .functor BUFZ 1, C4<z>; HiZ drive
v0x15c42ad0_0 .net "GATE", 0 0, o0x7d8893eb62a8;  0 drivers
v0x15c42b90_0 .net "GCLK", 0 0, L_0x15c59fd0;  1 drivers
v0x15c42c60_0 .net "delayed_CLK", 0 0, o0x7d8893eb6308;  0 drivers
v0x15c42d20_0 .net "delayed_GATE", 0 0, o0x7d8893eb6338;  0 drivers
v0x15c42de0_0 .net "int_fwire_clk", 0 0, L_0x15c59e30;  1 drivers
v0x15c42ea0_0 .net "int_fwire_int_GATE", 0 0, L_0x15c59f00;  1 drivers
v0x15c42f60_0 .var "notifier", 0 0;
S_0x15b12270 .scope module, "sg13g2_mux2_1" "sg13g2_mux2_1" 4 1075;
 .timescale -9 -11;
    .port_info 0 /OUTPUT 1 "X";
    .port_info 1 /INPUT 1 "A0";
    .port_info 2 /INPUT 1 "A1";
    .port_info 3 /INPUT 1 "S";
UDP_ihp_mux2 .udp/comb "ihp_mux2", 3
 ,"1?01"
 ,"0?00"
 ,"?111"
 ,"?010"
 ,"00x0"
 ,"11x1";
o0x7d8893eb6488 .functor BUFZ 1, C4<z>; HiZ drive
o0x7d8893eb64b8 .functor BUFZ 1, C4<z>; HiZ drive
o0x7d8893eb64e8 .functor BUFZ 1, C4<z>; HiZ drive
L_0x15c5a040 .udp UDP_ihp_mux2, o0x7d8893eb6488, o0x7d8893eb64b8, o0x7d8893eb64e8;
v0x15c430a0_0 .net "A0", 0 0, o0x7d8893eb6488;  0 drivers
v0x15c43160_0 .net "A1", 0 0, o0x7d8893eb64b8;  0 drivers
v0x15c43220_0 .net "S", 0 0, o0x7d8893eb64e8;  0 drivers
v0x15c432c0_0 .net "X", 0 0, L_0x15c5a040;  1 drivers
S_0x15b125b0 .scope module, "sg13g2_mux2_2" "sg13g2_mux2_2" 4 1098;
 .timescale -9 -11;
    .port_info 0 /OUTPUT 1 "X";
    .port_info 1 /INPUT 1 "A0";
    .port_info 2 /INPUT 1 "A1";
    .port_info 3 /INPUT 1 "S";
o0x7d8893eb6608 .functor BUFZ 1, C4<z>; HiZ drive
o0x7d8893eb6638 .functor BUFZ 1, C4<z>; HiZ drive
o0x7d8893eb6668 .functor BUFZ 1, C4<z>; HiZ drive
L_0x15c5a210 .udp UDP_ihp_mux2, o0x7d8893eb6608, o0x7d8893eb6638, o0x7d8893eb6668;
v0x15c43430_0 .net "A0", 0 0, o0x7d8893eb6608;  0 drivers
v0x15c43510_0 .net "A1", 0 0, o0x7d8893eb6638;  0 drivers
v0x15c435d0_0 .net "S", 0 0, o0x7d8893eb6668;  0 drivers
v0x15c43670_0 .net "X", 0 0, L_0x15c5a210;  1 drivers
S_0x15b127b0 .scope module, "sg13g2_mux4_1" "sg13g2_mux4_1" 4 1121;
 .timescale -9 -11;
    .port_info 0 /OUTPUT 1 "X";
    .port_info 1 /INPUT 1 "A0";
    .port_info 2 /INPUT 1 "A1";
    .port_info 3 /INPUT 1 "A2";
    .port_info 4 /INPUT 1 "A3";
    .port_info 5 /INPUT 1 "S0";
    .port_info 6 /INPUT 1 "S1";
UDP_ihp_mux4 .udp/comb "ihp_mux4", 6
 ,"0???000"
 ,"1???001"
 ,"?0??100"
 ,"?1??101"
 ,"??0?010"
 ,"??1?011"
 ,"???0110"
 ,"???1111"
 ,"00??x00"
 ,"11??x01"
 ,"??00x10"
 ,"??11x11"
 ,"0?0?0x0"
 ,"1?1?0x1"
 ,"?0?01x0"
 ,"?1?11x1"
 ,"1111xx1"
 ,"0000xx0";
o0x7d8893eb6788 .functor BUFZ 1, C4<z>; HiZ drive
o0x7d8893eb67b8 .functor BUFZ 1, C4<z>; HiZ drive
o0x7d8893eb67e8 .functor BUFZ 1, C4<z>; HiZ drive
o0x7d8893eb6818 .functor BUFZ 1, C4<z>; HiZ drive
o0x7d8893eb6848 .functor BUFZ 1, C4<z>; HiZ drive
o0x7d8893eb6878 .functor BUFZ 1, C4<z>; HiZ drive
L_0x15c5a370 .udp UDP_ihp_mux4, o0x7d8893eb6788, o0x7d8893eb67b8, o0x7d8893eb67e8, o0x7d8893eb6818, o0x7d8893eb6848, o0x7d8893eb6878;
v0x15c437e0_0 .net "A0", 0 0, o0x7d8893eb6788;  0 drivers
v0x15c438c0_0 .net "A1", 0 0, o0x7d8893eb67b8;  0 drivers
v0x15c43980_0 .net "A2", 0 0, o0x7d8893eb67e8;  0 drivers
v0x15c43a20_0 .net "A3", 0 0, o0x7d8893eb6818;  0 drivers
v0x15c43ae0_0 .net "S0", 0 0, o0x7d8893eb6848;  0 drivers
v0x15c43bf0_0 .net "S1", 0 0, o0x7d8893eb6878;  0 drivers
v0x15c43cb0_0 .net "X", 0 0, L_0x15c5a370;  1 drivers
S_0x15b12ab0 .scope module, "sg13g2_nand2_2" "sg13g2_nand2_2" 4 1180;
 .timescale -9 -11;
    .port_info 0 /OUTPUT 1 "Y";
    .port_info 1 /INPUT 1 "A";
    .port_info 2 /INPUT 1 "B";
o0x7d8893eb6a28 .functor BUFZ 1, C4<z>; HiZ drive
o0x7d8893eb6a58 .functor BUFZ 1, C4<z>; HiZ drive
L_0x15c5a690 .functor AND 1, o0x7d8893eb6a28, o0x7d8893eb6a58, C4<1>, C4<1>;
L_0x15c5a790 .functor NOT 1, L_0x15c5a690, C4<0>, C4<0>, C4<0>;
v0x15c43e50_0 .net "A", 0 0, o0x7d8893eb6a28;  0 drivers
v0x15c43f30_0 .net "B", 0 0, o0x7d8893eb6a58;  0 drivers
v0x15c43ff0_0 .net "Y", 0 0, L_0x15c5a790;  1 drivers
v0x15c44090_0 .net "int_fwire_0", 0 0, L_0x15c5a690;  1 drivers
S_0x15b12c90 .scope module, "sg13g2_nand2b_2" "sg13g2_nand2b_2" 4 1223;
 .timescale -9 -11;
    .port_info 0 /OUTPUT 1 "Y";
    .port_info 1 /INPUT 1 "A_N";
    .port_info 2 /INPUT 1 "B";
o0x7d8893eb6b78 .functor BUFZ 1, C4<z>; HiZ drive
L_0x15c5a880 .functor NOT 1, o0x7d8893eb6b78, C4<0>, C4<0>, C4<0>;
o0x7d8893eb6bd8 .functor BUFZ 1, C4<z>; HiZ drive
L_0x15c5a920 .functor AND 1, L_0x15c5a880, o0x7d8893eb6bd8, C4<1>, C4<1>;
L_0x15c5aa10 .functor NOT 1, L_0x15c5a920, C4<0>, C4<0>, C4<0>;
v0x15c441d0_0 .net "A_N", 0 0, o0x7d8893eb6b78;  0 drivers
v0x15c44290_0 .net "A_N__bar", 0 0, L_0x15c5a880;  1 drivers
v0x15c44350_0 .net "B", 0 0, o0x7d8893eb6bd8;  0 drivers
v0x15c44420_0 .net "Y", 0 0, L_0x15c5aa10;  1 drivers
v0x15c444e0_0 .net "int_fwire_0", 0 0, L_0x15c5a920;  1 drivers
S_0x15b16220 .scope module, "sg13g2_nand3b_1" "sg13g2_nand3b_1" 4 1267;
 .timescale -9 -11;
    .port_info 0 /OUTPUT 1 "Y";
    .port_info 1 /INPUT 1 "A_N";
    .port_info 2 /INPUT 1 "B";
    .port_info 3 /INPUT 1 "C";
o0x7d8893eb6cf8 .functor BUFZ 1, C4<z>; HiZ drive
L_0x15c5ab00 .functor NOT 1, o0x7d8893eb6cf8, C4<0>, C4<0>, C4<0>;
o0x7d8893eb6d58 .functor BUFZ 1, C4<z>; HiZ drive
o0x7d8893eb6d88 .functor BUFZ 1, C4<z>; HiZ drive
L_0x15c5aba0 .functor AND 1, L_0x15c5ab00, o0x7d8893eb6d58, o0x7d8893eb6d88, C4<1>;
L_0x15c5acf0 .functor NOT 1, L_0x15c5aba0, C4<0>, C4<0>, C4<0>;
v0x15c44670_0 .net "A_N", 0 0, o0x7d8893eb6cf8;  0 drivers
v0x15c44730_0 .net "A_N__bar", 0 0, L_0x15c5ab00;  1 drivers
v0x15c447f0_0 .net "B", 0 0, o0x7d8893eb6d58;  0 drivers
v0x15c44890_0 .net "C", 0 0, o0x7d8893eb6d88;  0 drivers
v0x15c44950_0 .net "Y", 0 0, L_0x15c5acf0;  1 drivers
v0x15c44a60_0 .net "int_fwire_0", 0 0, L_0x15c5aba0;  1 drivers
S_0x15b16420 .scope module, "sg13g2_nand4_1" "sg13g2_nand4_1" 4 1290;
 .timescale -9 -11;
    .port_info 0 /OUTPUT 1 "Y";
    .port_info 1 /INPUT 1 "A";
    .port_info 2 /INPUT 1 "B";
    .port_info 3 /INPUT 1 "C";
    .port_info 4 /INPUT 1 "D";
o0x7d8893eb6ed8 .functor BUFZ 1, C4<z>; HiZ drive
o0x7d8893eb6f08 .functor BUFZ 1, C4<z>; HiZ drive
o0x7d8893eb6f38 .functor BUFZ 1, C4<z>; HiZ drive
o0x7d8893eb6f68 .functor BUFZ 1, C4<z>; HiZ drive
L_0x15c5ade0 .functor AND 1, o0x7d8893eb6ed8, o0x7d8893eb6f08, o0x7d8893eb6f38, o0x7d8893eb6f68;
L_0x15c5af40 .functor NOT 1, L_0x15c5ade0, C4<0>, C4<0>, C4<0>;
v0x15c44ba0_0 .net "A", 0 0, o0x7d8893eb6ed8;  0 drivers
v0x15c44c80_0 .net "B", 0 0, o0x7d8893eb6f08;  0 drivers
v0x15c44d40_0 .net "C", 0 0, o0x7d8893eb6f38;  0 drivers
v0x15c44de0_0 .net "D", 0 0, o0x7d8893eb6f68;  0 drivers
v0x15c44ea0_0 .net "Y", 0 0, L_0x15c5af40;  1 drivers
v0x15c44fb0_0 .net "int_fwire_0", 0 0, L_0x15c5ade0;  1 drivers
S_0x15b199d0 .scope module, "sg13g2_nor2_2" "sg13g2_nor2_2" 4 1334;
 .timescale -9 -11;
    .port_info 0 /OUTPUT 1 "Y";
    .port_info 1 /INPUT 1 "A";
    .port_info 2 /INPUT 1 "B";
o0x7d8893eb70e8 .functor BUFZ 1, C4<z>; HiZ drive
o0x7d8893eb7118 .functor BUFZ 1, C4<z>; HiZ drive
L_0x15c5b030 .functor OR 1, o0x7d8893eb70e8, o0x7d8893eb7118, C4<0>, C4<0>;
L_0x15c5b100 .functor NOT 1, L_0x15c5b030, C4<0>, C4<0>, C4<0>;
v0x15c45110_0 .net "A", 0 0, o0x7d8893eb70e8;  0 drivers
v0x15c451f0_0 .net "B", 0 0, o0x7d8893eb7118;  0 drivers
v0x15c452b0_0 .net "Y", 0 0, L_0x15c5b100;  1 drivers
v0x15c45350_0 .net "int_fwire_0", 0 0, L_0x15c5b030;  1 drivers
S_0x15b19bb0 .scope module, "sg13g2_nor2b_2" "sg13g2_nor2b_2" 4 1377;
 .timescale -9 -11;
    .port_info 0 /OUTPUT 1 "Y";
    .port_info 1 /INPUT 1 "A";
    .port_info 2 /INPUT 1 "B_N";
o0x7d8893eb7268 .functor BUFZ 1, C4<z>; HiZ drive
L_0x15c5b1f0 .functor NOT 1, o0x7d8893eb7268, C4<0>, C4<0>, C4<0>;
o0x7d8893eb7238 .functor BUFZ 1, C4<z>; HiZ drive
L_0x15c5b290 .functor OR 1, o0x7d8893eb7238, L_0x15c5b1f0, C4<0>, C4<0>;
L_0x15c5b3b0 .functor NOT 1, L_0x15c5b290, C4<0>, C4<0>, C4<0>;
v0x15c45490_0 .net "A", 0 0, o0x7d8893eb7238;  0 drivers
v0x15c45550_0 .net "B_N", 0 0, o0x7d8893eb7268;  0 drivers
v0x15c45610_0 .net "B_N__bar", 0 0, L_0x15c5b1f0;  1 drivers
v0x15c456e0_0 .net "Y", 0 0, L_0x15c5b3b0;  1 drivers
v0x15c457a0_0 .net "int_fwire_0", 0 0, L_0x15c5b290;  1 drivers
S_0x15b1c4e0 .scope module, "sg13g2_nor3_1" "sg13g2_nor3_1" 4 1399;
 .timescale -9 -11;
    .port_info 0 /OUTPUT 1 "Y";
    .port_info 1 /INPUT 1 "A";
    .port_info 2 /INPUT 1 "B";
    .port_info 3 /INPUT 1 "C";
o0x7d8893eb73b8 .functor BUFZ 1, C4<z>; HiZ drive
o0x7d8893eb73e8 .functor BUFZ 1, C4<z>; HiZ drive
o0x7d8893eb7418 .functor BUFZ 1, C4<z>; HiZ drive
L_0x15c5b470 .functor OR 1, o0x7d8893eb73b8, o0x7d8893eb73e8, o0x7d8893eb7418, C4<0>;
L_0x15c5b5a0 .functor NOT 1, L_0x15c5b470, C4<0>, C4<0>, C4<0>;
v0x15c45930_0 .net "A", 0 0, o0x7d8893eb73b8;  0 drivers
v0x15c459f0_0 .net "B", 0 0, o0x7d8893eb73e8;  0 drivers
v0x15c45ab0_0 .net "C", 0 0, o0x7d8893eb7418;  0 drivers
v0x15c45b50_0 .net "Y", 0 0, L_0x15c5b5a0;  1 drivers
v0x15c45c10_0 .net "int_fwire_0", 0 0, L_0x15c5b470;  1 drivers
S_0x15b1c6e0 .scope module, "sg13g2_nor3_2" "sg13g2_nor3_2" 4 1421;
 .timescale -9 -11;
    .port_info 0 /OUTPUT 1 "Y";
    .port_info 1 /INPUT 1 "A";
    .port_info 2 /INPUT 1 "B";
    .port_info 3 /INPUT 1 "C";
o0x7d8893eb7568 .functor BUFZ 1, C4<z>; HiZ drive
o0x7d8893eb7598 .functor BUFZ 1, C4<z>; HiZ drive
o0x7d8893eb75c8 .functor BUFZ 1, C4<z>; HiZ drive
L_0x15c5b690 .functor OR 1, o0x7d8893eb7568, o0x7d8893eb7598, o0x7d8893eb75c8, C4<0>;
L_0x15c5b7c0 .functor NOT 1, L_0x15c5b690, C4<0>, C4<0>, C4<0>;
v0x15c45da0_0 .net "A", 0 0, o0x7d8893eb7568;  0 drivers
v0x15c45e80_0 .net "B", 0 0, o0x7d8893eb7598;  0 drivers
v0x15c45f40_0 .net "C", 0 0, o0x7d8893eb75c8;  0 drivers
v0x15c45fe0_0 .net "Y", 0 0, L_0x15c5b7c0;  1 drivers
v0x15c460a0_0 .net "int_fwire_0", 0 0, L_0x15c5b690;  1 drivers
S_0x15b1eff0 .scope module, "sg13g2_nor4_1" "sg13g2_nor4_1" 4 1443;
 .timescale -9 -11;
    .port_info 0 /OUTPUT 1 "Y";
    .port_info 1 /INPUT 1 "A";
    .port_info 2 /INPUT 1 "B";
    .port_info 3 /INPUT 1 "C";
    .port_info 4 /INPUT 1 "D";
o0x7d8893eb7718 .functor BUFZ 1, C4<z>; HiZ drive
o0x7d8893eb7748 .functor BUFZ 1, C4<z>; HiZ drive
o0x7d8893eb7778 .functor BUFZ 1, C4<z>; HiZ drive
o0x7d8893eb77a8 .functor BUFZ 1, C4<z>; HiZ drive
L_0x15c5b8b0 .functor OR 1, o0x7d8893eb7718, o0x7d8893eb7748, o0x7d8893eb7778, o0x7d8893eb77a8;
L_0x15c5ba10 .functor NOT 1, L_0x15c5b8b0, C4<0>, C4<0>, C4<0>;
v0x15c46230_0 .net "A", 0 0, o0x7d8893eb7718;  0 drivers
v0x15c46310_0 .net "B", 0 0, o0x7d8893eb7748;  0 drivers
v0x15c463d0_0 .net "C", 0 0, o0x7d8893eb7778;  0 drivers
v0x15c46470_0 .net "D", 0 0, o0x7d8893eb77a8;  0 drivers
v0x15c46530_0 .net "Y", 0 0, L_0x15c5ba10;  1 drivers
v0x15c46640_0 .net "int_fwire_0", 0 0, L_0x15c5b8b0;  1 drivers
S_0x15b1f180 .scope module, "sg13g2_nor4_2" "sg13g2_nor4_2" 4 1466;
 .timescale -9 -11;
    .port_info 0 /OUTPUT 1 "Y";
    .port_info 1 /INPUT 1 "A";
    .port_info 2 /INPUT 1 "B";
    .port_info 3 /INPUT 1 "C";
    .port_info 4 /INPUT 1 "D";
o0x7d8893eb7928 .functor BUFZ 1, C4<z>; HiZ drive
o0x7d8893eb7958 .functor BUFZ 1, C4<z>; HiZ drive
o0x7d8893eb7988 .functor BUFZ 1, C4<z>; HiZ drive
o0x7d8893eb79b8 .functor BUFZ 1, C4<z>; HiZ drive
L_0x15c5bb00 .functor OR 1, o0x7d8893eb7928, o0x7d8893eb7958, o0x7d8893eb7988, o0x7d8893eb79b8;
L_0x15c5bc60 .functor NOT 1, L_0x15c5bb00, C4<0>, C4<0>, C4<0>;
v0x15c467a0_0 .net "A", 0 0, o0x7d8893eb7928;  0 drivers
v0x15c46880_0 .net "B", 0 0, o0x7d8893eb7958;  0 drivers
v0x15c46940_0 .net "C", 0 0, o0x7d8893eb7988;  0 drivers
v0x15c469e0_0 .net "D", 0 0, o0x7d8893eb79b8;  0 drivers
v0x15c46aa0_0 .net "Y", 0 0, L_0x15c5bc60;  1 drivers
v0x15c46bb0_0 .net "int_fwire_0", 0 0, L_0x15c5bb00;  1 drivers
S_0x15b20c70 .scope module, "sg13g2_or2_2" "sg13g2_or2_2" 4 1532;
 .timescale -9 -11;
    .port_info 0 /OUTPUT 1 "X";
    .port_info 1 /INPUT 1 "A";
    .port_info 2 /INPUT 1 "B";
o0x7d8893eb7b38 .functor BUFZ 1, C4<z>; HiZ drive
o0x7d8893eb7b68 .functor BUFZ 1, C4<z>; HiZ drive
L_0x15c5bd50 .functor OR 1, o0x7d8893eb7b38, o0x7d8893eb7b68, C4<0>, C4<0>;
v0x15c46d10_0 .net "A", 0 0, o0x7d8893eb7b38;  0 drivers
v0x15c46df0_0 .net "B", 0 0, o0x7d8893eb7b68;  0 drivers
v0x15c46eb0_0 .net "X", 0 0, L_0x15c5bd50;  1 drivers
S_0x15b20e50 .scope module, "sg13g2_or3_2" "sg13g2_or3_2" 4 1569;
 .timescale -9 -11;
    .port_info 0 /OUTPUT 1 "X";
    .port_info 1 /INPUT 1 "A";
    .port_info 2 /INPUT 1 "B";
    .port_info 3 /INPUT 1 "C";
o0x7d8893eb7c58 .functor BUFZ 1, C4<z>; HiZ drive
o0x7d8893eb7c88 .functor BUFZ 1, C4<z>; HiZ drive
o0x7d8893eb7cb8 .functor BUFZ 1, C4<z>; HiZ drive
L_0x15c5be20 .functor OR 1, o0x7d8893eb7c58, o0x7d8893eb7c88, o0x7d8893eb7cb8, C4<0>;
v0x15c46fd0_0 .net "A", 0 0, o0x7d8893eb7c58;  0 drivers
v0x15c47090_0 .net "B", 0 0, o0x7d8893eb7c88;  0 drivers
v0x15c47150_0 .net "C", 0 0, o0x7d8893eb7cb8;  0 drivers
v0x15c47220_0 .net "X", 0 0, L_0x15c5be20;  1 drivers
S_0x15b240f0 .scope module, "sg13g2_or4_1" "sg13g2_or4_1" 4 1588;
 .timescale -9 -11;
    .port_info 0 /OUTPUT 1 "X";
    .port_info 1 /INPUT 1 "A";
    .port_info 2 /INPUT 1 "B";
    .port_info 3 /INPUT 1 "C";
    .port_info 4 /INPUT 1 "D";
o0x7d8893eb7dd8 .functor BUFZ 1, C4<z>; HiZ drive
o0x7d8893eb7e08 .functor BUFZ 1, C4<z>; HiZ drive
o0x7d8893eb7e38 .functor BUFZ 1, C4<z>; HiZ drive
o0x7d8893eb7e68 .functor BUFZ 1, C4<z>; HiZ drive
L_0x15c5bf80 .functor OR 1, o0x7d8893eb7dd8, o0x7d8893eb7e08, o0x7d8893eb7e38, o0x7d8893eb7e68;
v0x15c47390_0 .net "A", 0 0, o0x7d8893eb7dd8;  0 drivers
v0x15c47470_0 .net "B", 0 0, o0x7d8893eb7e08;  0 drivers
v0x15c47530_0 .net "C", 0 0, o0x7d8893eb7e38;  0 drivers
v0x15c475d0_0 .net "D", 0 0, o0x7d8893eb7e68;  0 drivers
v0x15c47690_0 .net "X", 0 0, L_0x15c5bf80;  1 drivers
S_0x15b24280 .scope module, "sg13g2_or4_2" "sg13g2_or4_2" 4 1608;
 .timescale -9 -11;
    .port_info 0 /OUTPUT 1 "X";
    .port_info 1 /INPUT 1 "A";
    .port_info 2 /INPUT 1 "B";
    .port_info 3 /INPUT 1 "C";
    .port_info 4 /INPUT 1 "D";
o0x7d8893eb7fb8 .functor BUFZ 1, C4<z>; HiZ drive
o0x7d8893eb7fe8 .functor BUFZ 1, C4<z>; HiZ drive
o0x7d8893eb8018 .functor BUFZ 1, C4<z>; HiZ drive
o0x7d8893eb8048 .functor BUFZ 1, C4<z>; HiZ drive
L_0x15c5c110 .functor OR 1, o0x7d8893eb7fb8, o0x7d8893eb7fe8, o0x7d8893eb8018, o0x7d8893eb8048;
v0x15c47840_0 .net "A", 0 0, o0x7d8893eb7fb8;  0 drivers
v0x15c47920_0 .net "B", 0 0, o0x7d8893eb7fe8;  0 drivers
v0x15c479e0_0 .net "C", 0 0, o0x7d8893eb8018;  0 drivers
v0x15c47a80_0 .net "D", 0 0, o0x7d8893eb8048;  0 drivers
v0x15c47b40_0 .net "X", 0 0, L_0x15c5c110;  1 drivers
S_0x15b26790 .scope module, "sg13g2_sdfbbp_1" "sg13g2_sdfbbp_1" 4 1628;
 .timescale -9 -11;
    .port_info 0 /OUTPUT 1 "Q";
    .port_info 1 /OUTPUT 1 "Q_N";
    .port_info 2 /INPUT 1 "D";
    .port_info 3 /INPUT 1 "SCD";
    .port_info 4 /INPUT 1 "SCE";
    .port_info 5 /INPUT 1 "RESET_B";
    .port_info 6 /INPUT 1 "SET_B";
    .port_info 7 /INPUT 1 "CLK";
o0x7d8893eb8348 .functor BUFZ 1, C4<z>; HiZ drive
o0x7d8893eb83a8 .functor BUFZ 1, C4<z>; HiZ drive
o0x7d8893eb83d8 .functor BUFZ 1, C4<z>; HiZ drive
L_0x15c5c2a0 .udp UDP_ihp_mux2, o0x7d8893eb8348, o0x7d8893eb83a8, o0x7d8893eb83d8;
o0x7d8893eb8408 .functor BUFZ 1, C4<z>; HiZ drive
L_0x15c5c400 .functor NOT 1, o0x7d8893eb8408, C4<0>, C4<0>, C4<0>;
o0x7d8893eb8378 .functor BUFZ 1, C4<z>; HiZ drive
L_0x15c5c4d0 .functor NOT 1, o0x7d8893eb8378, C4<0>, C4<0>, C4<0>;
UDP_ihp_dff_sr_err .udp/sequ "ihp_dff_sr_err", 4, 2
 ,"??1Q?-"
 ,"??0?Q-"
 ,"??0?F-"
 ,"?Q?000"
 ,"?Q1x00"
 ,"?Q00x0"
 ,"?M?001"
 ,"?M1x01"
 ,"?M00x1";
o0x7d8893eb8318 .functor BUFZ 1, C4<z>; HiZ drive
L_0x15c5c5a0 .udp UDP_ihp_dff_sr_err, o0x7d8893eb8318, L_0x15c5c2a0, L_0x15c5c400, L_0x15c5c4d0;
UDP_ihp_dff_sr_1 .udp/sequ "ihp_dff_sr_1", 6, 2
 ,"?*?????x"
 ,"????01?0"
 ,"????1??1"
 ,"1?b?N0?-"
 ,"1?x1N0?-"
 ,"????f0?-"
 ,"????F0?-"
 ,"1???Q0?-"
 ,"0?b?0N?-"
 ,"0?x00N?-"
 ,"????0f?-"
 ,"????0F?-"
 ,"0???0Q?-"
 ,"??R00?00"
 ,"??R1?001"
 ,"0?R00?10"
 ,"1?R1?011"
 ,"??R??0x-"
 ,"??R?0?x-"
 ,"0?M00??-"
 ,"1?M1?0?-"
 ,"??F00??-"
 ,"??F1?0?-"
 ,"??F?00x-"
 ,"0?Q00??-"
 ,"1?Q1?0?-"
 ,"??r00??0"
 ,"??r1?0?1"
 ,"??f?0??-"
 ,"??f??0?-"
 ,"??b*0??-"
 ,"??b*?0?-"
 ,"??????*-";
L_0x15c5c8f0 .udp UDP_ihp_dff_sr_1, v0x15c48c10_0, o0x7d8893eb8318, L_0x15c5c2a0, L_0x15c5c400, L_0x15c5c4d0, L_0x15c5c5a0;
L_0x15c5cbb0 .functor BUF 1, L_0x15c5c8f0, C4<0>, C4<0>, C4<0>;
L_0x15c5ccb0 .functor NOT 1, L_0x15c5c8f0, C4<0>, C4<0>, C4<0>;
L_0x15c5cd20 .functor BUF 1, L_0x15c5ccb0, C4<0>, C4<0>, C4<0>;
o0x7d8893eb8198 .functor BUFZ 1, C4<z>; HiZ drive
v0x15c47cf0_0 .net "CLK", 0 0, o0x7d8893eb8198;  0 drivers
o0x7d8893eb81c8 .functor BUFZ 1, C4<z>; HiZ drive
v0x15c47dd0_0 .net "D", 0 0, o0x7d8893eb81c8;  0 drivers
v0x15c47e90_0 .net "Q", 0 0, L_0x15c5cbb0;  1 drivers
v0x15c47f30_0 .net "Q_N", 0 0, L_0x15c5cd20;  1 drivers
o0x7d8893eb8258 .functor BUFZ 1, C4<z>; HiZ drive
v0x15c47ff0_0 .net "RESET_B", 0 0, o0x7d8893eb8258;  0 drivers
o0x7d8893eb8288 .functor BUFZ 1, C4<z>; HiZ drive
v0x15c48100_0 .net "SCD", 0 0, o0x7d8893eb8288;  0 drivers
o0x7d8893eb82b8 .functor BUFZ 1, C4<z>; HiZ drive
v0x15c481c0_0 .net "SCE", 0 0, o0x7d8893eb82b8;  0 drivers
o0x7d8893eb82e8 .functor BUFZ 1, C4<z>; HiZ drive
v0x15c48280_0 .net "SET_B", 0 0, o0x7d8893eb82e8;  0 drivers
v0x15c48340_0 .net "delayed_CLK", 0 0, o0x7d8893eb8318;  0 drivers
v0x15c48490_0 .net "delayed_D", 0 0, o0x7d8893eb8348;  0 drivers
v0x15c48550_0 .net "delayed_RESET_B", 0 0, o0x7d8893eb8378;  0 drivers
v0x15c48610_0 .net "delayed_SCD", 0 0, o0x7d8893eb83a8;  0 drivers
v0x15c486d0_0 .net "delayed_SCE", 0 0, o0x7d8893eb83d8;  0 drivers
v0x15c48790_0 .net "delayed_SET_B", 0 0, o0x7d8893eb8408;  0 drivers
v0x15c48850_0 .net "int_fwire_IQ", 0 0, L_0x15c5c8f0;  1 drivers
v0x15c48910_0 .net "int_fwire_IQN", 0 0, L_0x15c5ccb0;  1 drivers
v0x15c489d0_0 .net "int_fwire_d", 0 0, L_0x15c5c2a0;  1 drivers
v0x15c48a90_0 .net "int_fwire_r", 0 0, L_0x15c5c4d0;  1 drivers
v0x15c48b50_0 .net "int_fwire_s", 0 0, L_0x15c5c400;  1 drivers
v0x15c48c10_0 .var "notifier", 0 0;
v0x15c48cd0_0 .net "xcr_0", 0 0, L_0x15c5c5a0;  1 drivers
S_0x15b26970 .scope module, "sg13g2_sdfrbp_1" "sg13g2_sdfrbp_1" 4 1679;
 .timescale -9 -11;
    .port_info 0 /OUTPUT 1 "Q";
    .port_info 1 /OUTPUT 1 "Q_N";
    .port_info 2 /INPUT 1 "D";
    .port_info 3 /INPUT 1 "SCD";
    .port_info 4 /INPUT 1 "SCE";
    .port_info 5 /INPUT 1 "RESET_B";
    .port_info 6 /INPUT 1 "CLK";
o0x7d8893eb8888 .functor BUFZ 1, C4<z>; HiZ drive
o0x7d8893eb88e8 .functor BUFZ 1, C4<z>; HiZ drive
o0x7d8893eb8918 .functor BUFZ 1, C4<z>; HiZ drive
L_0x15c5ce30 .udp UDP_ihp_mux2, o0x7d8893eb8888, o0x7d8893eb88e8, o0x7d8893eb8918;
o0x7d8893eb88b8 .functor BUFZ 1, C4<z>; HiZ drive
L_0x15c5cf00 .functor NOT 1, o0x7d8893eb88b8, C4<0>, C4<0>, C4<0>;
o0x7d8893eb8858 .functor BUFZ 1, C4<z>; HiZ drive
L_0x15c5cfd0 .udp UDP_ihp_dff_r_err, o0x7d8893eb8858, L_0x15c5ce30, L_0x15c5cf00;
L_0x15c5d170 .udp UDP_ihp_dff_r, v0x15c49a90_0, o0x7d8893eb8858, L_0x15c5ce30, L_0x15c5cf00, L_0x15c5cfd0;
L_0x15c5d2b0 .functor BUF 1, L_0x15c5d170, C4<0>, C4<0>, C4<0>;
L_0x15c5d370 .functor NOT 1, L_0x15c5d170, C4<0>, C4<0>, C4<0>;
L_0x15c5d420 .functor BUF 1, L_0x15c5d370, C4<0>, C4<0>, C4<0>;
o0x7d8893eb8708 .functor BUFZ 1, C4<z>; HiZ drive
v0x15c48e90_0 .net "CLK", 0 0, o0x7d8893eb8708;  0 drivers
o0x7d8893eb8738 .functor BUFZ 1, C4<z>; HiZ drive
v0x15c48f70_0 .net "D", 0 0, o0x7d8893eb8738;  0 drivers
v0x15c49030_0 .net "Q", 0 0, L_0x15c5d2b0;  1 drivers
v0x15c490d0_0 .net "Q_N", 0 0, L_0x15c5d420;  1 drivers
o0x7d8893eb87c8 .functor BUFZ 1, C4<z>; HiZ drive
v0x15c49190_0 .net "RESET_B", 0 0, o0x7d8893eb87c8;  0 drivers
o0x7d8893eb87f8 .functor BUFZ 1, C4<z>; HiZ drive
v0x15c49250_0 .net "SCD", 0 0, o0x7d8893eb87f8;  0 drivers
o0x7d8893eb8828 .functor BUFZ 1, C4<z>; HiZ drive
v0x15c49310_0 .net "SCE", 0 0, o0x7d8893eb8828;  0 drivers
v0x15c493d0_0 .net "delayed_CLK", 0 0, o0x7d8893eb8858;  0 drivers
v0x15c49490_0 .net "delayed_D", 0 0, o0x7d8893eb8888;  0 drivers
v0x15c49550_0 .net "delayed_RESET_B", 0 0, o0x7d8893eb88b8;  0 drivers
v0x15c49610_0 .net "delayed_SCD", 0 0, o0x7d8893eb88e8;  0 drivers
v0x15c496d0_0 .net "delayed_SCE", 0 0, o0x7d8893eb8918;  0 drivers
v0x15c49790_0 .net "int_fwire_IQ", 0 0, L_0x15c5d170;  1 drivers
v0x15c49850_0 .net "int_fwire_IQN", 0 0, L_0x15c5d370;  1 drivers
v0x15c49910_0 .net "int_fwire_d", 0 0, L_0x15c5ce30;  1 drivers
v0x15c499d0_0 .net "int_fwire_r", 0 0, L_0x15c5cf00;  1 drivers
v0x15c49a90_0 .var "notifier", 0 0;
v0x15c49b50_0 .net "xcr_0", 0 0, L_0x15c5cfd0;  1 drivers
S_0x15b29fe0 .scope module, "sg13g2_sdfrbp_2" "sg13g2_sdfrbp_2" 4 1723;
 .timescale -9 -11;
    .port_info 0 /OUTPUT 1 "Q";
    .port_info 1 /OUTPUT 1 "Q_N";
    .port_info 2 /INPUT 1 "D";
    .port_info 3 /INPUT 1 "SCD";
    .port_info 4 /INPUT 1 "SCE";
    .port_info 5 /INPUT 1 "RESET_B";
    .port_info 6 /INPUT 1 "CLK";
o0x7d8893eb8d38 .functor BUFZ 1, C4<z>; HiZ drive
o0x7d8893eb8d98 .functor BUFZ 1, C4<z>; HiZ drive
o0x7d8893eb8dc8 .functor BUFZ 1, C4<z>; HiZ drive
L_0x15c5d4e0 .udp UDP_ihp_mux2, o0x7d8893eb8d38, o0x7d8893eb8d98, o0x7d8893eb8dc8;
o0x7d8893eb8d68 .functor BUFZ 1, C4<z>; HiZ drive
L_0x15c5d5e0 .functor NOT 1, o0x7d8893eb8d68, C4<0>, C4<0>, C4<0>;
o0x7d8893eb8d08 .functor BUFZ 1, C4<z>; HiZ drive
L_0x15c5d6b0 .udp UDP_ihp_dff_r_err, o0x7d8893eb8d08, L_0x15c5d4e0, L_0x15c5d5e0;
L_0x15c5d850 .udp UDP_ihp_dff_r, v0x15c4a8f0_0, o0x7d8893eb8d08, L_0x15c5d4e0, L_0x15c5d5e0, L_0x15c5d6b0;
L_0x15c5d9d0 .functor BUF 1, L_0x15c5d850, C4<0>, C4<0>, C4<0>;
L_0x15c5da90 .functor NOT 1, L_0x15c5d850, C4<0>, C4<0>, C4<0>;
L_0x15c5db40 .functor BUF 1, L_0x15c5da90, C4<0>, C4<0>, C4<0>;
o0x7d8893eb8bb8 .functor BUFZ 1, C4<z>; HiZ drive
v0x15c49cf0_0 .net "CLK", 0 0, o0x7d8893eb8bb8;  0 drivers
o0x7d8893eb8be8 .functor BUFZ 1, C4<z>; HiZ drive
v0x15c49dd0_0 .net "D", 0 0, o0x7d8893eb8be8;  0 drivers
v0x15c49e90_0 .net "Q", 0 0, L_0x15c5d9d0;  1 drivers
v0x15c49f30_0 .net "Q_N", 0 0, L_0x15c5db40;  1 drivers
o0x7d8893eb8c78 .functor BUFZ 1, C4<z>; HiZ drive
v0x15c49ff0_0 .net "RESET_B", 0 0, o0x7d8893eb8c78;  0 drivers
o0x7d8893eb8ca8 .functor BUFZ 1, C4<z>; HiZ drive
v0x15c4a0b0_0 .net "SCD", 0 0, o0x7d8893eb8ca8;  0 drivers
o0x7d8893eb8cd8 .functor BUFZ 1, C4<z>; HiZ drive
v0x15c4a170_0 .net "SCE", 0 0, o0x7d8893eb8cd8;  0 drivers
v0x15c4a230_0 .net "delayed_CLK", 0 0, o0x7d8893eb8d08;  0 drivers
v0x15c4a2f0_0 .net "delayed_D", 0 0, o0x7d8893eb8d38;  0 drivers
v0x15c4a3b0_0 .net "delayed_RESET_B", 0 0, o0x7d8893eb8d68;  0 drivers
v0x15c4a470_0 .net "delayed_SCD", 0 0, o0x7d8893eb8d98;  0 drivers
v0x15c4a530_0 .net "delayed_SCE", 0 0, o0x7d8893eb8dc8;  0 drivers
v0x15c4a5f0_0 .net "int_fwire_IQ", 0 0, L_0x15c5d850;  1 drivers
v0x15c4a6b0_0 .net "int_fwire_IQN", 0 0, L_0x15c5da90;  1 drivers
v0x15c4a770_0 .net "int_fwire_d", 0 0, L_0x15c5d4e0;  1 drivers
v0x15c4a830_0 .net "int_fwire_r", 0 0, L_0x15c5d5e0;  1 drivers
v0x15c4a8f0_0 .var "notifier", 0 0;
v0x15c4aac0_0 .net "xcr_0", 0 0, L_0x15c5d6b0;  1 drivers
S_0x15b2a220 .scope module, "sg13g2_sdfrbpq_1" "sg13g2_sdfrbpq_1" 4 1767;
 .timescale -9 -11;
    .port_info 0 /OUTPUT 1 "Q";
    .port_info 1 /INPUT 1 "D";
    .port_info 2 /INPUT 1 "SCD";
    .port_info 3 /INPUT 1 "SCE";
    .port_info 4 /INPUT 1 "RESET_B";
    .port_info 5 /INPUT 1 "CLK";
o0x7d8893eb91b8 .functor BUFZ 1, C4<z>; HiZ drive
o0x7d8893eb9218 .functor BUFZ 1, C4<z>; HiZ drive
o0x7d8893eb9248 .functor BUFZ 1, C4<z>; HiZ drive
L_0x15c5dc00 .udp UDP_ihp_mux2, o0x7d8893eb91b8, o0x7d8893eb9218, o0x7d8893eb9248;
o0x7d8893eb91e8 .functor BUFZ 1, C4<z>; HiZ drive
L_0x15c5dd00 .functor NOT 1, o0x7d8893eb91e8, C4<0>, C4<0>, C4<0>;
o0x7d8893eb9188 .functor BUFZ 1, C4<z>; HiZ drive
L_0x15c5ddd0 .udp UDP_ihp_dff_r_err, o0x7d8893eb9188, L_0x15c5dc00, L_0x15c5dd00;
L_0x15c5df70 .udp UDP_ihp_dff_r, v0x15c4b6e0_0, o0x7d8893eb9188, L_0x15c5dc00, L_0x15c5dd00, L_0x15c5ddd0;
L_0x15c5e0f0 .functor BUF 1, L_0x15c5df70, C4<0>, C4<0>, C4<0>;
o0x7d8893eb9068 .functor BUFZ 1, C4<z>; HiZ drive
v0x15c4ac60_0 .net "CLK", 0 0, o0x7d8893eb9068;  0 drivers
o0x7d8893eb9098 .functor BUFZ 1, C4<z>; HiZ drive
v0x15c4ad40_0 .net "D", 0 0, o0x7d8893eb9098;  0 drivers
v0x15c4ae00_0 .net "Q", 0 0, L_0x15c5e0f0;  1 drivers
o0x7d8893eb90f8 .functor BUFZ 1, C4<z>; HiZ drive
v0x15c4aea0_0 .net "RESET_B", 0 0, o0x7d8893eb90f8;  0 drivers
o0x7d8893eb9128 .functor BUFZ 1, C4<z>; HiZ drive
v0x15c4af60_0 .net "SCD", 0 0, o0x7d8893eb9128;  0 drivers
o0x7d8893eb9158 .functor BUFZ 1, C4<z>; HiZ drive
v0x15c4b020_0 .net "SCE", 0 0, o0x7d8893eb9158;  0 drivers
v0x15c4b0e0_0 .net "delayed_CLK", 0 0, o0x7d8893eb9188;  0 drivers
v0x15c4b1a0_0 .net "delayed_D", 0 0, o0x7d8893eb91b8;  0 drivers
v0x15c4b260_0 .net "delayed_RESET_B", 0 0, o0x7d8893eb91e8;  0 drivers
v0x15c4b320_0 .net "delayed_SCD", 0 0, o0x7d8893eb9218;  0 drivers
v0x15c4b3e0_0 .net "delayed_SCE", 0 0, o0x7d8893eb9248;  0 drivers
v0x15c4b4a0_0 .net "int_fwire_IQ", 0 0, L_0x15c5df70;  1 drivers
v0x15c4b560_0 .net "int_fwire_d", 0 0, L_0x15c5dc00;  1 drivers
v0x15c4b620_0 .net "int_fwire_r", 0 0, L_0x15c5dd00;  1 drivers
v0x15c4b6e0_0 .var "notifier", 0 0;
v0x15c4b7a0_0 .net "xcr_0", 0 0, L_0x15c5ddd0;  1 drivers
S_0x15b2d890 .scope module, "sg13g2_sdfrbpq_2" "sg13g2_sdfrbpq_2" 4 1808;
 .timescale -9 -11;
    .port_info 0 /OUTPUT 1 "Q";
    .port_info 1 /INPUT 1 "D";
    .port_info 2 /INPUT 1 "SCD";
    .port_info 3 /INPUT 1 "SCE";
    .port_info 4 /INPUT 1 "RESET_B";
    .port_info 5 /INPUT 1 "CLK";
o0x7d8893eb95d8 .functor BUFZ 1, C4<z>; HiZ drive
o0x7d8893eb9638 .functor BUFZ 1, C4<z>; HiZ drive
o0x7d8893eb9668 .functor BUFZ 1, C4<z>; HiZ drive
L_0x15c5e1b0 .udp UDP_ihp_mux2, o0x7d8893eb95d8, o0x7d8893eb9638, o0x7d8893eb9668;
o0x7d8893eb9608 .functor BUFZ 1, C4<z>; HiZ drive
L_0x15c5e2b0 .functor NOT 1, o0x7d8893eb9608, C4<0>, C4<0>, C4<0>;
o0x7d8893eb95a8 .functor BUFZ 1, C4<z>; HiZ drive
L_0x15c5e380 .udp UDP_ihp_dff_r_err, o0x7d8893eb95a8, L_0x15c5e1b0, L_0x15c5e2b0;
L_0x15c5e520 .udp UDP_ihp_dff_r, v0x15c4c430_0, o0x7d8893eb95a8, L_0x15c5e1b0, L_0x15c5e2b0, L_0x15c5e380;
L_0x15c5e6a0 .functor BUF 1, L_0x15c5e520, C4<0>, C4<0>, C4<0>;
o0x7d8893eb9488 .functor BUFZ 1, C4<z>; HiZ drive
v0x15c4b920_0 .net "CLK", 0 0, o0x7d8893eb9488;  0 drivers
o0x7d8893eb94b8 .functor BUFZ 1, C4<z>; HiZ drive
v0x15c4ba00_0 .net "D", 0 0, o0x7d8893eb94b8;  0 drivers
v0x15c4bac0_0 .net "Q", 0 0, L_0x15c5e6a0;  1 drivers
o0x7d8893eb9518 .functor BUFZ 1, C4<z>; HiZ drive
v0x15c4bb60_0 .net "RESET_B", 0 0, o0x7d8893eb9518;  0 drivers
o0x7d8893eb9548 .functor BUFZ 1, C4<z>; HiZ drive
v0x15c4bc20_0 .net "SCD", 0 0, o0x7d8893eb9548;  0 drivers
o0x7d8893eb9578 .functor BUFZ 1, C4<z>; HiZ drive
v0x15c4bce0_0 .net "SCE", 0 0, o0x7d8893eb9578;  0 drivers
v0x15c4bda0_0 .net "delayed_CLK", 0 0, o0x7d8893eb95a8;  0 drivers
v0x15c4be60_0 .net "delayed_D", 0 0, o0x7d8893eb95d8;  0 drivers
v0x15c4bf20_0 .net "delayed_RESET_B", 0 0, o0x7d8893eb9608;  0 drivers
v0x15c4c070_0 .net "delayed_SCD", 0 0, o0x7d8893eb9638;  0 drivers
v0x15c4c130_0 .net "delayed_SCE", 0 0, o0x7d8893eb9668;  0 drivers
v0x15c4c1f0_0 .net "int_fwire_IQ", 0 0, L_0x15c5e520;  1 drivers
v0x15c4c2b0_0 .net "int_fwire_d", 0 0, L_0x15c5e1b0;  1 drivers
v0x15c4c370_0 .net "int_fwire_r", 0 0, L_0x15c5e2b0;  1 drivers
v0x15c4c430_0 .var "notifier", 0 0;
v0x15c4c4f0_0 .net "xcr_0", 0 0, L_0x15c5e380;  1 drivers
S_0x15b2da20 .scope module, "sg13g2_sighold" "sg13g2_sighold" 4 1849;
 .timescale -9 -11;
    .port_info 0 /INOUT 1 "SH";
o0x7d8893eb98a8 .functor BUFZ 1, C4<z>; HiZ drive
v0x15c4c670_0 .net "SH", 0 0, o0x7d8893eb98a8;  0 drivers
S_0x15b2e600 .scope module, "sg13g2_slgcp_1" "sg13g2_slgcp_1" 4 1861;
 .timescale -9 -11;
    .port_info 0 /OUTPUT 1 "GCLK";
    .port_info 1 /INPUT 1 "GATE";
    .port_info 2 /INPUT 1 "SCE";
    .port_info 3 /INPUT 1 "CLK";
o0x7d8893eb99c8 .functor BUFZ 1, C4<z>; HiZ drive
L_0x15c5e760 .functor NOT 1, o0x7d8893eb99c8, C4<0>, C4<0>, C4<0>;
o0x7d8893eb99f8 .functor BUFZ 1, C4<z>; HiZ drive
o0x7d8893eb9a28 .functor BUFZ 1, C4<z>; HiZ drive
L_0x15c5e7d0 .functor OR 1, o0x7d8893eb99f8, o0x7d8893eb9a28, C4<0>, C4<0>;
L_0x15c5e8d0 .udp UDP_ihp_latch, v0x15c4cf80_0, L_0x15c5e760, L_0x15c5e7d0;
L_0x15c5ea70 .functor AND 1, o0x7d8893eb99c8, L_0x15c5e8d0, C4<1>, C4<1>;
o0x7d8893eb9908 .functor BUFZ 1, C4<z>; HiZ drive
v0x15c4c790_0 .net "CLK", 0 0, o0x7d8893eb9908;  0 drivers
o0x7d8893eb9938 .functor BUFZ 1, C4<z>; HiZ drive
v0x15c4c850_0 .net "GATE", 0 0, o0x7d8893eb9938;  0 drivers
v0x15c4c910_0 .net "GCLK", 0 0, L_0x15c5ea70;  1 drivers
o0x7d8893eb9998 .functor BUFZ 1, C4<z>; HiZ drive
v0x15c4c9b0_0 .net "SCE", 0 0, o0x7d8893eb9998;  0 drivers
v0x15c4ca70_0 .net "delayed_CLK", 0 0, o0x7d8893eb99c8;  0 drivers
v0x15c4cb30_0 .net "delayed_GATE", 0 0, o0x7d8893eb99f8;  0 drivers
v0x15c4cbf0_0 .net "delayed_SCE", 0 0, o0x7d8893eb9a28;  0 drivers
v0x15c4ccb0_0 .net "int_fwire_clk", 0 0, L_0x15c5e760;  1 drivers
v0x15c4cd70_0 .net "int_fwire_int_GATE", 0 0, L_0x15c5e8d0;  1 drivers
v0x15c4cec0_0 .net "int_fwire_test", 0 0, L_0x15c5e7d0;  1 drivers
v0x15c4cf80_0 .var "notifier", 0 0;
S_0x15b2e790 .scope module, "sg13g2_tiehi" "sg13g2_tiehi" 4 1891;
 .timescale -9 -11;
    .port_info 0 /OUTPUT 1 "L_HI";
L_0x7d8893e66018 .functor BUFT 1, C4<1>, C4<0>, C4<0>, C4<0>;
L_0x15c5ebb0 .functor BUF 1, L_0x7d8893e66018, C4<0>, C4<0>, C4<0>;
v0x15c4d0c0_0 .net "L_HI", 0 0, L_0x15c5ebb0;  1 drivers
v0x15c4d1a0_0 .net/2u *"_ivl_1", 0 0, L_0x7d8893e66018;  1 drivers
S_0x15b2f370 .scope module, "sg13g2_tielo" "sg13g2_tielo" 4 1906;
 .timescale -9 -11;
    .port_info 0 /OUTPUT 1 "L_LO";
L_0x7d8893e66060 .functor BUFT 1, C4<0>, C4<0>, C4<0>, C4<0>;
L_0x15c5ec70 .functor BUF 1, L_0x7d8893e66060, C4<0>, C4<0>, C4<0>;
v0x15c4d2c0_0 .net "L_LO", 0 0, L_0x15c5ec70;  1 drivers
v0x15c4d380_0 .net/2u *"_ivl_1", 0 0, L_0x7d8893e66060;  1 drivers
    .scope S_0x15c01330;
T_0 ;
    %pushi/vec4 161, 0, 8;
    %store/vec4 v0x15c381f0_0, 0, 8;
    %pushi/vec4 191, 0, 8;
    %store/vec4 v0x15c382d0_0, 0, 8;
    %pushi/vec4 1, 0, 1;
    %store/vec4 v0x15c38370_0, 0, 1;
    %delay 1000, 0;
    %vpi_call 2 15 "$display", "%t: a=%h, b=%h, ci=%b, sum=%h, co=%b", $time, v0x15c381f0_0, v0x15c382d0_0, v0x15c38370_0, v0x15c38500_0, v0x15c38410_0 {0 0 0};
    %pushi/vec4 0, 0, 8;
    %store/vec4 v0x15c381f0_0, 0, 8;
    %pushi/vec4 0, 0, 8;
    %store/vec4 v0x15c382d0_0, 0, 8;
    %pushi/vec4 0, 0, 1;
    %store/vec4 v0x15c38370_0, 0, 1;
    %delay 1000, 0;
    %vpi_call 2 18 "$display", "%t: a=%h, b=%h, ci=%b, sum=%h, co=%b", $time, v0x15c381f0_0, v0x15c382d0_0, v0x15c38370_0, v0x15c38500_0, v0x15c38410_0 {0 0 0};
    %pushi/vec4 0, 0, 8;
    %store/vec4 v0x15c381f0_0, 0, 8;
    %pushi/vec4 1, 0, 8;
    %store/vec4 v0x15c382d0_0, 0, 8;
    %pushi/vec4 1, 0, 1;
    %store/vec4 v0x15c38370_0, 0, 1;
    %delay 1000, 0;
    %vpi_call 2 21 "$display", "%t: a=%h, b=%h, ci=%b, sum=%h, co=%b", $time, v0x15c381f0_0, v0x15c382d0_0, v0x15c38370_0, v0x15c38500_0, v0x15c38410_0 {0 0 0};
    %pushi/vec4 255, 0, 8;
    %store/vec4 v0x15c381f0_0, 0, 8;
    %pushi/vec4 1, 0, 8;
    %store/vec4 v0x15c382d0_0, 0, 8;
    %pushi/vec4 0, 0, 1;
    %store/vec4 v0x15c38370_0, 0, 1;
    %delay 1000, 0;
    %vpi_call 2 24 "$display", "%t: a=%h, b=%h, ci=%b, sum=%h, co=%b", $time, v0x15c381f0_0, v0x15c382d0_0, v0x15c38370_0, v0x15c38500_0, v0x15c38410_0 {0 0 0};
    %pushi/vec4 18, 0, 8;
    %store/vec4 v0x15c381f0_0, 0, 8;
    %pushi/vec4 35, 0, 8;
    %store/vec4 v0x15c382d0_0, 0, 8;
    %pushi/vec4 0, 0, 1;
    %store/vec4 v0x15c38370_0, 0, 1;
    %delay 1000, 0;
    %vpi_call 2 27 "$display", "%t: a=%h, b=%h, ci=%b, sum=%h, co=%b", $time, v0x15c381f0_0, v0x15c382d0_0, v0x15c38370_0, v0x15c38500_0, v0x15c38410_0 {0 0 0};
    %pushi/vec4 161, 0, 8;
    %store/vec4 v0x15c381f0_0, 0, 8;
    %pushi/vec4 191, 0, 8;
    %store/vec4 v0x15c382d0_0, 0, 8;
    %pushi/vec4 0, 0, 1;
    %store/vec4 v0x15c38370_0, 0, 1;
    %delay 1000, 0;
    %vpi_call 2 30 "$display", "%t: a=%h, b=%h, ci=%b, sum=%h, co=%b", $time, v0x15c381f0_0, v0x15c382d0_0, v0x15c38370_0, v0x15c38500_0, v0x15c38410_0 {0 0 0};
    %end;
    .thread T_0;
# The file index is used to find the file name in the following table.
:file_names 5;
    "N/A";
    "<interactive>";
    "adder_tb.v";
    "adder_synth.v";
    "sg13g2_stdcell.v";
