#! /usr/bin/vvp
:ivl_version "12.0 (stable)";
:ivl_delay_selection "TYPICAL";
:vpi_time_precision - 12;
:vpi_module "/usr/lib/x86_64-linux-gnu/ivl/system.vpi";
:vpi_module "/usr/lib/x86_64-linux-gnu/ivl/vhdl_sys.vpi";
:vpi_module "/usr/lib/x86_64-linux-gnu/ivl/vhdl_textio.vpi";
:vpi_module "/usr/lib/x86_64-linux-gnu/ivl/v2005_math.vpi";
:vpi_module "/usr/lib/x86_64-linux-gnu/ivl/va_math.vpi";
S_0x64d0ba305e90 .scope module, "alu_logic_tb" "alu_logic_tb" 2 3;
 .timescale -9 -12;
P_0x64d0ba22ebc0 .param/l "cases" 0 2 5, +C4<00000000000000000000000000000100>;
L_0x64d0ba35ab50 .functor BUFZ 64, v0x64d0ba3586a0_0, C4<0000000000000000000000000000000000000000000000000000000000000000>, C4<0000000000000000000000000000000000000000000000000000000000000000>, C4<0000000000000000000000000000000000000000000000000000000000000000>;
L_0x64d0ba35abc0 .functor BUFZ 64, v0x64d0ba3587a0_0, C4<0000000000000000000000000000000000000000000000000000000000000000>, C4<0000000000000000000000000000000000000000000000000000000000000000>, C4<0000000000000000000000000000000000000000000000000000000000000000>;
L_0x64d0ba35ac30 .functor BUFZ 2, v0x64d0ba358880_0, C4<00>, C4<00>, C4<00>;
v0x64d0ba3586a0_0 .var "Tin_a", 63 0;
v0x64d0ba3587a0_0 .var "Tin_b", 63 0;
v0x64d0ba358880_0 .var "Tin_op", 1 0;
v0x64d0ba358970 .array "array_a", 3 0, 63 0;
v0x64d0ba358a30 .array "array_b", 3 0, 63 0;
v0x64d0ba358af0 .array "array_op", 3 0, 1 0;
v0x64d0ba358bb0 .array "array_out", 3 0, 63 0;
v0x64d0ba358c70_0 .var "clk", 0 0;
v0x64d0ba358d10_0 .var "enable", 0 0;
v0x64d0ba358db0_0 .var "enable_function", 0 0;
v0x64d0ba358e80_0 .var/i "i", 31 0;
v0x64d0ba358f20_0 .net "input_a", 63 0, L_0x64d0ba35ab50;  1 drivers
v0x64d0ba358fe0_0 .net "input_b", 63 0, L_0x64d0ba35abc0;  1 drivers
v0x64d0ba3590a0_0 .var/i "j", 31 0;
v0x64d0ba359180_0 .net "o_stb", 0 0, v0x64d0ba3582a0_0;  1 drivers
v0x64d0ba359250_0 .net "op_sel", 1 0, L_0x64d0ba35ac30;  1 drivers
v0x64d0ba359320_0 .net "output_z", 63 0, v0x64d0ba358480_0;  1 drivers
v0x64d0ba3593f0_0 .var "rst", 0 0;
S_0x64d0ba316cd0 .scope module, "uut" "arithmetics_unit" 2 97, 3 37 0, S_0x64d0ba305e90;
 .timescale -9 -10;
    .port_info 0 /INPUT 64 "fir_term";
    .port_info 1 /INPUT 64 "sec_term";
    .port_info 2 /INPUT 2 "op_sel";
    .port_info 3 /INPUT 1 "clk";
    .port_info 4 /INPUT 1 "rst";
    .port_info 5 /INPUT 1 "enable";
    .port_info 6 /INPUT 1 "enable_function";
    .port_info 7 /OUTPUT 64 "result";
    .port_info 8 /OUTPUT 1 "o_stb";
L_0x64d0ba359c70 .functor AND 1, v0x64d0ba358d10_0, L_0x64d0ba359b20, C4<1>, C4<1>;
L_0x64d0ba359f10 .functor AND 1, v0x64d0ba358d10_0, L_0x64d0ba359dd0, C4<1>, C4<1>;
L_0x64d0ba35a110 .functor AND 1, v0x64d0ba358d10_0, L_0x64d0ba35a020, C4<1>, C4<1>;
L_0x64d0ba35a3c0 .functor AND 1, v0x64d0ba358d10_0, L_0x64d0ba35a260, C4<1>, C4<1>;
L_0x64d0ba35a640 .functor AND 1, v0x64d0ba358d10_0, L_0x64d0ba35a550, C4<1>, C4<1>;
L_0x64d0ba35a880 .functor AND 1, v0x64d0ba358d10_0, L_0x64d0ba35a750, C4<1>, C4<1>;
L_0x7d0065bb7018 .functor BUFT 1, C4<00>, C4<0>, C4<0>, C4<0>;
v0x64d0ba356300_0 .net/2u *"_ivl_0", 1 0, L_0x7d0065bb7018;  1 drivers
L_0x7d0065bb70a8 .functor BUFT 1, C4<10>, C4<0>, C4<0>, C4<0>;
v0x64d0ba356400_0 .net/2u *"_ivl_12", 1 0, L_0x7d0065bb70a8;  1 drivers
v0x64d0ba3564e0_0 .net *"_ivl_14", 0 0, L_0x64d0ba35a020;  1 drivers
L_0x7d0065bb70f0 .functor BUFT 1, C4<00>, C4<0>, C4<0>, C4<0>;
v0x64d0ba356580_0 .net/2u *"_ivl_18", 1 0, L_0x7d0065bb70f0;  1 drivers
v0x64d0ba356660_0 .net *"_ivl_2", 0 0, L_0x64d0ba359b20;  1 drivers
v0x64d0ba356770_0 .net *"_ivl_20", 0 0, L_0x64d0ba35a260;  1 drivers
L_0x7d0065bb7138 .functor BUFT 1, C4<01>, C4<0>, C4<0>, C4<0>;
v0x64d0ba356830_0 .net/2u *"_ivl_24", 1 0, L_0x7d0065bb7138;  1 drivers
v0x64d0ba356910_0 .net *"_ivl_26", 0 0, L_0x64d0ba35a550;  1 drivers
L_0x7d0065bb7180 .functor BUFT 1, C4<10>, C4<0>, C4<0>, C4<0>;
v0x64d0ba3569d0_0 .net/2u *"_ivl_30", 1 0, L_0x7d0065bb7180;  1 drivers
v0x64d0ba356ab0_0 .net *"_ivl_32", 0 0, L_0x64d0ba35a750;  1 drivers
L_0x7d0065bb7060 .functor BUFT 1, C4<01>, C4<0>, C4<0>, C4<0>;
v0x64d0ba356b70_0 .net/2u *"_ivl_6", 1 0, L_0x7d0065bb7060;  1 drivers
v0x64d0ba356c50_0 .net *"_ivl_8", 0 0, L_0x64d0ba359dd0;  1 drivers
L_0x7d0065bb7258 .functor BUFT 1, C4<1>, C4<0>, C4<0>, C4<0>;
v0x64d0ba356d10_0 .net "add_ack", 0 0, L_0x7d0065bb7258;  1 drivers
v0x64d0ba356db0_0 .net "add_enable_a", 0 0, L_0x64d0ba359c70;  1 drivers
v0x64d0ba356e50_0 .net "add_enable_b", 0 0, L_0x64d0ba35a3c0;  1 drivers
v0x64d0ba356ef0_0 .net "add_o_stb", 0 0, L_0x64d0ba330920;  1 drivers
v0x64d0ba356f90_0 .net "add_result", 63 0, L_0x64d0ba315c80;  1 drivers
v0x64d0ba357140_0 .net "clk", 0 0, v0x64d0ba358c70_0;  1 drivers
L_0x7d0065bb71c8 .functor BUFT 1, C4<1>, C4<0>, C4<0>, C4<0>;
v0x64d0ba3571e0_0 .net "div_ack", 0 0, L_0x7d0065bb71c8;  1 drivers
v0x64d0ba357280_0 .net "div_enable_a", 0 0, L_0x64d0ba359f10;  1 drivers
v0x64d0ba357350_0 .net "div_enable_b", 0 0, L_0x64d0ba35a640;  1 drivers
v0x64d0ba357420_0 .net "div_o_stb", 0 0, L_0x64d0ba359940;  1 drivers
v0x64d0ba3574f0_0 .net "div_result", 63 0, L_0x64d0ba359a00;  1 drivers
v0x64d0ba3575c0_0 .net "enable", 0 0, v0x64d0ba358d10_0;  1 drivers
v0x64d0ba357660_0 .net "enable_function", 0 0, v0x64d0ba358db0_0;  1 drivers
v0x64d0ba357700_0 .net "fir_term", 63 0, L_0x64d0ba35ab50;  alias, 1 drivers
v0x64d0ba3577a0_0 .net "input_add_a_ack", 0 0, L_0x64d0ba335060;  1 drivers
v0x64d0ba357870_0 .net "input_add_b_ack", 0 0, L_0x64d0ba337b70;  1 drivers
v0x64d0ba357940_0 .net "input_div_a_ack", 0 0, L_0x64d0ba3597c0;  1 drivers
v0x64d0ba357a10_0 .net "input_div_b_ack", 0 0, L_0x64d0ba359880;  1 drivers
v0x64d0ba357ae0_0 .net "input_mult_a_ack", 0 0, L_0x64d0ba3594e0;  1 drivers
v0x64d0ba357bb0_0 .net "input_mult_b_ack", 0 0, L_0x64d0ba359550;  1 drivers
L_0x7d0065bb7210 .functor BUFT 1, C4<1>, C4<0>, C4<0>, C4<0>;
v0x64d0ba357c80_0 .net "mult_ack", 0 0, L_0x7d0065bb7210;  1 drivers
v0x64d0ba357f60_0 .net "mult_enable_a", 0 0, L_0x64d0ba35a110;  1 drivers
v0x64d0ba358030_0 .net "mult_enable_b", 0 0, L_0x64d0ba35a880;  1 drivers
v0x64d0ba358100_0 .net "mult_o_stb", 0 0, L_0x64d0ba359610;  1 drivers
v0x64d0ba3581d0_0 .net "mult_result", 63 0, L_0x64d0ba3596d0;  1 drivers
v0x64d0ba3582a0_0 .var "o_stb", 0 0;
v0x64d0ba358340_0 .net "op_sel", 1 0, L_0x64d0ba35ac30;  alias, 1 drivers
v0x64d0ba3583e0_0 .var "op_sel_reg", 1 0;
v0x64d0ba358480_0 .var "result", 63 0;
v0x64d0ba358520_0 .net "rst", 0 0, v0x64d0ba3593f0_0;  1 drivers
v0x64d0ba3585c0_0 .net "sec_term", 63 0, L_0x64d0ba35abc0;  alias, 1 drivers
E_0x64d0ba2e4bf0 .event anyedge, v0x64d0ba3583e0_0, v0x64d0ba350610_0, v0x64d0ba352f90_0, v0x64d0ba3555d0_0;
E_0x64d0ba2e44e0 .event anyedge, v0x64d0ba3583e0_0, v0x64d0ba350360_0, v0x64d0ba352df0_0, v0x64d0ba355320_0;
L_0x64d0ba359b20 .cmp/eq 2, v0x64d0ba3583e0_0, L_0x7d0065bb7018;
L_0x64d0ba359dd0 .cmp/eq 2, v0x64d0ba3583e0_0, L_0x7d0065bb7060;
L_0x64d0ba35a020 .cmp/eq 2, v0x64d0ba3583e0_0, L_0x7d0065bb70a8;
L_0x64d0ba35a260 .cmp/eq 2, v0x64d0ba3583e0_0, L_0x7d0065bb70f0;
L_0x64d0ba35a550 .cmp/eq 2, v0x64d0ba3583e0_0, L_0x7d0065bb7138;
L_0x64d0ba35a750 .cmp/eq 2, v0x64d0ba3583e0_0, L_0x7d0065bb7180;
S_0x64d0ba3056d0 .scope module, "add_op" "double_adder" 3 64, 4 5 0, S_0x64d0ba316cd0;
 .timescale -9 -10;
    .port_info 0 /INPUT 64 "input_a";
    .port_info 1 /INPUT 64 "input_b";
    .port_info 2 /INPUT 1 "input_a_stb";
    .port_info 3 /INPUT 1 "input_b_stb";
    .port_info 4 /INPUT 1 "output_z_ack";
    .port_info 5 /INPUT 1 "clk";
    .port_info 6 /INPUT 1 "rst";
    .port_info 7 /OUTPUT 64 "output_z";
    .port_info 8 /OUTPUT 1 "output_z_stb";
    .port_info 9 /OUTPUT 1 "input_a_ack";
    .port_info 10 /OUTPUT 1 "input_b_ack";
P_0x64d0ba22e490 .param/l "add_0" 0 4 43, C4<0101>;
P_0x64d0ba22e4d0 .param/l "add_1" 0 4 44, C4<0110>;
P_0x64d0ba22e510 .param/l "align" 0 4 42, C4<0100>;
P_0x64d0ba22e550 .param/l "get_a_b" 0 4 39, C4<0001>;
P_0x64d0ba22e590 .param/l "normalise_1" 0 4 45, C4<0111>;
P_0x64d0ba22e5d0 .param/l "normalise_2" 0 4 46, C4<1000>;
P_0x64d0ba22e610 .param/l "pack" 0 4 48, C4<1010>;
P_0x64d0ba22e650 .param/l "put_z" 0 4 49, C4<1011>;
P_0x64d0ba22e690 .param/l "round" 0 4 47, C4<1001>;
P_0x64d0ba22e6d0 .param/l "special_cases" 0 4 41, C4<0011>;
P_0x64d0ba22e710 .param/l "unpack" 0 4 40, C4<0010>;
L_0x64d0ba335060 .functor BUFZ 1, v0x64d0ba350850_0, C4<0>, C4<0>, C4<0>;
L_0x64d0ba337b70 .functor BUFZ 1, v0x64d0ba350910_0, C4<0>, C4<0>, C4<0>;
L_0x64d0ba330920 .functor BUFZ 1, v0x64d0ba350ab0_0, C4<0>, C4<0>, C4<0>;
L_0x64d0ba315c80 .functor BUFZ 64, v0x64d0ba3509d0_0, C4<0000000000000000000000000000000000000000000000000000000000000000>, C4<0000000000000000000000000000000000000000000000000000000000000000>, C4<0000000000000000000000000000000000000000000000000000000000000000>;
v0x64d0ba335180_0 .var "a", 63 0;
v0x64d0ba335220_0 .var "a_e", 12 0;
v0x64d0ba337d10_0 .var "a_m", 55 0;
v0x64d0ba330a40_0 .var "a_s", 0 0;
v0x64d0ba330ae0_0 .var "b", 63 0;
v0x64d0ba315da0_0 .var "b_e", 12 0;
v0x64d0ba34fb80_0 .var "b_m", 55 0;
v0x64d0ba34fc60_0 .var "b_s", 0 0;
v0x64d0ba34fd20_0 .net "clk", 0 0, v0x64d0ba358c70_0;  alias, 1 drivers
v0x64d0ba34fde0_0 .var "guard", 0 0;
v0x64d0ba34fea0_0 .net "input_a", 63 0, L_0x64d0ba35ab50;  alias, 1 drivers
v0x64d0ba34ff80_0 .net "input_a_ack", 0 0, L_0x64d0ba335060;  alias, 1 drivers
v0x64d0ba350040_0 .net "input_a_stb", 0 0, L_0x64d0ba359c70;  alias, 1 drivers
v0x64d0ba350100_0 .net "input_b", 63 0, L_0x64d0ba35abc0;  alias, 1 drivers
v0x64d0ba3501e0_0 .net "input_b_ack", 0 0, L_0x64d0ba337b70;  alias, 1 drivers
v0x64d0ba3502a0_0 .net "input_b_stb", 0 0, L_0x64d0ba35a3c0;  alias, 1 drivers
v0x64d0ba350360_0 .net "output_z", 63 0, L_0x64d0ba315c80;  alias, 1 drivers
v0x64d0ba350550_0 .net "output_z_ack", 0 0, L_0x7d0065bb7258;  alias, 1 drivers
v0x64d0ba350610_0 .net "output_z_stb", 0 0, L_0x64d0ba330920;  alias, 1 drivers
v0x64d0ba3506d0_0 .var "round_bit", 0 0;
v0x64d0ba350790_0 .net "rst", 0 0, v0x64d0ba3593f0_0;  alias, 1 drivers
v0x64d0ba350850_0 .var "s_input_a_ack", 0 0;
v0x64d0ba350910_0 .var "s_input_b_ack", 0 0;
v0x64d0ba3509d0_0 .var "s_output_z", 63 0;
v0x64d0ba350ab0_0 .var "s_output_z_stb", 0 0;
v0x64d0ba350b70_0 .var "state", 3 0;
v0x64d0ba350c50_0 .var "sticky", 0 0;
v0x64d0ba350d10_0 .var "sum", 56 0;
v0x64d0ba350df0_0 .var "z", 63 0;
v0x64d0ba350ed0_0 .var "z_e", 12 0;
v0x64d0ba350fb0_0 .var "z_m", 52 0;
v0x64d0ba351090_0 .var "z_s", 0 0;
E_0x64d0ba2e3b40 .event posedge, v0x64d0ba350790_0, v0x64d0ba34fd20_0;
S_0x64d0ba305ab0 .scope module, "div_op" "double_divider" 3 92, 5 5 0, S_0x64d0ba316cd0;
 .timescale -9 -10;
    .port_info 0 /INPUT 64 "input_a";
    .port_info 1 /INPUT 64 "input_b";
    .port_info 2 /INPUT 1 "input_a_stb";
    .port_info 3 /INPUT 1 "input_b_stb";
    .port_info 4 /INPUT 1 "output_z_ack";
    .port_info 5 /INPUT 1 "clk";
    .port_info 6 /INPUT 1 "rst";
    .port_info 7 /OUTPUT 64 "output_z";
    .port_info 8 /OUTPUT 1 "output_z_stb";
    .port_info 9 /OUTPUT 1 "input_a_ack";
    .port_info 10 /OUTPUT 1 "input_b_ack";
P_0x64d0ba3512d0 .param/l "divide_0" 0 5 44, C4<0110>;
P_0x64d0ba351310 .param/l "divide_1" 0 5 45, C4<0111>;
P_0x64d0ba351350 .param/l "divide_2" 0 5 46, C4<1000>;
P_0x64d0ba351390 .param/l "divide_3" 0 5 47, C4<1001>;
P_0x64d0ba3513d0 .param/l "get_a_b" 0 5 39, C4<0001>;
P_0x64d0ba351410 .param/l "normalise_1" 0 5 48, C4<1010>;
P_0x64d0ba351450 .param/l "normalise_2" 0 5 49, C4<1011>;
P_0x64d0ba351490 .param/l "normalise_a" 0 5 42, C4<0100>;
P_0x64d0ba3514d0 .param/l "normalise_b" 0 5 43, C4<0101>;
P_0x64d0ba351510 .param/l "pack" 0 5 51, C4<1101>;
P_0x64d0ba351550 .param/l "put_z" 0 5 52, C4<1110>;
P_0x64d0ba351590 .param/l "round" 0 5 50, C4<1100>;
P_0x64d0ba3515d0 .param/l "special_cases" 0 5 41, C4<0011>;
P_0x64d0ba351610 .param/l "unpack" 0 5 40, C4<0010>;
L_0x64d0ba3597c0 .functor BUFZ 1, v0x64d0ba353370_0, C4<0>, C4<0>, C4<0>;
L_0x64d0ba359880 .functor BUFZ 1, v0x64d0ba353410_0, C4<0>, C4<0>, C4<0>;
L_0x64d0ba359940 .functor BUFZ 1, v0x64d0ba3535b0_0, C4<0>, C4<0>, C4<0>;
L_0x64d0ba359a00 .functor BUFZ 64, v0x64d0ba3534d0_0, C4<0000000000000000000000000000000000000000000000000000000000000000>, C4<0000000000000000000000000000000000000000000000000000000000000000>, C4<0000000000000000000000000000000000000000000000000000000000000000>;
v0x64d0ba351db0_0 .var "a", 63 0;
v0x64d0ba351eb0_0 .var "a_e", 12 0;
v0x64d0ba351f90_0 .var "a_m", 52 0;
v0x64d0ba352050_0 .var "a_s", 0 0;
v0x64d0ba352110_0 .var "b", 63 0;
v0x64d0ba352240_0 .var "b_e", 12 0;
v0x64d0ba352320_0 .var "b_m", 52 0;
v0x64d0ba352400_0 .var "b_s", 0 0;
v0x64d0ba3524c0_0 .net "clk", 0 0, v0x64d0ba358c70_0;  alias, 1 drivers
v0x64d0ba352560_0 .var "count", 6 0;
v0x64d0ba352620_0 .var "dividend", 108 0;
v0x64d0ba352700_0 .var "divisor", 108 0;
v0x64d0ba3527e0_0 .var "guard", 0 0;
v0x64d0ba3528a0_0 .net "input_a", 63 0, L_0x64d0ba35ab50;  alias, 1 drivers
v0x64d0ba352960_0 .net "input_a_ack", 0 0, L_0x64d0ba3597c0;  alias, 1 drivers
v0x64d0ba352a00_0 .net "input_a_stb", 0 0, L_0x64d0ba359f10;  alias, 1 drivers
v0x64d0ba352ac0_0 .net "input_b", 63 0, L_0x64d0ba35abc0;  alias, 1 drivers
v0x64d0ba352c90_0 .net "input_b_ack", 0 0, L_0x64d0ba359880;  alias, 1 drivers
v0x64d0ba352d30_0 .net "input_b_stb", 0 0, L_0x64d0ba35a640;  alias, 1 drivers
v0x64d0ba352df0_0 .net "output_z", 63 0, L_0x64d0ba359a00;  alias, 1 drivers
v0x64d0ba352ed0_0 .net "output_z_ack", 0 0, L_0x7d0065bb71c8;  alias, 1 drivers
v0x64d0ba352f90_0 .net "output_z_stb", 0 0, L_0x64d0ba359940;  alias, 1 drivers
v0x64d0ba353050_0 .var "quotient", 108 0;
v0x64d0ba353130_0 .var "remainder", 108 0;
v0x64d0ba353210_0 .var "round_bit", 0 0;
v0x64d0ba3532d0_0 .net "rst", 0 0, v0x64d0ba3593f0_0;  alias, 1 drivers
v0x64d0ba353370_0 .var "s_input_a_ack", 0 0;
v0x64d0ba353410_0 .var "s_input_b_ack", 0 0;
v0x64d0ba3534d0_0 .var "s_output_z", 63 0;
v0x64d0ba3535b0_0 .var "s_output_z_stb", 0 0;
v0x64d0ba353670_0 .var "state", 3 0;
v0x64d0ba353750_0 .var "sticky", 0 0;
v0x64d0ba353810_0 .var "z", 63 0;
v0x64d0ba353b00_0 .var "z_e", 12 0;
v0x64d0ba353be0_0 .var "z_m", 52 0;
v0x64d0ba353cc0_0 .var "z_s", 0 0;
E_0x64d0ba2523b0 .event posedge, v0x64d0ba34fd20_0;
S_0x64d0ba353ee0 .scope module, "mult_op" "double_multiplier" 3 78, 6 4 0, S_0x64d0ba316cd0;
 .timescale -9 -10;
    .port_info 0 /INPUT 64 "input_a";
    .port_info 1 /INPUT 64 "input_b";
    .port_info 2 /INPUT 1 "input_a_stb";
    .port_info 3 /INPUT 1 "input_b_stb";
    .port_info 4 /INPUT 1 "output_z_ack";
    .port_info 5 /INPUT 1 "clk";
    .port_info 6 /INPUT 1 "rst";
    .port_info 7 /OUTPUT 64 "output_z";
    .port_info 8 /OUTPUT 1 "output_z_stb";
    .port_info 9 /OUTPUT 1 "input_a_ack";
    .port_info 10 /OUTPUT 1 "input_b_ack";
P_0x64d0ba336730 .param/l "get_a_b" 0 6 38, C4<0001>;
P_0x64d0ba336770 .param/l "multiply_0" 0 6 43, C4<0110>;
P_0x64d0ba3367b0 .param/l "multiply_1" 0 6 44, C4<0111>;
P_0x64d0ba3367f0 .param/l "normalise_1" 0 6 45, C4<1000>;
P_0x64d0ba336830 .param/l "normalise_2" 0 6 46, C4<1001>;
P_0x64d0ba336870 .param/l "normalise_a" 0 6 41, C4<0100>;
P_0x64d0ba3368b0 .param/l "normalise_b" 0 6 42, C4<0101>;
P_0x64d0ba3368f0 .param/l "pack" 0 6 48, C4<1011>;
P_0x64d0ba336930 .param/l "put_z" 0 6 49, C4<1100>;
P_0x64d0ba336970 .param/l "round" 0 6 47, C4<1010>;
P_0x64d0ba3369b0 .param/l "special_cases" 0 6 40, C4<0011>;
P_0x64d0ba3369f0 .param/l "unpack" 0 6 39, C4<0010>;
L_0x64d0ba3594e0 .functor BUFZ 1, v0x64d0ba355920_0, C4<0>, C4<0>, C4<0>;
L_0x64d0ba359550 .functor BUFZ 1, v0x64d0ba3559e0_0, C4<0>, C4<0>, C4<0>;
L_0x64d0ba359610 .functor BUFZ 1, v0x64d0ba355b80_0, C4<0>, C4<0>, C4<0>;
L_0x64d0ba3596d0 .functor BUFZ 64, v0x64d0ba355aa0_0, C4<0000000000000000000000000000000000000000000000000000000000000000>, C4<0000000000000000000000000000000000000000000000000000000000000000>, C4<0000000000000000000000000000000000000000000000000000000000000000>;
v0x64d0ba3545b0_0 .var "a", 63 0;
v0x64d0ba354690_0 .var "a_e", 12 0;
v0x64d0ba354770_0 .var "a_m", 52 0;
v0x64d0ba354830_0 .var "a_s", 0 0;
v0x64d0ba3548f0_0 .var "b", 63 0;
v0x64d0ba354a20_0 .var "b_e", 12 0;
v0x64d0ba354b00_0 .var "b_m", 52 0;
v0x64d0ba354be0_0 .var "b_s", 0 0;
v0x64d0ba354ca0_0 .net "clk", 0 0, v0x64d0ba358c70_0;  alias, 1 drivers
v0x64d0ba354d40_0 .var "guard", 0 0;
v0x64d0ba354e00_0 .net "input_a", 63 0, L_0x64d0ba35ab50;  alias, 1 drivers
v0x64d0ba354f10_0 .net "input_a_ack", 0 0, L_0x64d0ba3594e0;  alias, 1 drivers
v0x64d0ba354fd0_0 .net "input_a_stb", 0 0, L_0x64d0ba35a110;  alias, 1 drivers
v0x64d0ba355090_0 .net "input_b", 63 0, L_0x64d0ba35abc0;  alias, 1 drivers
v0x64d0ba3551a0_0 .net "input_b_ack", 0 0, L_0x64d0ba359550;  alias, 1 drivers
v0x64d0ba355260_0 .net "input_b_stb", 0 0, L_0x64d0ba35a880;  alias, 1 drivers
v0x64d0ba355320_0 .net "output_z", 63 0, L_0x64d0ba3596d0;  alias, 1 drivers
v0x64d0ba355510_0 .net "output_z_ack", 0 0, L_0x7d0065bb7210;  alias, 1 drivers
v0x64d0ba3555d0_0 .net "output_z_stb", 0 0, L_0x64d0ba359610;  alias, 1 drivers
v0x64d0ba355690_0 .var "product", 107 0;
v0x64d0ba355770_0 .var "round_bit", 0 0;
v0x64d0ba355830_0 .net "rst", 0 0, v0x64d0ba3593f0_0;  alias, 1 drivers
v0x64d0ba355920_0 .var "s_input_a_ack", 0 0;
v0x64d0ba3559e0_0 .var "s_input_b_ack", 0 0;
v0x64d0ba355aa0_0 .var "s_output_z", 63 0;
v0x64d0ba355b80_0 .var "s_output_z_stb", 0 0;
v0x64d0ba355c40_0 .var "state", 3 0;
v0x64d0ba355d20_0 .var "sticky", 0 0;
v0x64d0ba355de0_0 .var "z", 63 0;
v0x64d0ba355ec0_0 .var "z_e", 12 0;
v0x64d0ba355fa0_0 .var "z_m", 52 0;
v0x64d0ba356080_0 .var "z_s", 0 0;
    .scope S_0x64d0ba3056d0;
T_0 ;
    %wait E_0x64d0ba2e3b40;
    %load/vec4 v0x64d0ba350790_0;
    %pad/u 32;
    %cmpi/e 1, 0, 32;
    %jmp/0xz  T_0.0, 4;
    %pushi/vec4 1, 0, 4;
    %assign/vec4 v0x64d0ba350b70_0, 0;
    %pushi/vec4 0, 0, 1;
    %assign/vec4 v0x64d0ba350850_0, 0;
    %pushi/vec4 0, 0, 1;
    %assign/vec4 v0x64d0ba350910_0, 0;
    %pushi/vec4 0, 0, 1;
    %assign/vec4 v0x64d0ba350ab0_0, 0;
    %jmp T_0.1;
T_0.0 ;
    %load/vec4 v0x64d0ba350b70_0;
    %dup/vec4;
    %pushi/vec4 1, 0, 4;
    %cmp/u;
    %jmp/1 T_0.2, 6;
    %dup/vec4;
    %pushi/vec4 2, 0, 4;
    %cmp/u;
    %jmp/1 T_0.3, 6;
    %dup/vec4;
    %pushi/vec4 3, 0, 4;
    %cmp/u;
    %jmp/1 T_0.4, 6;
    %dup/vec4;
    %pushi/vec4 4, 0, 4;
    %cmp/u;
    %jmp/1 T_0.5, 6;
    %dup/vec4;
    %pushi/vec4 5, 0, 4;
    %cmp/u;
    %jmp/1 T_0.6, 6;
    %dup/vec4;
    %pushi/vec4 6, 0, 4;
    %cmp/u;
    %jmp/1 T_0.7, 6;
    %dup/vec4;
    %pushi/vec4 7, 0, 4;
    %cmp/u;
    %jmp/1 T_0.8, 6;
    %dup/vec4;
    %pushi/vec4 8, 0, 4;
    %cmp/u;
    %jmp/1 T_0.9, 6;
    %dup/vec4;
    %pushi/vec4 9, 0, 4;
    %cmp/u;
    %jmp/1 T_0.10, 6;
    %dup/vec4;
    %pushi/vec4 10, 0, 4;
    %cmp/u;
    %jmp/1 T_0.11, 6;
    %dup/vec4;
    %pushi/vec4 11, 0, 4;
    %cmp/u;
    %jmp/1 T_0.12, 6;
    %jmp T_0.13;
T_0.2 ;
    %pushi/vec4 1, 0, 1;
    %assign/vec4 v0x64d0ba350910_0, 0;
    %pushi/vec4 1, 0, 1;
    %assign/vec4 v0x64d0ba350850_0, 0;
    %load/vec4 v0x64d0ba350910_0;
    %flag_set/vec4 11;
    %flag_get/vec4 11;
    %jmp/0 T_0.18, 11;
    %load/vec4 v0x64d0ba3502a0_0;
    %and;
T_0.18;
    %flag_set/vec4 10;
    %flag_get/vec4 10;
    %jmp/0 T_0.17, 10;
    %load/vec4 v0x64d0ba350850_0;
    %and;
T_0.17;
    %flag_set/vec4 9;
    %flag_get/vec4 9;
    %jmp/0 T_0.16, 9;
    %load/vec4 v0x64d0ba350040_0;
    %and;
T_0.16;
    %flag_set/vec4 8;
    %jmp/0xz  T_0.14, 8;
    %load/vec4 v0x64d0ba34fea0_0;
    %assign/vec4 v0x64d0ba335180_0, 0;
    %load/vec4 v0x64d0ba350100_0;
    %assign/vec4 v0x64d0ba330ae0_0, 0;
    %pushi/vec4 0, 0, 1;
    %assign/vec4 v0x64d0ba350850_0, 0;
    %pushi/vec4 0, 0, 1;
    %assign/vec4 v0x64d0ba350910_0, 0;
    %pushi/vec4 2, 0, 4;
    %assign/vec4 v0x64d0ba350b70_0, 0;
T_0.14 ;
    %jmp T_0.13;
T_0.3 ;
    %load/vec4 v0x64d0ba335180_0;
    %parti/s 52, 0, 2;
    %concati/vec4 0, 0, 3;
    %pad/u 56;
    %assign/vec4 v0x64d0ba337d10_0, 0;
    %load/vec4 v0x64d0ba330ae0_0;
    %parti/s 52, 0, 2;
    %concati/vec4 0, 0, 3;
    %pad/u 56;
    %assign/vec4 v0x64d0ba34fb80_0, 0;
    %load/vec4 v0x64d0ba335180_0;
    %parti/s 11, 52, 7;
    %pad/u 13;
    %subi 1023, 0, 13;
    %assign/vec4 v0x64d0ba335220_0, 0;
    %load/vec4 v0x64d0ba330ae0_0;
    %parti/s 11, 52, 7;
    %pad/u 13;
    %subi 1023, 0, 13;
    %assign/vec4 v0x64d0ba315da0_0, 0;
    %load/vec4 v0x64d0ba335180_0;
    %parti/s 1, 63, 7;
    %assign/vec4 v0x64d0ba330a40_0, 0;
    %load/vec4 v0x64d0ba330ae0_0;
    %parti/s 1, 63, 7;
    %assign/vec4 v0x64d0ba34fc60_0, 0;
    %pushi/vec4 3, 0, 4;
    %assign/vec4 v0x64d0ba350b70_0, 0;
    %jmp T_0.13;
T_0.4 ;
    %load/vec4 v0x64d0ba335220_0;
    %pad/u 32;
    %cmpi/e 1024, 0, 32;
    %flag_get/vec4 4;
    %jmp/0 T_0.22, 4;
    %load/vec4 v0x64d0ba337d10_0;
    %pushi/vec4 0, 0, 56;
    %cmp/ne;
    %flag_get/vec4 4;
    %and;
T_0.22;
    %flag_set/vec4 8;
    %jmp/1 T_0.21, 8;
    %load/vec4 v0x64d0ba315da0_0;
    %pad/u 32;
    %cmpi/e 1024, 0, 32;
    %flag_get/vec4 4;
    %jmp/0 T_0.23, 4;
    %load/vec4 v0x64d0ba34fb80_0;
    %pushi/vec4 0, 0, 56;
    %cmp/ne;
    %flag_get/vec4 4;
    %and;
T_0.23;
    %flag_set/vec4 9;
    %flag_or 8, 9;
T_0.21;
    %jmp/0xz  T_0.19, 8;
    %pushi/vec4 1, 0, 1;
    %ix/load 4, 63, 0;
    %ix/load 5, 0, 0;
    %flag_set/imm 4, 0;
    %assign/vec4/off/d v0x64d0ba350df0_0, 4, 5;
    %pushi/vec4 2047, 0, 11;
    %ix/load 4, 52, 0;
    %ix/load 5, 0, 0;
    %flag_set/imm 4, 0;
    %assign/vec4/off/d v0x64d0ba350df0_0, 4, 5;
    %pushi/vec4 1, 0, 1;
    %ix/load 4, 51, 0;
    %ix/load 5, 0, 0;
    %flag_set/imm 4, 0;
    %assign/vec4/off/d v0x64d0ba350df0_0, 4, 5;
    %pushi/vec4 0, 0, 51;
    %ix/load 4, 0, 0;
    %ix/load 5, 0, 0;
    %flag_set/imm 4, 0;
    %assign/vec4/off/d v0x64d0ba350df0_0, 4, 5;
    %pushi/vec4 11, 0, 4;
    %assign/vec4 v0x64d0ba350b70_0, 0;
    %jmp T_0.20;
T_0.19 ;
    %load/vec4 v0x64d0ba335220_0;
    %pad/u 32;
    %cmpi/e 1024, 0, 32;
    %jmp/0xz  T_0.24, 4;
    %load/vec4 v0x64d0ba330a40_0;
    %ix/load 4, 63, 0;
    %ix/load 5, 0, 0;
    %flag_set/imm 4, 0;
    %assign/vec4/off/d v0x64d0ba350df0_0, 4, 5;
    %pushi/vec4 2047, 0, 11;
    %ix/load 4, 52, 0;
    %ix/load 5, 0, 0;
    %flag_set/imm 4, 0;
    %assign/vec4/off/d v0x64d0ba350df0_0, 4, 5;
    %pushi/vec4 0, 0, 52;
    %ix/load 4, 0, 0;
    %ix/load 5, 0, 0;
    %flag_set/imm 4, 0;
    %assign/vec4/off/d v0x64d0ba350df0_0, 4, 5;
    %load/vec4 v0x64d0ba315da0_0;
    %pad/u 32;
    %cmpi/e 1024, 0, 32;
    %flag_get/vec4 4;
    %jmp/0 T_0.28, 4;
    %load/vec4 v0x64d0ba330a40_0;
    %load/vec4 v0x64d0ba34fc60_0;
    %cmp/ne;
    %flag_get/vec4 4;
    %and;
T_0.28;
    %flag_set/vec4 8;
    %jmp/0xz  T_0.26, 8;
    %pushi/vec4 1, 0, 1;
    %ix/load 4, 63, 0;
    %ix/load 5, 0, 0;
    %flag_set/imm 4, 0;
    %assign/vec4/off/d v0x64d0ba350df0_0, 4, 5;
    %pushi/vec4 2047, 0, 11;
    %ix/load 4, 52, 0;
    %ix/load 5, 0, 0;
    %flag_set/imm 4, 0;
    %assign/vec4/off/d v0x64d0ba350df0_0, 4, 5;
    %pushi/vec4 1, 0, 1;
    %ix/load 4, 51, 0;
    %ix/load 5, 0, 0;
    %flag_set/imm 4, 0;
    %assign/vec4/off/d v0x64d0ba350df0_0, 4, 5;
    %pushi/vec4 0, 0, 51;
    %ix/load 4, 0, 0;
    %ix/load 5, 0, 0;
    %flag_set/imm 4, 0;
    %assign/vec4/off/d v0x64d0ba350df0_0, 4, 5;
T_0.26 ;
    %pushi/vec4 11, 0, 4;
    %assign/vec4 v0x64d0ba350b70_0, 0;
    %jmp T_0.25;
T_0.24 ;
    %load/vec4 v0x64d0ba315da0_0;
    %pad/u 32;
    %cmpi/e 1024, 0, 32;
    %jmp/0xz  T_0.29, 4;
    %load/vec4 v0x64d0ba34fc60_0;
    %ix/load 4, 63, 0;
    %ix/load 5, 0, 0;
    %flag_set/imm 4, 0;
    %assign/vec4/off/d v0x64d0ba350df0_0, 4, 5;
    %pushi/vec4 2047, 0, 11;
    %ix/load 4, 52, 0;
    %ix/load 5, 0, 0;
    %flag_set/imm 4, 0;
    %assign/vec4/off/d v0x64d0ba350df0_0, 4, 5;
    %pushi/vec4 0, 0, 52;
    %ix/load 4, 0, 0;
    %ix/load 5, 0, 0;
    %flag_set/imm 4, 0;
    %assign/vec4/off/d v0x64d0ba350df0_0, 4, 5;
    %pushi/vec4 11, 0, 4;
    %assign/vec4 v0x64d0ba350b70_0, 0;
    %jmp T_0.30;
T_0.29 ;
    %load/vec4 v0x64d0ba335220_0;
    %pad/s 32;
    %cmpi/e 4294966273, 0, 32;
    %flag_get/vec4 4;
    %jmp/0 T_0.34, 4;
    %load/vec4 v0x64d0ba337d10_0;
    %pushi/vec4 0, 0, 56;
    %cmp/e;
    %flag_get/vec4 4;
    %and;
T_0.34;
    %flag_set/vec4 9;
    %flag_get/vec4 9;
    %jmp/0 T_0.33, 9;
    %load/vec4 v0x64d0ba315da0_0;
    %pad/s 32;
    %cmpi/e 4294966273, 0, 32;
    %flag_get/vec4 4;
    %jmp/0 T_0.35, 4;
    %load/vec4 v0x64d0ba34fb80_0;
    %pushi/vec4 0, 0, 56;
    %cmp/e;
    %flag_get/vec4 4;
    %and;
T_0.35;
    %and;
T_0.33;
    %flag_set/vec4 8;
    %jmp/0xz  T_0.31, 8;
    %load/vec4 v0x64d0ba330a40_0;
    %load/vec4 v0x64d0ba34fc60_0;
    %and;
    %ix/load 4, 63, 0;
    %ix/load 5, 0, 0;
    %flag_set/imm 4, 0;
    %assign/vec4/off/d v0x64d0ba350df0_0, 4, 5;
    %load/vec4 v0x64d0ba315da0_0;
    %parti/s 11, 0, 2;
    %addi 1023, 0, 11;
    %ix/load 4, 52, 0;
    %ix/load 5, 0, 0;
    %flag_set/imm 4, 0;
    %assign/vec4/off/d v0x64d0ba350df0_0, 4, 5;
    %load/vec4 v0x64d0ba34fb80_0;
    %parti/s 53, 3, 3;
    %pad/u 52;
    %ix/load 4, 0, 0;
    %ix/load 5, 0, 0;
    %flag_set/imm 4, 0;
    %assign/vec4/off/d v0x64d0ba350df0_0, 4, 5;
    %pushi/vec4 11, 0, 4;
    %assign/vec4 v0x64d0ba350b70_0, 0;
    %jmp T_0.32;
T_0.31 ;
    %load/vec4 v0x64d0ba335220_0;
    %pad/s 32;
    %cmpi/e 4294966273, 0, 32;
    %flag_get/vec4 4;
    %jmp/0 T_0.38, 4;
    %load/vec4 v0x64d0ba337d10_0;
    %pushi/vec4 0, 0, 56;
    %cmp/e;
    %flag_get/vec4 4;
    %and;
T_0.38;
    %flag_set/vec4 8;
    %jmp/0xz  T_0.36, 8;
    %load/vec4 v0x64d0ba34fc60_0;
    %ix/load 4, 63, 0;
    %ix/load 5, 0, 0;
    %flag_set/imm 4, 0;
    %assign/vec4/off/d v0x64d0ba350df0_0, 4, 5;
    %load/vec4 v0x64d0ba315da0_0;
    %parti/s 11, 0, 2;
    %addi 1023, 0, 11;
    %ix/load 4, 52, 0;
    %ix/load 5, 0, 0;
    %flag_set/imm 4, 0;
    %assign/vec4/off/d v0x64d0ba350df0_0, 4, 5;
    %load/vec4 v0x64d0ba34fb80_0;
    %parti/s 53, 3, 3;
    %pad/u 52;
    %ix/load 4, 0, 0;
    %ix/load 5, 0, 0;
    %flag_set/imm 4, 0;
    %assign/vec4/off/d v0x64d0ba350df0_0, 4, 5;
    %pushi/vec4 11, 0, 4;
    %assign/vec4 v0x64d0ba350b70_0, 0;
    %jmp T_0.37;
T_0.36 ;
    %load/vec4 v0x64d0ba315da0_0;
    %pad/s 32;
    %cmpi/e 4294966273, 0, 32;
    %flag_get/vec4 4;
    %jmp/0 T_0.41, 4;
    %load/vec4 v0x64d0ba34fb80_0;
    %pushi/vec4 0, 0, 56;
    %cmp/e;
    %flag_get/vec4 4;
    %and;
T_0.41;
    %flag_set/vec4 8;
    %jmp/0xz  T_0.39, 8;
    %load/vec4 v0x64d0ba330a40_0;
    %ix/load 4, 63, 0;
    %ix/load 5, 0, 0;
    %flag_set/imm 4, 0;
    %assign/vec4/off/d v0x64d0ba350df0_0, 4, 5;
    %load/vec4 v0x64d0ba335220_0;
    %parti/s 11, 0, 2;
    %addi 1023, 0, 11;
    %ix/load 4, 52, 0;
    %ix/load 5, 0, 0;
    %flag_set/imm 4, 0;
    %assign/vec4/off/d v0x64d0ba350df0_0, 4, 5;
    %load/vec4 v0x64d0ba337d10_0;
    %parti/s 53, 3, 3;
    %pad/u 52;
    %ix/load 4, 0, 0;
    %ix/load 5, 0, 0;
    %flag_set/imm 4, 0;
    %assign/vec4/off/d v0x64d0ba350df0_0, 4, 5;
    %pushi/vec4 11, 0, 4;
    %assign/vec4 v0x64d0ba350b70_0, 0;
    %jmp T_0.40;
T_0.39 ;
    %load/vec4 v0x64d0ba335220_0;
    %pad/s 32;
    %cmpi/e 4294966273, 0, 32;
    %jmp/0xz  T_0.42, 4;
    %pushi/vec4 7170, 0, 13;
    %assign/vec4 v0x64d0ba335220_0, 0;
    %jmp T_0.43;
T_0.42 ;
    %pushi/vec4 1, 0, 1;
    %ix/load 4, 55, 0;
    %ix/load 5, 0, 0;
    %flag_set/imm 4, 0;
    %assign/vec4/off/d v0x64d0ba337d10_0, 4, 5;
T_0.43 ;
    %load/vec4 v0x64d0ba315da0_0;
    %pad/s 32;
    %cmpi/e 4294966273, 0, 32;
    %jmp/0xz  T_0.44, 4;
    %pushi/vec4 7170, 0, 13;
    %assign/vec4 v0x64d0ba315da0_0, 0;
    %jmp T_0.45;
T_0.44 ;
    %pushi/vec4 1, 0, 1;
    %ix/load 4, 55, 0;
    %ix/load 5, 0, 0;
    %flag_set/imm 4, 0;
    %assign/vec4/off/d v0x64d0ba34fb80_0, 4, 5;
T_0.45 ;
    %pushi/vec4 4, 0, 4;
    %assign/vec4 v0x64d0ba350b70_0, 0;
T_0.40 ;
T_0.37 ;
T_0.32 ;
T_0.30 ;
T_0.25 ;
T_0.20 ;
    %jmp T_0.13;
T_0.5 ;
    %load/vec4 v0x64d0ba315da0_0;
    %load/vec4 v0x64d0ba335220_0;
    %cmp/s;
    %jmp/0xz  T_0.46, 5;
    %load/vec4 v0x64d0ba315da0_0;
    %addi 1, 0, 13;
    %assign/vec4 v0x64d0ba315da0_0, 0;
    %load/vec4 v0x64d0ba34fb80_0;
    %ix/load 4, 1, 0;
    %flag_set/imm 4, 0;
    %shiftr 4;
    %assign/vec4 v0x64d0ba34fb80_0, 0;
    %load/vec4 v0x64d0ba34fb80_0;
    %parti/s 1, 0, 2;
    %load/vec4 v0x64d0ba34fb80_0;
    %parti/s 1, 1, 2;
    %or;
    %ix/load 4, 0, 0;
    %ix/load 5, 0, 0;
    %flag_set/imm 4, 0;
    %assign/vec4/off/d v0x64d0ba34fb80_0, 4, 5;
    %jmp T_0.47;
T_0.46 ;
    %load/vec4 v0x64d0ba335220_0;
    %load/vec4 v0x64d0ba315da0_0;
    %cmp/s;
    %jmp/0xz  T_0.48, 5;
    %load/vec4 v0x64d0ba335220_0;
    %addi 1, 0, 13;
    %assign/vec4 v0x64d0ba335220_0, 0;
    %load/vec4 v0x64d0ba337d10_0;
    %ix/load 4, 1, 0;
    %flag_set/imm 4, 0;
    %shiftr 4;
    %assign/vec4 v0x64d0ba337d10_0, 0;
    %load/vec4 v0x64d0ba337d10_0;
    %parti/s 1, 0, 2;
    %load/vec4 v0x64d0ba337d10_0;
    %parti/s 1, 1, 2;
    %or;
    %ix/load 4, 0, 0;
    %ix/load 5, 0, 0;
    %flag_set/imm 4, 0;
    %assign/vec4/off/d v0x64d0ba337d10_0, 4, 5;
    %jmp T_0.49;
T_0.48 ;
    %pushi/vec4 5, 0, 4;
    %assign/vec4 v0x64d0ba350b70_0, 0;
T_0.49 ;
T_0.47 ;
    %jmp T_0.13;
T_0.6 ;
    %load/vec4 v0x64d0ba335220_0;
    %assign/vec4 v0x64d0ba350ed0_0, 0;
    %load/vec4 v0x64d0ba330a40_0;
    %load/vec4 v0x64d0ba34fc60_0;
    %cmp/e;
    %jmp/0xz  T_0.50, 4;
    %pushi/vec4 0, 0, 1;
    %load/vec4 v0x64d0ba337d10_0;
    %concat/vec4; draw_concat_vec4
    %load/vec4 v0x64d0ba34fb80_0;
    %pad/u 57;
    %add;
    %assign/vec4 v0x64d0ba350d10_0, 0;
    %load/vec4 v0x64d0ba330a40_0;
    %assign/vec4 v0x64d0ba351090_0, 0;
    %jmp T_0.51;
T_0.50 ;
    %load/vec4 v0x64d0ba34fb80_0;
    %load/vec4 v0x64d0ba337d10_0;
    %cmp/u;
    %jmp/0xz  T_0.52, 5;
    %pushi/vec4 0, 0, 1;
    %load/vec4 v0x64d0ba337d10_0;
    %concat/vec4; draw_concat_vec4
    %load/vec4 v0x64d0ba34fb80_0;
    %pad/u 57;
    %sub;
    %assign/vec4 v0x64d0ba350d10_0, 0;
    %load/vec4 v0x64d0ba330a40_0;
    %assign/vec4 v0x64d0ba351090_0, 0;
    %jmp T_0.53;
T_0.52 ;
    %pushi/vec4 0, 0, 1;
    %load/vec4 v0x64d0ba34fb80_0;
    %concat/vec4; draw_concat_vec4
    %load/vec4 v0x64d0ba337d10_0;
    %pad/u 57;
    %sub;
    %assign/vec4 v0x64d0ba350d10_0, 0;
    %load/vec4 v0x64d0ba34fc60_0;
    %assign/vec4 v0x64d0ba351090_0, 0;
T_0.53 ;
T_0.51 ;
    %pushi/vec4 6, 0, 4;
    %assign/vec4 v0x64d0ba350b70_0, 0;
    %jmp T_0.13;
T_0.7 ;
    %load/vec4 v0x64d0ba350d10_0;
    %parti/s 1, 56, 7;
    %flag_set/vec4 8;
    %jmp/0xz  T_0.54, 8;
    %load/vec4 v0x64d0ba350d10_0;
    %parti/s 53, 4, 4;
    %assign/vec4 v0x64d0ba350fb0_0, 0;
    %load/vec4 v0x64d0ba350d10_0;
    %parti/s 1, 3, 3;
    %assign/vec4 v0x64d0ba34fde0_0, 0;
    %load/vec4 v0x64d0ba350d10_0;
    %parti/s 1, 2, 3;
    %assign/vec4 v0x64d0ba3506d0_0, 0;
    %load/vec4 v0x64d0ba350d10_0;
    %parti/s 1, 1, 2;
    %load/vec4 v0x64d0ba350d10_0;
    %parti/s 1, 0, 2;
    %or;
    %assign/vec4 v0x64d0ba350c50_0, 0;
    %load/vec4 v0x64d0ba350ed0_0;
    %addi 1, 0, 13;
    %assign/vec4 v0x64d0ba350ed0_0, 0;
    %jmp T_0.55;
T_0.54 ;
    %load/vec4 v0x64d0ba350d10_0;
    %parti/s 53, 3, 3;
    %assign/vec4 v0x64d0ba350fb0_0, 0;
    %load/vec4 v0x64d0ba350d10_0;
    %parti/s 1, 2, 3;
    %assign/vec4 v0x64d0ba34fde0_0, 0;
    %load/vec4 v0x64d0ba350d10_0;
    %parti/s 1, 1, 2;
    %assign/vec4 v0x64d0ba3506d0_0, 0;
    %load/vec4 v0x64d0ba350d10_0;
    %parti/s 1, 0, 2;
    %assign/vec4 v0x64d0ba350c50_0, 0;
T_0.55 ;
    %pushi/vec4 7, 0, 4;
    %assign/vec4 v0x64d0ba350b70_0, 0;
    %jmp T_0.13;
T_0.8 ;
    %load/vec4 v0x64d0ba350fb0_0;
    %parti/s 1, 52, 7;
    %pad/u 32;
    %cmpi/e 0, 0, 32;
    %flag_get/vec4 4;
    %jmp/0 T_0.58, 4;
    %pushi/vec4 4294966274, 0, 32;
    %load/vec4 v0x64d0ba350ed0_0;
    %pad/s 32;
    %cmp/s;
    %flag_get/vec4 5;
    %and;
T_0.58;
    %flag_set/vec4 8;
    %jmp/0xz  T_0.56, 8;
    %load/vec4 v0x64d0ba350ed0_0;
    %subi 1, 0, 13;
    %assign/vec4 v0x64d0ba350ed0_0, 0;
    %load/vec4 v0x64d0ba350fb0_0;
    %ix/load 4, 1, 0;
    %flag_set/imm 4, 0;
    %shiftl 4;
    %assign/vec4 v0x64d0ba350fb0_0, 0;
    %load/vec4 v0x64d0ba34fde0_0;
    %ix/load 4, 0, 0;
    %ix/load 5, 0, 0;
    %flag_set/imm 4, 0;
    %assign/vec4/off/d v0x64d0ba350fb0_0, 4, 5;
    %load/vec4 v0x64d0ba3506d0_0;
    %assign/vec4 v0x64d0ba34fde0_0, 0;
    %pushi/vec4 0, 0, 1;
    %assign/vec4 v0x64d0ba3506d0_0, 0;
    %jmp T_0.57;
T_0.56 ;
    %pushi/vec4 8, 0, 4;
    %assign/vec4 v0x64d0ba350b70_0, 0;
T_0.57 ;
    %jmp T_0.13;
T_0.9 ;
    %load/vec4 v0x64d0ba350ed0_0;
    %pad/s 32;
    %cmpi/s 4294966274, 0, 32;
    %jmp/0xz  T_0.59, 5;
    %load/vec4 v0x64d0ba350ed0_0;
    %addi 1, 0, 13;
    %assign/vec4 v0x64d0ba350ed0_0, 0;
    %load/vec4 v0x64d0ba350fb0_0;
    %ix/load 4, 1, 0;
    %flag_set/imm 4, 0;
    %shiftr 4;
    %assign/vec4 v0x64d0ba350fb0_0, 0;
    %load/vec4 v0x64d0ba350fb0_0;
    %parti/s 1, 0, 2;
    %assign/vec4 v0x64d0ba34fde0_0, 0;
    %load/vec4 v0x64d0ba34fde0_0;
    %assign/vec4 v0x64d0ba3506d0_0, 0;
    %load/vec4 v0x64d0ba350c50_0;
    %load/vec4 v0x64d0ba3506d0_0;
    %or;
    %assign/vec4 v0x64d0ba350c50_0, 0;
    %jmp T_0.60;
T_0.59 ;
    %pushi/vec4 9, 0, 4;
    %assign/vec4 v0x64d0ba350b70_0, 0;
T_0.60 ;
    %jmp T_0.13;
T_0.10 ;
    %load/vec4 v0x64d0ba34fde0_0;
    %flag_set/vec4 9;
    %flag_get/vec4 9;
    %jmp/0 T_0.63, 9;
    %load/vec4 v0x64d0ba3506d0_0;
    %load/vec4 v0x64d0ba350c50_0;
    %or;
    %load/vec4 v0x64d0ba350fb0_0;
    %parti/s 1, 0, 2;
    %or;
    %and;
T_0.63;
    %flag_set/vec4 8;
    %jmp/0xz  T_0.61, 8;
    %load/vec4 v0x64d0ba350fb0_0;
    %addi 1, 0, 53;
    %assign/vec4 v0x64d0ba350fb0_0, 0;
    %load/vec4 v0x64d0ba350fb0_0;
    %pushi/vec4 4294967295, 0, 32;
    %concati/vec4 2097151, 0, 21;
    %cmp/e;
    %jmp/0xz  T_0.64, 4;
    %load/vec4 v0x64d0ba350ed0_0;
    %addi 1, 0, 13;
    %assign/vec4 v0x64d0ba350ed0_0, 0;
T_0.64 ;
T_0.61 ;
    %pushi/vec4 10, 0, 4;
    %assign/vec4 v0x64d0ba350b70_0, 0;
    %jmp T_0.13;
T_0.11 ;
    %load/vec4 v0x64d0ba350fb0_0;
    %parti/s 52, 0, 2;
    %ix/load 4, 0, 0;
    %ix/load 5, 0, 0;
    %flag_set/imm 4, 0;
    %assign/vec4/off/d v0x64d0ba350df0_0, 4, 5;
    %load/vec4 v0x64d0ba350ed0_0;
    %parti/s 11, 0, 2;
    %addi 1023, 0, 11;
    %ix/load 4, 52, 0;
    %ix/load 5, 0, 0;
    %flag_set/imm 4, 0;
    %assign/vec4/off/d v0x64d0ba350df0_0, 4, 5;
    %load/vec4 v0x64d0ba351090_0;
    %ix/load 4, 63, 0;
    %ix/load 5, 0, 0;
    %flag_set/imm 4, 0;
    %assign/vec4/off/d v0x64d0ba350df0_0, 4, 5;
    %load/vec4 v0x64d0ba350ed0_0;
    %pad/s 32;
    %cmpi/e 4294966274, 0, 32;
    %flag_get/vec4 4;
    %jmp/0 T_0.68, 4;
    %load/vec4 v0x64d0ba350fb0_0;
    %parti/s 1, 52, 7;
    %pad/u 32;
    %pushi/vec4 0, 0, 32;
    %cmp/e;
    %flag_get/vec4 4;
    %and;
T_0.68;
    %flag_set/vec4 8;
    %jmp/0xz  T_0.66, 8;
    %pushi/vec4 0, 0, 11;
    %ix/load 4, 52, 0;
    %ix/load 5, 0, 0;
    %flag_set/imm 4, 0;
    %assign/vec4/off/d v0x64d0ba350df0_0, 4, 5;
T_0.66 ;
    %load/vec4 v0x64d0ba350ed0_0;
    %pad/s 32;
    %cmpi/e 4294966274, 0, 32;
    %flag_get/vec4 4;
    %jmp/0 T_0.71, 4;
    %load/vec4 v0x64d0ba350fb0_0;
    %pushi/vec4 0, 0, 53;
    %cmp/e;
    %flag_get/vec4 4;
    %and;
T_0.71;
    %flag_set/vec4 8;
    %jmp/0xz  T_0.69, 8;
    %pushi/vec4 0, 0, 1;
    %ix/load 4, 63, 0;
    %ix/load 5, 0, 0;
    %flag_set/imm 4, 0;
    %assign/vec4/off/d v0x64d0ba350df0_0, 4, 5;
T_0.69 ;
    %load/vec4 v0x64d0ba350ed0_0;
    %pad/s 32;
    %cmpi/s 1023, 0, 32;
    %flag_or 5, 4; GT is !LE
    %flag_inv 5;
    %jmp/0xz  T_0.72, 5;
    %pushi/vec4 0, 0, 52;
    %ix/load 4, 0, 0;
    %ix/load 5, 0, 0;
    %flag_set/imm 4, 0;
    %assign/vec4/off/d v0x64d0ba350df0_0, 4, 5;
    %pushi/vec4 2047, 0, 11;
    %ix/load 4, 52, 0;
    %ix/load 5, 0, 0;
    %flag_set/imm 4, 0;
    %assign/vec4/off/d v0x64d0ba350df0_0, 4, 5;
    %load/vec4 v0x64d0ba351090_0;
    %ix/load 4, 63, 0;
    %ix/load 5, 0, 0;
    %flag_set/imm 4, 0;
    %assign/vec4/off/d v0x64d0ba350df0_0, 4, 5;
T_0.72 ;
    %pushi/vec4 11, 0, 4;
    %assign/vec4 v0x64d0ba350b70_0, 0;
    %jmp T_0.13;
T_0.12 ;
    %pushi/vec4 1, 0, 1;
    %assign/vec4 v0x64d0ba350ab0_0, 0;
    %load/vec4 v0x64d0ba350df0_0;
    %assign/vec4 v0x64d0ba3509d0_0, 0;
    %load/vec4 v0x64d0ba350ab0_0;
    %flag_set/vec4 9;
    %flag_get/vec4 9;
    %jmp/0 T_0.76, 9;
    %load/vec4 v0x64d0ba350550_0;
    %and;
T_0.76;
    %flag_set/vec4 8;
    %jmp/0xz  T_0.74, 8;
    %pushi/vec4 0, 0, 1;
    %assign/vec4 v0x64d0ba350ab0_0, 0;
    %pushi/vec4 1, 0, 4;
    %assign/vec4 v0x64d0ba350b70_0, 0;
T_0.74 ;
    %jmp T_0.13;
T_0.13 ;
    %pop/vec4 1;
T_0.1 ;
    %jmp T_0;
    .thread T_0;
    .scope S_0x64d0ba353ee0;
T_1 ;
    %wait E_0x64d0ba2523b0;
    %load/vec4 v0x64d0ba355830_0;
    %pad/u 32;
    %cmpi/e 1, 0, 32;
    %jmp/0xz  T_1.0, 4;
    %pushi/vec4 1, 0, 4;
    %assign/vec4 v0x64d0ba355c40_0, 0;
    %pushi/vec4 0, 0, 1;
    %assign/vec4 v0x64d0ba355920_0, 0;
    %pushi/vec4 0, 0, 1;
    %assign/vec4 v0x64d0ba3559e0_0, 0;
    %pushi/vec4 0, 0, 1;
    %assign/vec4 v0x64d0ba355b80_0, 0;
    %jmp T_1.1;
T_1.0 ;
    %load/vec4 v0x64d0ba355c40_0;
    %dup/vec4;
    %pushi/vec4 1, 0, 4;
    %cmp/u;
    %jmp/1 T_1.2, 6;
    %dup/vec4;
    %pushi/vec4 2, 0, 4;
    %cmp/u;
    %jmp/1 T_1.3, 6;
    %dup/vec4;
    %pushi/vec4 3, 0, 4;
    %cmp/u;
    %jmp/1 T_1.4, 6;
    %dup/vec4;
    %pushi/vec4 4, 0, 4;
    %cmp/u;
    %jmp/1 T_1.5, 6;
    %dup/vec4;
    %pushi/vec4 5, 0, 4;
    %cmp/u;
    %jmp/1 T_1.6, 6;
    %dup/vec4;
    %pushi/vec4 6, 0, 4;
    %cmp/u;
    %jmp/1 T_1.7, 6;
    %dup/vec4;
    %pushi/vec4 7, 0, 4;
    %cmp/u;
    %jmp/1 T_1.8, 6;
    %dup/vec4;
    %pushi/vec4 8, 0, 4;
    %cmp/u;
    %jmp/1 T_1.9, 6;
    %dup/vec4;
    %pushi/vec4 9, 0, 4;
    %cmp/u;
    %jmp/1 T_1.10, 6;
    %dup/vec4;
    %pushi/vec4 10, 0, 4;
    %cmp/u;
    %jmp/1 T_1.11, 6;
    %dup/vec4;
    %pushi/vec4 11, 0, 4;
    %cmp/u;
    %jmp/1 T_1.12, 6;
    %dup/vec4;
    %pushi/vec4 12, 0, 4;
    %cmp/u;
    %jmp/1 T_1.13, 6;
    %jmp T_1.14;
T_1.2 ;
    %pushi/vec4 1, 0, 1;
    %assign/vec4 v0x64d0ba3559e0_0, 0;
    %pushi/vec4 1, 0, 1;
    %assign/vec4 v0x64d0ba355920_0, 0;
    %load/vec4 v0x64d0ba3559e0_0;
    %flag_set/vec4 11;
    %flag_get/vec4 11;
    %jmp/0 T_1.19, 11;
    %load/vec4 v0x64d0ba355260_0;
    %and;
T_1.19;
    %flag_set/vec4 10;
    %flag_get/vec4 10;
    %jmp/0 T_1.18, 10;
    %load/vec4 v0x64d0ba355920_0;
    %and;
T_1.18;
    %flag_set/vec4 9;
    %flag_get/vec4 9;
    %jmp/0 T_1.17, 9;
    %load/vec4 v0x64d0ba354fd0_0;
    %and;
T_1.17;
    %flag_set/vec4 8;
    %jmp/0xz  T_1.15, 8;
    %load/vec4 v0x64d0ba354e00_0;
    %assign/vec4 v0x64d0ba3545b0_0, 0;
    %load/vec4 v0x64d0ba355090_0;
    %assign/vec4 v0x64d0ba3548f0_0, 0;
    %pushi/vec4 0, 0, 1;
    %assign/vec4 v0x64d0ba355920_0, 0;
    %pushi/vec4 0, 0, 1;
    %assign/vec4 v0x64d0ba3559e0_0, 0;
    %pushi/vec4 2, 0, 4;
    %assign/vec4 v0x64d0ba355c40_0, 0;
T_1.15 ;
    %jmp T_1.14;
T_1.3 ;
    %load/vec4 v0x64d0ba3545b0_0;
    %parti/s 52, 0, 2;
    %pad/u 53;
    %assign/vec4 v0x64d0ba354770_0, 0;
    %load/vec4 v0x64d0ba3548f0_0;
    %parti/s 52, 0, 2;
    %pad/u 53;
    %assign/vec4 v0x64d0ba354b00_0, 0;
    %load/vec4 v0x64d0ba3545b0_0;
    %parti/s 11, 52, 7;
    %pad/u 13;
    %subi 1023, 0, 13;
    %assign/vec4 v0x64d0ba354690_0, 0;
    %load/vec4 v0x64d0ba3548f0_0;
    %parti/s 11, 52, 7;
    %pad/u 13;
    %subi 1023, 0, 13;
    %assign/vec4 v0x64d0ba354a20_0, 0;
    %load/vec4 v0x64d0ba3545b0_0;
    %parti/s 1, 63, 7;
    %assign/vec4 v0x64d0ba354830_0, 0;
    %load/vec4 v0x64d0ba3548f0_0;
    %parti/s 1, 63, 7;
    %assign/vec4 v0x64d0ba354be0_0, 0;
    %pushi/vec4 3, 0, 4;
    %assign/vec4 v0x64d0ba355c40_0, 0;
    %jmp T_1.14;
T_1.4 ;
    %load/vec4 v0x64d0ba354690_0;
    %pad/u 32;
    %cmpi/e 1024, 0, 32;
    %flag_get/vec4 4;
    %jmp/0 T_1.23, 4;
    %load/vec4 v0x64d0ba354770_0;
    %pushi/vec4 0, 0, 53;
    %cmp/ne;
    %flag_get/vec4 4;
    %and;
T_1.23;
    %flag_set/vec4 8;
    %jmp/1 T_1.22, 8;
    %load/vec4 v0x64d0ba354a20_0;
    %pad/u 32;
    %cmpi/e 1024, 0, 32;
    %flag_get/vec4 4;
    %jmp/0 T_1.24, 4;
    %load/vec4 v0x64d0ba354b00_0;
    %pushi/vec4 0, 0, 53;
    %cmp/ne;
    %flag_get/vec4 4;
    %and;
T_1.24;
    %flag_set/vec4 9;
    %flag_or 8, 9;
T_1.22;
    %jmp/0xz  T_1.20, 8;
    %pushi/vec4 1, 0, 1;
    %ix/load 4, 63, 0;
    %ix/load 5, 0, 0;
    %flag_set/imm 4, 0;
    %assign/vec4/off/d v0x64d0ba355de0_0, 4, 5;
    %pushi/vec4 2047, 0, 11;
    %ix/load 4, 52, 0;
    %ix/load 5, 0, 0;
    %flag_set/imm 4, 0;
    %assign/vec4/off/d v0x64d0ba355de0_0, 4, 5;
    %pushi/vec4 1, 0, 1;
    %ix/load 4, 51, 0;
    %ix/load 5, 0, 0;
    %flag_set/imm 4, 0;
    %assign/vec4/off/d v0x64d0ba355de0_0, 4, 5;
    %pushi/vec4 0, 0, 51;
    %ix/load 4, 0, 0;
    %ix/load 5, 0, 0;
    %flag_set/imm 4, 0;
    %assign/vec4/off/d v0x64d0ba355de0_0, 4, 5;
    %pushi/vec4 12, 0, 4;
    %assign/vec4 v0x64d0ba355c40_0, 0;
    %jmp T_1.21;
T_1.20 ;
    %load/vec4 v0x64d0ba354690_0;
    %pad/u 32;
    %cmpi/e 1024, 0, 32;
    %jmp/0xz  T_1.25, 4;
    %load/vec4 v0x64d0ba354830_0;
    %load/vec4 v0x64d0ba354be0_0;
    %xor;
    %ix/load 4, 63, 0;
    %ix/load 5, 0, 0;
    %flag_set/imm 4, 0;
    %assign/vec4/off/d v0x64d0ba355de0_0, 4, 5;
    %pushi/vec4 2047, 0, 11;
    %ix/load 4, 52, 0;
    %ix/load 5, 0, 0;
    %flag_set/imm 4, 0;
    %assign/vec4/off/d v0x64d0ba355de0_0, 4, 5;
    %pushi/vec4 0, 0, 52;
    %ix/load 4, 0, 0;
    %ix/load 5, 0, 0;
    %flag_set/imm 4, 0;
    %assign/vec4/off/d v0x64d0ba355de0_0, 4, 5;
    %pushi/vec4 12, 0, 4;
    %assign/vec4 v0x64d0ba355c40_0, 0;
    %load/vec4 v0x64d0ba354a20_0;
    %pad/s 32;
    %cmpi/e 4294966273, 0, 32;
    %flag_get/vec4 4;
    %jmp/0 T_1.29, 4;
    %load/vec4 v0x64d0ba354b00_0;
    %pushi/vec4 0, 0, 53;
    %cmp/e;
    %flag_get/vec4 4;
    %and;
T_1.29;
    %flag_set/vec4 8;
    %jmp/0xz  T_1.27, 8;
    %pushi/vec4 1, 0, 1;
    %ix/load 4, 63, 0;
    %ix/load 5, 0, 0;
    %flag_set/imm 4, 0;
    %assign/vec4/off/d v0x64d0ba355de0_0, 4, 5;
    %pushi/vec4 2047, 0, 11;
    %ix/load 4, 52, 0;
    %ix/load 5, 0, 0;
    %flag_set/imm 4, 0;
    %assign/vec4/off/d v0x64d0ba355de0_0, 4, 5;
    %pushi/vec4 1, 0, 1;
    %ix/load 4, 51, 0;
    %ix/load 5, 0, 0;
    %flag_set/imm 4, 0;
    %assign/vec4/off/d v0x64d0ba355de0_0, 4, 5;
    %pushi/vec4 0, 0, 51;
    %ix/load 4, 0, 0;
    %ix/load 5, 0, 0;
    %flag_set/imm 4, 0;
    %assign/vec4/off/d v0x64d0ba355de0_0, 4, 5;
    %pushi/vec4 12, 0, 4;
    %assign/vec4 v0x64d0ba355c40_0, 0;
T_1.27 ;
    %jmp T_1.26;
T_1.25 ;
    %load/vec4 v0x64d0ba354a20_0;
    %pad/u 32;
    %cmpi/e 1024, 0, 32;
    %jmp/0xz  T_1.30, 4;
    %load/vec4 v0x64d0ba354830_0;
    %load/vec4 v0x64d0ba354be0_0;
    %xor;
    %ix/load 4, 63, 0;
    %ix/load 5, 0, 0;
    %flag_set/imm 4, 0;
    %assign/vec4/off/d v0x64d0ba355de0_0, 4, 5;
    %pushi/vec4 2047, 0, 11;
    %ix/load 4, 52, 0;
    %ix/load 5, 0, 0;
    %flag_set/imm 4, 0;
    %assign/vec4/off/d v0x64d0ba355de0_0, 4, 5;
    %pushi/vec4 0, 0, 52;
    %ix/load 4, 0, 0;
    %ix/load 5, 0, 0;
    %flag_set/imm 4, 0;
    %assign/vec4/off/d v0x64d0ba355de0_0, 4, 5;
    %load/vec4 v0x64d0ba354690_0;
    %pad/s 32;
    %cmpi/e 4294966273, 0, 32;
    %flag_get/vec4 4;
    %jmp/0 T_1.34, 4;
    %load/vec4 v0x64d0ba354770_0;
    %pushi/vec4 0, 0, 53;
    %cmp/e;
    %flag_get/vec4 4;
    %and;
T_1.34;
    %flag_set/vec4 8;
    %jmp/0xz  T_1.32, 8;
    %pushi/vec4 1, 0, 1;
    %ix/load 4, 63, 0;
    %ix/load 5, 0, 0;
    %flag_set/imm 4, 0;
    %assign/vec4/off/d v0x64d0ba355de0_0, 4, 5;
    %pushi/vec4 2047, 0, 11;
    %ix/load 4, 52, 0;
    %ix/load 5, 0, 0;
    %flag_set/imm 4, 0;
    %assign/vec4/off/d v0x64d0ba355de0_0, 4, 5;
    %pushi/vec4 1, 0, 1;
    %ix/load 4, 51, 0;
    %ix/load 5, 0, 0;
    %flag_set/imm 4, 0;
    %assign/vec4/off/d v0x64d0ba355de0_0, 4, 5;
    %pushi/vec4 0, 0, 51;
    %ix/load 4, 0, 0;
    %ix/load 5, 0, 0;
    %flag_set/imm 4, 0;
    %assign/vec4/off/d v0x64d0ba355de0_0, 4, 5;
    %pushi/vec4 12, 0, 4;
    %assign/vec4 v0x64d0ba355c40_0, 0;
T_1.32 ;
    %pushi/vec4 12, 0, 4;
    %assign/vec4 v0x64d0ba355c40_0, 0;
    %jmp T_1.31;
T_1.30 ;
    %load/vec4 v0x64d0ba354690_0;
    %pad/s 32;
    %cmpi/e 4294966273, 0, 32;
    %flag_get/vec4 4;
    %jmp/0 T_1.37, 4;
    %load/vec4 v0x64d0ba354770_0;
    %pushi/vec4 0, 0, 53;
    %cmp/e;
    %flag_get/vec4 4;
    %and;
T_1.37;
    %flag_set/vec4 8;
    %jmp/0xz  T_1.35, 8;
    %load/vec4 v0x64d0ba354830_0;
    %load/vec4 v0x64d0ba354be0_0;
    %xor;
    %ix/load 4, 63, 0;
    %ix/load 5, 0, 0;
    %flag_set/imm 4, 0;
    %assign/vec4/off/d v0x64d0ba355de0_0, 4, 5;
    %pushi/vec4 0, 0, 11;
    %ix/load 4, 52, 0;
    %ix/load 5, 0, 0;
    %flag_set/imm 4, 0;
    %assign/vec4/off/d v0x64d0ba355de0_0, 4, 5;
    %pushi/vec4 0, 0, 52;
    %ix/load 4, 0, 0;
    %ix/load 5, 0, 0;
    %flag_set/imm 4, 0;
    %assign/vec4/off/d v0x64d0ba355de0_0, 4, 5;
    %pushi/vec4 12, 0, 4;
    %assign/vec4 v0x64d0ba355c40_0, 0;
    %jmp T_1.36;
T_1.35 ;
    %load/vec4 v0x64d0ba354a20_0;
    %pad/s 32;
    %cmpi/e 4294966273, 0, 32;
    %flag_get/vec4 4;
    %jmp/0 T_1.40, 4;
    %load/vec4 v0x64d0ba354b00_0;
    %pushi/vec4 0, 0, 53;
    %cmp/e;
    %flag_get/vec4 4;
    %and;
T_1.40;
    %flag_set/vec4 8;
    %jmp/0xz  T_1.38, 8;
    %load/vec4 v0x64d0ba354830_0;
    %load/vec4 v0x64d0ba354be0_0;
    %xor;
    %ix/load 4, 63, 0;
    %ix/load 5, 0, 0;
    %flag_set/imm 4, 0;
    %assign/vec4/off/d v0x64d0ba355de0_0, 4, 5;
    %pushi/vec4 0, 0, 11;
    %ix/load 4, 52, 0;
    %ix/load 5, 0, 0;
    %flag_set/imm 4, 0;
    %assign/vec4/off/d v0x64d0ba355de0_0, 4, 5;
    %pushi/vec4 0, 0, 52;
    %ix/load 4, 0, 0;
    %ix/load 5, 0, 0;
    %flag_set/imm 4, 0;
    %assign/vec4/off/d v0x64d0ba355de0_0, 4, 5;
    %pushi/vec4 12, 0, 4;
    %assign/vec4 v0x64d0ba355c40_0, 0;
    %jmp T_1.39;
T_1.38 ;
    %load/vec4 v0x64d0ba354690_0;
    %pad/s 32;
    %cmpi/e 4294966273, 0, 32;
    %jmp/0xz  T_1.41, 4;
    %pushi/vec4 7170, 0, 13;
    %assign/vec4 v0x64d0ba354690_0, 0;
    %jmp T_1.42;
T_1.41 ;
    %pushi/vec4 1, 0, 1;
    %ix/load 4, 52, 0;
    %ix/load 5, 0, 0;
    %flag_set/imm 4, 0;
    %assign/vec4/off/d v0x64d0ba354770_0, 4, 5;
T_1.42 ;
    %load/vec4 v0x64d0ba354a20_0;
    %pad/s 32;
    %cmpi/e 4294966273, 0, 32;
    %jmp/0xz  T_1.43, 4;
    %pushi/vec4 7170, 0, 13;
    %assign/vec4 v0x64d0ba354a20_0, 0;
    %jmp T_1.44;
T_1.43 ;
    %pushi/vec4 1, 0, 1;
    %ix/load 4, 52, 0;
    %ix/load 5, 0, 0;
    %flag_set/imm 4, 0;
    %assign/vec4/off/d v0x64d0ba354b00_0, 4, 5;
T_1.44 ;
    %pushi/vec4 4, 0, 4;
    %assign/vec4 v0x64d0ba355c40_0, 0;
T_1.39 ;
T_1.36 ;
T_1.31 ;
T_1.26 ;
T_1.21 ;
    %jmp T_1.14;
T_1.5 ;
    %load/vec4 v0x64d0ba354770_0;
    %parti/s 1, 52, 7;
    %flag_set/vec4 8;
    %jmp/0xz  T_1.45, 8;
    %pushi/vec4 5, 0, 4;
    %assign/vec4 v0x64d0ba355c40_0, 0;
    %jmp T_1.46;
T_1.45 ;
    %load/vec4 v0x64d0ba354770_0;
    %ix/load 4, 1, 0;
    %flag_set/imm 4, 0;
    %shiftl 4;
    %assign/vec4 v0x64d0ba354770_0, 0;
    %load/vec4 v0x64d0ba354690_0;
    %subi 1, 0, 13;
    %assign/vec4 v0x64d0ba354690_0, 0;
T_1.46 ;
    %jmp T_1.14;
T_1.6 ;
    %load/vec4 v0x64d0ba354b00_0;
    %parti/s 1, 52, 7;
    %flag_set/vec4 8;
    %jmp/0xz  T_1.47, 8;
    %pushi/vec4 6, 0, 4;
    %assign/vec4 v0x64d0ba355c40_0, 0;
    %jmp T_1.48;
T_1.47 ;
    %load/vec4 v0x64d0ba354b00_0;
    %ix/load 4, 1, 0;
    %flag_set/imm 4, 0;
    %shiftl 4;
    %assign/vec4 v0x64d0ba354b00_0, 0;
    %load/vec4 v0x64d0ba354a20_0;
    %subi 1, 0, 13;
    %assign/vec4 v0x64d0ba354a20_0, 0;
T_1.48 ;
    %jmp T_1.14;
T_1.7 ;
    %load/vec4 v0x64d0ba354830_0;
    %load/vec4 v0x64d0ba354be0_0;
    %xor;
    %assign/vec4 v0x64d0ba356080_0, 0;
    %load/vec4 v0x64d0ba354690_0;
    %load/vec4 v0x64d0ba354a20_0;
    %add;
    %addi 1, 0, 13;
    %assign/vec4 v0x64d0ba355ec0_0, 0;
    %load/vec4 v0x64d0ba354770_0;
    %pad/u 108;
    %load/vec4 v0x64d0ba354b00_0;
    %pad/u 108;
    %mul;
    %muli 4, 0, 108;
    %assign/vec4 v0x64d0ba355690_0, 0;
    %pushi/vec4 7, 0, 4;
    %assign/vec4 v0x64d0ba355c40_0, 0;
    %jmp T_1.14;
T_1.8 ;
    %load/vec4 v0x64d0ba355690_0;
    %parti/s 53, 55, 7;
    %assign/vec4 v0x64d0ba355fa0_0, 0;
    %load/vec4 v0x64d0ba355690_0;
    %parti/s 1, 54, 7;
    %assign/vec4 v0x64d0ba354d40_0, 0;
    %load/vec4 v0x64d0ba355690_0;
    %parti/s 1, 53, 7;
    %assign/vec4 v0x64d0ba355770_0, 0;
    %load/vec4 v0x64d0ba355690_0;
    %parti/s 53, 0, 2;
    %pushi/vec4 0, 0, 53;
    %cmp/ne;
    %flag_get/vec4 4;
    %assign/vec4 v0x64d0ba355d20_0, 0;
    %pushi/vec4 8, 0, 4;
    %assign/vec4 v0x64d0ba355c40_0, 0;
    %jmp T_1.14;
T_1.9 ;
    %load/vec4 v0x64d0ba355fa0_0;
    %parti/s 1, 52, 7;
    %pad/u 32;
    %cmpi/e 0, 0, 32;
    %jmp/0xz  T_1.49, 4;
    %load/vec4 v0x64d0ba355ec0_0;
    %subi 1, 0, 13;
    %assign/vec4 v0x64d0ba355ec0_0, 0;
    %load/vec4 v0x64d0ba355fa0_0;
    %ix/load 4, 1, 0;
    %flag_set/imm 4, 0;
    %shiftl 4;
    %assign/vec4 v0x64d0ba355fa0_0, 0;
    %load/vec4 v0x64d0ba354d40_0;
    %ix/load 4, 0, 0;
    %ix/load 5, 0, 0;
    %flag_set/imm 4, 0;
    %assign/vec4/off/d v0x64d0ba355fa0_0, 4, 5;
    %load/vec4 v0x64d0ba355770_0;
    %assign/vec4 v0x64d0ba354d40_0, 0;
    %pushi/vec4 0, 0, 1;
    %assign/vec4 v0x64d0ba355770_0, 0;
    %jmp T_1.50;
T_1.49 ;
    %pushi/vec4 9, 0, 4;
    %assign/vec4 v0x64d0ba355c40_0, 0;
T_1.50 ;
    %jmp T_1.14;
T_1.10 ;
    %load/vec4 v0x64d0ba355ec0_0;
    %pad/s 32;
    %cmpi/s 4294966274, 0, 32;
    %jmp/0xz  T_1.51, 5;
    %load/vec4 v0x64d0ba355ec0_0;
    %addi 1, 0, 13;
    %assign/vec4 v0x64d0ba355ec0_0, 0;
    %load/vec4 v0x64d0ba355fa0_0;
    %ix/load 4, 1, 0;
    %flag_set/imm 4, 0;
    %shiftr 4;
    %assign/vec4 v0x64d0ba355fa0_0, 0;
    %load/vec4 v0x64d0ba355fa0_0;
    %parti/s 1, 0, 2;
    %assign/vec4 v0x64d0ba354d40_0, 0;
    %load/vec4 v0x64d0ba354d40_0;
    %assign/vec4 v0x64d0ba355770_0, 0;
    %load/vec4 v0x64d0ba355d20_0;
    %load/vec4 v0x64d0ba355770_0;
    %or;
    %assign/vec4 v0x64d0ba355d20_0, 0;
    %jmp T_1.52;
T_1.51 ;
    %pushi/vec4 10, 0, 4;
    %assign/vec4 v0x64d0ba355c40_0, 0;
T_1.52 ;
    %jmp T_1.14;
T_1.11 ;
    %load/vec4 v0x64d0ba354d40_0;
    %flag_set/vec4 9;
    %flag_get/vec4 9;
    %jmp/0 T_1.55, 9;
    %load/vec4 v0x64d0ba355770_0;
    %load/vec4 v0x64d0ba355d20_0;
    %or;
    %load/vec4 v0x64d0ba355fa0_0;
    %parti/s 1, 0, 2;
    %or;
    %and;
T_1.55;
    %flag_set/vec4 8;
    %jmp/0xz  T_1.53, 8;
    %load/vec4 v0x64d0ba355fa0_0;
    %addi 1, 0, 53;
    %assign/vec4 v0x64d0ba355fa0_0, 0;
    %load/vec4 v0x64d0ba355fa0_0;
    %pushi/vec4 4294967295, 0, 32;
    %concati/vec4 2097151, 0, 21;
    %cmp/e;
    %jmp/0xz  T_1.56, 4;
    %load/vec4 v0x64d0ba355ec0_0;
    %addi 1, 0, 13;
    %assign/vec4 v0x64d0ba355ec0_0, 0;
T_1.56 ;
T_1.53 ;
    %pushi/vec4 11, 0, 4;
    %assign/vec4 v0x64d0ba355c40_0, 0;
    %jmp T_1.14;
T_1.12 ;
    %load/vec4 v0x64d0ba355fa0_0;
    %parti/s 52, 0, 2;
    %ix/load 4, 0, 0;
    %ix/load 5, 0, 0;
    %flag_set/imm 4, 0;
    %assign/vec4/off/d v0x64d0ba355de0_0, 4, 5;
    %load/vec4 v0x64d0ba355ec0_0;
    %parti/s 12, 0, 2;
    %addi 1023, 0, 12;
    %pad/u 11;
    %ix/load 4, 52, 0;
    %ix/load 5, 0, 0;
    %flag_set/imm 4, 0;
    %assign/vec4/off/d v0x64d0ba355de0_0, 4, 5;
    %load/vec4 v0x64d0ba356080_0;
    %ix/load 4, 63, 0;
    %ix/load 5, 0, 0;
    %flag_set/imm 4, 0;
    %assign/vec4/off/d v0x64d0ba355de0_0, 4, 5;
    %load/vec4 v0x64d0ba355ec0_0;
    %pad/s 32;
    %cmpi/e 4294966274, 0, 32;
    %flag_get/vec4 4;
    %jmp/0 T_1.60, 4;
    %load/vec4 v0x64d0ba355fa0_0;
    %parti/s 1, 52, 7;
    %pad/u 32;
    %pushi/vec4 0, 0, 32;
    %cmp/e;
    %flag_get/vec4 4;
    %and;
T_1.60;
    %flag_set/vec4 8;
    %jmp/0xz  T_1.58, 8;
    %pushi/vec4 0, 0, 11;
    %ix/load 4, 52, 0;
    %ix/load 5, 0, 0;
    %flag_set/imm 4, 0;
    %assign/vec4/off/d v0x64d0ba355de0_0, 4, 5;
T_1.58 ;
    %load/vec4 v0x64d0ba355ec0_0;
    %pad/s 32;
    %cmpi/s 1023, 0, 32;
    %flag_or 5, 4; GT is !LE
    %flag_inv 5;
    %jmp/0xz  T_1.61, 5;
    %pushi/vec4 0, 0, 52;
    %ix/load 4, 0, 0;
    %ix/load 5, 0, 0;
    %flag_set/imm 4, 0;
    %assign/vec4/off/d v0x64d0ba355de0_0, 4, 5;
    %pushi/vec4 2047, 0, 11;
    %ix/load 4, 52, 0;
    %ix/load 5, 0, 0;
    %flag_set/imm 4, 0;
    %assign/vec4/off/d v0x64d0ba355de0_0, 4, 5;
    %load/vec4 v0x64d0ba356080_0;
    %ix/load 4, 63, 0;
    %ix/load 5, 0, 0;
    %flag_set/imm 4, 0;
    %assign/vec4/off/d v0x64d0ba355de0_0, 4, 5;
T_1.61 ;
    %pushi/vec4 12, 0, 4;
    %assign/vec4 v0x64d0ba355c40_0, 0;
    %jmp T_1.14;
T_1.13 ;
    %pushi/vec4 1, 0, 1;
    %assign/vec4 v0x64d0ba355b80_0, 0;
    %load/vec4 v0x64d0ba355de0_0;
    %assign/vec4 v0x64d0ba355aa0_0, 0;
    %load/vec4 v0x64d0ba355b80_0;
    %flag_set/vec4 9;
    %flag_get/vec4 9;
    %jmp/0 T_1.65, 9;
    %load/vec4 v0x64d0ba355510_0;
    %and;
T_1.65;
    %flag_set/vec4 8;
    %jmp/0xz  T_1.63, 8;
    %pushi/vec4 0, 0, 1;
    %assign/vec4 v0x64d0ba355b80_0, 0;
    %pushi/vec4 1, 0, 4;
    %assign/vec4 v0x64d0ba355c40_0, 0;
T_1.63 ;
    %jmp T_1.14;
T_1.14 ;
    %pop/vec4 1;
T_1.1 ;
    %jmp T_1;
    .thread T_1;
    .scope S_0x64d0ba305ab0;
T_2 ;
    %wait E_0x64d0ba2523b0;
    %load/vec4 v0x64d0ba3532d0_0;
    %pad/u 32;
    %cmpi/e 1, 0, 32;
    %jmp/0xz  T_2.0, 4;
    %pushi/vec4 1, 0, 4;
    %assign/vec4 v0x64d0ba353670_0, 0;
    %pushi/vec4 0, 0, 1;
    %assign/vec4 v0x64d0ba353370_0, 0;
    %pushi/vec4 0, 0, 1;
    %assign/vec4 v0x64d0ba353410_0, 0;
    %pushi/vec4 0, 0, 1;
    %assign/vec4 v0x64d0ba3535b0_0, 0;
    %jmp T_2.1;
T_2.0 ;
    %load/vec4 v0x64d0ba353670_0;
    %dup/vec4;
    %pushi/vec4 1, 0, 4;
    %cmp/u;
    %jmp/1 T_2.2, 6;
    %dup/vec4;
    %pushi/vec4 2, 0, 4;
    %cmp/u;
    %jmp/1 T_2.3, 6;
    %dup/vec4;
    %pushi/vec4 3, 0, 4;
    %cmp/u;
    %jmp/1 T_2.4, 6;
    %dup/vec4;
    %pushi/vec4 4, 0, 4;
    %cmp/u;
    %jmp/1 T_2.5, 6;
    %dup/vec4;
    %pushi/vec4 5, 0, 4;
    %cmp/u;
    %jmp/1 T_2.6, 6;
    %dup/vec4;
    %pushi/vec4 6, 0, 4;
    %cmp/u;
    %jmp/1 T_2.7, 6;
    %dup/vec4;
    %pushi/vec4 7, 0, 4;
    %cmp/u;
    %jmp/1 T_2.8, 6;
    %dup/vec4;
    %pushi/vec4 8, 0, 4;
    %cmp/u;
    %jmp/1 T_2.9, 6;
    %dup/vec4;
    %pushi/vec4 9, 0, 4;
    %cmp/u;
    %jmp/1 T_2.10, 6;
    %dup/vec4;
    %pushi/vec4 10, 0, 4;
    %cmp/u;
    %jmp/1 T_2.11, 6;
    %dup/vec4;
    %pushi/vec4 11, 0, 4;
    %cmp/u;
    %jmp/1 T_2.12, 6;
    %dup/vec4;
    %pushi/vec4 12, 0, 4;
    %cmp/u;
    %jmp/1 T_2.13, 6;
    %dup/vec4;
    %pushi/vec4 13, 0, 4;
    %cmp/u;
    %jmp/1 T_2.14, 6;
    %dup/vec4;
    %pushi/vec4 14, 0, 4;
    %cmp/u;
    %jmp/1 T_2.15, 6;
    %jmp T_2.16;
T_2.2 ;
    %pushi/vec4 1, 0, 1;
    %assign/vec4 v0x64d0ba353410_0, 0;
    %pushi/vec4 1, 0, 1;
    %assign/vec4 v0x64d0ba353370_0, 0;
    %load/vec4 v0x64d0ba353410_0;
    %flag_set/vec4 11;
    %flag_get/vec4 11;
    %jmp/0 T_2.21, 11;
    %load/vec4 v0x64d0ba352d30_0;
    %and;
T_2.21;
    %flag_set/vec4 10;
    %flag_get/vec4 10;
    %jmp/0 T_2.20, 10;
    %load/vec4 v0x64d0ba353370_0;
    %and;
T_2.20;
    %flag_set/vec4 9;
    %flag_get/vec4 9;
    %jmp/0 T_2.19, 9;
    %load/vec4 v0x64d0ba352a00_0;
    %and;
T_2.19;
    %flag_set/vec4 8;
    %jmp/0xz  T_2.17, 8;
    %load/vec4 v0x64d0ba3528a0_0;
    %assign/vec4 v0x64d0ba351db0_0, 0;
    %load/vec4 v0x64d0ba352ac0_0;
    %assign/vec4 v0x64d0ba352110_0, 0;
    %pushi/vec4 0, 0, 1;
    %assign/vec4 v0x64d0ba353370_0, 0;
    %pushi/vec4 0, 0, 1;
    %assign/vec4 v0x64d0ba353410_0, 0;
    %pushi/vec4 2, 0, 4;
    %assign/vec4 v0x64d0ba353670_0, 0;
T_2.17 ;
    %jmp T_2.16;
T_2.3 ;
    %load/vec4 v0x64d0ba351db0_0;
    %parti/s 52, 0, 2;
    %pad/u 53;
    %assign/vec4 v0x64d0ba351f90_0, 0;
    %load/vec4 v0x64d0ba352110_0;
    %parti/s 52, 0, 2;
    %pad/u 53;
    %assign/vec4 v0x64d0ba352320_0, 0;
    %load/vec4 v0x64d0ba351db0_0;
    %parti/s 11, 52, 7;
    %pad/u 13;
    %subi 1023, 0, 13;
    %assign/vec4 v0x64d0ba351eb0_0, 0;
    %load/vec4 v0x64d0ba352110_0;
    %parti/s 11, 52, 7;
    %pad/u 13;
    %subi 1023, 0, 13;
    %assign/vec4 v0x64d0ba352240_0, 0;
    %load/vec4 v0x64d0ba351db0_0;
    %parti/s 1, 63, 7;
    %assign/vec4 v0x64d0ba352050_0, 0;
    %load/vec4 v0x64d0ba352110_0;
    %parti/s 1, 63, 7;
    %assign/vec4 v0x64d0ba352400_0, 0;
    %pushi/vec4 3, 0, 4;
    %assign/vec4 v0x64d0ba353670_0, 0;
    %jmp T_2.16;
T_2.4 ;
    %load/vec4 v0x64d0ba351eb0_0;
    %pad/u 32;
    %cmpi/e 1024, 0, 32;
    %flag_get/vec4 4;
    %jmp/0 T_2.25, 4;
    %load/vec4 v0x64d0ba351f90_0;
    %pushi/vec4 0, 0, 53;
    %cmp/ne;
    %flag_get/vec4 4;
    %and;
T_2.25;
    %flag_set/vec4 8;
    %jmp/1 T_2.24, 8;
    %load/vec4 v0x64d0ba352240_0;
    %pad/u 32;
    %cmpi/e 1024, 0, 32;
    %flag_get/vec4 4;
    %jmp/0 T_2.26, 4;
    %load/vec4 v0x64d0ba352320_0;
    %pushi/vec4 0, 0, 53;
    %cmp/ne;
    %flag_get/vec4 4;
    %and;
T_2.26;
    %flag_set/vec4 9;
    %flag_or 8, 9;
T_2.24;
    %jmp/0xz  T_2.22, 8;
    %pushi/vec4 1, 0, 1;
    %ix/load 4, 63, 0;
    %ix/load 5, 0, 0;
    %flag_set/imm 4, 0;
    %assign/vec4/off/d v0x64d0ba353810_0, 4, 5;
    %pushi/vec4 2047, 0, 11;
    %ix/load 4, 52, 0;
    %ix/load 5, 0, 0;
    %flag_set/imm 4, 0;
    %assign/vec4/off/d v0x64d0ba353810_0, 4, 5;
    %pushi/vec4 1, 0, 1;
    %ix/load 4, 51, 0;
    %ix/load 5, 0, 0;
    %flag_set/imm 4, 0;
    %assign/vec4/off/d v0x64d0ba353810_0, 4, 5;
    %pushi/vec4 0, 0, 51;
    %ix/load 4, 0, 0;
    %ix/load 5, 0, 0;
    %flag_set/imm 4, 0;
    %assign/vec4/off/d v0x64d0ba353810_0, 4, 5;
    %pushi/vec4 14, 0, 4;
    %assign/vec4 v0x64d0ba353670_0, 0;
    %jmp T_2.23;
T_2.22 ;
    %load/vec4 v0x64d0ba351eb0_0;
    %pad/u 32;
    %cmpi/e 1024, 0, 32;
    %flag_get/vec4 4;
    %jmp/0 T_2.29, 4;
    %load/vec4 v0x64d0ba352240_0;
    %pad/u 32;
    %pushi/vec4 1024, 0, 32;
    %cmp/e;
    %flag_get/vec4 4;
    %and;
T_2.29;
    %flag_set/vec4 8;
    %jmp/0xz  T_2.27, 8;
    %pushi/vec4 1, 0, 1;
    %ix/load 4, 63, 0;
    %ix/load 5, 0, 0;
    %flag_set/imm 4, 0;
    %assign/vec4/off/d v0x64d0ba353810_0, 4, 5;
    %pushi/vec4 2047, 0, 11;
    %ix/load 4, 52, 0;
    %ix/load 5, 0, 0;
    %flag_set/imm 4, 0;
    %assign/vec4/off/d v0x64d0ba353810_0, 4, 5;
    %pushi/vec4 1, 0, 1;
    %ix/load 4, 51, 0;
    %ix/load 5, 0, 0;
    %flag_set/imm 4, 0;
    %assign/vec4/off/d v0x64d0ba353810_0, 4, 5;
    %pushi/vec4 0, 0, 51;
    %ix/load 4, 0, 0;
    %ix/load 5, 0, 0;
    %flag_set/imm 4, 0;
    %assign/vec4/off/d v0x64d0ba353810_0, 4, 5;
    %pushi/vec4 14, 0, 4;
    %assign/vec4 v0x64d0ba353670_0, 0;
    %jmp T_2.28;
T_2.27 ;
    %load/vec4 v0x64d0ba351eb0_0;
    %pad/u 32;
    %cmpi/e 1024, 0, 32;
    %jmp/0xz  T_2.30, 4;
    %load/vec4 v0x64d0ba352050_0;
    %load/vec4 v0x64d0ba352400_0;
    %xor;
    %ix/load 4, 63, 0;
    %ix/load 5, 0, 0;
    %flag_set/imm 4, 0;
    %assign/vec4/off/d v0x64d0ba353810_0, 4, 5;
    %pushi/vec4 2047, 0, 11;
    %ix/load 4, 52, 0;
    %ix/load 5, 0, 0;
    %flag_set/imm 4, 0;
    %assign/vec4/off/d v0x64d0ba353810_0, 4, 5;
    %pushi/vec4 0, 0, 52;
    %ix/load 4, 0, 0;
    %ix/load 5, 0, 0;
    %flag_set/imm 4, 0;
    %assign/vec4/off/d v0x64d0ba353810_0, 4, 5;
    %pushi/vec4 14, 0, 4;
    %assign/vec4 v0x64d0ba353670_0, 0;
    %load/vec4 v0x64d0ba352240_0;
    %pad/u 32;
    %pushi/vec4 4294966273, 0, 32;
    %cmp/e;
    %flag_get/vec4 4;
    %flag_set/vec4 9;
    %flag_get/vec4 9;
    %jmp/0 T_2.34, 9;
    %load/vec4 v0x64d0ba352320_0;
    %pushi/vec4 0, 0, 53;
    %cmp/e;
    %flag_get/vec4 4;
    %and;
T_2.34;
    %flag_set/vec4 8;
    %jmp/0xz  T_2.32, 8;
    %pushi/vec4 1, 0, 1;
    %ix/load 4, 63, 0;
    %ix/load 5, 0, 0;
    %flag_set/imm 4, 0;
    %assign/vec4/off/d v0x64d0ba353810_0, 4, 5;
    %pushi/vec4 2047, 0, 11;
    %ix/load 4, 52, 0;
    %ix/load 5, 0, 0;
    %flag_set/imm 4, 0;
    %assign/vec4/off/d v0x64d0ba353810_0, 4, 5;
    %pushi/vec4 1, 0, 1;
    %ix/load 4, 51, 0;
    %ix/load 5, 0, 0;
    %flag_set/imm 4, 0;
    %assign/vec4/off/d v0x64d0ba353810_0, 4, 5;
    %pushi/vec4 0, 0, 51;
    %ix/load 4, 0, 0;
    %ix/load 5, 0, 0;
    %flag_set/imm 4, 0;
    %assign/vec4/off/d v0x64d0ba353810_0, 4, 5;
    %pushi/vec4 14, 0, 4;
    %assign/vec4 v0x64d0ba353670_0, 0;
T_2.32 ;
    %jmp T_2.31;
T_2.30 ;
    %load/vec4 v0x64d0ba352240_0;
    %pad/u 32;
    %cmpi/e 1024, 0, 32;
    %jmp/0xz  T_2.35, 4;
    %load/vec4 v0x64d0ba352050_0;
    %load/vec4 v0x64d0ba352400_0;
    %xor;
    %ix/load 4, 63, 0;
    %ix/load 5, 0, 0;
    %flag_set/imm 4, 0;
    %assign/vec4/off/d v0x64d0ba353810_0, 4, 5;
    %pushi/vec4 0, 0, 11;
    %ix/load 4, 52, 0;
    %ix/load 5, 0, 0;
    %flag_set/imm 4, 0;
    %assign/vec4/off/d v0x64d0ba353810_0, 4, 5;
    %pushi/vec4 0, 0, 52;
    %ix/load 4, 0, 0;
    %ix/load 5, 0, 0;
    %flag_set/imm 4, 0;
    %assign/vec4/off/d v0x64d0ba353810_0, 4, 5;
    %pushi/vec4 14, 0, 4;
    %assign/vec4 v0x64d0ba353670_0, 0;
    %jmp T_2.36;
T_2.35 ;
    %load/vec4 v0x64d0ba351eb0_0;
    %pad/s 32;
    %cmpi/e 4294966273, 0, 32;
    %flag_get/vec4 4;
    %jmp/0 T_2.39, 4;
    %load/vec4 v0x64d0ba351f90_0;
    %pushi/vec4 0, 0, 53;
    %cmp/e;
    %flag_get/vec4 4;
    %and;
T_2.39;
    %flag_set/vec4 8;
    %jmp/0xz  T_2.37, 8;
    %load/vec4 v0x64d0ba352050_0;
    %load/vec4 v0x64d0ba352400_0;
    %xor;
    %ix/load 4, 63, 0;
    %ix/load 5, 0, 0;
    %flag_set/imm 4, 0;
    %assign/vec4/off/d v0x64d0ba353810_0, 4, 5;
    %pushi/vec4 0, 0, 11;
    %ix/load 4, 52, 0;
    %ix/load 5, 0, 0;
    %flag_set/imm 4, 0;
    %assign/vec4/off/d v0x64d0ba353810_0, 4, 5;
    %pushi/vec4 0, 0, 52;
    %ix/load 4, 0, 0;
    %ix/load 5, 0, 0;
    %flag_set/imm 4, 0;
    %assign/vec4/off/d v0x64d0ba353810_0, 4, 5;
    %pushi/vec4 14, 0, 4;
    %assign/vec4 v0x64d0ba353670_0, 0;
    %load/vec4 v0x64d0ba352240_0;
    %pad/s 32;
    %cmpi/e 4294966273, 0, 32;
    %flag_get/vec4 4;
    %jmp/0 T_2.42, 4;
    %load/vec4 v0x64d0ba352320_0;
    %pushi/vec4 0, 0, 53;
    %cmp/e;
    %flag_get/vec4 4;
    %and;
T_2.42;
    %flag_set/vec4 8;
    %jmp/0xz  T_2.40, 8;
    %pushi/vec4 1, 0, 1;
    %ix/load 4, 63, 0;
    %ix/load 5, 0, 0;
    %flag_set/imm 4, 0;
    %assign/vec4/off/d v0x64d0ba353810_0, 4, 5;
    %pushi/vec4 2047, 0, 11;
    %ix/load 4, 52, 0;
    %ix/load 5, 0, 0;
    %flag_set/imm 4, 0;
    %assign/vec4/off/d v0x64d0ba353810_0, 4, 5;
    %pushi/vec4 1, 0, 1;
    %ix/load 4, 51, 0;
    %ix/load 5, 0, 0;
    %flag_set/imm 4, 0;
    %assign/vec4/off/d v0x64d0ba353810_0, 4, 5;
    %pushi/vec4 0, 0, 51;
    %ix/load 4, 0, 0;
    %ix/load 5, 0, 0;
    %flag_set/imm 4, 0;
    %assign/vec4/off/d v0x64d0ba353810_0, 4, 5;
    %pushi/vec4 14, 0, 4;
    %assign/vec4 v0x64d0ba353670_0, 0;
T_2.40 ;
    %jmp T_2.38;
T_2.37 ;
    %load/vec4 v0x64d0ba352240_0;
    %pad/s 32;
    %cmpi/e 4294966273, 0, 32;
    %flag_get/vec4 4;
    %jmp/0 T_2.45, 4;
    %load/vec4 v0x64d0ba352320_0;
    %pushi/vec4 0, 0, 53;
    %cmp/e;
    %flag_get/vec4 4;
    %and;
T_2.45;
    %flag_set/vec4 8;
    %jmp/0xz  T_2.43, 8;
    %load/vec4 v0x64d0ba352050_0;
    %load/vec4 v0x64d0ba352400_0;
    %xor;
    %ix/load 4, 63, 0;
    %ix/load 5, 0, 0;
    %flag_set/imm 4, 0;
    %assign/vec4/off/d v0x64d0ba353810_0, 4, 5;
    %pushi/vec4 2047, 0, 11;
    %ix/load 4, 52, 0;
    %ix/load 5, 0, 0;
    %flag_set/imm 4, 0;
    %assign/vec4/off/d v0x64d0ba353810_0, 4, 5;
    %pushi/vec4 0, 0, 52;
    %ix/load 4, 0, 0;
    %ix/load 5, 0, 0;
    %flag_set/imm 4, 0;
    %assign/vec4/off/d v0x64d0ba353810_0, 4, 5;
    %pushi/vec4 14, 0, 4;
    %assign/vec4 v0x64d0ba353670_0, 0;
    %jmp T_2.44;
T_2.43 ;
    %load/vec4 v0x64d0ba351eb0_0;
    %pad/s 32;
    %cmpi/e 4294966273, 0, 32;
    %jmp/0xz  T_2.46, 4;
    %pushi/vec4 7170, 0, 13;
    %assign/vec4 v0x64d0ba351eb0_0, 0;
    %jmp T_2.47;
T_2.46 ;
    %pushi/vec4 1, 0, 1;
    %ix/load 4, 52, 0;
    %ix/load 5, 0, 0;
    %flag_set/imm 4, 0;
    %assign/vec4/off/d v0x64d0ba351f90_0, 4, 5;
T_2.47 ;
    %load/vec4 v0x64d0ba352240_0;
    %pad/s 32;
    %cmpi/e 4294966273, 0, 32;
    %jmp/0xz  T_2.48, 4;
    %pushi/vec4 7170, 0, 13;
    %assign/vec4 v0x64d0ba352240_0, 0;
    %jmp T_2.49;
T_2.48 ;
    %pushi/vec4 1, 0, 1;
    %ix/load 4, 52, 0;
    %ix/load 5, 0, 0;
    %flag_set/imm 4, 0;
    %assign/vec4/off/d v0x64d0ba352320_0, 4, 5;
T_2.49 ;
    %pushi/vec4 4, 0, 4;
    %assign/vec4 v0x64d0ba353670_0, 0;
T_2.44 ;
T_2.38 ;
T_2.36 ;
T_2.31 ;
T_2.28 ;
T_2.23 ;
    %jmp T_2.16;
T_2.5 ;
    %load/vec4 v0x64d0ba351f90_0;
    %parti/s 1, 52, 7;
    %flag_set/vec4 8;
    %jmp/0xz  T_2.50, 8;
    %pushi/vec4 5, 0, 4;
    %assign/vec4 v0x64d0ba353670_0, 0;
    %jmp T_2.51;
T_2.50 ;
    %load/vec4 v0x64d0ba351f90_0;
    %ix/load 4, 1, 0;
    %flag_set/imm 4, 0;
    %shiftl 4;
    %assign/vec4 v0x64d0ba351f90_0, 0;
    %load/vec4 v0x64d0ba351eb0_0;
    %subi 1, 0, 13;
    %assign/vec4 v0x64d0ba351eb0_0, 0;
T_2.51 ;
    %jmp T_2.16;
T_2.6 ;
    %load/vec4 v0x64d0ba352320_0;
    %parti/s 1, 52, 7;
    %flag_set/vec4 8;
    %jmp/0xz  T_2.52, 8;
    %pushi/vec4 6, 0, 4;
    %assign/vec4 v0x64d0ba353670_0, 0;
    %jmp T_2.53;
T_2.52 ;
    %load/vec4 v0x64d0ba352320_0;
    %ix/load 4, 1, 0;
    %flag_set/imm 4, 0;
    %shiftl 4;
    %assign/vec4 v0x64d0ba352320_0, 0;
    %load/vec4 v0x64d0ba352240_0;
    %subi 1, 0, 13;
    %assign/vec4 v0x64d0ba352240_0, 0;
T_2.53 ;
    %jmp T_2.16;
T_2.7 ;
    %load/vec4 v0x64d0ba352050_0;
    %load/vec4 v0x64d0ba352400_0;
    %xor;
    %assign/vec4 v0x64d0ba353cc0_0, 0;
    %load/vec4 v0x64d0ba351eb0_0;
    %load/vec4 v0x64d0ba352240_0;
    %sub;
    %assign/vec4 v0x64d0ba353b00_0, 0;
    %pushi/vec4 0, 0, 109;
    %assign/vec4 v0x64d0ba353050_0, 0;
    %pushi/vec4 0, 0, 109;
    %assign/vec4 v0x64d0ba353130_0, 0;
    %pushi/vec4 0, 0, 7;
    %assign/vec4 v0x64d0ba352560_0, 0;
    %load/vec4 v0x64d0ba351f90_0;
    %pad/u 109;
    %ix/load 4, 56, 0;
    %flag_set/imm 4, 0;
    %shiftl 4;
    %assign/vec4 v0x64d0ba352620_0, 0;
    %load/vec4 v0x64d0ba352320_0;
    %pad/u 109;
    %assign/vec4 v0x64d0ba352700_0, 0;
    %pushi/vec4 7, 0, 4;
    %assign/vec4 v0x64d0ba353670_0, 0;
    %jmp T_2.16;
T_2.8 ;
    %load/vec4 v0x64d0ba353050_0;
    %ix/load 4, 1, 0;
    %flag_set/imm 4, 0;
    %shiftl 4;
    %assign/vec4 v0x64d0ba353050_0, 0;
    %load/vec4 v0x64d0ba353130_0;
    %ix/load 4, 1, 0;
    %flag_set/imm 4, 0;
    %shiftl 4;
    %assign/vec4 v0x64d0ba353130_0, 0;
    %load/vec4 v0x64d0ba352620_0;
    %parti/s 1, 108, 8;
    %ix/load 4, 0, 0;
    %ix/load 5, 0, 0;
    %flag_set/imm 4, 0;
    %assign/vec4/off/d v0x64d0ba353130_0, 4, 5;
    %load/vec4 v0x64d0ba352620_0;
    %ix/load 4, 1, 0;
    %flag_set/imm 4, 0;
    %shiftl 4;
    %assign/vec4 v0x64d0ba352620_0, 0;
    %pushi/vec4 8, 0, 4;
    %assign/vec4 v0x64d0ba353670_0, 0;
    %jmp T_2.16;
T_2.9 ;
    %load/vec4 v0x64d0ba352700_0;
    %load/vec4 v0x64d0ba353130_0;
    %cmp/u;
    %flag_or 5, 4;
    %jmp/0xz  T_2.54, 5;
    %pushi/vec4 1, 0, 1;
    %ix/load 4, 0, 0;
    %ix/load 5, 0, 0;
    %flag_set/imm 4, 0;
    %assign/vec4/off/d v0x64d0ba353050_0, 4, 5;
    %load/vec4 v0x64d0ba353130_0;
    %load/vec4 v0x64d0ba352700_0;
    %sub;
    %assign/vec4 v0x64d0ba353130_0, 0;
T_2.54 ;
    %load/vec4 v0x64d0ba352560_0;
    %pad/u 32;
    %cmpi/e 107, 0, 32;
    %jmp/0xz  T_2.56, 4;
    %pushi/vec4 9, 0, 4;
    %assign/vec4 v0x64d0ba353670_0, 0;
    %jmp T_2.57;
T_2.56 ;
    %load/vec4 v0x64d0ba352560_0;
    %addi 1, 0, 7;
    %assign/vec4 v0x64d0ba352560_0, 0;
    %pushi/vec4 7, 0, 4;
    %assign/vec4 v0x64d0ba353670_0, 0;
T_2.57 ;
    %jmp T_2.16;
T_2.10 ;
    %load/vec4 v0x64d0ba353050_0;
    %parti/s 53, 3, 3;
    %assign/vec4 v0x64d0ba353be0_0, 0;
    %load/vec4 v0x64d0ba353050_0;
    %parti/s 1, 2, 3;
    %assign/vec4 v0x64d0ba3527e0_0, 0;
    %load/vec4 v0x64d0ba353050_0;
    %parti/s 1, 1, 2;
    %assign/vec4 v0x64d0ba353210_0, 0;
    %load/vec4 v0x64d0ba353050_0;
    %parti/s 1, 0, 2;
    %load/vec4 v0x64d0ba353130_0;
    %pushi/vec4 0, 0, 109;
    %cmp/ne;
    %flag_get/vec4 4;
    %or;
    %assign/vec4 v0x64d0ba353750_0, 0;
    %pushi/vec4 10, 0, 4;
    %assign/vec4 v0x64d0ba353670_0, 0;
    %jmp T_2.16;
T_2.11 ;
    %load/vec4 v0x64d0ba353be0_0;
    %parti/s 1, 52, 7;
    %pad/u 32;
    %cmpi/e 0, 0, 32;
    %flag_get/vec4 4;
    %jmp/0 T_2.60, 4;
    %pushi/vec4 4294966274, 0, 32;
    %load/vec4 v0x64d0ba353b00_0;
    %pad/s 32;
    %cmp/s;
    %flag_get/vec4 5;
    %and;
T_2.60;
    %flag_set/vec4 8;
    %jmp/0xz  T_2.58, 8;
    %load/vec4 v0x64d0ba353b00_0;
    %subi 1, 0, 13;
    %assign/vec4 v0x64d0ba353b00_0, 0;
    %load/vec4 v0x64d0ba353be0_0;
    %ix/load 4, 1, 0;
    %flag_set/imm 4, 0;
    %shiftl 4;
    %assign/vec4 v0x64d0ba353be0_0, 0;
    %load/vec4 v0x64d0ba3527e0_0;
    %ix/load 4, 0, 0;
    %ix/load 5, 0, 0;
    %flag_set/imm 4, 0;
    %assign/vec4/off/d v0x64d0ba353be0_0, 4, 5;
    %load/vec4 v0x64d0ba353210_0;
    %assign/vec4 v0x64d0ba3527e0_0, 0;
    %pushi/vec4 0, 0, 1;
    %assign/vec4 v0x64d0ba353210_0, 0;
    %jmp T_2.59;
T_2.58 ;
    %pushi/vec4 11, 0, 4;
    %assign/vec4 v0x64d0ba353670_0, 0;
T_2.59 ;
    %jmp T_2.16;
T_2.12 ;
    %load/vec4 v0x64d0ba353b00_0;
    %pad/s 32;
    %cmpi/s 4294966274, 0, 32;
    %jmp/0xz  T_2.61, 5;
    %load/vec4 v0x64d0ba353b00_0;
    %addi 1, 0, 13;
    %assign/vec4 v0x64d0ba353b00_0, 0;
    %load/vec4 v0x64d0ba353be0_0;
    %ix/load 4, 1, 0;
    %flag_set/imm 4, 0;
    %shiftr 4;
    %assign/vec4 v0x64d0ba353be0_0, 0;
    %load/vec4 v0x64d0ba353be0_0;
    %parti/s 1, 0, 2;
    %assign/vec4 v0x64d0ba3527e0_0, 0;
    %load/vec4 v0x64d0ba3527e0_0;
    %assign/vec4 v0x64d0ba353210_0, 0;
    %load/vec4 v0x64d0ba353750_0;
    %load/vec4 v0x64d0ba353210_0;
    %or;
    %assign/vec4 v0x64d0ba353750_0, 0;
    %jmp T_2.62;
T_2.61 ;
    %pushi/vec4 12, 0, 4;
    %assign/vec4 v0x64d0ba353670_0, 0;
T_2.62 ;
    %jmp T_2.16;
T_2.13 ;
    %load/vec4 v0x64d0ba3527e0_0;
    %flag_set/vec4 9;
    %flag_get/vec4 9;
    %jmp/0 T_2.65, 9;
    %load/vec4 v0x64d0ba353210_0;
    %load/vec4 v0x64d0ba353750_0;
    %or;
    %load/vec4 v0x64d0ba353be0_0;
    %parti/s 1, 0, 2;
    %or;
    %and;
T_2.65;
    %flag_set/vec4 8;
    %jmp/0xz  T_2.63, 8;
    %load/vec4 v0x64d0ba353be0_0;
    %addi 1, 0, 53;
    %assign/vec4 v0x64d0ba353be0_0, 0;
    %load/vec4 v0x64d0ba353be0_0;
    %cmpi/e 16777215, 0, 53;
    %jmp/0xz  T_2.66, 4;
    %load/vec4 v0x64d0ba353b00_0;
    %addi 1, 0, 13;
    %assign/vec4 v0x64d0ba353b00_0, 0;
T_2.66 ;
T_2.63 ;
    %pushi/vec4 13, 0, 4;
    %assign/vec4 v0x64d0ba353670_0, 0;
    %jmp T_2.16;
T_2.14 ;
    %load/vec4 v0x64d0ba353be0_0;
    %parti/s 52, 0, 2;
    %ix/load 4, 0, 0;
    %ix/load 5, 0, 0;
    %flag_set/imm 4, 0;
    %assign/vec4/off/d v0x64d0ba353810_0, 4, 5;
    %load/vec4 v0x64d0ba353b00_0;
    %parti/s 11, 0, 2;
    %addi 1023, 0, 11;
    %ix/load 4, 52, 0;
    %ix/load 5, 0, 0;
    %flag_set/imm 4, 0;
    %assign/vec4/off/d v0x64d0ba353810_0, 4, 5;
    %load/vec4 v0x64d0ba353cc0_0;
    %ix/load 4, 63, 0;
    %ix/load 5, 0, 0;
    %flag_set/imm 4, 0;
    %assign/vec4/off/d v0x64d0ba353810_0, 4, 5;
    %load/vec4 v0x64d0ba353b00_0;
    %pad/s 32;
    %cmpi/e 4294966274, 0, 32;
    %flag_get/vec4 4;
    %jmp/0 T_2.70, 4;
    %load/vec4 v0x64d0ba353be0_0;
    %parti/s 1, 52, 7;
    %pad/u 32;
    %pushi/vec4 0, 0, 32;
    %cmp/e;
    %flag_get/vec4 4;
    %and;
T_2.70;
    %flag_set/vec4 8;
    %jmp/0xz  T_2.68, 8;
    %pushi/vec4 0, 0, 11;
    %ix/load 4, 52, 0;
    %ix/load 5, 0, 0;
    %flag_set/imm 4, 0;
    %assign/vec4/off/d v0x64d0ba353810_0, 4, 5;
T_2.68 ;
    %load/vec4 v0x64d0ba353b00_0;
    %pad/s 32;
    %cmpi/s 1023, 0, 32;
    %flag_or 5, 4; GT is !LE
    %flag_inv 5;
    %jmp/0xz  T_2.71, 5;
    %pushi/vec4 0, 0, 52;
    %ix/load 4, 0, 0;
    %ix/load 5, 0, 0;
    %flag_set/imm 4, 0;
    %assign/vec4/off/d v0x64d0ba353810_0, 4, 5;
    %pushi/vec4 2047, 0, 11;
    %ix/load 4, 52, 0;
    %ix/load 5, 0, 0;
    %flag_set/imm 4, 0;
    %assign/vec4/off/d v0x64d0ba353810_0, 4, 5;
    %load/vec4 v0x64d0ba353cc0_0;
    %ix/load 4, 63, 0;
    %ix/load 5, 0, 0;
    %flag_set/imm 4, 0;
    %assign/vec4/off/d v0x64d0ba353810_0, 4, 5;
T_2.71 ;
    %pushi/vec4 14, 0, 4;
    %assign/vec4 v0x64d0ba353670_0, 0;
    %jmp T_2.16;
T_2.15 ;
    %pushi/vec4 1, 0, 1;
    %assign/vec4 v0x64d0ba3535b0_0, 0;
    %load/vec4 v0x64d0ba353810_0;
    %assign/vec4 v0x64d0ba3534d0_0, 0;
    %load/vec4 v0x64d0ba3535b0_0;
    %flag_set/vec4 9;
    %flag_get/vec4 9;
    %jmp/0 T_2.75, 9;
    %load/vec4 v0x64d0ba352ed0_0;
    %and;
T_2.75;
    %flag_set/vec4 8;
    %jmp/0xz  T_2.73, 8;
    %pushi/vec4 0, 0, 1;
    %assign/vec4 v0x64d0ba3535b0_0, 0;
    %pushi/vec4 1, 0, 4;
    %assign/vec4 v0x64d0ba353670_0, 0;
T_2.73 ;
    %jmp T_2.16;
T_2.16 ;
    %pop/vec4 1;
T_2.1 ;
    %jmp T_2;
    .thread T_2;
    .scope S_0x64d0ba316cd0;
T_3 ;
    %wait E_0x64d0ba2e44e0;
    %load/vec4 v0x64d0ba3583e0_0;
    %dup/vec4;
    %pushi/vec4 0, 0, 2;
    %cmp/u;
    %jmp/1 T_3.0, 6;
    %dup/vec4;
    %pushi/vec4 1, 0, 2;
    %cmp/u;
    %jmp/1 T_3.1, 6;
    %dup/vec4;
    %pushi/vec4 2, 0, 2;
    %cmp/u;
    %jmp/1 T_3.2, 6;
    %dup/vec4;
    %pushi/vec4 3, 0, 2;
    %cmp/u;
    %jmp/1 T_3.3, 6;
    %pushi/vec4 4294967295, 4294967295, 32;
    %concati/vec4 4294967295, 4294967295, 32;
    %store/vec4 v0x64d0ba358480_0, 0, 64;
    %jmp T_3.5;
T_3.0 ;
    %load/vec4 v0x64d0ba356f90_0;
    %store/vec4 v0x64d0ba358480_0, 0, 64;
    %jmp T_3.5;
T_3.1 ;
    %load/vec4 v0x64d0ba3574f0_0;
    %store/vec4 v0x64d0ba358480_0, 0, 64;
    %jmp T_3.5;
T_3.2 ;
    %load/vec4 v0x64d0ba3581d0_0;
    %store/vec4 v0x64d0ba358480_0, 0, 64;
    %jmp T_3.5;
T_3.3 ;
    %pushi/vec4 4294967295, 4294967295, 32;
    %concati/vec4 4294967295, 4294967295, 32;
    %store/vec4 v0x64d0ba358480_0, 0, 64;
    %jmp T_3.5;
T_3.5 ;
    %pop/vec4 1;
    %jmp T_3;
    .thread T_3, $push;
    .scope S_0x64d0ba316cd0;
T_4 ;
    %wait E_0x64d0ba2e4bf0;
    %load/vec4 v0x64d0ba3583e0_0;
    %dup/vec4;
    %pushi/vec4 0, 0, 2;
    %cmp/u;
    %jmp/1 T_4.0, 6;
    %dup/vec4;
    %pushi/vec4 1, 0, 2;
    %cmp/u;
    %jmp/1 T_4.1, 6;
    %dup/vec4;
    %pushi/vec4 2, 0, 2;
    %cmp/u;
    %jmp/1 T_4.2, 6;
    %dup/vec4;
    %pushi/vec4 3, 0, 2;
    %cmp/u;
    %jmp/1 T_4.3, 6;
    %pushi/vec4 0, 0, 1;
    %store/vec4 v0x64d0ba3582a0_0, 0, 1;
    %jmp T_4.5;
T_4.0 ;
    %load/vec4 v0x64d0ba356ef0_0;
    %store/vec4 v0x64d0ba3582a0_0, 0, 1;
    %jmp T_4.5;
T_4.1 ;
    %load/vec4 v0x64d0ba357420_0;
    %store/vec4 v0x64d0ba3582a0_0, 0, 1;
    %jmp T_4.5;
T_4.2 ;
    %load/vec4 v0x64d0ba358100_0;
    %store/vec4 v0x64d0ba3582a0_0, 0, 1;
    %jmp T_4.5;
T_4.3 ;
    %pushi/vec4 0, 0, 1;
    %store/vec4 v0x64d0ba3582a0_0, 0, 1;
    %jmp T_4.5;
T_4.5 ;
    %pop/vec4 1;
    %jmp T_4;
    .thread T_4, $push;
    .scope S_0x64d0ba316cd0;
T_5 ;
    %wait E_0x64d0ba2e3b40;
    %load/vec4 v0x64d0ba358520_0;
    %flag_set/vec4 8;
    %jmp/0xz  T_5.0, 8;
    %pushi/vec4 3, 0, 2;
    %assign/vec4 v0x64d0ba3583e0_0, 0;
    %jmp T_5.1;
T_5.0 ;
    %load/vec4 v0x64d0ba357660_0;
    %flag_set/vec4 8;
    %jmp/0xz  T_5.2, 8;
    %load/vec4 v0x64d0ba358340_0;
    %assign/vec4 v0x64d0ba3583e0_0, 0;
    %jmp T_5.3;
T_5.2 ;
    %load/vec4 v0x64d0ba3583e0_0;
    %assign/vec4 v0x64d0ba3583e0_0, 0;
T_5.3 ;
T_5.1 ;
    %jmp T_5;
    .thread T_5;
    .scope S_0x64d0ba305e90;
T_6 ;
    %vpi_call 2 28 "$dumpfile", "gtk_alu_logic_tb.vcd" {0 0 0};
    %vpi_call 2 29 "$dumpvars", 32'sb00000000000000000000000000000000, S_0x64d0ba305e90 {0 0 0};
    %pushi/vec4 0, 0, 2;
    %ix/load 4, 0, 0;
    %flag_set/imm 4, 0;
    %store/vec4a v0x64d0ba358af0, 4, 0;
    %pushi/vec4 1, 0, 2;
    %ix/load 4, 1, 0;
    %flag_set/imm 4, 0;
    %store/vec4a v0x64d0ba358af0, 4, 0;
    %pushi/vec4 2, 0, 2;
    %ix/load 4, 2, 0;
    %flag_set/imm 4, 0;
    %store/vec4a v0x64d0ba358af0, 4, 0;
    %pushi/vec4 3, 0, 2;
    %ix/load 4, 3, 0;
    %flag_set/imm 4, 0;
    %store/vec4a v0x64d0ba358af0, 4, 0;
    %pushi/vec4 0, 0, 1;
    %store/vec4 v0x64d0ba358c70_0, 0, 1;
    %pushi/vec4 0, 0, 1;
    %store/vec4 v0x64d0ba3593f0_0, 0, 1;
    %pushi/vec4 0, 0, 32;
    %store/vec4 v0x64d0ba358e80_0, 0, 32;
    %pushi/vec4 0, 0, 32;
    %store/vec4 v0x64d0ba3590a0_0, 0, 32;
    %pushi/vec4 1, 0, 1;
    %store/vec4 v0x64d0ba358d10_0, 0, 1;
    %pushi/vec4 1, 0, 1;
    %store/vec4 v0x64d0ba358db0_0, 0, 1;
    %vpi_call 2 42 "$readmemh", "alu_logic_stim_a.txt", v0x64d0ba358970 {0 0 0};
    %vpi_call 2 43 "$readmemh", "alu_logic_stim_b.txt", v0x64d0ba358a30 {0 0 0};
    %vpi_call 2 44 "$readmemh", "alu_logic_output.txt", v0x64d0ba358bb0 {0 0 0};
    %pushi/vec4 0, 0, 64;
    %store/vec4 v0x64d0ba3586a0_0, 0, 64;
    %pushi/vec4 0, 0, 64;
    %store/vec4 v0x64d0ba3587a0_0, 0, 64;
    %delay 10000, 0;
    %load/vec4 v0x64d0ba3593f0_0;
    %inv;
    %store/vec4 v0x64d0ba3593f0_0, 0, 1;
    %delay 10000, 0;
    %load/vec4 v0x64d0ba3593f0_0;
    %inv;
    %store/vec4 v0x64d0ba3593f0_0, 0, 1;
    %end;
    .thread T_6;
    .scope S_0x64d0ba305e90;
T_7 ;
    %delay 5000, 0;
    %load/vec4 v0x64d0ba358c70_0;
    %inv;
    %store/vec4 v0x64d0ba358c70_0, 0, 1;
    %jmp T_7;
    .thread T_7;
    .scope S_0x64d0ba305e90;
T_8 ;
    %wait E_0x64d0ba2e3b40;
    %load/vec4 v0x64d0ba3593f0_0;
    %flag_set/vec4 8;
    %jmp/0xz  T_8.0, 8;
    %pushi/vec4 0, 0, 64;
    %assign/vec4 v0x64d0ba3586a0_0, 0;
    %pushi/vec4 0, 0, 64;
    %assign/vec4 v0x64d0ba3587a0_0, 0;
    %pushi/vec4 0, 0, 2;
    %assign/vec4 v0x64d0ba358880_0, 0;
    %jmp T_8.1;
T_8.0 ;
    %ix/getv/s 4, v0x64d0ba358e80_0;
    %load/vec4a v0x64d0ba358970, 4;
    %assign/vec4 v0x64d0ba3586a0_0, 0;
    %ix/getv/s 4, v0x64d0ba358e80_0;
    %load/vec4a v0x64d0ba358a30, 4;
    %assign/vec4 v0x64d0ba3587a0_0, 0;
    %ix/getv/s 4, v0x64d0ba358e80_0;
    %load/vec4a v0x64d0ba358af0, 4;
    %assign/vec4 v0x64d0ba358880_0, 0;
T_8.1 ;
    %jmp T_8;
    .thread T_8;
    .scope S_0x64d0ba305e90;
T_9 ;
    %wait E_0x64d0ba2523b0;
    %load/vec4 v0x64d0ba359180_0;
    %pad/u 32;
    %cmpi/e 1, 0, 32;
    %jmp/0xz  T_9.0, 4;
    %ix/getv/s 4, v0x64d0ba358e80_0;
    %load/vec4a v0x64d0ba358bb0, 4;
    %load/vec4 v0x64d0ba359320_0;
    %cmp/e;
    %jmp/0xz  T_9.2, 4;
    %load/vec4 v0x64d0ba358e80_0;
    %addi 1, 0, 32;
    %vpi_call 2 81 "$display", "Test %d / %d is correct", S<0,vec4,s32>, P_0x64d0ba22ebc0 {1 0 0};
    %load/vec4 v0x64d0ba3590a0_0;
    %addi 1, 0, 32;
    %store/vec4 v0x64d0ba3590a0_0, 0, 32;
T_9.2 ;
    %load/vec4 v0x64d0ba3590a0_0;
    %cmpi/e 4, 0, 32;
    %flag_get/vec4 4;
    %jmp/0 T_9.6, 4;
    %load/vec4 v0x64d0ba358e80_0;
    %pushi/vec4 3, 0, 32;
    %cmp/e;
    %flag_get/vec4 4;
    %and;
T_9.6;
    %flag_set/vec4 8;
    %jmp/0xz  T_9.4, 8;
    %vpi_call 2 86 "$display", "All tests are correct !!" {0 0 0};
    %jmp T_9.5;
T_9.4 ;
    %load/vec4 v0x64d0ba3590a0_0;
    %cmpi/ne 4, 0, 32;
    %flag_get/vec4 4;
    %jmp/0 T_9.9, 4;
    %load/vec4 v0x64d0ba358e80_0;
    %pushi/vec4 3, 0, 32;
    %cmp/e;
    %flag_get/vec4 4;
    %and;
T_9.9;
    %flag_set/vec4 8;
    %jmp/0xz  T_9.7, 8;
    %vpi_call 2 88 "$display", "%d out of %d are correct !!", v0x64d0ba3590a0_0, P_0x64d0ba22ebc0 {0 0 0};
T_9.7 ;
T_9.5 ;
    %load/vec4 v0x64d0ba358e80_0;
    %addi 1, 0, 32;
    %store/vec4 v0x64d0ba358e80_0, 0, 32;
T_9.0 ;
    %jmp T_9;
    .thread T_9;
# The file index is used to find the file name in the following table.
:file_names 7;
    "N/A";
    "<interactive>";
    "alu_logic_tb.v";
    "Arithmetics_unit.v";
    "double_adder.v";
    "double_divider.v";
    "double_multiplier.v";
