#! /c/Source/iverilog-install/bin/vvp
:ivl_version "12.0 (devel)" "(s20150603-1539-g2693dd32b)";
:ivl_delay_selection "TYPICAL";
:vpi_time_precision - 12;
:vpi_module "C:\iverilog\lib\ivl\system.vpi";
:vpi_module "C:\iverilog\lib\ivl\vhdl_sys.vpi";
:vpi_module "C:\iverilog\lib\ivl\vhdl_textio.vpi";
:vpi_module "C:\iverilog\lib\ivl\v2005_math.vpi";
:vpi_module "C:\iverilog\lib\ivl\va_math.vpi";
S_0000024104f22540 .scope module, "double_adder_tb" "double_adder_tb" 2 3;
 .timescale -9 -12;
P_0000024104f2db80 .param/l "cases" 0 2 21, +C4<00000000000000000000011111100101>;
L_0000024104f25ba0 .functor BUFZ 64, v0000024104f93fa0_0, C4<0000000000000000000000000000000000000000000000000000000000000000>, C4<0000000000000000000000000000000000000000000000000000000000000000>, C4<0000000000000000000000000000000000000000000000000000000000000000>;
L_0000024104f26000 .functor BUFZ 64, v0000024104f94400_0, C4<0000000000000000000000000000000000000000000000000000000000000000>, C4<0000000000000000000000000000000000000000000000000000000000000000>, C4<0000000000000000000000000000000000000000000000000000000000000000>;
v0000024104f93fa0_0 .var "Tin_a", 63 0;
v0000024104f94400_0 .var "Tin_b", 63 0;
v0000024104f94900 .array "array_a", 2020 0, 63 0;
v0000024104f940e0 .array "array_b", 2020 0, 63 0;
v0000024104f947c0 .array "array_out", 2020 0, 63 0;
v0000024104f94220_0 .var "clk", 0 0;
v0000024104f94860_0 .var/i "i", 31 0;
v0000024104f95ed0_0 .net "input_a", 63 0, L_0000024104f25ba0;  1 drivers
v0000024104f957f0_0 .net "input_a_ack", 0 0, L_0000024104f25b30;  1 drivers
v0000024104f95b10_0 .var "input_a_stb", 0 0;
v0000024104f954d0_0 .net "input_b", 63 0, L_0000024104f26000;  1 drivers
v0000024104f96970_0 .net "input_b_ack", 0 0, L_0000024104f25cf0;  1 drivers
v0000024104f95f70_0 .var "input_b_stb", 0 0;
v0000024104f96bf0_0 .var/i "j", 31 0;
v0000024104f95bb0_0 .net "output_z", 63 0, L_0000024104f25e40;  1 drivers
v0000024104f959d0_0 .var "output_z_ack", 0 0;
v0000024104f97370_0 .net "output_z_stb", 0 0, L_0000024104f25740;  1 drivers
v0000024104f95570_0 .var "rst", 0 0;
E_0000024104f2ddc0 .event posedge, v0000024104f93b90_0;
S_0000024104f226d0 .scope module, "uut" "double_adder" 2 86, 3 5 0, S_0000024104f22540;
 .timescale 0 0;
    .port_info 0 /INPUT 64 "input_a";
    .port_info 1 /INPUT 64 "input_b";
    .port_info 2 /INPUT 1 "input_a_stb";
    .port_info 3 /INPUT 1 "input_b_stb";
    .port_info 4 /INPUT 1 "output_z_ack";
    .port_info 5 /INPUT 1 "clk";
    .port_info 6 /INPUT 1 "rst";
    .port_info 7 /OUTPUT 64 "output_z";
    .port_info 8 /OUTPUT 1 "output_z_stb";
    .port_info 9 /OUTPUT 1 "input_a_ack";
    .port_info 10 /OUTPUT 1 "input_b_ack";
P_0000024104ec2510 .param/l "add_0" 0 3 43, C4<0101>;
P_0000024104ec2548 .param/l "add_1" 0 3 44, C4<0110>;
P_0000024104ec2580 .param/l "align" 0 3 42, C4<0100>;
P_0000024104ec25b8 .param/l "get_a_b" 0 3 39, C4<0001>;
P_0000024104ec25f0 .param/l "normalise_1" 0 3 45, C4<0111>;
P_0000024104ec2628 .param/l "normalise_2" 0 3 46, C4<1000>;
P_0000024104ec2660 .param/l "pack" 0 3 48, C4<1010>;
P_0000024104ec2698 .param/l "put_z" 0 3 49, C4<1011>;
P_0000024104ec26d0 .param/l "round" 0 3 47, C4<1001>;
P_0000024104ec2708 .param/l "special_cases" 0 3 41, C4<0011>;
P_0000024104ec2740 .param/l "unpack" 0 3 40, C4<0010>;
L_0000024104f25b30 .functor BUFZ 1, v0000024104f945e0_0, C4<0>, C4<0>, C4<0>;
L_0000024104f25cf0 .functor BUFZ 1, v0000024104f942c0_0, C4<0>, C4<0>, C4<0>;
L_0000024104f25740 .functor BUFZ 1, v0000024104f94680_0, C4<0>, C4<0>, C4<0>;
L_0000024104f25e40 .functor BUFZ 64, v0000024104f94e00_0, C4<0000000000000000000000000000000000000000000000000000000000000000>, C4<0000000000000000000000000000000000000000000000000000000000000000>, C4<0000000000000000000000000000000000000000000000000000000000000000>;
v0000024104ef3fd0_0 .var "a", 63 0;
v0000024104ef47e0_0 .var "a_e", 12 0;
v0000024104ec2780_0 .var "a_m", 55 0;
v0000024104ec2820_0 .var "a_s", 0 0;
v0000024104ec28c0_0 .var "b", 63 0;
v0000024104f939b0_0 .var "b_e", 12 0;
v0000024104f93a50_0 .var "b_m", 55 0;
v0000024104f93af0_0 .var "b_s", 0 0;
v0000024104f93b90_0 .net "clk", 0 0, v0000024104f94220_0;  1 drivers
v0000024104f93c30_0 .var "guard", 0 0;
v0000024104f93cd0_0 .net "input_a", 63 0, L_0000024104f25ba0;  alias, 1 drivers
v0000024104f93d70_0 .net "input_a_ack", 0 0, L_0000024104f25b30;  alias, 1 drivers
v0000024104f93e10_0 .net "input_a_stb", 0 0, v0000024104f95b10_0;  1 drivers
v0000024104f93eb0_0 .net "input_b", 63 0, L_0000024104f26000;  alias, 1 drivers
v0000024104f94ea0_0 .net "input_b_ack", 0 0, L_0000024104f25cf0;  alias, 1 drivers
v0000024104f949a0_0 .net "input_b_stb", 0 0, v0000024104f95f70_0;  1 drivers
v0000024104f94a40_0 .net "output_z", 63 0, L_0000024104f25e40;  alias, 1 drivers
v0000024104f94b80_0 .net "output_z_ack", 0 0, v0000024104f959d0_0;  1 drivers
v0000024104f94d60_0 .net "output_z_stb", 0 0, L_0000024104f25740;  alias, 1 drivers
v0000024104f94180_0 .var "round_bit", 0 0;
v0000024104f94040_0 .net "rst", 0 0, v0000024104f95570_0;  1 drivers
v0000024104f945e0_0 .var "s_input_a_ack", 0 0;
v0000024104f942c0_0 .var "s_input_b_ack", 0 0;
v0000024104f94e00_0 .var "s_output_z", 63 0;
v0000024104f94680_0 .var "s_output_z_stb", 0 0;
v0000024104f944a0_0 .var "state", 3 0;
v0000024104f94ae0_0 .var "sticky", 0 0;
v0000024104f94360_0 .var "sum", 56 0;
v0000024104f94540_0 .var "z", 63 0;
v0000024104f94720_0 .var "z_e", 12 0;
v0000024104f94c20_0 .var "z_m", 52 0;
v0000024104f94cc0_0 .var "z_s", 0 0;
E_0000024104f2e840 .event posedge, v0000024104f94040_0, v0000024104f93b90_0;
    .scope S_0000024104f226d0;
T_0 ;
    %wait E_0000024104f2e840;
    %load/vec4 v0000024104f94040_0;
    %pad/u 32;
    %cmpi/e 1, 0, 32;
    %jmp/0xz  T_0.0, 4;
    %pushi/vec4 1, 0, 4;
    %assign/vec4 v0000024104f944a0_0, 0;
    %pushi/vec4 0, 0, 1;
    %assign/vec4 v0000024104f945e0_0, 0;
    %pushi/vec4 0, 0, 1;
    %assign/vec4 v0000024104f942c0_0, 0;
    %pushi/vec4 0, 0, 1;
    %assign/vec4 v0000024104f94680_0, 0;
    %jmp T_0.1;
T_0.0 ;
    %load/vec4 v0000024104f944a0_0;
    %dup/vec4;
    %pushi/vec4 1, 0, 4;
    %cmp/u;
    %jmp/1 T_0.2, 6;
    %dup/vec4;
    %pushi/vec4 2, 0, 4;
    %cmp/u;
    %jmp/1 T_0.3, 6;
    %dup/vec4;
    %pushi/vec4 3, 0, 4;
    %cmp/u;
    %jmp/1 T_0.4, 6;
    %dup/vec4;
    %pushi/vec4 4, 0, 4;
    %cmp/u;
    %jmp/1 T_0.5, 6;
    %dup/vec4;
    %pushi/vec4 5, 0, 4;
    %cmp/u;
    %jmp/1 T_0.6, 6;
    %dup/vec4;
    %pushi/vec4 6, 0, 4;
    %cmp/u;
    %jmp/1 T_0.7, 6;
    %dup/vec4;
    %pushi/vec4 7, 0, 4;
    %cmp/u;
    %jmp/1 T_0.8, 6;
    %dup/vec4;
    %pushi/vec4 8, 0, 4;
    %cmp/u;
    %jmp/1 T_0.9, 6;
    %dup/vec4;
    %pushi/vec4 9, 0, 4;
    %cmp/u;
    %jmp/1 T_0.10, 6;
    %dup/vec4;
    %pushi/vec4 10, 0, 4;
    %cmp/u;
    %jmp/1 T_0.11, 6;
    %dup/vec4;
    %pushi/vec4 11, 0, 4;
    %cmp/u;
    %jmp/1 T_0.12, 6;
    %jmp T_0.13;
T_0.2 ;
    %pushi/vec4 1, 0, 1;
    %assign/vec4 v0000024104f942c0_0, 0;
    %pushi/vec4 1, 0, 1;
    %assign/vec4 v0000024104f945e0_0, 0;
    %load/vec4 v0000024104f942c0_0;
    %flag_set/vec4 11;
    %flag_get/vec4 11;
    %jmp/0 T_0.18, 11;
    %load/vec4 v0000024104f949a0_0;
    %and;
T_0.18;
    %flag_set/vec4 10;
    %flag_get/vec4 10;
    %jmp/0 T_0.17, 10;
    %load/vec4 v0000024104f945e0_0;
    %and;
T_0.17;
    %flag_set/vec4 9;
    %flag_get/vec4 9;
    %jmp/0 T_0.16, 9;
    %load/vec4 v0000024104f93e10_0;
    %and;
T_0.16;
    %flag_set/vec4 8;
    %jmp/0xz  T_0.14, 8;
    %load/vec4 v0000024104f93cd0_0;
    %assign/vec4 v0000024104ef3fd0_0, 0;
    %load/vec4 v0000024104f93eb0_0;
    %assign/vec4 v0000024104ec28c0_0, 0;
    %pushi/vec4 0, 0, 1;
    %assign/vec4 v0000024104f945e0_0, 0;
    %pushi/vec4 0, 0, 1;
    %assign/vec4 v0000024104f942c0_0, 0;
    %pushi/vec4 2, 0, 4;
    %assign/vec4 v0000024104f944a0_0, 0;
T_0.14 ;
    %jmp T_0.13;
T_0.3 ;
    %load/vec4 v0000024104ef3fd0_0;
    %parti/s 52, 0, 2;
    %concati/vec4 0, 0, 3;
    %pad/u 56;
    %assign/vec4 v0000024104ec2780_0, 0;
    %load/vec4 v0000024104ec28c0_0;
    %parti/s 52, 0, 2;
    %concati/vec4 0, 0, 3;
    %pad/u 56;
    %assign/vec4 v0000024104f93a50_0, 0;
    %load/vec4 v0000024104ef3fd0_0;
    %parti/s 11, 52, 7;
    %pad/u 13;
    %subi 1023, 0, 13;
    %assign/vec4 v0000024104ef47e0_0, 0;
    %load/vec4 v0000024104ec28c0_0;
    %parti/s 11, 52, 7;
    %pad/u 13;
    %subi 1023, 0, 13;
    %assign/vec4 v0000024104f939b0_0, 0;
    %load/vec4 v0000024104ef3fd0_0;
    %parti/s 1, 63, 7;
    %assign/vec4 v0000024104ec2820_0, 0;
    %load/vec4 v0000024104ec28c0_0;
    %parti/s 1, 63, 7;
    %assign/vec4 v0000024104f93af0_0, 0;
    %pushi/vec4 3, 0, 4;
    %assign/vec4 v0000024104f944a0_0, 0;
    %jmp T_0.13;
T_0.4 ;
    %load/vec4 v0000024104ef47e0_0;
    %pad/u 32;
    %cmpi/e 1024, 0, 32;
    %flag_get/vec4 4;
    %jmp/0 T_0.22, 4;
    %load/vec4 v0000024104ec2780_0;
    %pushi/vec4 0, 0, 56;
    %cmp/ne;
    %flag_get/vec4 4;
    %and;
T_0.22;
    %flag_set/vec4 8;
    %jmp/1 T_0.21, 8;
    %load/vec4 v0000024104f939b0_0;
    %pad/u 32;
    %cmpi/e 1024, 0, 32;
    %flag_get/vec4 4;
    %jmp/0 T_0.23, 4;
    %load/vec4 v0000024104f93a50_0;
    %pushi/vec4 0, 0, 56;
    %cmp/ne;
    %flag_get/vec4 4;
    %and;
T_0.23;
    %flag_set/vec4 9;
    %flag_or 8, 9;
T_0.21;
    %jmp/0xz  T_0.19, 8;
    %pushi/vec4 1, 0, 1;
    %ix/load 4, 63, 0;
    %ix/load 5, 0, 0;
    %flag_set/imm 4, 0;
    %assign/vec4/off/d v0000024104f94540_0, 4, 5;
    %pushi/vec4 2047, 0, 11;
    %ix/load 4, 52, 0;
    %ix/load 5, 0, 0;
    %flag_set/imm 4, 0;
    %assign/vec4/off/d v0000024104f94540_0, 4, 5;
    %pushi/vec4 1, 0, 1;
    %ix/load 4, 51, 0;
    %ix/load 5, 0, 0;
    %flag_set/imm 4, 0;
    %assign/vec4/off/d v0000024104f94540_0, 4, 5;
    %pushi/vec4 0, 0, 51;
    %ix/load 4, 0, 0;
    %ix/load 5, 0, 0;
    %flag_set/imm 4, 0;
    %assign/vec4/off/d v0000024104f94540_0, 4, 5;
    %pushi/vec4 11, 0, 4;
    %assign/vec4 v0000024104f944a0_0, 0;
    %jmp T_0.20;
T_0.19 ;
    %load/vec4 v0000024104ef47e0_0;
    %pad/u 32;
    %cmpi/e 1024, 0, 32;
    %jmp/0xz  T_0.24, 4;
    %load/vec4 v0000024104ec2820_0;
    %ix/load 4, 63, 0;
    %ix/load 5, 0, 0;
    %flag_set/imm 4, 0;
    %assign/vec4/off/d v0000024104f94540_0, 4, 5;
    %pushi/vec4 2047, 0, 11;
    %ix/load 4, 52, 0;
    %ix/load 5, 0, 0;
    %flag_set/imm 4, 0;
    %assign/vec4/off/d v0000024104f94540_0, 4, 5;
    %pushi/vec4 0, 0, 52;
    %ix/load 4, 0, 0;
    %ix/load 5, 0, 0;
    %flag_set/imm 4, 0;
    %assign/vec4/off/d v0000024104f94540_0, 4, 5;
    %load/vec4 v0000024104f939b0_0;
    %pad/u 32;
    %cmpi/e 1024, 0, 32;
    %flag_get/vec4 4;
    %jmp/0 T_0.28, 4;
    %load/vec4 v0000024104ec2820_0;
    %load/vec4 v0000024104f93af0_0;
    %cmp/ne;
    %flag_get/vec4 4;
    %and;
T_0.28;
    %flag_set/vec4 8;
    %jmp/0xz  T_0.26, 8;
    %pushi/vec4 1, 0, 1;
    %ix/load 4, 63, 0;
    %ix/load 5, 0, 0;
    %flag_set/imm 4, 0;
    %assign/vec4/off/d v0000024104f94540_0, 4, 5;
    %pushi/vec4 2047, 0, 11;
    %ix/load 4, 52, 0;
    %ix/load 5, 0, 0;
    %flag_set/imm 4, 0;
    %assign/vec4/off/d v0000024104f94540_0, 4, 5;
    %pushi/vec4 1, 0, 1;
    %ix/load 4, 51, 0;
    %ix/load 5, 0, 0;
    %flag_set/imm 4, 0;
    %assign/vec4/off/d v0000024104f94540_0, 4, 5;
    %pushi/vec4 0, 0, 51;
    %ix/load 4, 0, 0;
    %ix/load 5, 0, 0;
    %flag_set/imm 4, 0;
    %assign/vec4/off/d v0000024104f94540_0, 4, 5;
T_0.26 ;
    %pushi/vec4 11, 0, 4;
    %assign/vec4 v0000024104f944a0_0, 0;
    %jmp T_0.25;
T_0.24 ;
    %load/vec4 v0000024104f939b0_0;
    %pad/u 32;
    %cmpi/e 1024, 0, 32;
    %jmp/0xz  T_0.29, 4;
    %load/vec4 v0000024104f93af0_0;
    %ix/load 4, 63, 0;
    %ix/load 5, 0, 0;
    %flag_set/imm 4, 0;
    %assign/vec4/off/d v0000024104f94540_0, 4, 5;
    %pushi/vec4 2047, 0, 11;
    %ix/load 4, 52, 0;
    %ix/load 5, 0, 0;
    %flag_set/imm 4, 0;
    %assign/vec4/off/d v0000024104f94540_0, 4, 5;
    %pushi/vec4 0, 0, 52;
    %ix/load 4, 0, 0;
    %ix/load 5, 0, 0;
    %flag_set/imm 4, 0;
    %assign/vec4/off/d v0000024104f94540_0, 4, 5;
    %pushi/vec4 11, 0, 4;
    %assign/vec4 v0000024104f944a0_0, 0;
    %jmp T_0.30;
T_0.29 ;
    %load/vec4 v0000024104ef47e0_0;
    %pad/s 32;
    %cmpi/e 4294966273, 0, 32;
    %flag_get/vec4 4;
    %jmp/0 T_0.34, 4;
    %load/vec4 v0000024104ec2780_0;
    %pushi/vec4 0, 0, 56;
    %cmp/e;
    %flag_get/vec4 4;
    %and;
T_0.34;
    %flag_set/vec4 9;
    %flag_get/vec4 9;
    %jmp/0 T_0.33, 9;
    %load/vec4 v0000024104f939b0_0;
    %pad/s 32;
    %cmpi/e 4294966273, 0, 32;
    %flag_get/vec4 4;
    %jmp/0 T_0.35, 4;
    %load/vec4 v0000024104f93a50_0;
    %pushi/vec4 0, 0, 56;
    %cmp/e;
    %flag_get/vec4 4;
    %and;
T_0.35;
    %and;
T_0.33;
    %flag_set/vec4 8;
    %jmp/0xz  T_0.31, 8;
    %load/vec4 v0000024104ec2820_0;
    %load/vec4 v0000024104f93af0_0;
    %and;
    %ix/load 4, 63, 0;
    %ix/load 5, 0, 0;
    %flag_set/imm 4, 0;
    %assign/vec4/off/d v0000024104f94540_0, 4, 5;
    %load/vec4 v0000024104f939b0_0;
    %parti/s 11, 0, 2;
    %addi 1023, 0, 11;
    %ix/load 4, 52, 0;
    %ix/load 5, 0, 0;
    %flag_set/imm 4, 0;
    %assign/vec4/off/d v0000024104f94540_0, 4, 5;
    %load/vec4 v0000024104f93a50_0;
    %parti/s 53, 3, 3;
    %pad/u 52;
    %ix/load 4, 0, 0;
    %ix/load 5, 0, 0;
    %flag_set/imm 4, 0;
    %assign/vec4/off/d v0000024104f94540_0, 4, 5;
    %pushi/vec4 11, 0, 4;
    %assign/vec4 v0000024104f944a0_0, 0;
    %jmp T_0.32;
T_0.31 ;
    %load/vec4 v0000024104ef47e0_0;
    %pad/s 32;
    %cmpi/e 4294966273, 0, 32;
    %flag_get/vec4 4;
    %jmp/0 T_0.38, 4;
    %load/vec4 v0000024104ec2780_0;
    %pushi/vec4 0, 0, 56;
    %cmp/e;
    %flag_get/vec4 4;
    %and;
T_0.38;
    %flag_set/vec4 8;
    %jmp/0xz  T_0.36, 8;
    %load/vec4 v0000024104f93af0_0;
    %ix/load 4, 63, 0;
    %ix/load 5, 0, 0;
    %flag_set/imm 4, 0;
    %assign/vec4/off/d v0000024104f94540_0, 4, 5;
    %load/vec4 v0000024104f939b0_0;
    %parti/s 11, 0, 2;
    %addi 1023, 0, 11;
    %ix/load 4, 52, 0;
    %ix/load 5, 0, 0;
    %flag_set/imm 4, 0;
    %assign/vec4/off/d v0000024104f94540_0, 4, 5;
    %load/vec4 v0000024104f93a50_0;
    %parti/s 53, 3, 3;
    %pad/u 52;
    %ix/load 4, 0, 0;
    %ix/load 5, 0, 0;
    %flag_set/imm 4, 0;
    %assign/vec4/off/d v0000024104f94540_0, 4, 5;
    %pushi/vec4 11, 0, 4;
    %assign/vec4 v0000024104f944a0_0, 0;
    %jmp T_0.37;
T_0.36 ;
    %load/vec4 v0000024104f939b0_0;
    %pad/s 32;
    %cmpi/e 4294966273, 0, 32;
    %flag_get/vec4 4;
    %jmp/0 T_0.41, 4;
    %load/vec4 v0000024104f93a50_0;
    %pushi/vec4 0, 0, 56;
    %cmp/e;
    %flag_get/vec4 4;
    %and;
T_0.41;
    %flag_set/vec4 8;
    %jmp/0xz  T_0.39, 8;
    %load/vec4 v0000024104ec2820_0;
    %ix/load 4, 63, 0;
    %ix/load 5, 0, 0;
    %flag_set/imm 4, 0;
    %assign/vec4/off/d v0000024104f94540_0, 4, 5;
    %load/vec4 v0000024104ef47e0_0;
    %parti/s 11, 0, 2;
    %addi 1023, 0, 11;
    %ix/load 4, 52, 0;
    %ix/load 5, 0, 0;
    %flag_set/imm 4, 0;
    %assign/vec4/off/d v0000024104f94540_0, 4, 5;
    %load/vec4 v0000024104ec2780_0;
    %parti/s 53, 3, 3;
    %pad/u 52;
    %ix/load 4, 0, 0;
    %ix/load 5, 0, 0;
    %flag_set/imm 4, 0;
    %assign/vec4/off/d v0000024104f94540_0, 4, 5;
    %pushi/vec4 11, 0, 4;
    %assign/vec4 v0000024104f944a0_0, 0;
    %jmp T_0.40;
T_0.39 ;
    %load/vec4 v0000024104ef47e0_0;
    %pad/s 32;
    %cmpi/e 4294966273, 0, 32;
    %jmp/0xz  T_0.42, 4;
    %pushi/vec4 7170, 0, 13;
    %assign/vec4 v0000024104ef47e0_0, 0;
    %jmp T_0.43;
T_0.42 ;
    %pushi/vec4 1, 0, 1;
    %ix/load 4, 55, 0;
    %ix/load 5, 0, 0;
    %flag_set/imm 4, 0;
    %assign/vec4/off/d v0000024104ec2780_0, 4, 5;
T_0.43 ;
    %load/vec4 v0000024104f939b0_0;
    %pad/s 32;
    %cmpi/e 4294966273, 0, 32;
    %jmp/0xz  T_0.44, 4;
    %pushi/vec4 7170, 0, 13;
    %assign/vec4 v0000024104f939b0_0, 0;
    %jmp T_0.45;
T_0.44 ;
    %pushi/vec4 1, 0, 1;
    %ix/load 4, 55, 0;
    %ix/load 5, 0, 0;
    %flag_set/imm 4, 0;
    %assign/vec4/off/d v0000024104f93a50_0, 4, 5;
T_0.45 ;
    %pushi/vec4 4, 0, 4;
    %assign/vec4 v0000024104f944a0_0, 0;
T_0.40 ;
T_0.37 ;
T_0.32 ;
T_0.30 ;
T_0.25 ;
T_0.20 ;
    %jmp T_0.13;
T_0.5 ;
    %load/vec4 v0000024104f939b0_0;
    %load/vec4 v0000024104ef47e0_0;
    %cmp/s;
    %jmp/0xz  T_0.46, 5;
    %load/vec4 v0000024104f939b0_0;
    %addi 1, 0, 13;
    %assign/vec4 v0000024104f939b0_0, 0;
    %load/vec4 v0000024104f93a50_0;
    %ix/load 4, 1, 0;
    %flag_set/imm 4, 0;
    %shiftr 4;
    %assign/vec4 v0000024104f93a50_0, 0;
    %load/vec4 v0000024104f93a50_0;
    %parti/s 1, 0, 2;
    %load/vec4 v0000024104f93a50_0;
    %parti/s 1, 1, 2;
    %or;
    %ix/load 4, 0, 0;
    %ix/load 5, 0, 0;
    %flag_set/imm 4, 0;
    %assign/vec4/off/d v0000024104f93a50_0, 4, 5;
    %jmp T_0.47;
T_0.46 ;
    %load/vec4 v0000024104ef47e0_0;
    %load/vec4 v0000024104f939b0_0;
    %cmp/s;
    %jmp/0xz  T_0.48, 5;
    %load/vec4 v0000024104ef47e0_0;
    %addi 1, 0, 13;
    %assign/vec4 v0000024104ef47e0_0, 0;
    %load/vec4 v0000024104ec2780_0;
    %ix/load 4, 1, 0;
    %flag_set/imm 4, 0;
    %shiftr 4;
    %assign/vec4 v0000024104ec2780_0, 0;
    %load/vec4 v0000024104ec2780_0;
    %parti/s 1, 0, 2;
    %load/vec4 v0000024104ec2780_0;
    %parti/s 1, 1, 2;
    %or;
    %ix/load 4, 0, 0;
    %ix/load 5, 0, 0;
    %flag_set/imm 4, 0;
    %assign/vec4/off/d v0000024104ec2780_0, 4, 5;
    %jmp T_0.49;
T_0.48 ;
    %pushi/vec4 5, 0, 4;
    %assign/vec4 v0000024104f944a0_0, 0;
T_0.49 ;
T_0.47 ;
    %jmp T_0.13;
T_0.6 ;
    %load/vec4 v0000024104ef47e0_0;
    %assign/vec4 v0000024104f94720_0, 0;
    %load/vec4 v0000024104ec2820_0;
    %load/vec4 v0000024104f93af0_0;
    %cmp/e;
    %jmp/0xz  T_0.50, 4;
    %pushi/vec4 0, 0, 1;
    %load/vec4 v0000024104ec2780_0;
    %concat/vec4; draw_concat_vec4
    %load/vec4 v0000024104f93a50_0;
    %pad/u 57;
    %add;
    %assign/vec4 v0000024104f94360_0, 0;
    %load/vec4 v0000024104ec2820_0;
    %assign/vec4 v0000024104f94cc0_0, 0;
    %jmp T_0.51;
T_0.50 ;
    %load/vec4 v0000024104f93a50_0;
    %load/vec4 v0000024104ec2780_0;
    %cmp/u;
    %jmp/0xz  T_0.52, 5;
    %pushi/vec4 0, 0, 1;
    %load/vec4 v0000024104ec2780_0;
    %concat/vec4; draw_concat_vec4
    %load/vec4 v0000024104f93a50_0;
    %pad/u 57;
    %sub;
    %assign/vec4 v0000024104f94360_0, 0;
    %load/vec4 v0000024104ec2820_0;
    %assign/vec4 v0000024104f94cc0_0, 0;
    %jmp T_0.53;
T_0.52 ;
    %pushi/vec4 0, 0, 1;
    %load/vec4 v0000024104f93a50_0;
    %concat/vec4; draw_concat_vec4
    %load/vec4 v0000024104ec2780_0;
    %pad/u 57;
    %sub;
    %assign/vec4 v0000024104f94360_0, 0;
    %load/vec4 v0000024104f93af0_0;
    %assign/vec4 v0000024104f94cc0_0, 0;
T_0.53 ;
T_0.51 ;
    %pushi/vec4 6, 0, 4;
    %assign/vec4 v0000024104f944a0_0, 0;
    %jmp T_0.13;
T_0.7 ;
    %load/vec4 v0000024104f94360_0;
    %parti/s 1, 56, 7;
    %flag_set/vec4 8;
    %jmp/0xz  T_0.54, 8;
    %load/vec4 v0000024104f94360_0;
    %parti/s 53, 4, 4;
    %assign/vec4 v0000024104f94c20_0, 0;
    %load/vec4 v0000024104f94360_0;
    %parti/s 1, 3, 3;
    %assign/vec4 v0000024104f93c30_0, 0;
    %load/vec4 v0000024104f94360_0;
    %parti/s 1, 2, 3;
    %assign/vec4 v0000024104f94180_0, 0;
    %load/vec4 v0000024104f94360_0;
    %parti/s 1, 1, 2;
    %load/vec4 v0000024104f94360_0;
    %parti/s 1, 0, 2;
    %or;
    %assign/vec4 v0000024104f94ae0_0, 0;
    %load/vec4 v0000024104f94720_0;
    %addi 1, 0, 13;
    %assign/vec4 v0000024104f94720_0, 0;
    %jmp T_0.55;
T_0.54 ;
    %load/vec4 v0000024104f94360_0;
    %parti/s 53, 3, 3;
    %assign/vec4 v0000024104f94c20_0, 0;
    %load/vec4 v0000024104f94360_0;
    %parti/s 1, 2, 3;
    %assign/vec4 v0000024104f93c30_0, 0;
    %load/vec4 v0000024104f94360_0;
    %parti/s 1, 1, 2;
    %assign/vec4 v0000024104f94180_0, 0;
    %load/vec4 v0000024104f94360_0;
    %parti/s 1, 0, 2;
    %assign/vec4 v0000024104f94ae0_0, 0;
T_0.55 ;
    %pushi/vec4 7, 0, 4;
    %assign/vec4 v0000024104f944a0_0, 0;
    %jmp T_0.13;
T_0.8 ;
    %load/vec4 v0000024104f94c20_0;
    %parti/s 1, 52, 7;
    %pad/u 32;
    %cmpi/e 0, 0, 32;
    %flag_get/vec4 4;
    %jmp/0 T_0.58, 4;
    %pushi/vec4 4294966274, 0, 32;
    %load/vec4 v0000024104f94720_0;
    %pad/s 32;
    %cmp/s;
    %flag_get/vec4 5;
    %and;
T_0.58;
    %flag_set/vec4 8;
    %jmp/0xz  T_0.56, 8;
    %load/vec4 v0000024104f94720_0;
    %subi 1, 0, 13;
    %assign/vec4 v0000024104f94720_0, 0;
    %load/vec4 v0000024104f94c20_0;
    %ix/load 4, 1, 0;
    %flag_set/imm 4, 0;
    %shiftl 4;
    %assign/vec4 v0000024104f94c20_0, 0;
    %load/vec4 v0000024104f93c30_0;
    %ix/load 4, 0, 0;
    %ix/load 5, 0, 0;
    %flag_set/imm 4, 0;
    %assign/vec4/off/d v0000024104f94c20_0, 4, 5;
    %load/vec4 v0000024104f94180_0;
    %assign/vec4 v0000024104f93c30_0, 0;
    %pushi/vec4 0, 0, 1;
    %assign/vec4 v0000024104f94180_0, 0;
    %jmp T_0.57;
T_0.56 ;
    %pushi/vec4 8, 0, 4;
    %assign/vec4 v0000024104f944a0_0, 0;
T_0.57 ;
    %jmp T_0.13;
T_0.9 ;
    %load/vec4 v0000024104f94720_0;
    %pad/s 32;
    %cmpi/s 4294966274, 0, 32;
    %jmp/0xz  T_0.59, 5;
    %load/vec4 v0000024104f94720_0;
    %addi 1, 0, 13;
    %assign/vec4 v0000024104f94720_0, 0;
    %load/vec4 v0000024104f94c20_0;
    %ix/load 4, 1, 0;
    %flag_set/imm 4, 0;
    %shiftr 4;
    %assign/vec4 v0000024104f94c20_0, 0;
    %load/vec4 v0000024104f94c20_0;
    %parti/s 1, 0, 2;
    %assign/vec4 v0000024104f93c30_0, 0;
    %load/vec4 v0000024104f93c30_0;
    %assign/vec4 v0000024104f94180_0, 0;
    %load/vec4 v0000024104f94ae0_0;
    %load/vec4 v0000024104f94180_0;
    %or;
    %assign/vec4 v0000024104f94ae0_0, 0;
    %jmp T_0.60;
T_0.59 ;
    %pushi/vec4 9, 0, 4;
    %assign/vec4 v0000024104f944a0_0, 0;
T_0.60 ;
    %jmp T_0.13;
T_0.10 ;
    %load/vec4 v0000024104f93c30_0;
    %flag_set/vec4 9;
    %flag_get/vec4 9;
    %jmp/0 T_0.63, 9;
    %load/vec4 v0000024104f94180_0;
    %load/vec4 v0000024104f94ae0_0;
    %or;
    %load/vec4 v0000024104f94c20_0;
    %parti/s 1, 0, 2;
    %or;
    %and;
T_0.63;
    %flag_set/vec4 8;
    %jmp/0xz  T_0.61, 8;
    %load/vec4 v0000024104f94c20_0;
    %addi 1, 0, 53;
    %assign/vec4 v0000024104f94c20_0, 0;
    %load/vec4 v0000024104f94c20_0;
    %pushi/vec4 4294967295, 0, 32;
    %concati/vec4 2097151, 0, 21;
    %cmp/e;
    %jmp/0xz  T_0.64, 4;
    %load/vec4 v0000024104f94720_0;
    %addi 1, 0, 13;
    %assign/vec4 v0000024104f94720_0, 0;
T_0.64 ;
T_0.61 ;
    %pushi/vec4 10, 0, 4;
    %assign/vec4 v0000024104f944a0_0, 0;
    %jmp T_0.13;
T_0.11 ;
    %load/vec4 v0000024104f94c20_0;
    %parti/s 52, 0, 2;
    %ix/load 4, 0, 0;
    %ix/load 5, 0, 0;
    %flag_set/imm 4, 0;
    %assign/vec4/off/d v0000024104f94540_0, 4, 5;
    %load/vec4 v0000024104f94720_0;
    %parti/s 11, 0, 2;
    %addi 1023, 0, 11;
    %ix/load 4, 52, 0;
    %ix/load 5, 0, 0;
    %flag_set/imm 4, 0;
    %assign/vec4/off/d v0000024104f94540_0, 4, 5;
    %load/vec4 v0000024104f94cc0_0;
    %ix/load 4, 63, 0;
    %ix/load 5, 0, 0;
    %flag_set/imm 4, 0;
    %assign/vec4/off/d v0000024104f94540_0, 4, 5;
    %load/vec4 v0000024104f94720_0;
    %pad/s 32;
    %cmpi/e 4294966274, 0, 32;
    %flag_get/vec4 4;
    %jmp/0 T_0.68, 4;
    %load/vec4 v0000024104f94c20_0;
    %parti/s 1, 52, 7;
    %pad/u 32;
    %pushi/vec4 0, 0, 32;
    %cmp/e;
    %flag_get/vec4 4;
    %and;
T_0.68;
    %flag_set/vec4 8;
    %jmp/0xz  T_0.66, 8;
    %pushi/vec4 0, 0, 11;
    %ix/load 4, 52, 0;
    %ix/load 5, 0, 0;
    %flag_set/imm 4, 0;
    %assign/vec4/off/d v0000024104f94540_0, 4, 5;
T_0.66 ;
    %load/vec4 v0000024104f94720_0;
    %pad/s 32;
    %cmpi/e 4294966274, 0, 32;
    %flag_get/vec4 4;
    %jmp/0 T_0.71, 4;
    %load/vec4 v0000024104f94c20_0;
    %pushi/vec4 0, 0, 53;
    %cmp/e;
    %flag_get/vec4 4;
    %and;
T_0.71;
    %flag_set/vec4 8;
    %jmp/0xz  T_0.69, 8;
    %pushi/vec4 0, 0, 1;
    %ix/load 4, 63, 0;
    %ix/load 5, 0, 0;
    %flag_set/imm 4, 0;
    %assign/vec4/off/d v0000024104f94540_0, 4, 5;
T_0.69 ;
    %load/vec4 v0000024104f94720_0;
    %pad/s 32;
    %cmpi/s 1023, 0, 32;
    %flag_or 5, 4; GT is !LE
    %flag_inv 5;
    %jmp/0xz  T_0.72, 5;
    %pushi/vec4 0, 0, 52;
    %ix/load 4, 0, 0;
    %ix/load 5, 0, 0;
    %flag_set/imm 4, 0;
    %assign/vec4/off/d v0000024104f94540_0, 4, 5;
    %pushi/vec4 2047, 0, 11;
    %ix/load 4, 52, 0;
    %ix/load 5, 0, 0;
    %flag_set/imm 4, 0;
    %assign/vec4/off/d v0000024104f94540_0, 4, 5;
    %load/vec4 v0000024104f94cc0_0;
    %ix/load 4, 63, 0;
    %ix/load 5, 0, 0;
    %flag_set/imm 4, 0;
    %assign/vec4/off/d v0000024104f94540_0, 4, 5;
T_0.72 ;
    %pushi/vec4 11, 0, 4;
    %assign/vec4 v0000024104f944a0_0, 0;
    %jmp T_0.13;
T_0.12 ;
    %pushi/vec4 1, 0, 1;
    %assign/vec4 v0000024104f94680_0, 0;
    %load/vec4 v0000024104f94540_0;
    %assign/vec4 v0000024104f94e00_0, 0;
    %load/vec4 v0000024104f94680_0;
    %flag_set/vec4 9;
    %flag_get/vec4 9;
    %jmp/0 T_0.76, 9;
    %load/vec4 v0000024104f94b80_0;
    %and;
T_0.76;
    %flag_set/vec4 8;
    %jmp/0xz  T_0.74, 8;
    %pushi/vec4 0, 0, 1;
    %assign/vec4 v0000024104f94680_0, 0;
    %pushi/vec4 1, 0, 4;
    %assign/vec4 v0000024104f944a0_0, 0;
T_0.74 ;
    %jmp T_0.13;
T_0.13 ;
    %pop/vec4 1;
T_0.1 ;
    %jmp T_0;
    .thread T_0;
    .scope S_0000024104f22540;
T_1 ;
    %pushi/vec4 0, 0, 1;
    %store/vec4 v0000024104f94220_0, 0, 1;
    %pushi/vec4 0, 0, 1;
    %store/vec4 v0000024104f95570_0, 0, 1;
    %pushi/vec4 0, 0, 32;
    %store/vec4 v0000024104f94860_0, 0, 32;
    %pushi/vec4 0, 0, 32;
    %store/vec4 v0000024104f96bf0_0, 0, 32;
    %pushi/vec4 1, 0, 1;
    %store/vec4 v0000024104f95b10_0, 0, 1;
    %pushi/vec4 1, 0, 1;
    %store/vec4 v0000024104f95f70_0, 0, 1;
    %pushi/vec4 1, 0, 1;
    %store/vec4 v0000024104f959d0_0, 0, 1;
    %vpi_call 2 32 "$readmemh", "add_stim_a.txt", v0000024104f94900 {0 0 0};
    %vpi_call 2 33 "$readmemh", "add_stim_b.txt", v0000024104f940e0 {0 0 0};
    %vpi_call 2 34 "$readmemh", "add_output.txt", v0000024104f947c0 {0 0 0};
    %pushi/vec4 0, 0, 64;
    %store/vec4 v0000024104f93fa0_0, 0, 64;
    %pushi/vec4 0, 0, 64;
    %store/vec4 v0000024104f94400_0, 0, 64;
    %delay 10000, 0;
    %load/vec4 v0000024104f95570_0;
    %inv;
    %store/vec4 v0000024104f95570_0, 0, 1;
    %delay 10000, 0;
    %load/vec4 v0000024104f95570_0;
    %inv;
    %store/vec4 v0000024104f95570_0, 0, 1;
    %vpi_call 2 39 "$dumpfile", "gtk_double_adder.vcd" {0 0 0};
    %vpi_call 2 40 "$dumpvars", 32'sb00000000000000000000000000000000, S_0000024104f22540 {0 0 0};
    %end;
    .thread T_1;
    .scope S_0000024104f22540;
T_2 ;
    %delay 5000, 0;
    %load/vec4 v0000024104f94220_0;
    %inv;
    %store/vec4 v0000024104f94220_0, 0, 1;
    %jmp T_2;
    .thread T_2;
    .scope S_0000024104f22540;
T_3 ;
    %wait E_0000024104f2e840;
    %load/vec4 v0000024104f95570_0;
    %flag_set/vec4 8;
    %jmp/0xz  T_3.0, 8;
    %pushi/vec4 0, 0, 64;
    %assign/vec4 v0000024104f93fa0_0, 0;
    %pushi/vec4 0, 0, 64;
    %assign/vec4 v0000024104f94400_0, 0;
    %jmp T_3.1;
T_3.0 ;
    %ix/getv/s 4, v0000024104f94860_0;
    %load/vec4a v0000024104f94900, 4;
    %assign/vec4 v0000024104f93fa0_0, 0;
    %ix/getv/s 4, v0000024104f94860_0;
    %load/vec4a v0000024104f940e0, 4;
    %assign/vec4 v0000024104f94400_0, 0;
T_3.1 ;
    %jmp T_3;
    .thread T_3;
    .scope S_0000024104f22540;
T_4 ;
    %wait E_0000024104f2ddc0;
    %load/vec4 v0000024104f97370_0;
    %pad/u 32;
    %cmpi/e 1, 0, 32;
    %jmp/0xz  T_4.0, 4;
    %ix/getv/s 4, v0000024104f94860_0;
    %load/vec4a v0000024104f947c0, 4;
    %load/vec4 v0000024104f95bb0_0;
    %cmp/e;
    %jmp/0xz  T_4.2, 4;
    %load/vec4 v0000024104f94860_0;
    %addi 1, 0, 32;
    %vpi_call 2 71 "$display", "Test %d / %d is correct", S<0,vec4,s32>, P_0000024104f2db80 {1 0 0};
    %load/vec4 v0000024104f96bf0_0;
    %addi 1, 0, 32;
    %store/vec4 v0000024104f96bf0_0, 0, 32;
T_4.2 ;
    %load/vec4 v0000024104f96bf0_0;
    %cmpi/e 2021, 0, 32;
    %flag_get/vec4 4;
    %jmp/0 T_4.6, 4;
    %load/vec4 v0000024104f94860_0;
    %pushi/vec4 2020, 0, 32;
    %cmp/e;
    %flag_get/vec4 4;
    %and;
T_4.6;
    %flag_set/vec4 8;
    %jmp/0xz  T_4.4, 8;
    %vpi_call 2 76 "$display", "All tests are correct !!" {0 0 0};
    %jmp T_4.5;
T_4.4 ;
    %load/vec4 v0000024104f96bf0_0;
    %cmpi/ne 2021, 0, 32;
    %flag_get/vec4 4;
    %jmp/0 T_4.9, 4;
    %load/vec4 v0000024104f94860_0;
    %pushi/vec4 2020, 0, 32;
    %cmp/e;
    %flag_get/vec4 4;
    %and;
T_4.9;
    %flag_set/vec4 8;
    %jmp/0xz  T_4.7, 8;
    %vpi_call 2 78 "$display", "%d out of %d are correct !!", v0000024104f96bf0_0, P_0000024104f2db80 {0 0 0};
T_4.7 ;
T_4.5 ;
    %load/vec4 v0000024104f94860_0;
    %addi 1, 0, 32;
    %store/vec4 v0000024104f94860_0, 0, 32;
T_4.0 ;
    %jmp T_4;
    .thread T_4;
# The file index is used to find the file name in the following table.
:file_names 4;
    "N/A";
    "<interactive>";
    "double_adder_tb.v";
    "double_adder.v";
