#! /c/Source/iverilog-install/bin/vvp
:ivl_version "12.0 (devel)" "(s20150603-1539-g2693dd32b)";
:ivl_delay_selection "TYPICAL";
:vpi_time_precision - 12;
:vpi_module "C:\iverilog\lib\ivl\system.vpi";
:vpi_module "C:\iverilog\lib\ivl\vhdl_sys.vpi";
:vpi_module "C:\iverilog\lib\ivl\vhdl_textio.vpi";
:vpi_module "C:\iverilog\lib\ivl\v2005_math.vpi";
:vpi_module "C:\iverilog\lib\ivl\va_math.vpi";
S_000002c6a97cf090 .scope module, "double_divider_tb" "double_divider_tb" 2 4;
 .timescale -9 -12;
P_000002c6a97bd680 .param/l "cases" 0 2 22, +C4<00000000000000000000011111101001>;
L_000002c6a97bc0b0 .functor BUFZ 64, v000002c6a9828b60_0, C4<0000000000000000000000000000000000000000000000000000000000000000>, C4<0000000000000000000000000000000000000000000000000000000000000000>, C4<0000000000000000000000000000000000000000000000000000000000000000>;
L_000002c6a97bbb00 .functor BUFZ 64, v000002c6a9829240_0, C4<0000000000000000000000000000000000000000000000000000000000000000>, C4<0000000000000000000000000000000000000000000000000000000000000000>, C4<0000000000000000000000000000000000000000000000000000000000000000>;
v000002c6a9828b60_0 .var "Tin_a", 63 0;
v000002c6a9829240_0 .var "Tin_b", 63 0;
v000002c6a98292e0 .array "array_a", 2024 0, 63 0;
v000002c6a981ed70 .array "array_b", 2024 0, 63 0;
v000002c6a981f950 .array "array_out", 2024 0, 63 0;
v000002c6a981e910_0 .var "clk", 0 0;
v000002c6a981ec30_0 .var/i "i", 31 0;
v000002c6a981fef0_0 .net "input_a", 63 0, L_000002c6a97bc0b0;  1 drivers
v000002c6a981f450_0 .net "input_a_ack", 0 0, L_000002c6a97bb940;  1 drivers
v000002c6a981f810_0 .var "input_a_stb", 0 0;
v000002c6a981f9f0_0 .net "input_b", 63 0, L_000002c6a97bbb00;  1 drivers
v000002c6a981ee10_0 .net "input_b_ack", 0 0, L_000002c6a97bb5c0;  1 drivers
v000002c6a981f130_0 .var "input_b_stb", 0 0;
v000002c6a981f8b0_0 .var/i "j", 31 0;
v000002c6a981f090_0 .net "output_z", 63 0, L_000002c6a97bbcc0;  1 drivers
v000002c6a981ecd0_0 .var "output_z_ack", 0 0;
v000002c6a981eeb0_0 .net "output_z_stb", 0 0, L_000002c6a97bbe10;  1 drivers
v000002c6a981f4f0_0 .var "rst", 0 0;
E_000002c6a97bde80 .event posedge, v000002c6a98297e0_0, v000002c6a97528d0_0;
S_000002c6a97cf5f0 .scope module, "uut" "double_divider" 2 87, 3 5 0, S_000002c6a97cf090;
 .timescale 0 0;
    .port_info 0 /INPUT 64 "input_a";
    .port_info 1 /INPUT 64 "input_b";
    .port_info 2 /INPUT 1 "input_a_stb";
    .port_info 3 /INPUT 1 "input_b_stb";
    .port_info 4 /INPUT 1 "output_z_ack";
    .port_info 5 /INPUT 1 "clk";
    .port_info 6 /INPUT 1 "rst";
    .port_info 7 /OUTPUT 64 "output_z";
    .port_info 8 /OUTPUT 1 "output_z_stb";
    .port_info 9 /OUTPUT 1 "input_a_ack";
    .port_info 10 /OUTPUT 1 "input_b_ack";
P_000002c6a97cfc10 .param/l "divide_0" 0 3 44, C4<0110>;
P_000002c6a97cfc48 .param/l "divide_1" 0 3 45, C4<0111>;
P_000002c6a97cfc80 .param/l "divide_2" 0 3 46, C4<1000>;
P_000002c6a97cfcb8 .param/l "divide_3" 0 3 47, C4<1001>;
P_000002c6a97cfcf0 .param/l "get_a_b" 0 3 39, C4<0001>;
P_000002c6a97cfd28 .param/l "normalise_1" 0 3 48, C4<1010>;
P_000002c6a97cfd60 .param/l "normalise_2" 0 3 49, C4<1011>;
P_000002c6a97cfd98 .param/l "normalise_a" 0 3 42, C4<0100>;
P_000002c6a97cfdd0 .param/l "normalise_b" 0 3 43, C4<0101>;
P_000002c6a97cfe08 .param/l "pack" 0 3 51, C4<1101>;
P_000002c6a97cfe40 .param/l "put_z" 0 3 52, C4<1110>;
P_000002c6a97cfe78 .param/l "round" 0 3 50, C4<1100>;
P_000002c6a97cfeb0 .param/l "special_cases" 0 3 41, C4<0011>;
P_000002c6a97cfee8 .param/l "unpack" 0 3 40, C4<0010>;
L_000002c6a97bb940 .functor BUFZ 1, v000002c6a98299c0_0, C4<0>, C4<0>, C4<0>;
L_000002c6a97bb5c0 .functor BUFZ 1, v000002c6a9828fc0_0, C4<0>, C4<0>, C4<0>;
L_000002c6a97bbe10 .functor BUFZ 1, v000002c6a9829100_0, C4<0>, C4<0>, C4<0>;
L_000002c6a97bbcc0 .functor BUFZ 64, v000002c6a9829880_0, C4<0000000000000000000000000000000000000000000000000000000000000000>, C4<0000000000000000000000000000000000000000000000000000000000000000>, C4<0000000000000000000000000000000000000000000000000000000000000000>;
v000002c6a97cf780_0 .var "a", 63 0;
v000002c6a97cf820_0 .var "a_e", 12 0;
v000002c6a9752510_0 .var "a_m", 52 0;
v000002c6a97525b0_0 .var "a_s", 0 0;
v000002c6a9752650_0 .var "b", 63 0;
v000002c6a97526f0_0 .var "b_e", 12 0;
v000002c6a9752790_0 .var "b_m", 52 0;
v000002c6a9752830_0 .var "b_s", 0 0;
v000002c6a97528d0_0 .net "clk", 0 0, v000002c6a981e910_0;  1 drivers
v000002c6a98287f0_0 .var "count", 6 0;
v000002c6a9828890_0 .var "dividend", 108 0;
v000002c6a9828930_0 .var "divisor", 108 0;
v000002c6a98289d0_0 .var "guard", 0 0;
v000002c6a9828a70_0 .net "input_a", 63 0, L_000002c6a97bc0b0;  alias, 1 drivers
v000002c6a9829420_0 .net "input_a_ack", 0 0, L_000002c6a97bb940;  alias, 1 drivers
v000002c6a9828de0_0 .net "input_a_stb", 0 0, v000002c6a981f810_0;  1 drivers
v000002c6a9829740_0 .net "input_b", 63 0, L_000002c6a97bbb00;  alias, 1 drivers
v000002c6a9829560_0 .net "input_b_ack", 0 0, L_000002c6a97bb5c0;  alias, 1 drivers
v000002c6a9829920_0 .net "input_b_stb", 0 0, v000002c6a981f130_0;  1 drivers
v000002c6a9828e80_0 .net "output_z", 63 0, L_000002c6a97bbcc0;  alias, 1 drivers
v000002c6a98294c0_0 .net "output_z_ack", 0 0, v000002c6a981ecd0_0;  1 drivers
v000002c6a9828f20_0 .net "output_z_stb", 0 0, L_000002c6a97bbe10;  alias, 1 drivers
v000002c6a9829600_0 .var "quotient", 108 0;
v000002c6a98296a0_0 .var "remainder", 108 0;
v000002c6a9829380_0 .var "round_bit", 0 0;
v000002c6a98297e0_0 .net "rst", 0 0, v000002c6a981f4f0_0;  1 drivers
v000002c6a98299c0_0 .var "s_input_a_ack", 0 0;
v000002c6a9828fc0_0 .var "s_input_b_ack", 0 0;
v000002c6a9829880_0 .var "s_output_z", 63 0;
v000002c6a9829100_0 .var "s_output_z_stb", 0 0;
v000002c6a9828c00_0 .var "state", 3 0;
v000002c6a9829a60_0 .var "sticky", 0 0;
v000002c6a9828ca0_0 .var "z", 63 0;
v000002c6a9828d40_0 .var "z_e", 12 0;
v000002c6a9829060_0 .var "z_m", 52 0;
v000002c6a98291a0_0 .var "z_s", 0 0;
E_000002c6a97be0c0 .event posedge, v000002c6a97528d0_0;
    .scope S_000002c6a97cf5f0;
T_0 ;
    %wait E_000002c6a97be0c0;
    %load/vec4 v000002c6a98297e0_0;
    %pad/u 32;
    %cmpi/e 1, 0, 32;
    %jmp/0xz  T_0.0, 4;
    %pushi/vec4 1, 0, 4;
    %assign/vec4 v000002c6a9828c00_0, 0;
    %pushi/vec4 0, 0, 1;
    %assign/vec4 v000002c6a98299c0_0, 0;
    %pushi/vec4 0, 0, 1;
    %assign/vec4 v000002c6a9828fc0_0, 0;
    %pushi/vec4 0, 0, 1;
    %assign/vec4 v000002c6a9829100_0, 0;
    %jmp T_0.1;
T_0.0 ;
    %load/vec4 v000002c6a9828c00_0;
    %dup/vec4;
    %pushi/vec4 1, 0, 4;
    %cmp/u;
    %jmp/1 T_0.2, 6;
    %dup/vec4;
    %pushi/vec4 2, 0, 4;
    %cmp/u;
    %jmp/1 T_0.3, 6;
    %dup/vec4;
    %pushi/vec4 3, 0, 4;
    %cmp/u;
    %jmp/1 T_0.4, 6;
    %dup/vec4;
    %pushi/vec4 4, 0, 4;
    %cmp/u;
    %jmp/1 T_0.5, 6;
    %dup/vec4;
    %pushi/vec4 5, 0, 4;
    %cmp/u;
    %jmp/1 T_0.6, 6;
    %dup/vec4;
    %pushi/vec4 6, 0, 4;
    %cmp/u;
    %jmp/1 T_0.7, 6;
    %dup/vec4;
    %pushi/vec4 7, 0, 4;
    %cmp/u;
    %jmp/1 T_0.8, 6;
    %dup/vec4;
    %pushi/vec4 8, 0, 4;
    %cmp/u;
    %jmp/1 T_0.9, 6;
    %dup/vec4;
    %pushi/vec4 9, 0, 4;
    %cmp/u;
    %jmp/1 T_0.10, 6;
    %dup/vec4;
    %pushi/vec4 10, 0, 4;
    %cmp/u;
    %jmp/1 T_0.11, 6;
    %dup/vec4;
    %pushi/vec4 11, 0, 4;
    %cmp/u;
    %jmp/1 T_0.12, 6;
    %dup/vec4;
    %pushi/vec4 12, 0, 4;
    %cmp/u;
    %jmp/1 T_0.13, 6;
    %dup/vec4;
    %pushi/vec4 13, 0, 4;
    %cmp/u;
    %jmp/1 T_0.14, 6;
    %dup/vec4;
    %pushi/vec4 14, 0, 4;
    %cmp/u;
    %jmp/1 T_0.15, 6;
    %jmp T_0.16;
T_0.2 ;
    %pushi/vec4 1, 0, 1;
    %assign/vec4 v000002c6a9828fc0_0, 0;
    %pushi/vec4 1, 0, 1;
    %assign/vec4 v000002c6a98299c0_0, 0;
    %load/vec4 v000002c6a9828fc0_0;
    %flag_set/vec4 11;
    %flag_get/vec4 11;
    %jmp/0 T_0.21, 11;
    %load/vec4 v000002c6a9829920_0;
    %and;
T_0.21;
    %flag_set/vec4 10;
    %flag_get/vec4 10;
    %jmp/0 T_0.20, 10;
    %load/vec4 v000002c6a98299c0_0;
    %and;
T_0.20;
    %flag_set/vec4 9;
    %flag_get/vec4 9;
    %jmp/0 T_0.19, 9;
    %load/vec4 v000002c6a9828de0_0;
    %and;
T_0.19;
    %flag_set/vec4 8;
    %jmp/0xz  T_0.17, 8;
    %load/vec4 v000002c6a9828a70_0;
    %assign/vec4 v000002c6a97cf780_0, 0;
    %load/vec4 v000002c6a9829740_0;
    %assign/vec4 v000002c6a9752650_0, 0;
    %pushi/vec4 0, 0, 1;
    %assign/vec4 v000002c6a98299c0_0, 0;
    %pushi/vec4 0, 0, 1;
    %assign/vec4 v000002c6a9828fc0_0, 0;
    %pushi/vec4 2, 0, 4;
    %assign/vec4 v000002c6a9828c00_0, 0;
T_0.17 ;
    %jmp T_0.16;
T_0.3 ;
    %load/vec4 v000002c6a97cf780_0;
    %parti/s 52, 0, 2;
    %pad/u 53;
    %assign/vec4 v000002c6a9752510_0, 0;
    %load/vec4 v000002c6a9752650_0;
    %parti/s 52, 0, 2;
    %pad/u 53;
    %assign/vec4 v000002c6a9752790_0, 0;
    %load/vec4 v000002c6a97cf780_0;
    %parti/s 11, 52, 7;
    %pad/u 13;
    %subi 1023, 0, 13;
    %assign/vec4 v000002c6a97cf820_0, 0;
    %load/vec4 v000002c6a9752650_0;
    %parti/s 11, 52, 7;
    %pad/u 13;
    %subi 1023, 0, 13;
    %assign/vec4 v000002c6a97526f0_0, 0;
    %load/vec4 v000002c6a97cf780_0;
    %parti/s 1, 63, 7;
    %assign/vec4 v000002c6a97525b0_0, 0;
    %load/vec4 v000002c6a9752650_0;
    %parti/s 1, 63, 7;
    %assign/vec4 v000002c6a9752830_0, 0;
    %pushi/vec4 3, 0, 4;
    %assign/vec4 v000002c6a9828c00_0, 0;
    %jmp T_0.16;
T_0.4 ;
    %load/vec4 v000002c6a97cf820_0;
    %pad/u 32;
    %cmpi/e 1024, 0, 32;
    %flag_get/vec4 4;
    %jmp/0 T_0.25, 4;
    %load/vec4 v000002c6a9752510_0;
    %pushi/vec4 0, 0, 53;
    %cmp/ne;
    %flag_get/vec4 4;
    %and;
T_0.25;
    %flag_set/vec4 8;
    %jmp/1 T_0.24, 8;
    %load/vec4 v000002c6a97526f0_0;
    %pad/u 32;
    %cmpi/e 1024, 0, 32;
    %flag_get/vec4 4;
    %jmp/0 T_0.26, 4;
    %load/vec4 v000002c6a9752790_0;
    %pushi/vec4 0, 0, 53;
    %cmp/ne;
    %flag_get/vec4 4;
    %and;
T_0.26;
    %flag_set/vec4 9;
    %flag_or 8, 9;
T_0.24;
    %jmp/0xz  T_0.22, 8;
    %pushi/vec4 1, 0, 1;
    %ix/load 4, 63, 0;
    %ix/load 5, 0, 0;
    %flag_set/imm 4, 0;
    %assign/vec4/off/d v000002c6a9828ca0_0, 4, 5;
    %pushi/vec4 2047, 0, 11;
    %ix/load 4, 52, 0;
    %ix/load 5, 0, 0;
    %flag_set/imm 4, 0;
    %assign/vec4/off/d v000002c6a9828ca0_0, 4, 5;
    %pushi/vec4 1, 0, 1;
    %ix/load 4, 51, 0;
    %ix/load 5, 0, 0;
    %flag_set/imm 4, 0;
    %assign/vec4/off/d v000002c6a9828ca0_0, 4, 5;
    %pushi/vec4 0, 0, 51;
    %ix/load 4, 0, 0;
    %ix/load 5, 0, 0;
    %flag_set/imm 4, 0;
    %assign/vec4/off/d v000002c6a9828ca0_0, 4, 5;
    %pushi/vec4 14, 0, 4;
    %assign/vec4 v000002c6a9828c00_0, 0;
    %jmp T_0.23;
T_0.22 ;
    %load/vec4 v000002c6a97cf820_0;
    %pad/u 32;
    %cmpi/e 1024, 0, 32;
    %flag_get/vec4 4;
    %jmp/0 T_0.29, 4;
    %load/vec4 v000002c6a97526f0_0;
    %pad/u 32;
    %pushi/vec4 1024, 0, 32;
    %cmp/e;
    %flag_get/vec4 4;
    %and;
T_0.29;
    %flag_set/vec4 8;
    %jmp/0xz  T_0.27, 8;
    %pushi/vec4 1, 0, 1;
    %ix/load 4, 63, 0;
    %ix/load 5, 0, 0;
    %flag_set/imm 4, 0;
    %assign/vec4/off/d v000002c6a9828ca0_0, 4, 5;
    %pushi/vec4 2047, 0, 11;
    %ix/load 4, 52, 0;
    %ix/load 5, 0, 0;
    %flag_set/imm 4, 0;
    %assign/vec4/off/d v000002c6a9828ca0_0, 4, 5;
    %pushi/vec4 1, 0, 1;
    %ix/load 4, 51, 0;
    %ix/load 5, 0, 0;
    %flag_set/imm 4, 0;
    %assign/vec4/off/d v000002c6a9828ca0_0, 4, 5;
    %pushi/vec4 0, 0, 51;
    %ix/load 4, 0, 0;
    %ix/load 5, 0, 0;
    %flag_set/imm 4, 0;
    %assign/vec4/off/d v000002c6a9828ca0_0, 4, 5;
    %pushi/vec4 14, 0, 4;
    %assign/vec4 v000002c6a9828c00_0, 0;
    %jmp T_0.28;
T_0.27 ;
    %load/vec4 v000002c6a97cf820_0;
    %pad/u 32;
    %cmpi/e 1024, 0, 32;
    %jmp/0xz  T_0.30, 4;
    %load/vec4 v000002c6a97525b0_0;
    %load/vec4 v000002c6a9752830_0;
    %xor;
    %ix/load 4, 63, 0;
    %ix/load 5, 0, 0;
    %flag_set/imm 4, 0;
    %assign/vec4/off/d v000002c6a9828ca0_0, 4, 5;
    %pushi/vec4 2047, 0, 11;
    %ix/load 4, 52, 0;
    %ix/load 5, 0, 0;
    %flag_set/imm 4, 0;
    %assign/vec4/off/d v000002c6a9828ca0_0, 4, 5;
    %pushi/vec4 0, 0, 52;
    %ix/load 4, 0, 0;
    %ix/load 5, 0, 0;
    %flag_set/imm 4, 0;
    %assign/vec4/off/d v000002c6a9828ca0_0, 4, 5;
    %pushi/vec4 14, 0, 4;
    %assign/vec4 v000002c6a9828c00_0, 0;
    %load/vec4 v000002c6a97526f0_0;
    %pad/u 32;
    %pushi/vec4 4294966273, 0, 32;
    %cmp/e;
    %flag_get/vec4 4;
    %flag_set/vec4 9;
    %flag_get/vec4 9;
    %jmp/0 T_0.34, 9;
    %load/vec4 v000002c6a9752790_0;
    %pushi/vec4 0, 0, 53;
    %cmp/e;
    %flag_get/vec4 4;
    %and;
T_0.34;
    %flag_set/vec4 8;
    %jmp/0xz  T_0.32, 8;
    %pushi/vec4 1, 0, 1;
    %ix/load 4, 63, 0;
    %ix/load 5, 0, 0;
    %flag_set/imm 4, 0;
    %assign/vec4/off/d v000002c6a9828ca0_0, 4, 5;
    %pushi/vec4 2047, 0, 11;
    %ix/load 4, 52, 0;
    %ix/load 5, 0, 0;
    %flag_set/imm 4, 0;
    %assign/vec4/off/d v000002c6a9828ca0_0, 4, 5;
    %pushi/vec4 1, 0, 1;
    %ix/load 4, 51, 0;
    %ix/load 5, 0, 0;
    %flag_set/imm 4, 0;
    %assign/vec4/off/d v000002c6a9828ca0_0, 4, 5;
    %pushi/vec4 0, 0, 51;
    %ix/load 4, 0, 0;
    %ix/load 5, 0, 0;
    %flag_set/imm 4, 0;
    %assign/vec4/off/d v000002c6a9828ca0_0, 4, 5;
    %pushi/vec4 14, 0, 4;
    %assign/vec4 v000002c6a9828c00_0, 0;
T_0.32 ;
    %jmp T_0.31;
T_0.30 ;
    %load/vec4 v000002c6a97526f0_0;
    %pad/u 32;
    %cmpi/e 1024, 0, 32;
    %jmp/0xz  T_0.35, 4;
    %load/vec4 v000002c6a97525b0_0;
    %load/vec4 v000002c6a9752830_0;
    %xor;
    %ix/load 4, 63, 0;
    %ix/load 5, 0, 0;
    %flag_set/imm 4, 0;
    %assign/vec4/off/d v000002c6a9828ca0_0, 4, 5;
    %pushi/vec4 0, 0, 11;
    %ix/load 4, 52, 0;
    %ix/load 5, 0, 0;
    %flag_set/imm 4, 0;
    %assign/vec4/off/d v000002c6a9828ca0_0, 4, 5;
    %pushi/vec4 0, 0, 52;
    %ix/load 4, 0, 0;
    %ix/load 5, 0, 0;
    %flag_set/imm 4, 0;
    %assign/vec4/off/d v000002c6a9828ca0_0, 4, 5;
    %pushi/vec4 14, 0, 4;
    %assign/vec4 v000002c6a9828c00_0, 0;
    %jmp T_0.36;
T_0.35 ;
    %load/vec4 v000002c6a97cf820_0;
    %pad/s 32;
    %cmpi/e 4294966273, 0, 32;
    %flag_get/vec4 4;
    %jmp/0 T_0.39, 4;
    %load/vec4 v000002c6a9752510_0;
    %pushi/vec4 0, 0, 53;
    %cmp/e;
    %flag_get/vec4 4;
    %and;
T_0.39;
    %flag_set/vec4 8;
    %jmp/0xz  T_0.37, 8;
    %load/vec4 v000002c6a97525b0_0;
    %load/vec4 v000002c6a9752830_0;
    %xor;
    %ix/load 4, 63, 0;
    %ix/load 5, 0, 0;
    %flag_set/imm 4, 0;
    %assign/vec4/off/d v000002c6a9828ca0_0, 4, 5;
    %pushi/vec4 0, 0, 11;
    %ix/load 4, 52, 0;
    %ix/load 5, 0, 0;
    %flag_set/imm 4, 0;
    %assign/vec4/off/d v000002c6a9828ca0_0, 4, 5;
    %pushi/vec4 0, 0, 52;
    %ix/load 4, 0, 0;
    %ix/load 5, 0, 0;
    %flag_set/imm 4, 0;
    %assign/vec4/off/d v000002c6a9828ca0_0, 4, 5;
    %pushi/vec4 14, 0, 4;
    %assign/vec4 v000002c6a9828c00_0, 0;
    %load/vec4 v000002c6a97526f0_0;
    %pad/s 32;
    %cmpi/e 4294966273, 0, 32;
    %flag_get/vec4 4;
    %jmp/0 T_0.42, 4;
    %load/vec4 v000002c6a9752790_0;
    %pushi/vec4 0, 0, 53;
    %cmp/e;
    %flag_get/vec4 4;
    %and;
T_0.42;
    %flag_set/vec4 8;
    %jmp/0xz  T_0.40, 8;
    %pushi/vec4 1, 0, 1;
    %ix/load 4, 63, 0;
    %ix/load 5, 0, 0;
    %flag_set/imm 4, 0;
    %assign/vec4/off/d v000002c6a9828ca0_0, 4, 5;
    %pushi/vec4 2047, 0, 11;
    %ix/load 4, 52, 0;
    %ix/load 5, 0, 0;
    %flag_set/imm 4, 0;
    %assign/vec4/off/d v000002c6a9828ca0_0, 4, 5;
    %pushi/vec4 1, 0, 1;
    %ix/load 4, 51, 0;
    %ix/load 5, 0, 0;
    %flag_set/imm 4, 0;
    %assign/vec4/off/d v000002c6a9828ca0_0, 4, 5;
    %pushi/vec4 0, 0, 51;
    %ix/load 4, 0, 0;
    %ix/load 5, 0, 0;
    %flag_set/imm 4, 0;
    %assign/vec4/off/d v000002c6a9828ca0_0, 4, 5;
    %pushi/vec4 14, 0, 4;
    %assign/vec4 v000002c6a9828c00_0, 0;
T_0.40 ;
    %jmp T_0.38;
T_0.37 ;
    %load/vec4 v000002c6a97526f0_0;
    %pad/s 32;
    %cmpi/e 4294966273, 0, 32;
    %flag_get/vec4 4;
    %jmp/0 T_0.45, 4;
    %load/vec4 v000002c6a9752790_0;
    %pushi/vec4 0, 0, 53;
    %cmp/e;
    %flag_get/vec4 4;
    %and;
T_0.45;
    %flag_set/vec4 8;
    %jmp/0xz  T_0.43, 8;
    %load/vec4 v000002c6a97525b0_0;
    %load/vec4 v000002c6a9752830_0;
    %xor;
    %ix/load 4, 63, 0;
    %ix/load 5, 0, 0;
    %flag_set/imm 4, 0;
    %assign/vec4/off/d v000002c6a9828ca0_0, 4, 5;
    %pushi/vec4 2047, 0, 11;
    %ix/load 4, 52, 0;
    %ix/load 5, 0, 0;
    %flag_set/imm 4, 0;
    %assign/vec4/off/d v000002c6a9828ca0_0, 4, 5;
    %pushi/vec4 0, 0, 52;
    %ix/load 4, 0, 0;
    %ix/load 5, 0, 0;
    %flag_set/imm 4, 0;
    %assign/vec4/off/d v000002c6a9828ca0_0, 4, 5;
    %pushi/vec4 14, 0, 4;
    %assign/vec4 v000002c6a9828c00_0, 0;
    %jmp T_0.44;
T_0.43 ;
    %load/vec4 v000002c6a97cf820_0;
    %pad/s 32;
    %cmpi/e 4294966273, 0, 32;
    %jmp/0xz  T_0.46, 4;
    %pushi/vec4 7170, 0, 13;
    %assign/vec4 v000002c6a97cf820_0, 0;
    %jmp T_0.47;
T_0.46 ;
    %pushi/vec4 1, 0, 1;
    %ix/load 4, 52, 0;
    %ix/load 5, 0, 0;
    %flag_set/imm 4, 0;
    %assign/vec4/off/d v000002c6a9752510_0, 4, 5;
T_0.47 ;
    %load/vec4 v000002c6a97526f0_0;
    %pad/s 32;
    %cmpi/e 4294966273, 0, 32;
    %jmp/0xz  T_0.48, 4;
    %pushi/vec4 7170, 0, 13;
    %assign/vec4 v000002c6a97526f0_0, 0;
    %jmp T_0.49;
T_0.48 ;
    %pushi/vec4 1, 0, 1;
    %ix/load 4, 52, 0;
    %ix/load 5, 0, 0;
    %flag_set/imm 4, 0;
    %assign/vec4/off/d v000002c6a9752790_0, 4, 5;
T_0.49 ;
    %pushi/vec4 4, 0, 4;
    %assign/vec4 v000002c6a9828c00_0, 0;
T_0.44 ;
T_0.38 ;
T_0.36 ;
T_0.31 ;
T_0.28 ;
T_0.23 ;
    %jmp T_0.16;
T_0.5 ;
    %load/vec4 v000002c6a9752510_0;
    %parti/s 1, 52, 7;
    %flag_set/vec4 8;
    %jmp/0xz  T_0.50, 8;
    %pushi/vec4 5, 0, 4;
    %assign/vec4 v000002c6a9828c00_0, 0;
    %jmp T_0.51;
T_0.50 ;
    %load/vec4 v000002c6a9752510_0;
    %ix/load 4, 1, 0;
    %flag_set/imm 4, 0;
    %shiftl 4;
    %assign/vec4 v000002c6a9752510_0, 0;
    %load/vec4 v000002c6a97cf820_0;
    %subi 1, 0, 13;
    %assign/vec4 v000002c6a97cf820_0, 0;
T_0.51 ;
    %jmp T_0.16;
T_0.6 ;
    %load/vec4 v000002c6a9752790_0;
    %parti/s 1, 52, 7;
    %flag_set/vec4 8;
    %jmp/0xz  T_0.52, 8;
    %pushi/vec4 6, 0, 4;
    %assign/vec4 v000002c6a9828c00_0, 0;
    %jmp T_0.53;
T_0.52 ;
    %load/vec4 v000002c6a9752790_0;
    %ix/load 4, 1, 0;
    %flag_set/imm 4, 0;
    %shiftl 4;
    %assign/vec4 v000002c6a9752790_0, 0;
    %load/vec4 v000002c6a97526f0_0;
    %subi 1, 0, 13;
    %assign/vec4 v000002c6a97526f0_0, 0;
T_0.53 ;
    %jmp T_0.16;
T_0.7 ;
    %load/vec4 v000002c6a97525b0_0;
    %load/vec4 v000002c6a9752830_0;
    %xor;
    %assign/vec4 v000002c6a98291a0_0, 0;
    %load/vec4 v000002c6a97cf820_0;
    %load/vec4 v000002c6a97526f0_0;
    %sub;
    %assign/vec4 v000002c6a9828d40_0, 0;
    %pushi/vec4 0, 0, 109;
    %assign/vec4 v000002c6a9829600_0, 0;
    %pushi/vec4 0, 0, 109;
    %assign/vec4 v000002c6a98296a0_0, 0;
    %pushi/vec4 0, 0, 7;
    %assign/vec4 v000002c6a98287f0_0, 0;
    %load/vec4 v000002c6a9752510_0;
    %pad/u 109;
    %ix/load 4, 56, 0;
    %flag_set/imm 4, 0;
    %shiftl 4;
    %assign/vec4 v000002c6a9828890_0, 0;
    %load/vec4 v000002c6a9752790_0;
    %pad/u 109;
    %assign/vec4 v000002c6a9828930_0, 0;
    %pushi/vec4 7, 0, 4;
    %assign/vec4 v000002c6a9828c00_0, 0;
    %jmp T_0.16;
T_0.8 ;
    %load/vec4 v000002c6a9829600_0;
    %ix/load 4, 1, 0;
    %flag_set/imm 4, 0;
    %shiftl 4;
    %assign/vec4 v000002c6a9829600_0, 0;
    %load/vec4 v000002c6a98296a0_0;
    %ix/load 4, 1, 0;
    %flag_set/imm 4, 0;
    %shiftl 4;
    %assign/vec4 v000002c6a98296a0_0, 0;
    %load/vec4 v000002c6a9828890_0;
    %parti/s 1, 108, 8;
    %ix/load 4, 0, 0;
    %ix/load 5, 0, 0;
    %flag_set/imm 4, 0;
    %assign/vec4/off/d v000002c6a98296a0_0, 4, 5;
    %load/vec4 v000002c6a9828890_0;
    %ix/load 4, 1, 0;
    %flag_set/imm 4, 0;
    %shiftl 4;
    %assign/vec4 v000002c6a9828890_0, 0;
    %pushi/vec4 8, 0, 4;
    %assign/vec4 v000002c6a9828c00_0, 0;
    %jmp T_0.16;
T_0.9 ;
    %load/vec4 v000002c6a9828930_0;
    %load/vec4 v000002c6a98296a0_0;
    %cmp/u;
    %flag_or 5, 4;
    %jmp/0xz  T_0.54, 5;
    %pushi/vec4 1, 0, 1;
    %ix/load 4, 0, 0;
    %ix/load 5, 0, 0;
    %flag_set/imm 4, 0;
    %assign/vec4/off/d v000002c6a9829600_0, 4, 5;
    %load/vec4 v000002c6a98296a0_0;
    %load/vec4 v000002c6a9828930_0;
    %sub;
    %assign/vec4 v000002c6a98296a0_0, 0;
T_0.54 ;
    %load/vec4 v000002c6a98287f0_0;
    %pad/u 32;
    %cmpi/e 107, 0, 32;
    %jmp/0xz  T_0.56, 4;
    %pushi/vec4 9, 0, 4;
    %assign/vec4 v000002c6a9828c00_0, 0;
    %jmp T_0.57;
T_0.56 ;
    %load/vec4 v000002c6a98287f0_0;
    %addi 1, 0, 7;
    %assign/vec4 v000002c6a98287f0_0, 0;
    %pushi/vec4 7, 0, 4;
    %assign/vec4 v000002c6a9828c00_0, 0;
T_0.57 ;
    %jmp T_0.16;
T_0.10 ;
    %load/vec4 v000002c6a9829600_0;
    %parti/s 53, 3, 3;
    %assign/vec4 v000002c6a9829060_0, 0;
    %load/vec4 v000002c6a9829600_0;
    %parti/s 1, 2, 3;
    %assign/vec4 v000002c6a98289d0_0, 0;
    %load/vec4 v000002c6a9829600_0;
    %parti/s 1, 1, 2;
    %assign/vec4 v000002c6a9829380_0, 0;
    %load/vec4 v000002c6a9829600_0;
    %parti/s 1, 0, 2;
    %load/vec4 v000002c6a98296a0_0;
    %pushi/vec4 0, 0, 109;
    %cmp/ne;
    %flag_get/vec4 4;
    %or;
    %assign/vec4 v000002c6a9829a60_0, 0;
    %pushi/vec4 10, 0, 4;
    %assign/vec4 v000002c6a9828c00_0, 0;
    %jmp T_0.16;
T_0.11 ;
    %load/vec4 v000002c6a9829060_0;
    %parti/s 1, 52, 7;
    %pad/u 32;
    %cmpi/e 0, 0, 32;
    %flag_get/vec4 4;
    %jmp/0 T_0.60, 4;
    %pushi/vec4 4294966274, 0, 32;
    %load/vec4 v000002c6a9828d40_0;
    %pad/s 32;
    %cmp/s;
    %flag_get/vec4 5;
    %and;
T_0.60;
    %flag_set/vec4 8;
    %jmp/0xz  T_0.58, 8;
    %load/vec4 v000002c6a9828d40_0;
    %subi 1, 0, 13;
    %assign/vec4 v000002c6a9828d40_0, 0;
    %load/vec4 v000002c6a9829060_0;
    %ix/load 4, 1, 0;
    %flag_set/imm 4, 0;
    %shiftl 4;
    %assign/vec4 v000002c6a9829060_0, 0;
    %load/vec4 v000002c6a98289d0_0;
    %ix/load 4, 0, 0;
    %ix/load 5, 0, 0;
    %flag_set/imm 4, 0;
    %assign/vec4/off/d v000002c6a9829060_0, 4, 5;
    %load/vec4 v000002c6a9829380_0;
    %assign/vec4 v000002c6a98289d0_0, 0;
    %pushi/vec4 0, 0, 1;
    %assign/vec4 v000002c6a9829380_0, 0;
    %jmp T_0.59;
T_0.58 ;
    %pushi/vec4 11, 0, 4;
    %assign/vec4 v000002c6a9828c00_0, 0;
T_0.59 ;
    %jmp T_0.16;
T_0.12 ;
    %load/vec4 v000002c6a9828d40_0;
    %pad/s 32;
    %cmpi/s 4294966274, 0, 32;
    %jmp/0xz  T_0.61, 5;
    %load/vec4 v000002c6a9828d40_0;
    %addi 1, 0, 13;
    %assign/vec4 v000002c6a9828d40_0, 0;
    %load/vec4 v000002c6a9829060_0;
    %ix/load 4, 1, 0;
    %flag_set/imm 4, 0;
    %shiftr 4;
    %assign/vec4 v000002c6a9829060_0, 0;
    %load/vec4 v000002c6a9829060_0;
    %parti/s 1, 0, 2;
    %assign/vec4 v000002c6a98289d0_0, 0;
    %load/vec4 v000002c6a98289d0_0;
    %assign/vec4 v000002c6a9829380_0, 0;
    %load/vec4 v000002c6a9829a60_0;
    %load/vec4 v000002c6a9829380_0;
    %or;
    %assign/vec4 v000002c6a9829a60_0, 0;
    %jmp T_0.62;
T_0.61 ;
    %pushi/vec4 12, 0, 4;
    %assign/vec4 v000002c6a9828c00_0, 0;
T_0.62 ;
    %jmp T_0.16;
T_0.13 ;
    %load/vec4 v000002c6a98289d0_0;
    %flag_set/vec4 9;
    %flag_get/vec4 9;
    %jmp/0 T_0.65, 9;
    %load/vec4 v000002c6a9829380_0;
    %load/vec4 v000002c6a9829a60_0;
    %or;
    %load/vec4 v000002c6a9829060_0;
    %parti/s 1, 0, 2;
    %or;
    %and;
T_0.65;
    %flag_set/vec4 8;
    %jmp/0xz  T_0.63, 8;
    %load/vec4 v000002c6a9829060_0;
    %addi 1, 0, 53;
    %assign/vec4 v000002c6a9829060_0, 0;
    %load/vec4 v000002c6a9829060_0;
    %cmpi/e 16777215, 0, 53;
    %jmp/0xz  T_0.66, 4;
    %load/vec4 v000002c6a9828d40_0;
    %addi 1, 0, 13;
    %assign/vec4 v000002c6a9828d40_0, 0;
T_0.66 ;
T_0.63 ;
    %pushi/vec4 13, 0, 4;
    %assign/vec4 v000002c6a9828c00_0, 0;
    %jmp T_0.16;
T_0.14 ;
    %load/vec4 v000002c6a9829060_0;
    %parti/s 52, 0, 2;
    %ix/load 4, 0, 0;
    %ix/load 5, 0, 0;
    %flag_set/imm 4, 0;
    %assign/vec4/off/d v000002c6a9828ca0_0, 4, 5;
    %load/vec4 v000002c6a9828d40_0;
    %parti/s 11, 0, 2;
    %addi 1023, 0, 11;
    %ix/load 4, 52, 0;
    %ix/load 5, 0, 0;
    %flag_set/imm 4, 0;
    %assign/vec4/off/d v000002c6a9828ca0_0, 4, 5;
    %load/vec4 v000002c6a98291a0_0;
    %ix/load 4, 63, 0;
    %ix/load 5, 0, 0;
    %flag_set/imm 4, 0;
    %assign/vec4/off/d v000002c6a9828ca0_0, 4, 5;
    %load/vec4 v000002c6a9828d40_0;
    %pad/s 32;
    %cmpi/e 4294966274, 0, 32;
    %flag_get/vec4 4;
    %jmp/0 T_0.70, 4;
    %load/vec4 v000002c6a9829060_0;
    %parti/s 1, 52, 7;
    %pad/u 32;
    %pushi/vec4 0, 0, 32;
    %cmp/e;
    %flag_get/vec4 4;
    %and;
T_0.70;
    %flag_set/vec4 8;
    %jmp/0xz  T_0.68, 8;
    %pushi/vec4 0, 0, 11;
    %ix/load 4, 52, 0;
    %ix/load 5, 0, 0;
    %flag_set/imm 4, 0;
    %assign/vec4/off/d v000002c6a9828ca0_0, 4, 5;
T_0.68 ;
    %load/vec4 v000002c6a9828d40_0;
    %pad/s 32;
    %cmpi/s 1023, 0, 32;
    %flag_or 5, 4; GT is !LE
    %flag_inv 5;
    %jmp/0xz  T_0.71, 5;
    %pushi/vec4 0, 0, 52;
    %ix/load 4, 0, 0;
    %ix/load 5, 0, 0;
    %flag_set/imm 4, 0;
    %assign/vec4/off/d v000002c6a9828ca0_0, 4, 5;
    %pushi/vec4 2047, 0, 11;
    %ix/load 4, 52, 0;
    %ix/load 5, 0, 0;
    %flag_set/imm 4, 0;
    %assign/vec4/off/d v000002c6a9828ca0_0, 4, 5;
    %load/vec4 v000002c6a98291a0_0;
    %ix/load 4, 63, 0;
    %ix/load 5, 0, 0;
    %flag_set/imm 4, 0;
    %assign/vec4/off/d v000002c6a9828ca0_0, 4, 5;
T_0.71 ;
    %pushi/vec4 14, 0, 4;
    %assign/vec4 v000002c6a9828c00_0, 0;
    %jmp T_0.16;
T_0.15 ;
    %pushi/vec4 1, 0, 1;
    %assign/vec4 v000002c6a9829100_0, 0;
    %load/vec4 v000002c6a9828ca0_0;
    %assign/vec4 v000002c6a9829880_0, 0;
    %load/vec4 v000002c6a9829100_0;
    %flag_set/vec4 9;
    %flag_get/vec4 9;
    %jmp/0 T_0.75, 9;
    %load/vec4 v000002c6a98294c0_0;
    %and;
T_0.75;
    %flag_set/vec4 8;
    %jmp/0xz  T_0.73, 8;
    %pushi/vec4 0, 0, 1;
    %assign/vec4 v000002c6a9829100_0, 0;
    %pushi/vec4 1, 0, 4;
    %assign/vec4 v000002c6a9828c00_0, 0;
T_0.73 ;
    %jmp T_0.16;
T_0.16 ;
    %pop/vec4 1;
T_0.1 ;
    %jmp T_0;
    .thread T_0;
    .scope S_000002c6a97cf090;
T_1 ;
    %vpi_call 2 26 "$dumpfile", "gtk_double_divider.vcd" {0 0 0};
    %vpi_call 2 27 "$dumpvars", 32'sb00000000000000000000000000000000, S_000002c6a97cf090 {0 0 0};
    %pushi/vec4 0, 0, 1;
    %store/vec4 v000002c6a981e910_0, 0, 1;
    %pushi/vec4 0, 0, 1;
    %store/vec4 v000002c6a981f4f0_0, 0, 1;
    %pushi/vec4 0, 0, 32;
    %store/vec4 v000002c6a981ec30_0, 0, 32;
    %pushi/vec4 0, 0, 32;
    %store/vec4 v000002c6a981f8b0_0, 0, 32;
    %pushi/vec4 1, 0, 1;
    %store/vec4 v000002c6a981f810_0, 0, 1;
    %pushi/vec4 1, 0, 1;
    %store/vec4 v000002c6a981f130_0, 0, 1;
    %pushi/vec4 1, 0, 1;
    %store/vec4 v000002c6a981ecd0_0, 0, 1;
    %vpi_call 2 35 "$readmemh", "div_stim_a.txt", v000002c6a98292e0 {0 0 0};
    %vpi_call 2 36 "$readmemh", "div_stim_b.txt", v000002c6a981ed70 {0 0 0};
    %vpi_call 2 37 "$readmemh", "div_output.txt", v000002c6a981f950 {0 0 0};
    %pushi/vec4 0, 0, 64;
    %store/vec4 v000002c6a9828b60_0, 0, 64;
    %pushi/vec4 0, 0, 64;
    %store/vec4 v000002c6a9829240_0, 0, 64;
    %delay 10000, 0;
    %load/vec4 v000002c6a981f4f0_0;
    %inv;
    %store/vec4 v000002c6a981f4f0_0, 0, 1;
    %delay 10000, 0;
    %load/vec4 v000002c6a981f4f0_0;
    %inv;
    %store/vec4 v000002c6a981f4f0_0, 0, 1;
    %end;
    .thread T_1;
    .scope S_000002c6a97cf090;
T_2 ;
    %delay 5000, 0;
    %load/vec4 v000002c6a981e910_0;
    %inv;
    %store/vec4 v000002c6a981e910_0, 0, 1;
    %jmp T_2;
    .thread T_2;
    .scope S_000002c6a97cf090;
T_3 ;
    %wait E_000002c6a97bde80;
    %load/vec4 v000002c6a981f4f0_0;
    %flag_set/vec4 8;
    %jmp/0xz  T_3.0, 8;
    %pushi/vec4 0, 0, 64;
    %assign/vec4 v000002c6a9828b60_0, 0;
    %pushi/vec4 0, 0, 64;
    %assign/vec4 v000002c6a9829240_0, 0;
    %jmp T_3.1;
T_3.0 ;
    %ix/getv/s 4, v000002c6a981ec30_0;
    %load/vec4a v000002c6a98292e0, 4;
    %assign/vec4 v000002c6a9828b60_0, 0;
    %ix/getv/s 4, v000002c6a981ec30_0;
    %load/vec4a v000002c6a981ed70, 4;
    %assign/vec4 v000002c6a9829240_0, 0;
T_3.1 ;
    %jmp T_3;
    .thread T_3;
    .scope S_000002c6a97cf090;
T_4 ;
    %wait E_000002c6a97be0c0;
    %load/vec4 v000002c6a981eeb0_0;
    %pad/u 32;
    %cmpi/e 1, 0, 32;
    %jmp/0xz  T_4.0, 4;
    %ix/getv/s 4, v000002c6a981ec30_0;
    %load/vec4a v000002c6a981f950, 4;
    %load/vec4 v000002c6a981f090_0;
    %cmp/e;
    %jmp/0xz  T_4.2, 4;
    %load/vec4 v000002c6a981ec30_0;
    %addi 1, 0, 32;
    %vpi_call 2 72 "$display", "Test %d|%d is correct", S<0,vec4,s32>, P_000002c6a97bd680 {1 0 0};
    %load/vec4 v000002c6a981f8b0_0;
    %addi 1, 0, 32;
    %store/vec4 v000002c6a981f8b0_0, 0, 32;
T_4.2 ;
    %load/vec4 v000002c6a981f8b0_0;
    %cmpi/e 2025, 0, 32;
    %flag_get/vec4 4;
    %jmp/0 T_4.6, 4;
    %load/vec4 v000002c6a981ec30_0;
    %pushi/vec4 2024, 0, 32;
    %cmp/e;
    %flag_get/vec4 4;
    %and;
T_4.6;
    %flag_set/vec4 8;
    %jmp/0xz  T_4.4, 8;
    %vpi_call 2 77 "$display", "All tests are correct !!" {0 0 0};
    %jmp T_4.5;
T_4.4 ;
    %load/vec4 v000002c6a981f8b0_0;
    %cmpi/ne 2025, 0, 32;
    %flag_get/vec4 4;
    %jmp/0 T_4.9, 4;
    %load/vec4 v000002c6a981ec30_0;
    %pushi/vec4 2024, 0, 32;
    %cmp/e;
    %flag_get/vec4 4;
    %and;
T_4.9;
    %flag_set/vec4 8;
    %jmp/0xz  T_4.7, 8;
    %vpi_call 2 79 "$display", "%d out of %d are correct !!", v000002c6a981f8b0_0, P_000002c6a97bd680 {0 0 0};
T_4.7 ;
T_4.5 ;
    %load/vec4 v000002c6a981ec30_0;
    %addi 1, 0, 32;
    %store/vec4 v000002c6a981ec30_0, 0, 32;
T_4.0 ;
    %jmp T_4;
    .thread T_4;
# The file index is used to find the file name in the following table.
:file_names 4;
    "N/A";
    "<interactive>";
    "double_divider_tb.v";
    "double_divider.v";
