#! /usr/bin/vvp
:ivl_version "12.0 (stable)";
:ivl_delay_selection "TYPICAL";
:vpi_time_precision - 12;
:vpi_module "/usr/lib/x86_64-linux-gnu/ivl/system.vpi";
:vpi_module "/usr/lib/x86_64-linux-gnu/ivl/vhdl_sys.vpi";
:vpi_module "/usr/lib/x86_64-linux-gnu/ivl/vhdl_textio.vpi";
:vpi_module "/usr/lib/x86_64-linux-gnu/ivl/v2005_math.vpi";
:vpi_module "/usr/lib/x86_64-linux-gnu/ivl/va_math.vpi";
S_0x59eca15e1a80 .scope module, "double_multiplier_tb" "double_multiplier_tb" 2 4;
 .timescale -9 -12;
P_0x59eca15e1c10 .param/l "cases" 0 2 22, +C4<00000000000000000000000000101100>;
L_0x59eca1618b50 .functor BUFZ 64, v0x59eca1617a20_0, C4<0000000000000000000000000000000000000000000000000000000000000000>, C4<0000000000000000000000000000000000000000000000000000000000000000>, C4<0000000000000000000000000000000000000000000000000000000000000000>;
L_0x59eca1618c10 .functor BUFZ 64, v0x59eca1617b20_0, C4<0000000000000000000000000000000000000000000000000000000000000000>, C4<0000000000000000000000000000000000000000000000000000000000000000>, C4<0000000000000000000000000000000000000000000000000000000000000000>;
v0x59eca1617a20_0 .var "Tin_a", 63 0;
v0x59eca1617b20_0 .var "Tin_b", 63 0;
v0x59eca1617c00 .array "array_a", 43 0, 63 0;
v0x59eca1617ca0 .array "array_b", 43 0, 63 0;
v0x59eca1617d60 .array "array_out", 43 0, 63 0;
v0x59eca1617e20_0 .var "clk", 0 0;
v0x59eca1617ec0_0 .var/i "i", 31 0;
v0x59eca1617f80_0 .net "input_a", 63 0, L_0x59eca1618b50;  1 drivers
v0x59eca1618040_0 .net "input_a_ack", 0 0, L_0x59eca15f72e0;  1 drivers
v0x59eca16180e0_0 .var "input_a_stb", 0 0;
v0x59eca1618180_0 .net "input_b", 63 0, L_0x59eca1618c10;  1 drivers
v0x59eca1618250_0 .net "input_b_ack", 0 0, L_0x59eca16188e0;  1 drivers
v0x59eca1618320_0 .var "input_b_stb", 0 0;
v0x59eca16183f0_0 .var/i "j", 31 0;
v0x59eca1618490_0 .net "output_z", 63 0, L_0x59eca1618a60;  1 drivers
v0x59eca1618560_0 .var "output_z_ack", 0 0;
v0x59eca1618630_0 .net "output_z_stb", 0 0, L_0x59eca16189a0;  1 drivers
v0x59eca1618810_0 .var "rst", 0 0;
E_0x59eca15c47a0 .event posedge, v0x59eca1616f80_0, v0x59eca1616430_0;
S_0x59eca15e1cb0 .scope module, "uut" "double_multiplier" 2 87, 3 4 0, S_0x59eca15e1a80;
 .timescale 0 0;
    .port_info 0 /INPUT 64 "input_a";
    .port_info 1 /INPUT 64 "input_b";
    .port_info 2 /INPUT 1 "input_a_stb";
    .port_info 3 /INPUT 1 "input_b_stb";
    .port_info 4 /INPUT 1 "output_z_ack";
    .port_info 5 /INPUT 1 "clk";
    .port_info 6 /INPUT 1 "rst";
    .port_info 7 /OUTPUT 64 "output_z";
    .port_info 8 /OUTPUT 1 "output_z_stb";
    .port_info 9 /OUTPUT 1 "input_a_ack";
    .port_info 10 /OUTPUT 1 "input_b_ack";
P_0x59eca15f5ea0 .param/l "get_a_b" 0 3 38, C4<0001>;
P_0x59eca15f5ee0 .param/l "multiply_0" 0 3 43, C4<0110>;
P_0x59eca15f5f20 .param/l "multiply_1" 0 3 44, C4<0111>;
P_0x59eca15f5f60 .param/l "normalise_1" 0 3 45, C4<1000>;
P_0x59eca15f5fa0 .param/l "normalise_2" 0 3 46, C4<1001>;
P_0x59eca15f5fe0 .param/l "normalise_a" 0 3 41, C4<0100>;
P_0x59eca15f6020 .param/l "normalise_b" 0 3 42, C4<0101>;
P_0x59eca15f6060 .param/l "pack" 0 3 48, C4<1011>;
P_0x59eca15f60a0 .param/l "put_z" 0 3 49, C4<1100>;
P_0x59eca15f60e0 .param/l "round" 0 3 47, C4<1010>;
P_0x59eca15f6120 .param/l "special_cases" 0 3 40, C4<0011>;
P_0x59eca15f6160 .param/l "unpack" 0 3 39, C4<0010>;
L_0x59eca15f72e0 .functor BUFZ 1, v0x59eca1617040_0, C4<0>, C4<0>, C4<0>;
L_0x59eca16188e0 .functor BUFZ 1, v0x59eca1617100_0, C4<0>, C4<0>, C4<0>;
L_0x59eca16189a0 .functor BUFZ 1, v0x59eca16172a0_0, C4<0>, C4<0>, C4<0>;
L_0x59eca1618a60 .functor BUFZ 64, v0x59eca16171c0_0, C4<0000000000000000000000000000000000000000000000000000000000000000>, C4<0000000000000000000000000000000000000000000000000000000000000000>, C4<0000000000000000000000000000000000000000000000000000000000000000>;
v0x59eca15f7480_0 .var "a", 63 0;
v0x59eca1615e20_0 .var "a_e", 12 0;
v0x59eca1615f00_0 .var "a_m", 52 0;
v0x59eca1615fc0_0 .var "a_s", 0 0;
v0x59eca1616080_0 .var "b", 63 0;
v0x59eca16161b0_0 .var "b_e", 12 0;
v0x59eca1616290_0 .var "b_m", 52 0;
v0x59eca1616370_0 .var "b_s", 0 0;
v0x59eca1616430_0 .net "clk", 0 0, v0x59eca1617e20_0;  1 drivers
v0x59eca16164f0_0 .var "guard", 0 0;
v0x59eca16165b0_0 .net "input_a", 63 0, L_0x59eca1618b50;  alias, 1 drivers
v0x59eca1616690_0 .net "input_a_ack", 0 0, L_0x59eca15f72e0;  alias, 1 drivers
v0x59eca1616750_0 .net "input_a_stb", 0 0, v0x59eca16180e0_0;  1 drivers
v0x59eca1616810_0 .net "input_b", 63 0, L_0x59eca1618c10;  alias, 1 drivers
v0x59eca16168f0_0 .net "input_b_ack", 0 0, L_0x59eca16188e0;  alias, 1 drivers
v0x59eca16169b0_0 .net "input_b_stb", 0 0, v0x59eca1618320_0;  1 drivers
v0x59eca1616a70_0 .net "output_z", 63 0, L_0x59eca1618a60;  alias, 1 drivers
v0x59eca1616c60_0 .net "output_z_ack", 0 0, v0x59eca1618560_0;  1 drivers
v0x59eca1616d20_0 .net "output_z_stb", 0 0, L_0x59eca16189a0;  alias, 1 drivers
v0x59eca1616de0_0 .var "product", 107 0;
v0x59eca1616ec0_0 .var "round_bit", 0 0;
v0x59eca1616f80_0 .net "rst", 0 0, v0x59eca1618810_0;  1 drivers
v0x59eca1617040_0 .var "s_input_a_ack", 0 0;
v0x59eca1617100_0 .var "s_input_b_ack", 0 0;
v0x59eca16171c0_0 .var "s_output_z", 63 0;
v0x59eca16172a0_0 .var "s_output_z_stb", 0 0;
v0x59eca1617360_0 .var "state", 3 0;
v0x59eca1617440_0 .var "sticky", 0 0;
v0x59eca1617500_0 .var "z", 63 0;
v0x59eca16175e0_0 .var "z_e", 12 0;
v0x59eca16176c0_0 .var "z_m", 52 0;
v0x59eca16177a0_0 .var "z_s", 0 0;
E_0x59eca15c4110 .event posedge, v0x59eca1616430_0;
    .scope S_0x59eca15e1cb0;
T_0 ;
    %wait E_0x59eca15c4110;
    %load/vec4 v0x59eca1616f80_0;
    %pad/u 32;
    %cmpi/e 1, 0, 32;
    %jmp/0xz  T_0.0, 4;
    %pushi/vec4 1, 0, 4;
    %assign/vec4 v0x59eca1617360_0, 0;
    %pushi/vec4 0, 0, 1;
    %assign/vec4 v0x59eca1617040_0, 0;
    %pushi/vec4 0, 0, 1;
    %assign/vec4 v0x59eca1617100_0, 0;
    %pushi/vec4 0, 0, 1;
    %assign/vec4 v0x59eca16172a0_0, 0;
    %jmp T_0.1;
T_0.0 ;
    %load/vec4 v0x59eca1617360_0;
    %dup/vec4;
    %pushi/vec4 1, 0, 4;
    %cmp/u;
    %jmp/1 T_0.2, 6;
    %dup/vec4;
    %pushi/vec4 2, 0, 4;
    %cmp/u;
    %jmp/1 T_0.3, 6;
    %dup/vec4;
    %pushi/vec4 3, 0, 4;
    %cmp/u;
    %jmp/1 T_0.4, 6;
    %dup/vec4;
    %pushi/vec4 4, 0, 4;
    %cmp/u;
    %jmp/1 T_0.5, 6;
    %dup/vec4;
    %pushi/vec4 5, 0, 4;
    %cmp/u;
    %jmp/1 T_0.6, 6;
    %dup/vec4;
    %pushi/vec4 6, 0, 4;
    %cmp/u;
    %jmp/1 T_0.7, 6;
    %dup/vec4;
    %pushi/vec4 7, 0, 4;
    %cmp/u;
    %jmp/1 T_0.8, 6;
    %dup/vec4;
    %pushi/vec4 8, 0, 4;
    %cmp/u;
    %jmp/1 T_0.9, 6;
    %dup/vec4;
    %pushi/vec4 9, 0, 4;
    %cmp/u;
    %jmp/1 T_0.10, 6;
    %dup/vec4;
    %pushi/vec4 10, 0, 4;
    %cmp/u;
    %jmp/1 T_0.11, 6;
    %dup/vec4;
    %pushi/vec4 11, 0, 4;
    %cmp/u;
    %jmp/1 T_0.12, 6;
    %dup/vec4;
    %pushi/vec4 12, 0, 4;
    %cmp/u;
    %jmp/1 T_0.13, 6;
    %jmp T_0.14;
T_0.2 ;
    %pushi/vec4 1, 0, 1;
    %assign/vec4 v0x59eca1617100_0, 0;
    %pushi/vec4 1, 0, 1;
    %assign/vec4 v0x59eca1617040_0, 0;
    %load/vec4 v0x59eca1617100_0;
    %flag_set/vec4 11;
    %flag_get/vec4 11;
    %jmp/0 T_0.19, 11;
    %load/vec4 v0x59eca16169b0_0;
    %and;
T_0.19;
    %flag_set/vec4 10;
    %flag_get/vec4 10;
    %jmp/0 T_0.18, 10;
    %load/vec4 v0x59eca1617040_0;
    %and;
T_0.18;
    %flag_set/vec4 9;
    %flag_get/vec4 9;
    %jmp/0 T_0.17, 9;
    %load/vec4 v0x59eca1616750_0;
    %and;
T_0.17;
    %flag_set/vec4 8;
    %jmp/0xz  T_0.15, 8;
    %load/vec4 v0x59eca16165b0_0;
    %assign/vec4 v0x59eca15f7480_0, 0;
    %load/vec4 v0x59eca1616810_0;
    %assign/vec4 v0x59eca1616080_0, 0;
    %pushi/vec4 0, 0, 1;
    %assign/vec4 v0x59eca1617040_0, 0;
    %pushi/vec4 0, 0, 1;
    %assign/vec4 v0x59eca1617100_0, 0;
    %pushi/vec4 2, 0, 4;
    %assign/vec4 v0x59eca1617360_0, 0;
T_0.15 ;
    %jmp T_0.14;
T_0.3 ;
    %load/vec4 v0x59eca15f7480_0;
    %parti/s 52, 0, 2;
    %pad/u 53;
    %assign/vec4 v0x59eca1615f00_0, 0;
    %load/vec4 v0x59eca1616080_0;
    %parti/s 52, 0, 2;
    %pad/u 53;
    %assign/vec4 v0x59eca1616290_0, 0;
    %load/vec4 v0x59eca15f7480_0;
    %parti/s 11, 52, 7;
    %pad/u 13;
    %subi 1023, 0, 13;
    %assign/vec4 v0x59eca1615e20_0, 0;
    %load/vec4 v0x59eca1616080_0;
    %parti/s 11, 52, 7;
    %pad/u 13;
    %subi 1023, 0, 13;
    %assign/vec4 v0x59eca16161b0_0, 0;
    %load/vec4 v0x59eca15f7480_0;
    %parti/s 1, 63, 7;
    %assign/vec4 v0x59eca1615fc0_0, 0;
    %load/vec4 v0x59eca1616080_0;
    %parti/s 1, 63, 7;
    %assign/vec4 v0x59eca1616370_0, 0;
    %pushi/vec4 3, 0, 4;
    %assign/vec4 v0x59eca1617360_0, 0;
    %jmp T_0.14;
T_0.4 ;
    %load/vec4 v0x59eca1615e20_0;
    %pad/u 32;
    %cmpi/e 1024, 0, 32;
    %flag_get/vec4 4;
    %jmp/0 T_0.23, 4;
    %load/vec4 v0x59eca1615f00_0;
    %pushi/vec4 0, 0, 53;
    %cmp/ne;
    %flag_get/vec4 4;
    %and;
T_0.23;
    %flag_set/vec4 8;
    %jmp/1 T_0.22, 8;
    %load/vec4 v0x59eca16161b0_0;
    %pad/u 32;
    %cmpi/e 1024, 0, 32;
    %flag_get/vec4 4;
    %jmp/0 T_0.24, 4;
    %load/vec4 v0x59eca1616290_0;
    %pushi/vec4 0, 0, 53;
    %cmp/ne;
    %flag_get/vec4 4;
    %and;
T_0.24;
    %flag_set/vec4 9;
    %flag_or 8, 9;
T_0.22;
    %jmp/0xz  T_0.20, 8;
    %pushi/vec4 1, 0, 1;
    %ix/load 4, 63, 0;
    %ix/load 5, 0, 0;
    %flag_set/imm 4, 0;
    %assign/vec4/off/d v0x59eca1617500_0, 4, 5;
    %pushi/vec4 2047, 0, 11;
    %ix/load 4, 52, 0;
    %ix/load 5, 0, 0;
    %flag_set/imm 4, 0;
    %assign/vec4/off/d v0x59eca1617500_0, 4, 5;
    %pushi/vec4 1, 0, 1;
    %ix/load 4, 51, 0;
    %ix/load 5, 0, 0;
    %flag_set/imm 4, 0;
    %assign/vec4/off/d v0x59eca1617500_0, 4, 5;
    %pushi/vec4 0, 0, 51;
    %ix/load 4, 0, 0;
    %ix/load 5, 0, 0;
    %flag_set/imm 4, 0;
    %assign/vec4/off/d v0x59eca1617500_0, 4, 5;
    %pushi/vec4 12, 0, 4;
    %assign/vec4 v0x59eca1617360_0, 0;
    %jmp T_0.21;
T_0.20 ;
    %load/vec4 v0x59eca1615e20_0;
    %pad/u 32;
    %cmpi/e 1024, 0, 32;
    %jmp/0xz  T_0.25, 4;
    %load/vec4 v0x59eca1615fc0_0;
    %load/vec4 v0x59eca1616370_0;
    %xor;
    %ix/load 4, 63, 0;
    %ix/load 5, 0, 0;
    %flag_set/imm 4, 0;
    %assign/vec4/off/d v0x59eca1617500_0, 4, 5;
    %pushi/vec4 2047, 0, 11;
    %ix/load 4, 52, 0;
    %ix/load 5, 0, 0;
    %flag_set/imm 4, 0;
    %assign/vec4/off/d v0x59eca1617500_0, 4, 5;
    %pushi/vec4 0, 0, 52;
    %ix/load 4, 0, 0;
    %ix/load 5, 0, 0;
    %flag_set/imm 4, 0;
    %assign/vec4/off/d v0x59eca1617500_0, 4, 5;
    %pushi/vec4 12, 0, 4;
    %assign/vec4 v0x59eca1617360_0, 0;
    %load/vec4 v0x59eca16161b0_0;
    %pad/s 32;
    %cmpi/e 4294966273, 0, 32;
    %flag_get/vec4 4;
    %jmp/0 T_0.29, 4;
    %load/vec4 v0x59eca1616290_0;
    %pushi/vec4 0, 0, 53;
    %cmp/e;
    %flag_get/vec4 4;
    %and;
T_0.29;
    %flag_set/vec4 8;
    %jmp/0xz  T_0.27, 8;
    %pushi/vec4 1, 0, 1;
    %ix/load 4, 63, 0;
    %ix/load 5, 0, 0;
    %flag_set/imm 4, 0;
    %assign/vec4/off/d v0x59eca1617500_0, 4, 5;
    %pushi/vec4 2047, 0, 11;
    %ix/load 4, 52, 0;
    %ix/load 5, 0, 0;
    %flag_set/imm 4, 0;
    %assign/vec4/off/d v0x59eca1617500_0, 4, 5;
    %pushi/vec4 1, 0, 1;
    %ix/load 4, 51, 0;
    %ix/load 5, 0, 0;
    %flag_set/imm 4, 0;
    %assign/vec4/off/d v0x59eca1617500_0, 4, 5;
    %pushi/vec4 0, 0, 51;
    %ix/load 4, 0, 0;
    %ix/load 5, 0, 0;
    %flag_set/imm 4, 0;
    %assign/vec4/off/d v0x59eca1617500_0, 4, 5;
    %pushi/vec4 12, 0, 4;
    %assign/vec4 v0x59eca1617360_0, 0;
T_0.27 ;
    %jmp T_0.26;
T_0.25 ;
    %load/vec4 v0x59eca16161b0_0;
    %pad/u 32;
    %cmpi/e 1024, 0, 32;
    %jmp/0xz  T_0.30, 4;
    %load/vec4 v0x59eca1615fc0_0;
    %load/vec4 v0x59eca1616370_0;
    %xor;
    %ix/load 4, 63, 0;
    %ix/load 5, 0, 0;
    %flag_set/imm 4, 0;
    %assign/vec4/off/d v0x59eca1617500_0, 4, 5;
    %pushi/vec4 2047, 0, 11;
    %ix/load 4, 52, 0;
    %ix/load 5, 0, 0;
    %flag_set/imm 4, 0;
    %assign/vec4/off/d v0x59eca1617500_0, 4, 5;
    %pushi/vec4 0, 0, 52;
    %ix/load 4, 0, 0;
    %ix/load 5, 0, 0;
    %flag_set/imm 4, 0;
    %assign/vec4/off/d v0x59eca1617500_0, 4, 5;
    %load/vec4 v0x59eca1615e20_0;
    %pad/s 32;
    %cmpi/e 4294966273, 0, 32;
    %flag_get/vec4 4;
    %jmp/0 T_0.34, 4;
    %load/vec4 v0x59eca1615f00_0;
    %pushi/vec4 0, 0, 53;
    %cmp/e;
    %flag_get/vec4 4;
    %and;
T_0.34;
    %flag_set/vec4 8;
    %jmp/0xz  T_0.32, 8;
    %pushi/vec4 1, 0, 1;
    %ix/load 4, 63, 0;
    %ix/load 5, 0, 0;
    %flag_set/imm 4, 0;
    %assign/vec4/off/d v0x59eca1617500_0, 4, 5;
    %pushi/vec4 2047, 0, 11;
    %ix/load 4, 52, 0;
    %ix/load 5, 0, 0;
    %flag_set/imm 4, 0;
    %assign/vec4/off/d v0x59eca1617500_0, 4, 5;
    %pushi/vec4 1, 0, 1;
    %ix/load 4, 51, 0;
    %ix/load 5, 0, 0;
    %flag_set/imm 4, 0;
    %assign/vec4/off/d v0x59eca1617500_0, 4, 5;
    %pushi/vec4 0, 0, 51;
    %ix/load 4, 0, 0;
    %ix/load 5, 0, 0;
    %flag_set/imm 4, 0;
    %assign/vec4/off/d v0x59eca1617500_0, 4, 5;
    %pushi/vec4 12, 0, 4;
    %assign/vec4 v0x59eca1617360_0, 0;
T_0.32 ;
    %pushi/vec4 12, 0, 4;
    %assign/vec4 v0x59eca1617360_0, 0;
    %jmp T_0.31;
T_0.30 ;
    %load/vec4 v0x59eca1615e20_0;
    %pad/s 32;
    %cmpi/e 4294966273, 0, 32;
    %flag_get/vec4 4;
    %jmp/0 T_0.37, 4;
    %load/vec4 v0x59eca1615f00_0;
    %pushi/vec4 0, 0, 53;
    %cmp/e;
    %flag_get/vec4 4;
    %and;
T_0.37;
    %flag_set/vec4 8;
    %jmp/0xz  T_0.35, 8;
    %load/vec4 v0x59eca1615fc0_0;
    %load/vec4 v0x59eca1616370_0;
    %xor;
    %ix/load 4, 63, 0;
    %ix/load 5, 0, 0;
    %flag_set/imm 4, 0;
    %assign/vec4/off/d v0x59eca1617500_0, 4, 5;
    %pushi/vec4 0, 0, 11;
    %ix/load 4, 52, 0;
    %ix/load 5, 0, 0;
    %flag_set/imm 4, 0;
    %assign/vec4/off/d v0x59eca1617500_0, 4, 5;
    %pushi/vec4 0, 0, 52;
    %ix/load 4, 0, 0;
    %ix/load 5, 0, 0;
    %flag_set/imm 4, 0;
    %assign/vec4/off/d v0x59eca1617500_0, 4, 5;
    %pushi/vec4 12, 0, 4;
    %assign/vec4 v0x59eca1617360_0, 0;
    %jmp T_0.36;
T_0.35 ;
    %load/vec4 v0x59eca16161b0_0;
    %pad/s 32;
    %cmpi/e 4294966273, 0, 32;
    %flag_get/vec4 4;
    %jmp/0 T_0.40, 4;
    %load/vec4 v0x59eca1616290_0;
    %pushi/vec4 0, 0, 53;
    %cmp/e;
    %flag_get/vec4 4;
    %and;
T_0.40;
    %flag_set/vec4 8;
    %jmp/0xz  T_0.38, 8;
    %load/vec4 v0x59eca1615fc0_0;
    %load/vec4 v0x59eca1616370_0;
    %xor;
    %ix/load 4, 63, 0;
    %ix/load 5, 0, 0;
    %flag_set/imm 4, 0;
    %assign/vec4/off/d v0x59eca1617500_0, 4, 5;
    %pushi/vec4 0, 0, 11;
    %ix/load 4, 52, 0;
    %ix/load 5, 0, 0;
    %flag_set/imm 4, 0;
    %assign/vec4/off/d v0x59eca1617500_0, 4, 5;
    %pushi/vec4 0, 0, 52;
    %ix/load 4, 0, 0;
    %ix/load 5, 0, 0;
    %flag_set/imm 4, 0;
    %assign/vec4/off/d v0x59eca1617500_0, 4, 5;
    %pushi/vec4 12, 0, 4;
    %assign/vec4 v0x59eca1617360_0, 0;
    %jmp T_0.39;
T_0.38 ;
    %load/vec4 v0x59eca1615e20_0;
    %pad/s 32;
    %cmpi/e 4294966273, 0, 32;
    %jmp/0xz  T_0.41, 4;
    %pushi/vec4 7170, 0, 13;
    %assign/vec4 v0x59eca1615e20_0, 0;
    %jmp T_0.42;
T_0.41 ;
    %pushi/vec4 1, 0, 1;
    %ix/load 4, 52, 0;
    %ix/load 5, 0, 0;
    %flag_set/imm 4, 0;
    %assign/vec4/off/d v0x59eca1615f00_0, 4, 5;
T_0.42 ;
    %load/vec4 v0x59eca16161b0_0;
    %pad/s 32;
    %cmpi/e 4294966273, 0, 32;
    %jmp/0xz  T_0.43, 4;
    %pushi/vec4 7170, 0, 13;
    %assign/vec4 v0x59eca16161b0_0, 0;
    %jmp T_0.44;
T_0.43 ;
    %pushi/vec4 1, 0, 1;
    %ix/load 4, 52, 0;
    %ix/load 5, 0, 0;
    %flag_set/imm 4, 0;
    %assign/vec4/off/d v0x59eca1616290_0, 4, 5;
T_0.44 ;
    %pushi/vec4 4, 0, 4;
    %assign/vec4 v0x59eca1617360_0, 0;
T_0.39 ;
T_0.36 ;
T_0.31 ;
T_0.26 ;
T_0.21 ;
    %jmp T_0.14;
T_0.5 ;
    %load/vec4 v0x59eca1615f00_0;
    %parti/s 1, 52, 7;
    %flag_set/vec4 8;
    %jmp/0xz  T_0.45, 8;
    %pushi/vec4 5, 0, 4;
    %assign/vec4 v0x59eca1617360_0, 0;
    %jmp T_0.46;
T_0.45 ;
    %load/vec4 v0x59eca1615f00_0;
    %ix/load 4, 1, 0;
    %flag_set/imm 4, 0;
    %shiftl 4;
    %assign/vec4 v0x59eca1615f00_0, 0;
    %load/vec4 v0x59eca1615e20_0;
    %subi 1, 0, 13;
    %assign/vec4 v0x59eca1615e20_0, 0;
T_0.46 ;
    %jmp T_0.14;
T_0.6 ;
    %load/vec4 v0x59eca1616290_0;
    %parti/s 1, 52, 7;
    %flag_set/vec4 8;
    %jmp/0xz  T_0.47, 8;
    %pushi/vec4 6, 0, 4;
    %assign/vec4 v0x59eca1617360_0, 0;
    %jmp T_0.48;
T_0.47 ;
    %load/vec4 v0x59eca1616290_0;
    %ix/load 4, 1, 0;
    %flag_set/imm 4, 0;
    %shiftl 4;
    %assign/vec4 v0x59eca1616290_0, 0;
    %load/vec4 v0x59eca16161b0_0;
    %subi 1, 0, 13;
    %assign/vec4 v0x59eca16161b0_0, 0;
T_0.48 ;
    %jmp T_0.14;
T_0.7 ;
    %load/vec4 v0x59eca1615fc0_0;
    %load/vec4 v0x59eca1616370_0;
    %xor;
    %assign/vec4 v0x59eca16177a0_0, 0;
    %load/vec4 v0x59eca1615e20_0;
    %load/vec4 v0x59eca16161b0_0;
    %add;
    %addi 1, 0, 13;
    %assign/vec4 v0x59eca16175e0_0, 0;
    %load/vec4 v0x59eca1615f00_0;
    %pad/u 108;
    %load/vec4 v0x59eca1616290_0;
    %pad/u 108;
    %mul;
    %muli 4, 0, 108;
    %assign/vec4 v0x59eca1616de0_0, 0;
    %pushi/vec4 7, 0, 4;
    %assign/vec4 v0x59eca1617360_0, 0;
    %jmp T_0.14;
T_0.8 ;
    %load/vec4 v0x59eca1616de0_0;
    %parti/s 53, 55, 7;
    %assign/vec4 v0x59eca16176c0_0, 0;
    %load/vec4 v0x59eca1616de0_0;
    %parti/s 1, 54, 7;
    %assign/vec4 v0x59eca16164f0_0, 0;
    %load/vec4 v0x59eca1616de0_0;
    %parti/s 1, 53, 7;
    %assign/vec4 v0x59eca1616ec0_0, 0;
    %load/vec4 v0x59eca1616de0_0;
    %parti/s 53, 0, 2;
    %pushi/vec4 0, 0, 53;
    %cmp/ne;
    %flag_get/vec4 4;
    %assign/vec4 v0x59eca1617440_0, 0;
    %pushi/vec4 8, 0, 4;
    %assign/vec4 v0x59eca1617360_0, 0;
    %jmp T_0.14;
T_0.9 ;
    %load/vec4 v0x59eca16176c0_0;
    %parti/s 1, 52, 7;
    %pad/u 32;
    %cmpi/e 0, 0, 32;
    %jmp/0xz  T_0.49, 4;
    %load/vec4 v0x59eca16175e0_0;
    %subi 1, 0, 13;
    %assign/vec4 v0x59eca16175e0_0, 0;
    %load/vec4 v0x59eca16176c0_0;
    %ix/load 4, 1, 0;
    %flag_set/imm 4, 0;
    %shiftl 4;
    %assign/vec4 v0x59eca16176c0_0, 0;
    %load/vec4 v0x59eca16164f0_0;
    %ix/load 4, 0, 0;
    %ix/load 5, 0, 0;
    %flag_set/imm 4, 0;
    %assign/vec4/off/d v0x59eca16176c0_0, 4, 5;
    %load/vec4 v0x59eca1616ec0_0;
    %assign/vec4 v0x59eca16164f0_0, 0;
    %pushi/vec4 0, 0, 1;
    %assign/vec4 v0x59eca1616ec0_0, 0;
    %jmp T_0.50;
T_0.49 ;
    %pushi/vec4 9, 0, 4;
    %assign/vec4 v0x59eca1617360_0, 0;
T_0.50 ;
    %jmp T_0.14;
T_0.10 ;
    %load/vec4 v0x59eca16175e0_0;
    %pad/s 32;
    %cmpi/s 4294966274, 0, 32;
    %jmp/0xz  T_0.51, 5;
    %load/vec4 v0x59eca16175e0_0;
    %addi 1, 0, 13;
    %assign/vec4 v0x59eca16175e0_0, 0;
    %load/vec4 v0x59eca16176c0_0;
    %ix/load 4, 1, 0;
    %flag_set/imm 4, 0;
    %shiftr 4;
    %assign/vec4 v0x59eca16176c0_0, 0;
    %load/vec4 v0x59eca16176c0_0;
    %parti/s 1, 0, 2;
    %assign/vec4 v0x59eca16164f0_0, 0;
    %load/vec4 v0x59eca16164f0_0;
    %assign/vec4 v0x59eca1616ec0_0, 0;
    %load/vec4 v0x59eca1617440_0;
    %load/vec4 v0x59eca1616ec0_0;
    %or;
    %assign/vec4 v0x59eca1617440_0, 0;
    %jmp T_0.52;
T_0.51 ;
    %pushi/vec4 10, 0, 4;
    %assign/vec4 v0x59eca1617360_0, 0;
T_0.52 ;
    %jmp T_0.14;
T_0.11 ;
    %load/vec4 v0x59eca16164f0_0;
    %flag_set/vec4 9;
    %flag_get/vec4 9;
    %jmp/0 T_0.55, 9;
    %load/vec4 v0x59eca1616ec0_0;
    %load/vec4 v0x59eca1617440_0;
    %or;
    %load/vec4 v0x59eca16176c0_0;
    %parti/s 1, 0, 2;
    %or;
    %and;
T_0.55;
    %flag_set/vec4 8;
    %jmp/0xz  T_0.53, 8;
    %load/vec4 v0x59eca16176c0_0;
    %addi 1, 0, 53;
    %assign/vec4 v0x59eca16176c0_0, 0;
    %load/vec4 v0x59eca16176c0_0;
    %pushi/vec4 4294967295, 0, 32;
    %concati/vec4 2097151, 0, 21;
    %cmp/e;
    %jmp/0xz  T_0.56, 4;
    %load/vec4 v0x59eca16175e0_0;
    %addi 1, 0, 13;
    %assign/vec4 v0x59eca16175e0_0, 0;
T_0.56 ;
T_0.53 ;
    %pushi/vec4 11, 0, 4;
    %assign/vec4 v0x59eca1617360_0, 0;
    %jmp T_0.14;
T_0.12 ;
    %load/vec4 v0x59eca16176c0_0;
    %parti/s 52, 0, 2;
    %ix/load 4, 0, 0;
    %ix/load 5, 0, 0;
    %flag_set/imm 4, 0;
    %assign/vec4/off/d v0x59eca1617500_0, 4, 5;
    %load/vec4 v0x59eca16175e0_0;
    %parti/s 12, 0, 2;
    %addi 1023, 0, 12;
    %pad/u 11;
    %ix/load 4, 52, 0;
    %ix/load 5, 0, 0;
    %flag_set/imm 4, 0;
    %assign/vec4/off/d v0x59eca1617500_0, 4, 5;
    %load/vec4 v0x59eca16177a0_0;
    %ix/load 4, 63, 0;
    %ix/load 5, 0, 0;
    %flag_set/imm 4, 0;
    %assign/vec4/off/d v0x59eca1617500_0, 4, 5;
    %load/vec4 v0x59eca16175e0_0;
    %pad/s 32;
    %cmpi/e 4294966274, 0, 32;
    %flag_get/vec4 4;
    %jmp/0 T_0.60, 4;
    %load/vec4 v0x59eca16176c0_0;
    %parti/s 1, 52, 7;
    %pad/u 32;
    %pushi/vec4 0, 0, 32;
    %cmp/e;
    %flag_get/vec4 4;
    %and;
T_0.60;
    %flag_set/vec4 8;
    %jmp/0xz  T_0.58, 8;
    %pushi/vec4 0, 0, 11;
    %ix/load 4, 52, 0;
    %ix/load 5, 0, 0;
    %flag_set/imm 4, 0;
    %assign/vec4/off/d v0x59eca1617500_0, 4, 5;
T_0.58 ;
    %load/vec4 v0x59eca16175e0_0;
    %pad/s 32;
    %cmpi/s 1023, 0, 32;
    %flag_or 5, 4; GT is !LE
    %flag_inv 5;
    %jmp/0xz  T_0.61, 5;
    %pushi/vec4 0, 0, 52;
    %ix/load 4, 0, 0;
    %ix/load 5, 0, 0;
    %flag_set/imm 4, 0;
    %assign/vec4/off/d v0x59eca1617500_0, 4, 5;
    %pushi/vec4 2047, 0, 11;
    %ix/load 4, 52, 0;
    %ix/load 5, 0, 0;
    %flag_set/imm 4, 0;
    %assign/vec4/off/d v0x59eca1617500_0, 4, 5;
    %load/vec4 v0x59eca16177a0_0;
    %ix/load 4, 63, 0;
    %ix/load 5, 0, 0;
    %flag_set/imm 4, 0;
    %assign/vec4/off/d v0x59eca1617500_0, 4, 5;
T_0.61 ;
    %pushi/vec4 12, 0, 4;
    %assign/vec4 v0x59eca1617360_0, 0;
    %jmp T_0.14;
T_0.13 ;
    %pushi/vec4 1, 0, 1;
    %assign/vec4 v0x59eca16172a0_0, 0;
    %load/vec4 v0x59eca1617500_0;
    %assign/vec4 v0x59eca16171c0_0, 0;
    %load/vec4 v0x59eca16172a0_0;
    %flag_set/vec4 9;
    %flag_get/vec4 9;
    %jmp/0 T_0.65, 9;
    %load/vec4 v0x59eca1616c60_0;
    %and;
T_0.65;
    %flag_set/vec4 8;
    %jmp/0xz  T_0.63, 8;
    %pushi/vec4 0, 0, 1;
    %assign/vec4 v0x59eca16172a0_0, 0;
    %pushi/vec4 1, 0, 4;
    %assign/vec4 v0x59eca1617360_0, 0;
T_0.63 ;
    %jmp T_0.14;
T_0.14 ;
    %pop/vec4 1;
T_0.1 ;
    %jmp T_0;
    .thread T_0;
    .scope S_0x59eca15e1a80;
T_1 ;
    %vpi_call 2 26 "$dumpfile", "gtk_double_multiplier.vcd" {0 0 0};
    %vpi_call 2 27 "$dumpvars", 32'sb00000000000000000000000000000000, S_0x59eca15e1a80 {0 0 0};
    %pushi/vec4 0, 0, 1;
    %store/vec4 v0x59eca1617e20_0, 0, 1;
    %pushi/vec4 0, 0, 1;
    %store/vec4 v0x59eca1618810_0, 0, 1;
    %pushi/vec4 0, 0, 32;
    %store/vec4 v0x59eca1617ec0_0, 0, 32;
    %pushi/vec4 0, 0, 32;
    %store/vec4 v0x59eca16183f0_0, 0, 32;
    %pushi/vec4 1, 0, 1;
    %store/vec4 v0x59eca16180e0_0, 0, 1;
    %pushi/vec4 1, 0, 1;
    %store/vec4 v0x59eca1618320_0, 0, 1;
    %pushi/vec4 1, 0, 1;
    %store/vec4 v0x59eca1618560_0, 0, 1;
    %vpi_call 2 35 "$readmemh", "mult_stim_a.txt", v0x59eca1617c00 {0 0 0};
    %vpi_call 2 36 "$readmemh", "mult_stim_b.txt", v0x59eca1617ca0 {0 0 0};
    %vpi_call 2 37 "$readmemh", "mult_output.txt", v0x59eca1617d60 {0 0 0};
    %pushi/vec4 0, 0, 64;
    %store/vec4 v0x59eca1617a20_0, 0, 64;
    %pushi/vec4 0, 0, 64;
    %store/vec4 v0x59eca1617b20_0, 0, 64;
    %delay 10000, 0;
    %load/vec4 v0x59eca1618810_0;
    %inv;
    %store/vec4 v0x59eca1618810_0, 0, 1;
    %delay 10000, 0;
    %load/vec4 v0x59eca1618810_0;
    %inv;
    %store/vec4 v0x59eca1618810_0, 0, 1;
    %end;
    .thread T_1;
    .scope S_0x59eca15e1a80;
T_2 ;
    %delay 5000, 0;
    %load/vec4 v0x59eca1617e20_0;
    %inv;
    %store/vec4 v0x59eca1617e20_0, 0, 1;
    %jmp T_2;
    .thread T_2;
    .scope S_0x59eca15e1a80;
T_3 ;
    %wait E_0x59eca15c47a0;
    %load/vec4 v0x59eca1618810_0;
    %flag_set/vec4 8;
    %jmp/0xz  T_3.0, 8;
    %pushi/vec4 0, 0, 64;
    %assign/vec4 v0x59eca1617a20_0, 0;
    %pushi/vec4 0, 0, 64;
    %assign/vec4 v0x59eca1617b20_0, 0;
    %jmp T_3.1;
T_3.0 ;
    %ix/getv/s 4, v0x59eca1617ec0_0;
    %load/vec4a v0x59eca1617c00, 4;
    %assign/vec4 v0x59eca1617a20_0, 0;
    %ix/getv/s 4, v0x59eca1617ec0_0;
    %load/vec4a v0x59eca1617ca0, 4;
    %assign/vec4 v0x59eca1617b20_0, 0;
T_3.1 ;
    %jmp T_3;
    .thread T_3;
    .scope S_0x59eca15e1a80;
T_4 ;
    %wait E_0x59eca15c4110;
    %load/vec4 v0x59eca1618630_0;
    %pad/u 32;
    %cmpi/e 1, 0, 32;
    %jmp/0xz  T_4.0, 4;
    %ix/getv/s 4, v0x59eca1617ec0_0;
    %load/vec4a v0x59eca1617d60, 4;
    %load/vec4 v0x59eca1618490_0;
    %cmp/e;
    %jmp/0xz  T_4.2, 4;
    %load/vec4 v0x59eca1617ec0_0;
    %addi 1, 0, 32;
    %vpi_call 2 72 "$display", "Test %d|%d is correct", S<0,vec4,s32>, P_0x59eca15e1c10 {1 0 0};
    %load/vec4 v0x59eca16183f0_0;
    %addi 1, 0, 32;
    %store/vec4 v0x59eca16183f0_0, 0, 32;
T_4.2 ;
    %load/vec4 v0x59eca16183f0_0;
    %cmpi/e 44, 0, 32;
    %flag_get/vec4 4;
    %jmp/0 T_4.6, 4;
    %load/vec4 v0x59eca1617ec0_0;
    %pushi/vec4 43, 0, 32;
    %cmp/e;
    %flag_get/vec4 4;
    %and;
T_4.6;
    %flag_set/vec4 8;
    %jmp/0xz  T_4.4, 8;
    %vpi_call 2 77 "$display", "All tests are correct !!" {0 0 0};
    %jmp T_4.5;
T_4.4 ;
    %load/vec4 v0x59eca16183f0_0;
    %cmpi/ne 44, 0, 32;
    %flag_get/vec4 4;
    %jmp/0 T_4.9, 4;
    %load/vec4 v0x59eca1617ec0_0;
    %pushi/vec4 43, 0, 32;
    %cmp/e;
    %flag_get/vec4 4;
    %and;
T_4.9;
    %flag_set/vec4 8;
    %jmp/0xz  T_4.7, 8;
    %vpi_call 2 79 "$display", "%d out of %d are correct !!", v0x59eca16183f0_0, P_0x59eca15e1c10 {0 0 0};
T_4.7 ;
T_4.5 ;
    %load/vec4 v0x59eca1617ec0_0;
    %addi 1, 0, 32;
    %store/vec4 v0x59eca1617ec0_0, 0, 32;
T_4.0 ;
    %jmp T_4;
    .thread T_4;
# The file index is used to find the file name in the following table.
:file_names 4;
    "N/A";
    "<interactive>";
    "double_multiplier_tb.v";
    "double_multiplier.v";
