#! /usr/bin/vvp
:ivl_version "12.0 (stable)";
:ivl_delay_selection "TYPICAL";
:vpi_time_precision - 12;
:vpi_module "/usr/lib/x86_64-linux-gnu/ivl/system.vpi";
:vpi_module "/usr/lib/x86_64-linux-gnu/ivl/vhdl_sys.vpi";
:vpi_module "/usr/lib/x86_64-linux-gnu/ivl/vhdl_textio.vpi";
:vpi_module "/usr/lib/x86_64-linux-gnu/ivl/v2005_math.vpi";
:vpi_module "/usr/lib/x86_64-linux-gnu/ivl/va_math.vpi";
S_0x6385e0f324c0 .scope module, "double_adder_tb" "double_adder_tb" 2 3;
 .timescale -9 -12;
P_0x6385e0f32650 .param/l "cases" 0 2 21, +C4<00000000000000000000011111101011>;
L_0x6385e0f6bfe0 .functor BUFZ 64, v0x6385e0f6aeb0_0, C4<0000000000000000000000000000000000000000000000000000000000000000>, C4<0000000000000000000000000000000000000000000000000000000000000000>, C4<0000000000000000000000000000000000000000000000000000000000000000>;
L_0x6385e0f6c0a0 .functor BUFZ 64, v0x6385e0f6afb0_0, C4<0000000000000000000000000000000000000000000000000000000000000000>, C4<0000000000000000000000000000000000000000000000000000000000000000>, C4<0000000000000000000000000000000000000000000000000000000000000000>;
v0x6385e0f6aeb0_0 .var "Tin_a", 63 0;
v0x6385e0f6afb0_0 .var "Tin_b", 63 0;
v0x6385e0f6b090 .array "array_a", 2026 0, 63 0;
v0x6385e0f6b130 .array "array_b", 2026 0, 63 0;
v0x6385e0f6b1f0 .array "array_out", 2026 0, 63 0;
v0x6385e0f6b2b0_0 .var "clk", 0 0;
v0x6385e0f6b350_0 .var/i "i", 31 0;
v0x6385e0f6b410_0 .net "input_a", 63 0, L_0x6385e0f6bfe0;  1 drivers
v0x6385e0f6b4d0_0 .net "input_a_ack", 0 0, L_0x6385e0f47a80;  1 drivers
v0x6385e0f6b570_0 .var "input_a_stb", 0 0;
v0x6385e0f6b610_0 .net "input_b", 63 0, L_0x6385e0f6c0a0;  1 drivers
v0x6385e0f6b6e0_0 .net "input_b_ack", 0 0, L_0x6385e0f6bd70;  1 drivers
v0x6385e0f6b7b0_0 .var "input_b_stb", 0 0;
v0x6385e0f6b880_0 .var/i "j", 31 0;
v0x6385e0f6b920_0 .net "output_z", 63 0, L_0x6385e0f6bef0;  1 drivers
v0x6385e0f6b9f0_0 .var "output_z_ack", 0 0;
v0x6385e0f6bac0_0 .net "output_z_stb", 0 0, L_0x6385e0f6be30;  1 drivers
v0x6385e0f6bca0_0 .var "rst", 0 0;
E_0x6385e0f10800 .event posedge, v0x6385e0f698c0_0;
S_0x6385e0f326f0 .scope module, "uut" "double_adder" 2 86, 3 5 0, S_0x6385e0f324c0;
 .timescale 0 0;
    .port_info 0 /INPUT 64 "input_a";
    .port_info 1 /INPUT 64 "input_b";
    .port_info 2 /INPUT 1 "input_a_stb";
    .port_info 3 /INPUT 1 "input_b_stb";
    .port_info 4 /INPUT 1 "output_z_ack";
    .port_info 5 /INPUT 1 "clk";
    .port_info 6 /INPUT 1 "rst";
    .port_info 7 /OUTPUT 64 "output_z";
    .port_info 8 /OUTPUT 1 "output_z_stb";
    .port_info 9 /OUTPUT 1 "input_a_ack";
    .port_info 10 /OUTPUT 1 "input_b_ack";
P_0x6385e0ed3490 .param/l "add_0" 0 3 43, C4<0101>;
P_0x6385e0ed34d0 .param/l "add_1" 0 3 44, C4<0110>;
P_0x6385e0ed3510 .param/l "align" 0 3 42, C4<0100>;
P_0x6385e0ed3550 .param/l "get_a_b" 0 3 39, C4<0001>;
P_0x6385e0ed3590 .param/l "normalise_1" 0 3 45, C4<0111>;
P_0x6385e0ed35d0 .param/l "normalise_2" 0 3 46, C4<1000>;
P_0x6385e0ed3610 .param/l "pack" 0 3 48, C4<1010>;
P_0x6385e0ed3650 .param/l "put_z" 0 3 49, C4<1011>;
P_0x6385e0ed3690 .param/l "round" 0 3 47, C4<1001>;
P_0x6385e0ed36d0 .param/l "special_cases" 0 3 41, C4<0011>;
P_0x6385e0ed3710 .param/l "unpack" 0 3 40, C4<0010>;
L_0x6385e0f47a80 .functor BUFZ 1, v0x6385e0f6a3f0_0, C4<0>, C4<0>, C4<0>;
L_0x6385e0f6bd70 .functor BUFZ 1, v0x6385e0f6a4b0_0, C4<0>, C4<0>, C4<0>;
L_0x6385e0f6be30 .functor BUFZ 1, v0x6385e0f6a650_0, C4<0>, C4<0>, C4<0>;
L_0x6385e0f6bef0 .functor BUFZ 64, v0x6385e0f6a570_0, C4<0000000000000000000000000000000000000000000000000000000000000000>, C4<0000000000000000000000000000000000000000000000000000000000000000>, C4<0000000000000000000000000000000000000000000000000000000000000000>;
v0x6385e0f47ba0_0 .var "a", 63 0;
v0x6385e0f47c40_0 .var "a_e", 12 0;
v0x6385e0f69390_0 .var "a_m", 55 0;
v0x6385e0f69450_0 .var "a_s", 0 0;
v0x6385e0f69510_0 .var "b", 63 0;
v0x6385e0f69640_0 .var "b_e", 12 0;
v0x6385e0f69720_0 .var "b_m", 55 0;
v0x6385e0f69800_0 .var "b_s", 0 0;
v0x6385e0f698c0_0 .net "clk", 0 0, v0x6385e0f6b2b0_0;  1 drivers
v0x6385e0f69980_0 .var "guard", 0 0;
v0x6385e0f69a40_0 .net "input_a", 63 0, L_0x6385e0f6bfe0;  alias, 1 drivers
v0x6385e0f69b20_0 .net "input_a_ack", 0 0, L_0x6385e0f47a80;  alias, 1 drivers
v0x6385e0f69be0_0 .net "input_a_stb", 0 0, v0x6385e0f6b570_0;  1 drivers
v0x6385e0f69ca0_0 .net "input_b", 63 0, L_0x6385e0f6c0a0;  alias, 1 drivers
v0x6385e0f69d80_0 .net "input_b_ack", 0 0, L_0x6385e0f6bd70;  alias, 1 drivers
v0x6385e0f69e40_0 .net "input_b_stb", 0 0, v0x6385e0f6b7b0_0;  1 drivers
v0x6385e0f69f00_0 .net "output_z", 63 0, L_0x6385e0f6bef0;  alias, 1 drivers
v0x6385e0f6a0f0_0 .net "output_z_ack", 0 0, v0x6385e0f6b9f0_0;  1 drivers
v0x6385e0f6a1b0_0 .net "output_z_stb", 0 0, L_0x6385e0f6be30;  alias, 1 drivers
v0x6385e0f6a270_0 .var "round_bit", 0 0;
v0x6385e0f6a330_0 .net "rst", 0 0, v0x6385e0f6bca0_0;  1 drivers
v0x6385e0f6a3f0_0 .var "s_input_a_ack", 0 0;
v0x6385e0f6a4b0_0 .var "s_input_b_ack", 0 0;
v0x6385e0f6a570_0 .var "s_output_z", 63 0;
v0x6385e0f6a650_0 .var "s_output_z_stb", 0 0;
v0x6385e0f6a710_0 .var "state", 3 0;
v0x6385e0f6a7f0_0 .var "sticky", 0 0;
v0x6385e0f6a8b0_0 .var "sum", 56 0;
v0x6385e0f6a990_0 .var "z", 63 0;
v0x6385e0f6aa70_0 .var "z_e", 12 0;
v0x6385e0f6ab50_0 .var "z_m", 52 0;
v0x6385e0f6ac30_0 .var "z_s", 0 0;
E_0x6385e0f100f0 .event posedge, v0x6385e0f6a330_0, v0x6385e0f698c0_0;
    .scope S_0x6385e0f326f0;
T_0 ;
    %wait E_0x6385e0f100f0;
    %load/vec4 v0x6385e0f6a330_0;
    %pad/u 32;
    %cmpi/e 1, 0, 32;
    %jmp/0xz  T_0.0, 4;
    %pushi/vec4 1, 0, 4;
    %assign/vec4 v0x6385e0f6a710_0, 0;
    %pushi/vec4 0, 0, 1;
    %assign/vec4 v0x6385e0f6a3f0_0, 0;
    %pushi/vec4 0, 0, 1;
    %assign/vec4 v0x6385e0f6a4b0_0, 0;
    %pushi/vec4 0, 0, 1;
    %assign/vec4 v0x6385e0f6a650_0, 0;
    %jmp T_0.1;
T_0.0 ;
    %load/vec4 v0x6385e0f6a710_0;
    %dup/vec4;
    %pushi/vec4 1, 0, 4;
    %cmp/u;
    %jmp/1 T_0.2, 6;
    %dup/vec4;
    %pushi/vec4 2, 0, 4;
    %cmp/u;
    %jmp/1 T_0.3, 6;
    %dup/vec4;
    %pushi/vec4 3, 0, 4;
    %cmp/u;
    %jmp/1 T_0.4, 6;
    %dup/vec4;
    %pushi/vec4 4, 0, 4;
    %cmp/u;
    %jmp/1 T_0.5, 6;
    %dup/vec4;
    %pushi/vec4 5, 0, 4;
    %cmp/u;
    %jmp/1 T_0.6, 6;
    %dup/vec4;
    %pushi/vec4 6, 0, 4;
    %cmp/u;
    %jmp/1 T_0.7, 6;
    %dup/vec4;
    %pushi/vec4 7, 0, 4;
    %cmp/u;
    %jmp/1 T_0.8, 6;
    %dup/vec4;
    %pushi/vec4 8, 0, 4;
    %cmp/u;
    %jmp/1 T_0.9, 6;
    %dup/vec4;
    %pushi/vec4 9, 0, 4;
    %cmp/u;
    %jmp/1 T_0.10, 6;
    %dup/vec4;
    %pushi/vec4 10, 0, 4;
    %cmp/u;
    %jmp/1 T_0.11, 6;
    %dup/vec4;
    %pushi/vec4 11, 0, 4;
    %cmp/u;
    %jmp/1 T_0.12, 6;
    %jmp T_0.13;
T_0.2 ;
    %pushi/vec4 1, 0, 1;
    %assign/vec4 v0x6385e0f6a4b0_0, 0;
    %pushi/vec4 1, 0, 1;
    %assign/vec4 v0x6385e0f6a3f0_0, 0;
    %load/vec4 v0x6385e0f69e40_0;
    %flag_set/vec4 9;
    %flag_get/vec4 9;
    %jmp/0 T_0.16, 9;
    %load/vec4 v0x6385e0f69be0_0;
    %and;
T_0.16;
    %flag_set/vec4 8;
    %jmp/0xz  T_0.14, 8;
    %load/vec4 v0x6385e0f69a40_0;
    %assign/vec4 v0x6385e0f47ba0_0, 0;
    %load/vec4 v0x6385e0f69ca0_0;
    %assign/vec4 v0x6385e0f69510_0, 0;
    %pushi/vec4 0, 0, 1;
    %assign/vec4 v0x6385e0f6a3f0_0, 0;
    %pushi/vec4 0, 0, 1;
    %assign/vec4 v0x6385e0f6a4b0_0, 0;
    %pushi/vec4 2, 0, 4;
    %assign/vec4 v0x6385e0f6a710_0, 0;
T_0.14 ;
    %jmp T_0.13;
T_0.3 ;
    %load/vec4 v0x6385e0f47ba0_0;
    %parti/s 52, 0, 2;
    %concati/vec4 0, 0, 3;
    %pad/u 56;
    %assign/vec4 v0x6385e0f69390_0, 0;
    %load/vec4 v0x6385e0f69510_0;
    %parti/s 52, 0, 2;
    %concati/vec4 0, 0, 3;
    %pad/u 56;
    %assign/vec4 v0x6385e0f69720_0, 0;
    %load/vec4 v0x6385e0f47ba0_0;
    %parti/s 11, 52, 7;
    %pad/u 13;
    %subi 1023, 0, 13;
    %assign/vec4 v0x6385e0f47c40_0, 0;
    %load/vec4 v0x6385e0f69510_0;
    %parti/s 11, 52, 7;
    %pad/u 13;
    %subi 1023, 0, 13;
    %assign/vec4 v0x6385e0f69640_0, 0;
    %load/vec4 v0x6385e0f47ba0_0;
    %parti/s 1, 63, 7;
    %assign/vec4 v0x6385e0f69450_0, 0;
    %load/vec4 v0x6385e0f69510_0;
    %parti/s 1, 63, 7;
    %assign/vec4 v0x6385e0f69800_0, 0;
    %pushi/vec4 3, 0, 4;
    %assign/vec4 v0x6385e0f6a710_0, 0;
    %jmp T_0.13;
T_0.4 ;
    %load/vec4 v0x6385e0f47c40_0;
    %pad/u 32;
    %cmpi/e 1024, 0, 32;
    %flag_get/vec4 4;
    %jmp/0 T_0.20, 4;
    %load/vec4 v0x6385e0f69390_0;
    %pushi/vec4 0, 0, 56;
    %cmp/ne;
    %flag_get/vec4 4;
    %and;
T_0.20;
    %flag_set/vec4 8;
    %jmp/1 T_0.19, 8;
    %load/vec4 v0x6385e0f69640_0;
    %pad/u 32;
    %cmpi/e 1024, 0, 32;
    %flag_get/vec4 4;
    %jmp/0 T_0.21, 4;
    %load/vec4 v0x6385e0f69720_0;
    %pushi/vec4 0, 0, 56;
    %cmp/ne;
    %flag_get/vec4 4;
    %and;
T_0.21;
    %flag_set/vec4 9;
    %flag_or 8, 9;
T_0.19;
    %jmp/0xz  T_0.17, 8;
    %pushi/vec4 1, 0, 1;
    %ix/load 4, 63, 0;
    %ix/load 5, 0, 0;
    %flag_set/imm 4, 0;
    %assign/vec4/off/d v0x6385e0f6a990_0, 4, 5;
    %pushi/vec4 2047, 0, 11;
    %ix/load 4, 52, 0;
    %ix/load 5, 0, 0;
    %flag_set/imm 4, 0;
    %assign/vec4/off/d v0x6385e0f6a990_0, 4, 5;
    %pushi/vec4 1, 0, 1;
    %ix/load 4, 51, 0;
    %ix/load 5, 0, 0;
    %flag_set/imm 4, 0;
    %assign/vec4/off/d v0x6385e0f6a990_0, 4, 5;
    %pushi/vec4 0, 0, 51;
    %ix/load 4, 0, 0;
    %ix/load 5, 0, 0;
    %flag_set/imm 4, 0;
    %assign/vec4/off/d v0x6385e0f6a990_0, 4, 5;
    %pushi/vec4 11, 0, 4;
    %assign/vec4 v0x6385e0f6a710_0, 0;
    %jmp T_0.18;
T_0.17 ;
    %load/vec4 v0x6385e0f47c40_0;
    %pad/u 32;
    %cmpi/e 1024, 0, 32;
    %jmp/0xz  T_0.22, 4;
    %load/vec4 v0x6385e0f69450_0;
    %ix/load 4, 63, 0;
    %ix/load 5, 0, 0;
    %flag_set/imm 4, 0;
    %assign/vec4/off/d v0x6385e0f6a990_0, 4, 5;
    %pushi/vec4 2047, 0, 11;
    %ix/load 4, 52, 0;
    %ix/load 5, 0, 0;
    %flag_set/imm 4, 0;
    %assign/vec4/off/d v0x6385e0f6a990_0, 4, 5;
    %pushi/vec4 0, 0, 52;
    %ix/load 4, 0, 0;
    %ix/load 5, 0, 0;
    %flag_set/imm 4, 0;
    %assign/vec4/off/d v0x6385e0f6a990_0, 4, 5;
    %load/vec4 v0x6385e0f69640_0;
    %pad/u 32;
    %cmpi/e 1024, 0, 32;
    %flag_get/vec4 4;
    %jmp/0 T_0.26, 4;
    %load/vec4 v0x6385e0f69450_0;
    %load/vec4 v0x6385e0f69800_0;
    %cmp/ne;
    %flag_get/vec4 4;
    %and;
T_0.26;
    %flag_set/vec4 8;
    %jmp/0xz  T_0.24, 8;
    %pushi/vec4 1, 0, 1;
    %ix/load 4, 63, 0;
    %ix/load 5, 0, 0;
    %flag_set/imm 4, 0;
    %assign/vec4/off/d v0x6385e0f6a990_0, 4, 5;
    %pushi/vec4 2047, 0, 11;
    %ix/load 4, 52, 0;
    %ix/load 5, 0, 0;
    %flag_set/imm 4, 0;
    %assign/vec4/off/d v0x6385e0f6a990_0, 4, 5;
    %pushi/vec4 1, 0, 1;
    %ix/load 4, 51, 0;
    %ix/load 5, 0, 0;
    %flag_set/imm 4, 0;
    %assign/vec4/off/d v0x6385e0f6a990_0, 4, 5;
    %pushi/vec4 0, 0, 51;
    %ix/load 4, 0, 0;
    %ix/load 5, 0, 0;
    %flag_set/imm 4, 0;
    %assign/vec4/off/d v0x6385e0f6a990_0, 4, 5;
T_0.24 ;
    %pushi/vec4 11, 0, 4;
    %assign/vec4 v0x6385e0f6a710_0, 0;
    %jmp T_0.23;
T_0.22 ;
    %load/vec4 v0x6385e0f69640_0;
    %pad/u 32;
    %cmpi/e 1024, 0, 32;
    %jmp/0xz  T_0.27, 4;
    %load/vec4 v0x6385e0f69800_0;
    %ix/load 4, 63, 0;
    %ix/load 5, 0, 0;
    %flag_set/imm 4, 0;
    %assign/vec4/off/d v0x6385e0f6a990_0, 4, 5;
    %pushi/vec4 2047, 0, 11;
    %ix/load 4, 52, 0;
    %ix/load 5, 0, 0;
    %flag_set/imm 4, 0;
    %assign/vec4/off/d v0x6385e0f6a990_0, 4, 5;
    %pushi/vec4 0, 0, 52;
    %ix/load 4, 0, 0;
    %ix/load 5, 0, 0;
    %flag_set/imm 4, 0;
    %assign/vec4/off/d v0x6385e0f6a990_0, 4, 5;
    %pushi/vec4 11, 0, 4;
    %assign/vec4 v0x6385e0f6a710_0, 0;
    %jmp T_0.28;
T_0.27 ;
    %load/vec4 v0x6385e0f47c40_0;
    %pad/s 32;
    %cmpi/e 4294966273, 0, 32;
    %flag_get/vec4 4;
    %jmp/0 T_0.32, 4;
    %load/vec4 v0x6385e0f69390_0;
    %pushi/vec4 0, 0, 56;
    %cmp/e;
    %flag_get/vec4 4;
    %and;
T_0.32;
    %flag_set/vec4 9;
    %flag_get/vec4 9;
    %jmp/0 T_0.31, 9;
    %load/vec4 v0x6385e0f69640_0;
    %pad/s 32;
    %cmpi/e 4294966273, 0, 32;
    %flag_get/vec4 4;
    %jmp/0 T_0.33, 4;
    %load/vec4 v0x6385e0f69720_0;
    %pushi/vec4 0, 0, 56;
    %cmp/e;
    %flag_get/vec4 4;
    %and;
T_0.33;
    %and;
T_0.31;
    %flag_set/vec4 8;
    %jmp/0xz  T_0.29, 8;
    %load/vec4 v0x6385e0f69450_0;
    %load/vec4 v0x6385e0f69800_0;
    %and;
    %ix/load 4, 63, 0;
    %ix/load 5, 0, 0;
    %flag_set/imm 4, 0;
    %assign/vec4/off/d v0x6385e0f6a990_0, 4, 5;
    %load/vec4 v0x6385e0f69640_0;
    %parti/s 11, 0, 2;
    %addi 1023, 0, 11;
    %ix/load 4, 52, 0;
    %ix/load 5, 0, 0;
    %flag_set/imm 4, 0;
    %assign/vec4/off/d v0x6385e0f6a990_0, 4, 5;
    %load/vec4 v0x6385e0f69720_0;
    %parti/s 53, 3, 3;
    %pad/u 52;
    %ix/load 4, 0, 0;
    %ix/load 5, 0, 0;
    %flag_set/imm 4, 0;
    %assign/vec4/off/d v0x6385e0f6a990_0, 4, 5;
    %pushi/vec4 11, 0, 4;
    %assign/vec4 v0x6385e0f6a710_0, 0;
    %jmp T_0.30;
T_0.29 ;
    %load/vec4 v0x6385e0f47c40_0;
    %pad/s 32;
    %cmpi/e 4294966273, 0, 32;
    %flag_get/vec4 4;
    %jmp/0 T_0.36, 4;
    %load/vec4 v0x6385e0f69390_0;
    %pushi/vec4 0, 0, 56;
    %cmp/e;
    %flag_get/vec4 4;
    %and;
T_0.36;
    %flag_set/vec4 8;
    %jmp/0xz  T_0.34, 8;
    %load/vec4 v0x6385e0f69800_0;
    %ix/load 4, 63, 0;
    %ix/load 5, 0, 0;
    %flag_set/imm 4, 0;
    %assign/vec4/off/d v0x6385e0f6a990_0, 4, 5;
    %load/vec4 v0x6385e0f69640_0;
    %parti/s 11, 0, 2;
    %addi 1023, 0, 11;
    %ix/load 4, 52, 0;
    %ix/load 5, 0, 0;
    %flag_set/imm 4, 0;
    %assign/vec4/off/d v0x6385e0f6a990_0, 4, 5;
    %load/vec4 v0x6385e0f69720_0;
    %parti/s 53, 3, 3;
    %pad/u 52;
    %ix/load 4, 0, 0;
    %ix/load 5, 0, 0;
    %flag_set/imm 4, 0;
    %assign/vec4/off/d v0x6385e0f6a990_0, 4, 5;
    %pushi/vec4 11, 0, 4;
    %assign/vec4 v0x6385e0f6a710_0, 0;
    %jmp T_0.35;
T_0.34 ;
    %load/vec4 v0x6385e0f69640_0;
    %pad/s 32;
    %cmpi/e 4294966273, 0, 32;
    %flag_get/vec4 4;
    %jmp/0 T_0.39, 4;
    %load/vec4 v0x6385e0f69720_0;
    %pushi/vec4 0, 0, 56;
    %cmp/e;
    %flag_get/vec4 4;
    %and;
T_0.39;
    %flag_set/vec4 8;
    %jmp/0xz  T_0.37, 8;
    %load/vec4 v0x6385e0f69450_0;
    %ix/load 4, 63, 0;
    %ix/load 5, 0, 0;
    %flag_set/imm 4, 0;
    %assign/vec4/off/d v0x6385e0f6a990_0, 4, 5;
    %load/vec4 v0x6385e0f47c40_0;
    %parti/s 11, 0, 2;
    %addi 1023, 0, 11;
    %ix/load 4, 52, 0;
    %ix/load 5, 0, 0;
    %flag_set/imm 4, 0;
    %assign/vec4/off/d v0x6385e0f6a990_0, 4, 5;
    %load/vec4 v0x6385e0f69390_0;
    %parti/s 53, 3, 3;
    %pad/u 52;
    %ix/load 4, 0, 0;
    %ix/load 5, 0, 0;
    %flag_set/imm 4, 0;
    %assign/vec4/off/d v0x6385e0f6a990_0, 4, 5;
    %pushi/vec4 11, 0, 4;
    %assign/vec4 v0x6385e0f6a710_0, 0;
    %jmp T_0.38;
T_0.37 ;
    %load/vec4 v0x6385e0f47c40_0;
    %pad/s 32;
    %cmpi/e 4294966273, 0, 32;
    %jmp/0xz  T_0.40, 4;
    %pushi/vec4 7170, 0, 13;
    %assign/vec4 v0x6385e0f47c40_0, 0;
    %jmp T_0.41;
T_0.40 ;
    %pushi/vec4 1, 0, 1;
    %ix/load 4, 55, 0;
    %ix/load 5, 0, 0;
    %flag_set/imm 4, 0;
    %assign/vec4/off/d v0x6385e0f69390_0, 4, 5;
T_0.41 ;
    %load/vec4 v0x6385e0f69640_0;
    %pad/s 32;
    %cmpi/e 4294966273, 0, 32;
    %jmp/0xz  T_0.42, 4;
    %pushi/vec4 7170, 0, 13;
    %assign/vec4 v0x6385e0f69640_0, 0;
    %jmp T_0.43;
T_0.42 ;
    %pushi/vec4 1, 0, 1;
    %ix/load 4, 55, 0;
    %ix/load 5, 0, 0;
    %flag_set/imm 4, 0;
    %assign/vec4/off/d v0x6385e0f69720_0, 4, 5;
T_0.43 ;
    %pushi/vec4 4, 0, 4;
    %assign/vec4 v0x6385e0f6a710_0, 0;
T_0.38 ;
T_0.35 ;
T_0.30 ;
T_0.28 ;
T_0.23 ;
T_0.18 ;
    %jmp T_0.13;
T_0.5 ;
    %load/vec4 v0x6385e0f69640_0;
    %load/vec4 v0x6385e0f47c40_0;
    %cmp/s;
    %jmp/0xz  T_0.44, 5;
    %load/vec4 v0x6385e0f69640_0;
    %addi 1, 0, 13;
    %assign/vec4 v0x6385e0f69640_0, 0;
    %load/vec4 v0x6385e0f69720_0;
    %ix/load 4, 1, 0;
    %flag_set/imm 4, 0;
    %shiftr 4;
    %assign/vec4 v0x6385e0f69720_0, 0;
    %load/vec4 v0x6385e0f69720_0;
    %parti/s 1, 0, 2;
    %load/vec4 v0x6385e0f69720_0;
    %parti/s 1, 1, 2;
    %or;
    %ix/load 4, 0, 0;
    %ix/load 5, 0, 0;
    %flag_set/imm 4, 0;
    %assign/vec4/off/d v0x6385e0f69720_0, 4, 5;
    %jmp T_0.45;
T_0.44 ;
    %load/vec4 v0x6385e0f47c40_0;
    %load/vec4 v0x6385e0f69640_0;
    %cmp/s;
    %jmp/0xz  T_0.46, 5;
    %load/vec4 v0x6385e0f47c40_0;
    %addi 1, 0, 13;
    %assign/vec4 v0x6385e0f47c40_0, 0;
    %load/vec4 v0x6385e0f69390_0;
    %ix/load 4, 1, 0;
    %flag_set/imm 4, 0;
    %shiftr 4;
    %assign/vec4 v0x6385e0f69390_0, 0;
    %load/vec4 v0x6385e0f69390_0;
    %parti/s 1, 0, 2;
    %load/vec4 v0x6385e0f69390_0;
    %parti/s 1, 1, 2;
    %or;
    %ix/load 4, 0, 0;
    %ix/load 5, 0, 0;
    %flag_set/imm 4, 0;
    %assign/vec4/off/d v0x6385e0f69390_0, 4, 5;
    %jmp T_0.47;
T_0.46 ;
    %pushi/vec4 5, 0, 4;
    %assign/vec4 v0x6385e0f6a710_0, 0;
T_0.47 ;
T_0.45 ;
    %jmp T_0.13;
T_0.6 ;
    %load/vec4 v0x6385e0f47c40_0;
    %assign/vec4 v0x6385e0f6aa70_0, 0;
    %load/vec4 v0x6385e0f69450_0;
    %load/vec4 v0x6385e0f69800_0;
    %cmp/e;
    %jmp/0xz  T_0.48, 4;
    %pushi/vec4 0, 0, 1;
    %load/vec4 v0x6385e0f69390_0;
    %concat/vec4; draw_concat_vec4
    %load/vec4 v0x6385e0f69720_0;
    %pad/u 57;
    %add;
    %assign/vec4 v0x6385e0f6a8b0_0, 0;
    %load/vec4 v0x6385e0f69450_0;
    %assign/vec4 v0x6385e0f6ac30_0, 0;
    %jmp T_0.49;
T_0.48 ;
    %load/vec4 v0x6385e0f69720_0;
    %load/vec4 v0x6385e0f69390_0;
    %cmp/u;
    %jmp/0xz  T_0.50, 5;
    %pushi/vec4 0, 0, 1;
    %load/vec4 v0x6385e0f69390_0;
    %concat/vec4; draw_concat_vec4
    %load/vec4 v0x6385e0f69720_0;
    %pad/u 57;
    %sub;
    %assign/vec4 v0x6385e0f6a8b0_0, 0;
    %load/vec4 v0x6385e0f69450_0;
    %assign/vec4 v0x6385e0f6ac30_0, 0;
    %jmp T_0.51;
T_0.50 ;
    %pushi/vec4 0, 0, 1;
    %load/vec4 v0x6385e0f69720_0;
    %concat/vec4; draw_concat_vec4
    %load/vec4 v0x6385e0f69390_0;
    %pad/u 57;
    %sub;
    %assign/vec4 v0x6385e0f6a8b0_0, 0;
    %load/vec4 v0x6385e0f69800_0;
    %assign/vec4 v0x6385e0f6ac30_0, 0;
T_0.51 ;
T_0.49 ;
    %pushi/vec4 6, 0, 4;
    %assign/vec4 v0x6385e0f6a710_0, 0;
    %jmp T_0.13;
T_0.7 ;
    %load/vec4 v0x6385e0f6a8b0_0;
    %parti/s 1, 56, 7;
    %flag_set/vec4 8;
    %jmp/0xz  T_0.52, 8;
    %load/vec4 v0x6385e0f6a8b0_0;
    %parti/s 53, 4, 4;
    %assign/vec4 v0x6385e0f6ab50_0, 0;
    %load/vec4 v0x6385e0f6a8b0_0;
    %parti/s 1, 3, 3;
    %assign/vec4 v0x6385e0f69980_0, 0;
    %load/vec4 v0x6385e0f6a8b0_0;
    %parti/s 1, 2, 3;
    %assign/vec4 v0x6385e0f6a270_0, 0;
    %load/vec4 v0x6385e0f6a8b0_0;
    %parti/s 1, 1, 2;
    %load/vec4 v0x6385e0f6a8b0_0;
    %parti/s 1, 0, 2;
    %or;
    %assign/vec4 v0x6385e0f6a7f0_0, 0;
    %load/vec4 v0x6385e0f6aa70_0;
    %addi 1, 0, 13;
    %assign/vec4 v0x6385e0f6aa70_0, 0;
    %jmp T_0.53;
T_0.52 ;
    %load/vec4 v0x6385e0f6a8b0_0;
    %parti/s 53, 3, 3;
    %assign/vec4 v0x6385e0f6ab50_0, 0;
    %load/vec4 v0x6385e0f6a8b0_0;
    %parti/s 1, 2, 3;
    %assign/vec4 v0x6385e0f69980_0, 0;
    %load/vec4 v0x6385e0f6a8b0_0;
    %parti/s 1, 1, 2;
    %assign/vec4 v0x6385e0f6a270_0, 0;
    %load/vec4 v0x6385e0f6a8b0_0;
    %parti/s 1, 0, 2;
    %assign/vec4 v0x6385e0f6a7f0_0, 0;
T_0.53 ;
    %pushi/vec4 7, 0, 4;
    %assign/vec4 v0x6385e0f6a710_0, 0;
    %jmp T_0.13;
T_0.8 ;
    %load/vec4 v0x6385e0f6ab50_0;
    %parti/s 1, 52, 7;
    %pad/u 32;
    %cmpi/e 0, 0, 32;
    %flag_get/vec4 4;
    %jmp/0 T_0.56, 4;
    %pushi/vec4 4294966274, 0, 32;
    %load/vec4 v0x6385e0f6aa70_0;
    %pad/s 32;
    %cmp/s;
    %flag_get/vec4 5;
    %and;
T_0.56;
    %flag_set/vec4 8;
    %jmp/0xz  T_0.54, 8;
    %load/vec4 v0x6385e0f6aa70_0;
    %subi 1, 0, 13;
    %assign/vec4 v0x6385e0f6aa70_0, 0;
    %load/vec4 v0x6385e0f6ab50_0;
    %ix/load 4, 1, 0;
    %flag_set/imm 4, 0;
    %shiftl 4;
    %assign/vec4 v0x6385e0f6ab50_0, 0;
    %load/vec4 v0x6385e0f69980_0;
    %ix/load 4, 0, 0;
    %ix/load 5, 0, 0;
    %flag_set/imm 4, 0;
    %assign/vec4/off/d v0x6385e0f6ab50_0, 4, 5;
    %load/vec4 v0x6385e0f6a270_0;
    %assign/vec4 v0x6385e0f69980_0, 0;
    %pushi/vec4 0, 0, 1;
    %assign/vec4 v0x6385e0f6a270_0, 0;
    %jmp T_0.55;
T_0.54 ;
    %pushi/vec4 8, 0, 4;
    %assign/vec4 v0x6385e0f6a710_0, 0;
T_0.55 ;
    %jmp T_0.13;
T_0.9 ;
    %load/vec4 v0x6385e0f6aa70_0;
    %pad/s 32;
    %cmpi/s 4294966274, 0, 32;
    %jmp/0xz  T_0.57, 5;
    %load/vec4 v0x6385e0f6aa70_0;
    %addi 1, 0, 13;
    %assign/vec4 v0x6385e0f6aa70_0, 0;
    %load/vec4 v0x6385e0f6ab50_0;
    %ix/load 4, 1, 0;
    %flag_set/imm 4, 0;
    %shiftr 4;
    %assign/vec4 v0x6385e0f6ab50_0, 0;
    %load/vec4 v0x6385e0f6ab50_0;
    %parti/s 1, 0, 2;
    %assign/vec4 v0x6385e0f69980_0, 0;
    %load/vec4 v0x6385e0f69980_0;
    %assign/vec4 v0x6385e0f6a270_0, 0;
    %load/vec4 v0x6385e0f6a7f0_0;
    %load/vec4 v0x6385e0f6a270_0;
    %or;
    %assign/vec4 v0x6385e0f6a7f0_0, 0;
    %jmp T_0.58;
T_0.57 ;
    %pushi/vec4 9, 0, 4;
    %assign/vec4 v0x6385e0f6a710_0, 0;
T_0.58 ;
    %jmp T_0.13;
T_0.10 ;
    %load/vec4 v0x6385e0f69980_0;
    %flag_set/vec4 9;
    %flag_get/vec4 9;
    %jmp/0 T_0.61, 9;
    %load/vec4 v0x6385e0f6a270_0;
    %load/vec4 v0x6385e0f6a7f0_0;
    %or;
    %load/vec4 v0x6385e0f6ab50_0;
    %parti/s 1, 0, 2;
    %or;
    %and;
T_0.61;
    %flag_set/vec4 8;
    %jmp/0xz  T_0.59, 8;
    %load/vec4 v0x6385e0f6ab50_0;
    %addi 1, 0, 53;
    %assign/vec4 v0x6385e0f6ab50_0, 0;
    %load/vec4 v0x6385e0f6ab50_0;
    %pushi/vec4 4294967295, 0, 32;
    %concati/vec4 2097151, 0, 21;
    %cmp/e;
    %jmp/0xz  T_0.62, 4;
    %load/vec4 v0x6385e0f6aa70_0;
    %addi 1, 0, 13;
    %assign/vec4 v0x6385e0f6aa70_0, 0;
T_0.62 ;
T_0.59 ;
    %pushi/vec4 10, 0, 4;
    %assign/vec4 v0x6385e0f6a710_0, 0;
    %jmp T_0.13;
T_0.11 ;
    %load/vec4 v0x6385e0f6ab50_0;
    %parti/s 52, 0, 2;
    %ix/load 4, 0, 0;
    %ix/load 5, 0, 0;
    %flag_set/imm 4, 0;
    %assign/vec4/off/d v0x6385e0f6a990_0, 4, 5;
    %load/vec4 v0x6385e0f6aa70_0;
    %parti/s 11, 0, 2;
    %addi 1023, 0, 11;
    %ix/load 4, 52, 0;
    %ix/load 5, 0, 0;
    %flag_set/imm 4, 0;
    %assign/vec4/off/d v0x6385e0f6a990_0, 4, 5;
    %load/vec4 v0x6385e0f6ac30_0;
    %ix/load 4, 63, 0;
    %ix/load 5, 0, 0;
    %flag_set/imm 4, 0;
    %assign/vec4/off/d v0x6385e0f6a990_0, 4, 5;
    %load/vec4 v0x6385e0f6aa70_0;
    %pad/s 32;
    %cmpi/e 4294966274, 0, 32;
    %flag_get/vec4 4;
    %jmp/0 T_0.66, 4;
    %load/vec4 v0x6385e0f6ab50_0;
    %parti/s 1, 52, 7;
    %pad/u 32;
    %pushi/vec4 0, 0, 32;
    %cmp/e;
    %flag_get/vec4 4;
    %and;
T_0.66;
    %flag_set/vec4 8;
    %jmp/0xz  T_0.64, 8;
    %pushi/vec4 0, 0, 11;
    %ix/load 4, 52, 0;
    %ix/load 5, 0, 0;
    %flag_set/imm 4, 0;
    %assign/vec4/off/d v0x6385e0f6a990_0, 4, 5;
T_0.64 ;
    %load/vec4 v0x6385e0f6aa70_0;
    %pad/s 32;
    %cmpi/e 4294966274, 0, 32;
    %flag_get/vec4 4;
    %jmp/0 T_0.69, 4;
    %load/vec4 v0x6385e0f6ab50_0;
    %pushi/vec4 0, 0, 53;
    %cmp/e;
    %flag_get/vec4 4;
    %and;
T_0.69;
    %flag_set/vec4 8;
    %jmp/0xz  T_0.67, 8;
    %pushi/vec4 0, 0, 1;
    %ix/load 4, 63, 0;
    %ix/load 5, 0, 0;
    %flag_set/imm 4, 0;
    %assign/vec4/off/d v0x6385e0f6a990_0, 4, 5;
T_0.67 ;
    %load/vec4 v0x6385e0f6aa70_0;
    %pad/s 32;
    %cmpi/s 1023, 0, 32;
    %flag_or 5, 4; GT is !LE
    %flag_inv 5;
    %jmp/0xz  T_0.70, 5;
    %pushi/vec4 0, 0, 52;
    %ix/load 4, 0, 0;
    %ix/load 5, 0, 0;
    %flag_set/imm 4, 0;
    %assign/vec4/off/d v0x6385e0f6a990_0, 4, 5;
    %pushi/vec4 2047, 0, 11;
    %ix/load 4, 52, 0;
    %ix/load 5, 0, 0;
    %flag_set/imm 4, 0;
    %assign/vec4/off/d v0x6385e0f6a990_0, 4, 5;
    %load/vec4 v0x6385e0f6ac30_0;
    %ix/load 4, 63, 0;
    %ix/load 5, 0, 0;
    %flag_set/imm 4, 0;
    %assign/vec4/off/d v0x6385e0f6a990_0, 4, 5;
T_0.70 ;
    %pushi/vec4 11, 0, 4;
    %assign/vec4 v0x6385e0f6a710_0, 0;
    %jmp T_0.13;
T_0.12 ;
    %pushi/vec4 1, 0, 1;
    %assign/vec4 v0x6385e0f6a650_0, 0;
    %load/vec4 v0x6385e0f6a990_0;
    %assign/vec4 v0x6385e0f6a570_0, 0;
    %load/vec4 v0x6385e0f6a650_0;
    %flag_set/vec4 9;
    %flag_get/vec4 9;
    %jmp/0 T_0.74, 9;
    %load/vec4 v0x6385e0f6a0f0_0;
    %and;
T_0.74;
    %flag_set/vec4 8;
    %jmp/0xz  T_0.72, 8;
    %pushi/vec4 0, 0, 1;
    %assign/vec4 v0x6385e0f6a650_0, 0;
    %pushi/vec4 1, 0, 4;
    %assign/vec4 v0x6385e0f6a710_0, 0;
T_0.72 ;
    %jmp T_0.13;
T_0.13 ;
    %pop/vec4 1;
T_0.1 ;
    %jmp T_0;
    .thread T_0;
    .scope S_0x6385e0f324c0;
T_1 ;
    %pushi/vec4 0, 0, 1;
    %store/vec4 v0x6385e0f6b2b0_0, 0, 1;
    %pushi/vec4 0, 0, 1;
    %store/vec4 v0x6385e0f6bca0_0, 0, 1;
    %pushi/vec4 0, 0, 32;
    %store/vec4 v0x6385e0f6b350_0, 0, 32;
    %pushi/vec4 0, 0, 32;
    %store/vec4 v0x6385e0f6b880_0, 0, 32;
    %pushi/vec4 1, 0, 1;
    %store/vec4 v0x6385e0f6b570_0, 0, 1;
    %pushi/vec4 1, 0, 1;
    %store/vec4 v0x6385e0f6b7b0_0, 0, 1;
    %pushi/vec4 1, 0, 1;
    %store/vec4 v0x6385e0f6b9f0_0, 0, 1;
    %vpi_call 2 32 "$readmemh", "add_stim_a.txt", v0x6385e0f6b090 {0 0 0};
    %vpi_call 2 33 "$readmemh", "add_stim_b.txt", v0x6385e0f6b130 {0 0 0};
    %vpi_call 2 34 "$readmemh", "add_output.txt", v0x6385e0f6b1f0 {0 0 0};
    %pushi/vec4 0, 0, 64;
    %store/vec4 v0x6385e0f6aeb0_0, 0, 64;
    %pushi/vec4 0, 0, 64;
    %store/vec4 v0x6385e0f6afb0_0, 0, 64;
    %delay 10000, 0;
    %load/vec4 v0x6385e0f6bca0_0;
    %inv;
    %store/vec4 v0x6385e0f6bca0_0, 0, 1;
    %delay 10000, 0;
    %load/vec4 v0x6385e0f6bca0_0;
    %inv;
    %store/vec4 v0x6385e0f6bca0_0, 0, 1;
    %vpi_call 2 39 "$dumpfile", "gtk_double_adder.vcd" {0 0 0};
    %vpi_call 2 40 "$dumpvars", 32'sb00000000000000000000000000000000, S_0x6385e0f324c0 {0 0 0};
    %end;
    .thread T_1;
    .scope S_0x6385e0f324c0;
T_2 ;
    %delay 5000, 0;
    %load/vec4 v0x6385e0f6b2b0_0;
    %inv;
    %store/vec4 v0x6385e0f6b2b0_0, 0, 1;
    %jmp T_2;
    .thread T_2;
    .scope S_0x6385e0f324c0;
T_3 ;
    %wait E_0x6385e0f100f0;
    %load/vec4 v0x6385e0f6bca0_0;
    %flag_set/vec4 8;
    %jmp/0xz  T_3.0, 8;
    %pushi/vec4 0, 0, 64;
    %store/vec4 v0x6385e0f6aeb0_0, 0, 64;
    %pushi/vec4 0, 0, 64;
    %store/vec4 v0x6385e0f6afb0_0, 0, 64;
    %jmp T_3.1;
T_3.0 ;
    %ix/getv/s 4, v0x6385e0f6b350_0;
    %load/vec4a v0x6385e0f6b090, 4;
    %store/vec4 v0x6385e0f6aeb0_0, 0, 64;
    %ix/getv/s 4, v0x6385e0f6b350_0;
    %load/vec4a v0x6385e0f6b130, 4;
    %store/vec4 v0x6385e0f6afb0_0, 0, 64;
T_3.1 ;
    %jmp T_3;
    .thread T_3;
    .scope S_0x6385e0f324c0;
T_4 ;
    %wait E_0x6385e0f10800;
    %load/vec4 v0x6385e0f6bac0_0;
    %pad/u 32;
    %cmpi/e 1, 0, 32;
    %jmp/0xz  T_4.0, 4;
    %ix/getv/s 4, v0x6385e0f6b350_0;
    %load/vec4a v0x6385e0f6b1f0, 4;
    %load/vec4 v0x6385e0f6b920_0;
    %cmp/e;
    %jmp/0xz  T_4.2, 4;
    %load/vec4 v0x6385e0f6b350_0;
    %addi 1, 0, 32;
    %vpi_call 2 71 "$display", "Test %d / %d is correct", S<0,vec4,s32>, P_0x6385e0f32650 {1 0 0};
    %load/vec4 v0x6385e0f6b880_0;
    %addi 1, 0, 32;
    %store/vec4 v0x6385e0f6b880_0, 0, 32;
T_4.2 ;
    %load/vec4 v0x6385e0f6b880_0;
    %cmpi/e 2027, 0, 32;
    %flag_get/vec4 4;
    %jmp/0 T_4.6, 4;
    %load/vec4 v0x6385e0f6b350_0;
    %pushi/vec4 2026, 0, 32;
    %cmp/e;
    %flag_get/vec4 4;
    %and;
T_4.6;
    %flag_set/vec4 8;
    %jmp/0xz  T_4.4, 8;
    %vpi_call 2 76 "$display", "All tests are correct !!" {0 0 0};
    %jmp T_4.5;
T_4.4 ;
    %load/vec4 v0x6385e0f6b880_0;
    %cmpi/ne 2027, 0, 32;
    %flag_get/vec4 4;
    %jmp/0 T_4.9, 4;
    %load/vec4 v0x6385e0f6b350_0;
    %pushi/vec4 2026, 0, 32;
    %cmp/e;
    %flag_get/vec4 4;
    %and;
T_4.9;
    %flag_set/vec4 8;
    %jmp/0xz  T_4.7, 8;
    %vpi_call 2 78 "$display", "%d out of %d are correct !!", v0x6385e0f6b880_0, P_0x6385e0f32650 {0 0 0};
T_4.7 ;
T_4.5 ;
    %load/vec4 v0x6385e0f6b350_0;
    %addi 1, 0, 32;
    %store/vec4 v0x6385e0f6b350_0, 0, 32;
T_4.0 ;
    %jmp T_4;
    .thread T_4;
# The file index is used to find the file name in the following table.
:file_names 4;
    "N/A";
    "<interactive>";
    "double_adder_tb.v";
    "double_adder.v";
