#! /usr/bin/vvp
:ivl_version "12.0 (stable)";
:ivl_delay_selection "TYPICAL";
:vpi_time_precision - 12;
:vpi_module "/usr/lib/x86_64-linux-gnu/ivl/system.vpi";
:vpi_module "/usr/lib/x86_64-linux-gnu/ivl/vhdl_sys.vpi";
:vpi_module "/usr/lib/x86_64-linux-gnu/ivl/vhdl_textio.vpi";
:vpi_module "/usr/lib/x86_64-linux-gnu/ivl/v2005_math.vpi";
:vpi_module "/usr/lib/x86_64-linux-gnu/ivl/va_math.vpi";
S_0x59f2bc6046f0 .scope module, "arithmetics_unit_tb" "arithmetics_unit_tb" 2 3;
 .timescale -9 -12;
P_0x59f2bc5d2e90 .param/l "cases" 0 2 5, +C4<00000000000000000001011101111100>;
L_0x59f2bc659940 .functor BUFZ 64, v0x59f2bc6573b0_0, C4<0000000000000000000000000000000000000000000000000000000000000000>, C4<0000000000000000000000000000000000000000000000000000000000000000>, C4<0000000000000000000000000000000000000000000000000000000000000000>;
L_0x59f2bc6599b0 .functor BUFZ 64, v0x59f2bc6574b0_0, C4<0000000000000000000000000000000000000000000000000000000000000000>, C4<0000000000000000000000000000000000000000000000000000000000000000>, C4<0000000000000000000000000000000000000000000000000000000000000000>;
L_0x59f2bc659a20 .functor BUFZ 2, v0x59f2bc657590_0, C4<00>, C4<00>, C4<00>;
v0x59f2bc6573b0_0 .var "Tin_a", 63 0;
v0x59f2bc6574b0_0 .var "Tin_b", 63 0;
v0x59f2bc657590_0 .var "Tin_op", 1 0;
v0x59f2bc657680 .array "array_a", 6011 0, 63 0;
v0x59f2bc657740 .array "array_b", 6011 0, 63 0;
v0x59f2bc657800 .array "array_op", 6011 0, 1 0;
v0x59f2bc6578c0 .array "array_out", 6011 0, 63 0;
v0x59f2bc657980_0 .var "clk", 0 0;
v0x59f2bc657a20_0 .var "enable", 0 0;
v0x59f2bc657ac0_0 .var "enable_function", 0 0;
v0x59f2bc657b90_0 .var/i "i", 31 0;
v0x59f2bc657c30_0 .net "input_a", 63 0, L_0x59f2bc659940;  1 drivers
v0x59f2bc657cf0_0 .net "input_b", 63 0, L_0x59f2bc6599b0;  1 drivers
v0x59f2bc657db0_0 .var/i "j", 31 0;
v0x59f2bc657e90_0 .var/i "k", 31 0;
v0x59f2bc657f70_0 .net "o_stb", 0 0, v0x59f2bc656fb0_0;  1 drivers
v0x59f2bc658040_0 .net "op_sel", 1 0, L_0x59f2bc659a20;  1 drivers
v0x59f2bc658110_0 .net "output_z", 63 0, v0x59f2bc657190_0;  1 drivers
v0x59f2bc6581e0_0 .var "rst", 0 0;
S_0x59f2bc615530 .scope module, "uut" "arithmetics_unit" 2 98, 3 37 0, S_0x59f2bc6046f0;
 .timescale -9 -10;
    .port_info 0 /INPUT 64 "fir_term";
    .port_info 1 /INPUT 64 "sec_term";
    .port_info 2 /INPUT 2 "op_sel";
    .port_info 3 /INPUT 1 "clk";
    .port_info 4 /INPUT 1 "rst";
    .port_info 5 /INPUT 1 "enable";
    .port_info 6 /INPUT 1 "enable_function";
    .port_info 7 /OUTPUT 64 "result";
    .port_info 8 /OUTPUT 1 "o_stb";
L_0x59f2bc658a60 .functor AND 1, v0x59f2bc657a20_0, L_0x59f2bc658910, C4<1>, C4<1>;
L_0x59f2bc658d00 .functor AND 1, v0x59f2bc657a20_0, L_0x59f2bc658bc0, C4<1>, C4<1>;
L_0x59f2bc658f00 .functor AND 1, v0x59f2bc657a20_0, L_0x59f2bc658e10, C4<1>, C4<1>;
L_0x59f2bc6591b0 .functor AND 1, v0x59f2bc657a20_0, L_0x59f2bc659050, C4<1>, C4<1>;
L_0x59f2bc659430 .functor AND 1, v0x59f2bc657a20_0, L_0x59f2bc659340, C4<1>, C4<1>;
L_0x59f2bc659670 .functor AND 1, v0x59f2bc657a20_0, L_0x59f2bc659540, C4<1>, C4<1>;
L_0x782218fb7018 .functor BUFT 1, C4<00>, C4<0>, C4<0>, C4<0>;
v0x59f2bc655010_0 .net/2u *"_ivl_0", 1 0, L_0x782218fb7018;  1 drivers
L_0x782218fb70a8 .functor BUFT 1, C4<10>, C4<0>, C4<0>, C4<0>;
v0x59f2bc655110_0 .net/2u *"_ivl_12", 1 0, L_0x782218fb70a8;  1 drivers
v0x59f2bc6551f0_0 .net *"_ivl_14", 0 0, L_0x59f2bc658e10;  1 drivers
L_0x782218fb70f0 .functor BUFT 1, C4<00>, C4<0>, C4<0>, C4<0>;
v0x59f2bc655290_0 .net/2u *"_ivl_18", 1 0, L_0x782218fb70f0;  1 drivers
v0x59f2bc655370_0 .net *"_ivl_2", 0 0, L_0x59f2bc658910;  1 drivers
v0x59f2bc655480_0 .net *"_ivl_20", 0 0, L_0x59f2bc659050;  1 drivers
L_0x782218fb7138 .functor BUFT 1, C4<01>, C4<0>, C4<0>, C4<0>;
v0x59f2bc655540_0 .net/2u *"_ivl_24", 1 0, L_0x782218fb7138;  1 drivers
v0x59f2bc655620_0 .net *"_ivl_26", 0 0, L_0x59f2bc659340;  1 drivers
L_0x782218fb7180 .functor BUFT 1, C4<10>, C4<0>, C4<0>, C4<0>;
v0x59f2bc6556e0_0 .net/2u *"_ivl_30", 1 0, L_0x782218fb7180;  1 drivers
v0x59f2bc6557c0_0 .net *"_ivl_32", 0 0, L_0x59f2bc659540;  1 drivers
L_0x782218fb7060 .functor BUFT 1, C4<01>, C4<0>, C4<0>, C4<0>;
v0x59f2bc655880_0 .net/2u *"_ivl_6", 1 0, L_0x782218fb7060;  1 drivers
v0x59f2bc655960_0 .net *"_ivl_8", 0 0, L_0x59f2bc658bc0;  1 drivers
L_0x782218fb7258 .functor BUFT 1, C4<1>, C4<0>, C4<0>, C4<0>;
v0x59f2bc655a20_0 .net "add_ack", 0 0, L_0x782218fb7258;  1 drivers
v0x59f2bc655ac0_0 .net "add_enable_a", 0 0, L_0x59f2bc658a60;  1 drivers
v0x59f2bc655b60_0 .net "add_enable_b", 0 0, L_0x59f2bc6591b0;  1 drivers
v0x59f2bc655c00_0 .net "add_o_stb", 0 0, L_0x59f2bc62f180;  1 drivers
v0x59f2bc655ca0_0 .net "add_result", 63 0, L_0x59f2bc6144e0;  1 drivers
v0x59f2bc655e50_0 .net "clk", 0 0, v0x59f2bc657980_0;  1 drivers
L_0x782218fb71c8 .functor BUFT 1, C4<1>, C4<0>, C4<0>, C4<0>;
v0x59f2bc655ef0_0 .net "div_ack", 0 0, L_0x782218fb71c8;  1 drivers
v0x59f2bc655f90_0 .net "div_enable_a", 0 0, L_0x59f2bc658d00;  1 drivers
v0x59f2bc656060_0 .net "div_enable_b", 0 0, L_0x59f2bc659430;  1 drivers
v0x59f2bc656130_0 .net "div_o_stb", 0 0, L_0x59f2bc658730;  1 drivers
v0x59f2bc656200_0 .net "div_result", 63 0, L_0x59f2bc6587f0;  1 drivers
v0x59f2bc6562d0_0 .net "enable", 0 0, v0x59f2bc657a20_0;  1 drivers
v0x59f2bc656370_0 .net "enable_function", 0 0, v0x59f2bc657ac0_0;  1 drivers
v0x59f2bc656410_0 .net "fir_term", 63 0, L_0x59f2bc659940;  alias, 1 drivers
v0x59f2bc6564b0_0 .net "input_add_a_ack", 0 0, L_0x59f2bc6341c0;  1 drivers
v0x59f2bc656580_0 .net "input_add_b_ack", 0 0, L_0x59f2bc636960;  1 drivers
v0x59f2bc656650_0 .net "input_div_a_ack", 0 0, L_0x59f2bc6585b0;  1 drivers
v0x59f2bc656720_0 .net "input_div_b_ack", 0 0, L_0x59f2bc658670;  1 drivers
v0x59f2bc6567f0_0 .net "input_mult_a_ack", 0 0, L_0x59f2bc6582d0;  1 drivers
v0x59f2bc6568c0_0 .net "input_mult_b_ack", 0 0, L_0x59f2bc658340;  1 drivers
L_0x782218fb7210 .functor BUFT 1, C4<1>, C4<0>, C4<0>, C4<0>;
v0x59f2bc656990_0 .net "mult_ack", 0 0, L_0x782218fb7210;  1 drivers
v0x59f2bc656c70_0 .net "mult_enable_a", 0 0, L_0x59f2bc658f00;  1 drivers
v0x59f2bc656d40_0 .net "mult_enable_b", 0 0, L_0x59f2bc659670;  1 drivers
v0x59f2bc656e10_0 .net "mult_o_stb", 0 0, L_0x59f2bc658400;  1 drivers
v0x59f2bc656ee0_0 .net "mult_result", 63 0, L_0x59f2bc6584c0;  1 drivers
v0x59f2bc656fb0_0 .var "o_stb", 0 0;
v0x59f2bc657050_0 .net "op_sel", 1 0, L_0x59f2bc659a20;  alias, 1 drivers
v0x59f2bc6570f0_0 .var "op_sel_reg", 1 0;
v0x59f2bc657190_0 .var "result", 63 0;
v0x59f2bc657230_0 .net "rst", 0 0, v0x59f2bc6581e0_0;  1 drivers
v0x59f2bc6572d0_0 .net "sec_term", 63 0, L_0x59f2bc6599b0;  alias, 1 drivers
E_0x59f2bc5d7570 .event anyedge, v0x59f2bc6570f0_0, v0x59f2bc64f320_0, v0x59f2bc651ca0_0, v0x59f2bc6542e0_0;
E_0x59f2bc5d7070 .event anyedge, v0x59f2bc6570f0_0, v0x59f2bc64f070_0, v0x59f2bc651b00_0, v0x59f2bc654030_0;
L_0x59f2bc658910 .cmp/eq 2, v0x59f2bc6570f0_0, L_0x782218fb7018;
L_0x59f2bc658bc0 .cmp/eq 2, v0x59f2bc6570f0_0, L_0x782218fb7060;
L_0x59f2bc658e10 .cmp/eq 2, v0x59f2bc6570f0_0, L_0x782218fb70a8;
L_0x59f2bc659050 .cmp/eq 2, v0x59f2bc6570f0_0, L_0x782218fb70f0;
L_0x59f2bc659340 .cmp/eq 2, v0x59f2bc6570f0_0, L_0x782218fb7138;
L_0x59f2bc659540 .cmp/eq 2, v0x59f2bc6570f0_0, L_0x782218fb7180;
S_0x59f2bc603f30 .scope module, "add_op" "double_adder" 3 64, 4 5 0, S_0x59f2bc615530;
 .timescale 0 0;
    .port_info 0 /INPUT 64 "input_a";
    .port_info 1 /INPUT 64 "input_b";
    .port_info 2 /INPUT 1 "input_a_stb";
    .port_info 3 /INPUT 1 "input_b_stb";
    .port_info 4 /INPUT 1 "output_z_ack";
    .port_info 5 /INPUT 1 "clk";
    .port_info 6 /INPUT 1 "rst";
    .port_info 7 /OUTPUT 64 "output_z";
    .port_info 8 /OUTPUT 1 "output_z_stb";
    .port_info 9 /OUTPUT 1 "input_a_ack";
    .port_info 10 /OUTPUT 1 "input_b_ack";
P_0x59f2bc631e40 .param/l "add_0" 0 4 43, C4<0101>;
P_0x59f2bc631e80 .param/l "add_1" 0 4 44, C4<0110>;
P_0x59f2bc631ec0 .param/l "align" 0 4 42, C4<0100>;
P_0x59f2bc631f00 .param/l "get_a_b" 0 4 39, C4<0001>;
P_0x59f2bc631f40 .param/l "normalise_1" 0 4 45, C4<0111>;
P_0x59f2bc631f80 .param/l "normalise_2" 0 4 46, C4<1000>;
P_0x59f2bc631fc0 .param/l "pack" 0 4 48, C4<1010>;
P_0x59f2bc632000 .param/l "put_z" 0 4 49, C4<1011>;
P_0x59f2bc632040 .param/l "round" 0 4 47, C4<1001>;
P_0x59f2bc632080 .param/l "special_cases" 0 4 41, C4<0011>;
P_0x59f2bc6320c0 .param/l "unpack" 0 4 40, C4<0010>;
L_0x59f2bc6341c0 .functor BUFZ 1, v0x59f2bc64f560_0, C4<0>, C4<0>, C4<0>;
L_0x59f2bc636960 .functor BUFZ 1, v0x59f2bc64f620_0, C4<0>, C4<0>, C4<0>;
L_0x59f2bc62f180 .functor BUFZ 1, v0x59f2bc64f7c0_0, C4<0>, C4<0>, C4<0>;
L_0x59f2bc6144e0 .functor BUFZ 64, v0x59f2bc64f6e0_0, C4<0000000000000000000000000000000000000000000000000000000000000000>, C4<0000000000000000000000000000000000000000000000000000000000000000>, C4<0000000000000000000000000000000000000000000000000000000000000000>;
v0x59f2bc6342e0_0 .var "a", 63 0;
v0x59f2bc634380_0 .var "a_e", 12 0;
v0x59f2bc636b00_0 .var "a_m", 55 0;
v0x59f2bc62f2a0_0 .var "a_s", 0 0;
v0x59f2bc62f340_0 .var "b", 63 0;
v0x59f2bc614600_0 .var "b_e", 12 0;
v0x59f2bc64e890_0 .var "b_m", 55 0;
v0x59f2bc64e970_0 .var "b_s", 0 0;
v0x59f2bc64ea30_0 .net "clk", 0 0, v0x59f2bc657980_0;  alias, 1 drivers
v0x59f2bc64eaf0_0 .var "guard", 0 0;
v0x59f2bc64ebb0_0 .net "input_a", 63 0, L_0x59f2bc659940;  alias, 1 drivers
v0x59f2bc64ec90_0 .net "input_a_ack", 0 0, L_0x59f2bc6341c0;  alias, 1 drivers
v0x59f2bc64ed50_0 .net "input_a_stb", 0 0, L_0x59f2bc658a60;  alias, 1 drivers
v0x59f2bc64ee10_0 .net "input_b", 63 0, L_0x59f2bc6599b0;  alias, 1 drivers
v0x59f2bc64eef0_0 .net "input_b_ack", 0 0, L_0x59f2bc636960;  alias, 1 drivers
v0x59f2bc64efb0_0 .net "input_b_stb", 0 0, L_0x59f2bc6591b0;  alias, 1 drivers
v0x59f2bc64f070_0 .net "output_z", 63 0, L_0x59f2bc6144e0;  alias, 1 drivers
v0x59f2bc64f260_0 .net "output_z_ack", 0 0, L_0x782218fb7258;  alias, 1 drivers
v0x59f2bc64f320_0 .net "output_z_stb", 0 0, L_0x59f2bc62f180;  alias, 1 drivers
v0x59f2bc64f3e0_0 .var "round_bit", 0 0;
v0x59f2bc64f4a0_0 .net "rst", 0 0, v0x59f2bc6581e0_0;  alias, 1 drivers
v0x59f2bc64f560_0 .var "s_input_a_ack", 0 0;
v0x59f2bc64f620_0 .var "s_input_b_ack", 0 0;
v0x59f2bc64f6e0_0 .var "s_output_z", 63 0;
v0x59f2bc64f7c0_0 .var "s_output_z_stb", 0 0;
v0x59f2bc64f880_0 .var "state", 3 0;
v0x59f2bc64f960_0 .var "sticky", 0 0;
v0x59f2bc64fa20_0 .var "sum", 56 0;
v0x59f2bc64fb00_0 .var "z", 63 0;
v0x59f2bc64fbe0_0 .var "z_e", 12 0;
v0x59f2bc64fcc0_0 .var "z_m", 52 0;
v0x59f2bc64fda0_0 .var "z_s", 0 0;
E_0x59f2bc5d6ac0 .event posedge, v0x59f2bc64f4a0_0, v0x59f2bc64ea30_0;
S_0x59f2bc604310 .scope module, "div_op" "double_divider" 3 92, 5 5 0, S_0x59f2bc615530;
 .timescale 0 0;
    .port_info 0 /INPUT 64 "input_a";
    .port_info 1 /INPUT 64 "input_b";
    .port_info 2 /INPUT 1 "input_a_stb";
    .port_info 3 /INPUT 1 "input_b_stb";
    .port_info 4 /INPUT 1 "output_z_ack";
    .port_info 5 /INPUT 1 "clk";
    .port_info 6 /INPUT 1 "rst";
    .port_info 7 /OUTPUT 64 "output_z";
    .port_info 8 /OUTPUT 1 "output_z_stb";
    .port_info 9 /OUTPUT 1 "input_a_ack";
    .port_info 10 /OUTPUT 1 "input_b_ack";
P_0x59f2bc64ffe0 .param/l "divide_0" 0 5 44, C4<0110>;
P_0x59f2bc650020 .param/l "divide_1" 0 5 45, C4<0111>;
P_0x59f2bc650060 .param/l "divide_2" 0 5 46, C4<1000>;
P_0x59f2bc6500a0 .param/l "divide_3" 0 5 47, C4<1001>;
P_0x59f2bc6500e0 .param/l "get_a_b" 0 5 39, C4<0001>;
P_0x59f2bc650120 .param/l "normalise_1" 0 5 48, C4<1010>;
P_0x59f2bc650160 .param/l "normalise_2" 0 5 49, C4<1011>;
P_0x59f2bc6501a0 .param/l "normalise_a" 0 5 42, C4<0100>;
P_0x59f2bc6501e0 .param/l "normalise_b" 0 5 43, C4<0101>;
P_0x59f2bc650220 .param/l "pack" 0 5 51, C4<1101>;
P_0x59f2bc650260 .param/l "put_z" 0 5 52, C4<1110>;
P_0x59f2bc6502a0 .param/l "round" 0 5 50, C4<1100>;
P_0x59f2bc6502e0 .param/l "special_cases" 0 5 41, C4<0011>;
P_0x59f2bc650320 .param/l "unpack" 0 5 40, C4<0010>;
L_0x59f2bc6585b0 .functor BUFZ 1, v0x59f2bc652080_0, C4<0>, C4<0>, C4<0>;
L_0x59f2bc658670 .functor BUFZ 1, v0x59f2bc652120_0, C4<0>, C4<0>, C4<0>;
L_0x59f2bc658730 .functor BUFZ 1, v0x59f2bc6522c0_0, C4<0>, C4<0>, C4<0>;
L_0x59f2bc6587f0 .functor BUFZ 64, v0x59f2bc6521e0_0, C4<0000000000000000000000000000000000000000000000000000000000000000>, C4<0000000000000000000000000000000000000000000000000000000000000000>, C4<0000000000000000000000000000000000000000000000000000000000000000>;
v0x59f2bc650ac0_0 .var "a", 63 0;
v0x59f2bc650bc0_0 .var "a_e", 12 0;
v0x59f2bc650ca0_0 .var "a_m", 52 0;
v0x59f2bc650d60_0 .var "a_s", 0 0;
v0x59f2bc650e20_0 .var "b", 63 0;
v0x59f2bc650f50_0 .var "b_e", 12 0;
v0x59f2bc651030_0 .var "b_m", 52 0;
v0x59f2bc651110_0 .var "b_s", 0 0;
v0x59f2bc6511d0_0 .net "clk", 0 0, v0x59f2bc657980_0;  alias, 1 drivers
v0x59f2bc651270_0 .var "count", 6 0;
v0x59f2bc651330_0 .var "dividend", 108 0;
v0x59f2bc651410_0 .var "divisor", 108 0;
v0x59f2bc6514f0_0 .var "guard", 0 0;
v0x59f2bc6515b0_0 .net "input_a", 63 0, L_0x59f2bc659940;  alias, 1 drivers
v0x59f2bc651670_0 .net "input_a_ack", 0 0, L_0x59f2bc6585b0;  alias, 1 drivers
v0x59f2bc651710_0 .net "input_a_stb", 0 0, L_0x59f2bc658d00;  alias, 1 drivers
v0x59f2bc6517d0_0 .net "input_b", 63 0, L_0x59f2bc6599b0;  alias, 1 drivers
v0x59f2bc6519a0_0 .net "input_b_ack", 0 0, L_0x59f2bc658670;  alias, 1 drivers
v0x59f2bc651a40_0 .net "input_b_stb", 0 0, L_0x59f2bc659430;  alias, 1 drivers
v0x59f2bc651b00_0 .net "output_z", 63 0, L_0x59f2bc6587f0;  alias, 1 drivers
v0x59f2bc651be0_0 .net "output_z_ack", 0 0, L_0x782218fb71c8;  alias, 1 drivers
v0x59f2bc651ca0_0 .net "output_z_stb", 0 0, L_0x59f2bc658730;  alias, 1 drivers
v0x59f2bc651d60_0 .var "quotient", 108 0;
v0x59f2bc651e40_0 .var "remainder", 108 0;
v0x59f2bc651f20_0 .var "round_bit", 0 0;
v0x59f2bc651fe0_0 .net "rst", 0 0, v0x59f2bc6581e0_0;  alias, 1 drivers
v0x59f2bc652080_0 .var "s_input_a_ack", 0 0;
v0x59f2bc652120_0 .var "s_input_b_ack", 0 0;
v0x59f2bc6521e0_0 .var "s_output_z", 63 0;
v0x59f2bc6522c0_0 .var "s_output_z_stb", 0 0;
v0x59f2bc652380_0 .var "state", 3 0;
v0x59f2bc652460_0 .var "sticky", 0 0;
v0x59f2bc652520_0 .var "z", 63 0;
v0x59f2bc652810_0 .var "z_e", 12 0;
v0x59f2bc6528f0_0 .var "z_m", 52 0;
v0x59f2bc6529d0_0 .var "z_s", 0 0;
E_0x59f2bc550370 .event posedge, v0x59f2bc64ea30_0;
S_0x59f2bc652bf0 .scope module, "mult_op" "double_multiplier" 3 78, 6 4 0, S_0x59f2bc615530;
 .timescale 0 0;
    .port_info 0 /INPUT 64 "input_a";
    .port_info 1 /INPUT 64 "input_b";
    .port_info 2 /INPUT 1 "input_a_stb";
    .port_info 3 /INPUT 1 "input_b_stb";
    .port_info 4 /INPUT 1 "output_z_ack";
    .port_info 5 /INPUT 1 "clk";
    .port_info 6 /INPUT 1 "rst";
    .port_info 7 /OUTPUT 64 "output_z";
    .port_info 8 /OUTPUT 1 "output_z_stb";
    .port_info 9 /OUTPUT 1 "input_a_ack";
    .port_info 10 /OUTPUT 1 "input_b_ack";
P_0x59f2bc635890 .param/l "get_a_b" 0 6 38, C4<0001>;
P_0x59f2bc6358d0 .param/l "multiply_0" 0 6 43, C4<0110>;
P_0x59f2bc635910 .param/l "multiply_1" 0 6 44, C4<0111>;
P_0x59f2bc635950 .param/l "normalise_1" 0 6 45, C4<1000>;
P_0x59f2bc635990 .param/l "normalise_2" 0 6 46, C4<1001>;
P_0x59f2bc6359d0 .param/l "normalise_a" 0 6 41, C4<0100>;
P_0x59f2bc635a10 .param/l "normalise_b" 0 6 42, C4<0101>;
P_0x59f2bc635a50 .param/l "pack" 0 6 48, C4<1011>;
P_0x59f2bc635a90 .param/l "put_z" 0 6 49, C4<1100>;
P_0x59f2bc635ad0 .param/l "round" 0 6 47, C4<1010>;
P_0x59f2bc635b10 .param/l "special_cases" 0 6 40, C4<0011>;
P_0x59f2bc635b50 .param/l "unpack" 0 6 39, C4<0010>;
L_0x59f2bc6582d0 .functor BUFZ 1, v0x59f2bc654630_0, C4<0>, C4<0>, C4<0>;
L_0x59f2bc658340 .functor BUFZ 1, v0x59f2bc6546f0_0, C4<0>, C4<0>, C4<0>;
L_0x59f2bc658400 .functor BUFZ 1, v0x59f2bc654890_0, C4<0>, C4<0>, C4<0>;
L_0x59f2bc6584c0 .functor BUFZ 64, v0x59f2bc6547b0_0, C4<0000000000000000000000000000000000000000000000000000000000000000>, C4<0000000000000000000000000000000000000000000000000000000000000000>, C4<0000000000000000000000000000000000000000000000000000000000000000>;
v0x59f2bc6532c0_0 .var "a", 63 0;
v0x59f2bc6533a0_0 .var "a_e", 12 0;
v0x59f2bc653480_0 .var "a_m", 52 0;
v0x59f2bc653540_0 .var "a_s", 0 0;
v0x59f2bc653600_0 .var "b", 63 0;
v0x59f2bc653730_0 .var "b_e", 12 0;
v0x59f2bc653810_0 .var "b_m", 52 0;
v0x59f2bc6538f0_0 .var "b_s", 0 0;
v0x59f2bc6539b0_0 .net "clk", 0 0, v0x59f2bc657980_0;  alias, 1 drivers
v0x59f2bc653a50_0 .var "guard", 0 0;
v0x59f2bc653b10_0 .net "input_a", 63 0, L_0x59f2bc659940;  alias, 1 drivers
v0x59f2bc653c20_0 .net "input_a_ack", 0 0, L_0x59f2bc6582d0;  alias, 1 drivers
v0x59f2bc653ce0_0 .net "input_a_stb", 0 0, L_0x59f2bc658f00;  alias, 1 drivers
v0x59f2bc653da0_0 .net "input_b", 63 0, L_0x59f2bc6599b0;  alias, 1 drivers
v0x59f2bc653eb0_0 .net "input_b_ack", 0 0, L_0x59f2bc658340;  alias, 1 drivers
v0x59f2bc653f70_0 .net "input_b_stb", 0 0, L_0x59f2bc659670;  alias, 1 drivers
v0x59f2bc654030_0 .net "output_z", 63 0, L_0x59f2bc6584c0;  alias, 1 drivers
v0x59f2bc654220_0 .net "output_z_ack", 0 0, L_0x782218fb7210;  alias, 1 drivers
v0x59f2bc6542e0_0 .net "output_z_stb", 0 0, L_0x59f2bc658400;  alias, 1 drivers
v0x59f2bc6543a0_0 .var "product", 107 0;
v0x59f2bc654480_0 .var "round_bit", 0 0;
v0x59f2bc654540_0 .net "rst", 0 0, v0x59f2bc6581e0_0;  alias, 1 drivers
v0x59f2bc654630_0 .var "s_input_a_ack", 0 0;
v0x59f2bc6546f0_0 .var "s_input_b_ack", 0 0;
v0x59f2bc6547b0_0 .var "s_output_z", 63 0;
v0x59f2bc654890_0 .var "s_output_z_stb", 0 0;
v0x59f2bc654950_0 .var "state", 3 0;
v0x59f2bc654a30_0 .var "sticky", 0 0;
v0x59f2bc654af0_0 .var "z", 63 0;
v0x59f2bc654bd0_0 .var "z_e", 12 0;
v0x59f2bc654cb0_0 .var "z_m", 52 0;
v0x59f2bc654d90_0 .var "z_s", 0 0;
    .scope S_0x59f2bc603f30;
T_0 ;
    %wait E_0x59f2bc5d6ac0;
    %load/vec4 v0x59f2bc64f4a0_0;
    %pad/u 32;
    %cmpi/e 1, 0, 32;
    %jmp/0xz  T_0.0, 4;
    %pushi/vec4 1, 0, 4;
    %assign/vec4 v0x59f2bc64f880_0, 0;
    %pushi/vec4 0, 0, 1;
    %assign/vec4 v0x59f2bc64f560_0, 0;
    %pushi/vec4 0, 0, 1;
    %assign/vec4 v0x59f2bc64f620_0, 0;
    %pushi/vec4 0, 0, 1;
    %assign/vec4 v0x59f2bc64f7c0_0, 0;
    %jmp T_0.1;
T_0.0 ;
    %load/vec4 v0x59f2bc64f880_0;
    %dup/vec4;
    %pushi/vec4 1, 0, 4;
    %cmp/u;
    %jmp/1 T_0.2, 6;
    %dup/vec4;
    %pushi/vec4 2, 0, 4;
    %cmp/u;
    %jmp/1 T_0.3, 6;
    %dup/vec4;
    %pushi/vec4 3, 0, 4;
    %cmp/u;
    %jmp/1 T_0.4, 6;
    %dup/vec4;
    %pushi/vec4 4, 0, 4;
    %cmp/u;
    %jmp/1 T_0.5, 6;
    %dup/vec4;
    %pushi/vec4 5, 0, 4;
    %cmp/u;
    %jmp/1 T_0.6, 6;
    %dup/vec4;
    %pushi/vec4 6, 0, 4;
    %cmp/u;
    %jmp/1 T_0.7, 6;
    %dup/vec4;
    %pushi/vec4 7, 0, 4;
    %cmp/u;
    %jmp/1 T_0.8, 6;
    %dup/vec4;
    %pushi/vec4 8, 0, 4;
    %cmp/u;
    %jmp/1 T_0.9, 6;
    %dup/vec4;
    %pushi/vec4 9, 0, 4;
    %cmp/u;
    %jmp/1 T_0.10, 6;
    %dup/vec4;
    %pushi/vec4 10, 0, 4;
    %cmp/u;
    %jmp/1 T_0.11, 6;
    %dup/vec4;
    %pushi/vec4 11, 0, 4;
    %cmp/u;
    %jmp/1 T_0.12, 6;
    %jmp T_0.13;
T_0.2 ;
    %pushi/vec4 1, 0, 1;
    %assign/vec4 v0x59f2bc64f620_0, 0;
    %pushi/vec4 1, 0, 1;
    %assign/vec4 v0x59f2bc64f560_0, 0;
    %load/vec4 v0x59f2bc64f620_0;
    %flag_set/vec4 11;
    %flag_get/vec4 11;
    %jmp/0 T_0.18, 11;
    %load/vec4 v0x59f2bc64efb0_0;
    %and;
T_0.18;
    %flag_set/vec4 10;
    %flag_get/vec4 10;
    %jmp/0 T_0.17, 10;
    %load/vec4 v0x59f2bc64f560_0;
    %and;
T_0.17;
    %flag_set/vec4 9;
    %flag_get/vec4 9;
    %jmp/0 T_0.16, 9;
    %load/vec4 v0x59f2bc64ed50_0;
    %and;
T_0.16;
    %flag_set/vec4 8;
    %jmp/0xz  T_0.14, 8;
    %load/vec4 v0x59f2bc64ebb0_0;
    %assign/vec4 v0x59f2bc6342e0_0, 0;
    %load/vec4 v0x59f2bc64ee10_0;
    %assign/vec4 v0x59f2bc62f340_0, 0;
    %pushi/vec4 0, 0, 1;
    %assign/vec4 v0x59f2bc64f560_0, 0;
    %pushi/vec4 0, 0, 1;
    %assign/vec4 v0x59f2bc64f620_0, 0;
    %pushi/vec4 2, 0, 4;
    %assign/vec4 v0x59f2bc64f880_0, 0;
T_0.14 ;
    %jmp T_0.13;
T_0.3 ;
    %load/vec4 v0x59f2bc6342e0_0;
    %parti/s 52, 0, 2;
    %concati/vec4 0, 0, 3;
    %pad/u 56;
    %assign/vec4 v0x59f2bc636b00_0, 0;
    %load/vec4 v0x59f2bc62f340_0;
    %parti/s 52, 0, 2;
    %concati/vec4 0, 0, 3;
    %pad/u 56;
    %assign/vec4 v0x59f2bc64e890_0, 0;
    %load/vec4 v0x59f2bc6342e0_0;
    %parti/s 11, 52, 7;
    %pad/u 13;
    %subi 1023, 0, 13;
    %assign/vec4 v0x59f2bc634380_0, 0;
    %load/vec4 v0x59f2bc62f340_0;
    %parti/s 11, 52, 7;
    %pad/u 13;
    %subi 1023, 0, 13;
    %assign/vec4 v0x59f2bc614600_0, 0;
    %load/vec4 v0x59f2bc6342e0_0;
    %parti/s 1, 63, 7;
    %assign/vec4 v0x59f2bc62f2a0_0, 0;
    %load/vec4 v0x59f2bc62f340_0;
    %parti/s 1, 63, 7;
    %assign/vec4 v0x59f2bc64e970_0, 0;
    %pushi/vec4 3, 0, 4;
    %assign/vec4 v0x59f2bc64f880_0, 0;
    %jmp T_0.13;
T_0.4 ;
    %load/vec4 v0x59f2bc634380_0;
    %pad/u 32;
    %cmpi/e 1024, 0, 32;
    %flag_get/vec4 4;
    %jmp/0 T_0.22, 4;
    %load/vec4 v0x59f2bc636b00_0;
    %pushi/vec4 0, 0, 56;
    %cmp/ne;
    %flag_get/vec4 4;
    %and;
T_0.22;
    %flag_set/vec4 8;
    %jmp/1 T_0.21, 8;
    %load/vec4 v0x59f2bc614600_0;
    %pad/u 32;
    %cmpi/e 1024, 0, 32;
    %flag_get/vec4 4;
    %jmp/0 T_0.23, 4;
    %load/vec4 v0x59f2bc64e890_0;
    %pushi/vec4 0, 0, 56;
    %cmp/ne;
    %flag_get/vec4 4;
    %and;
T_0.23;
    %flag_set/vec4 9;
    %flag_or 8, 9;
T_0.21;
    %jmp/0xz  T_0.19, 8;
    %pushi/vec4 1, 0, 1;
    %ix/load 4, 63, 0;
    %ix/load 5, 0, 0;
    %flag_set/imm 4, 0;
    %assign/vec4/off/d v0x59f2bc64fb00_0, 4, 5;
    %pushi/vec4 2047, 0, 11;
    %ix/load 4, 52, 0;
    %ix/load 5, 0, 0;
    %flag_set/imm 4, 0;
    %assign/vec4/off/d v0x59f2bc64fb00_0, 4, 5;
    %pushi/vec4 1, 0, 1;
    %ix/load 4, 51, 0;
    %ix/load 5, 0, 0;
    %flag_set/imm 4, 0;
    %assign/vec4/off/d v0x59f2bc64fb00_0, 4, 5;
    %pushi/vec4 0, 0, 51;
    %ix/load 4, 0, 0;
    %ix/load 5, 0, 0;
    %flag_set/imm 4, 0;
    %assign/vec4/off/d v0x59f2bc64fb00_0, 4, 5;
    %pushi/vec4 11, 0, 4;
    %assign/vec4 v0x59f2bc64f880_0, 0;
    %jmp T_0.20;
T_0.19 ;
    %load/vec4 v0x59f2bc634380_0;
    %pad/u 32;
    %cmpi/e 1024, 0, 32;
    %jmp/0xz  T_0.24, 4;
    %load/vec4 v0x59f2bc62f2a0_0;
    %ix/load 4, 63, 0;
    %ix/load 5, 0, 0;
    %flag_set/imm 4, 0;
    %assign/vec4/off/d v0x59f2bc64fb00_0, 4, 5;
    %pushi/vec4 2047, 0, 11;
    %ix/load 4, 52, 0;
    %ix/load 5, 0, 0;
    %flag_set/imm 4, 0;
    %assign/vec4/off/d v0x59f2bc64fb00_0, 4, 5;
    %pushi/vec4 0, 0, 52;
    %ix/load 4, 0, 0;
    %ix/load 5, 0, 0;
    %flag_set/imm 4, 0;
    %assign/vec4/off/d v0x59f2bc64fb00_0, 4, 5;
    %load/vec4 v0x59f2bc614600_0;
    %pad/u 32;
    %cmpi/e 1024, 0, 32;
    %flag_get/vec4 4;
    %jmp/0 T_0.28, 4;
    %load/vec4 v0x59f2bc62f2a0_0;
    %load/vec4 v0x59f2bc64e970_0;
    %cmp/ne;
    %flag_get/vec4 4;
    %and;
T_0.28;
    %flag_set/vec4 8;
    %jmp/0xz  T_0.26, 8;
    %pushi/vec4 1, 0, 1;
    %ix/load 4, 63, 0;
    %ix/load 5, 0, 0;
    %flag_set/imm 4, 0;
    %assign/vec4/off/d v0x59f2bc64fb00_0, 4, 5;
    %pushi/vec4 2047, 0, 11;
    %ix/load 4, 52, 0;
    %ix/load 5, 0, 0;
    %flag_set/imm 4, 0;
    %assign/vec4/off/d v0x59f2bc64fb00_0, 4, 5;
    %pushi/vec4 1, 0, 1;
    %ix/load 4, 51, 0;
    %ix/load 5, 0, 0;
    %flag_set/imm 4, 0;
    %assign/vec4/off/d v0x59f2bc64fb00_0, 4, 5;
    %pushi/vec4 0, 0, 51;
    %ix/load 4, 0, 0;
    %ix/load 5, 0, 0;
    %flag_set/imm 4, 0;
    %assign/vec4/off/d v0x59f2bc64fb00_0, 4, 5;
T_0.26 ;
    %pushi/vec4 11, 0, 4;
    %assign/vec4 v0x59f2bc64f880_0, 0;
    %jmp T_0.25;
T_0.24 ;
    %load/vec4 v0x59f2bc614600_0;
    %pad/u 32;
    %cmpi/e 1024, 0, 32;
    %jmp/0xz  T_0.29, 4;
    %load/vec4 v0x59f2bc64e970_0;
    %ix/load 4, 63, 0;
    %ix/load 5, 0, 0;
    %flag_set/imm 4, 0;
    %assign/vec4/off/d v0x59f2bc64fb00_0, 4, 5;
    %pushi/vec4 2047, 0, 11;
    %ix/load 4, 52, 0;
    %ix/load 5, 0, 0;
    %flag_set/imm 4, 0;
    %assign/vec4/off/d v0x59f2bc64fb00_0, 4, 5;
    %pushi/vec4 0, 0, 52;
    %ix/load 4, 0, 0;
    %ix/load 5, 0, 0;
    %flag_set/imm 4, 0;
    %assign/vec4/off/d v0x59f2bc64fb00_0, 4, 5;
    %pushi/vec4 11, 0, 4;
    %assign/vec4 v0x59f2bc64f880_0, 0;
    %jmp T_0.30;
T_0.29 ;
    %load/vec4 v0x59f2bc634380_0;
    %pad/s 32;
    %cmpi/e 4294966273, 0, 32;
    %flag_get/vec4 4;
    %jmp/0 T_0.34, 4;
    %load/vec4 v0x59f2bc636b00_0;
    %pushi/vec4 0, 0, 56;
    %cmp/e;
    %flag_get/vec4 4;
    %and;
T_0.34;
    %flag_set/vec4 9;
    %flag_get/vec4 9;
    %jmp/0 T_0.33, 9;
    %load/vec4 v0x59f2bc614600_0;
    %pad/s 32;
    %cmpi/e 4294966273, 0, 32;
    %flag_get/vec4 4;
    %jmp/0 T_0.35, 4;
    %load/vec4 v0x59f2bc64e890_0;
    %pushi/vec4 0, 0, 56;
    %cmp/e;
    %flag_get/vec4 4;
    %and;
T_0.35;
    %and;
T_0.33;
    %flag_set/vec4 8;
    %jmp/0xz  T_0.31, 8;
    %load/vec4 v0x59f2bc62f2a0_0;
    %load/vec4 v0x59f2bc64e970_0;
    %and;
    %ix/load 4, 63, 0;
    %ix/load 5, 0, 0;
    %flag_set/imm 4, 0;
    %assign/vec4/off/d v0x59f2bc64fb00_0, 4, 5;
    %load/vec4 v0x59f2bc614600_0;
    %parti/s 11, 0, 2;
    %addi 1023, 0, 11;
    %ix/load 4, 52, 0;
    %ix/load 5, 0, 0;
    %flag_set/imm 4, 0;
    %assign/vec4/off/d v0x59f2bc64fb00_0, 4, 5;
    %load/vec4 v0x59f2bc64e890_0;
    %parti/s 53, 3, 3;
    %pad/u 52;
    %ix/load 4, 0, 0;
    %ix/load 5, 0, 0;
    %flag_set/imm 4, 0;
    %assign/vec4/off/d v0x59f2bc64fb00_0, 4, 5;
    %pushi/vec4 11, 0, 4;
    %assign/vec4 v0x59f2bc64f880_0, 0;
    %jmp T_0.32;
T_0.31 ;
    %load/vec4 v0x59f2bc634380_0;
    %pad/s 32;
    %cmpi/e 4294966273, 0, 32;
    %flag_get/vec4 4;
    %jmp/0 T_0.38, 4;
    %load/vec4 v0x59f2bc636b00_0;
    %pushi/vec4 0, 0, 56;
    %cmp/e;
    %flag_get/vec4 4;
    %and;
T_0.38;
    %flag_set/vec4 8;
    %jmp/0xz  T_0.36, 8;
    %load/vec4 v0x59f2bc64e970_0;
    %ix/load 4, 63, 0;
    %ix/load 5, 0, 0;
    %flag_set/imm 4, 0;
    %assign/vec4/off/d v0x59f2bc64fb00_0, 4, 5;
    %load/vec4 v0x59f2bc614600_0;
    %parti/s 11, 0, 2;
    %addi 1023, 0, 11;
    %ix/load 4, 52, 0;
    %ix/load 5, 0, 0;
    %flag_set/imm 4, 0;
    %assign/vec4/off/d v0x59f2bc64fb00_0, 4, 5;
    %load/vec4 v0x59f2bc64e890_0;
    %parti/s 53, 3, 3;
    %pad/u 52;
    %ix/load 4, 0, 0;
    %ix/load 5, 0, 0;
    %flag_set/imm 4, 0;
    %assign/vec4/off/d v0x59f2bc64fb00_0, 4, 5;
    %pushi/vec4 11, 0, 4;
    %assign/vec4 v0x59f2bc64f880_0, 0;
    %jmp T_0.37;
T_0.36 ;
    %load/vec4 v0x59f2bc614600_0;
    %pad/s 32;
    %cmpi/e 4294966273, 0, 32;
    %flag_get/vec4 4;
    %jmp/0 T_0.41, 4;
    %load/vec4 v0x59f2bc64e890_0;
    %pushi/vec4 0, 0, 56;
    %cmp/e;
    %flag_get/vec4 4;
    %and;
T_0.41;
    %flag_set/vec4 8;
    %jmp/0xz  T_0.39, 8;
    %load/vec4 v0x59f2bc62f2a0_0;
    %ix/load 4, 63, 0;
    %ix/load 5, 0, 0;
    %flag_set/imm 4, 0;
    %assign/vec4/off/d v0x59f2bc64fb00_0, 4, 5;
    %load/vec4 v0x59f2bc634380_0;
    %parti/s 11, 0, 2;
    %addi 1023, 0, 11;
    %ix/load 4, 52, 0;
    %ix/load 5, 0, 0;
    %flag_set/imm 4, 0;
    %assign/vec4/off/d v0x59f2bc64fb00_0, 4, 5;
    %load/vec4 v0x59f2bc636b00_0;
    %parti/s 53, 3, 3;
    %pad/u 52;
    %ix/load 4, 0, 0;
    %ix/load 5, 0, 0;
    %flag_set/imm 4, 0;
    %assign/vec4/off/d v0x59f2bc64fb00_0, 4, 5;
    %pushi/vec4 11, 0, 4;
    %assign/vec4 v0x59f2bc64f880_0, 0;
    %jmp T_0.40;
T_0.39 ;
    %load/vec4 v0x59f2bc634380_0;
    %pad/s 32;
    %cmpi/e 4294966273, 0, 32;
    %jmp/0xz  T_0.42, 4;
    %pushi/vec4 7170, 0, 13;
    %assign/vec4 v0x59f2bc634380_0, 0;
    %jmp T_0.43;
T_0.42 ;
    %pushi/vec4 1, 0, 1;
    %ix/load 4, 55, 0;
    %ix/load 5, 0, 0;
    %flag_set/imm 4, 0;
    %assign/vec4/off/d v0x59f2bc636b00_0, 4, 5;
T_0.43 ;
    %load/vec4 v0x59f2bc614600_0;
    %pad/s 32;
    %cmpi/e 4294966273, 0, 32;
    %jmp/0xz  T_0.44, 4;
    %pushi/vec4 7170, 0, 13;
    %assign/vec4 v0x59f2bc614600_0, 0;
    %jmp T_0.45;
T_0.44 ;
    %pushi/vec4 1, 0, 1;
    %ix/load 4, 55, 0;
    %ix/load 5, 0, 0;
    %flag_set/imm 4, 0;
    %assign/vec4/off/d v0x59f2bc64e890_0, 4, 5;
T_0.45 ;
    %pushi/vec4 4, 0, 4;
    %assign/vec4 v0x59f2bc64f880_0, 0;
T_0.40 ;
T_0.37 ;
T_0.32 ;
T_0.30 ;
T_0.25 ;
T_0.20 ;
    %jmp T_0.13;
T_0.5 ;
    %load/vec4 v0x59f2bc614600_0;
    %load/vec4 v0x59f2bc634380_0;
    %cmp/s;
    %jmp/0xz  T_0.46, 5;
    %load/vec4 v0x59f2bc614600_0;
    %addi 1, 0, 13;
    %assign/vec4 v0x59f2bc614600_0, 0;
    %load/vec4 v0x59f2bc64e890_0;
    %ix/load 4, 1, 0;
    %flag_set/imm 4, 0;
    %shiftr 4;
    %assign/vec4 v0x59f2bc64e890_0, 0;
    %load/vec4 v0x59f2bc64e890_0;
    %parti/s 1, 0, 2;
    %load/vec4 v0x59f2bc64e890_0;
    %parti/s 1, 1, 2;
    %or;
    %ix/load 4, 0, 0;
    %ix/load 5, 0, 0;
    %flag_set/imm 4, 0;
    %assign/vec4/off/d v0x59f2bc64e890_0, 4, 5;
    %jmp T_0.47;
T_0.46 ;
    %load/vec4 v0x59f2bc634380_0;
    %load/vec4 v0x59f2bc614600_0;
    %cmp/s;
    %jmp/0xz  T_0.48, 5;
    %load/vec4 v0x59f2bc634380_0;
    %addi 1, 0, 13;
    %assign/vec4 v0x59f2bc634380_0, 0;
    %load/vec4 v0x59f2bc636b00_0;
    %ix/load 4, 1, 0;
    %flag_set/imm 4, 0;
    %shiftr 4;
    %assign/vec4 v0x59f2bc636b00_0, 0;
    %load/vec4 v0x59f2bc636b00_0;
    %parti/s 1, 0, 2;
    %load/vec4 v0x59f2bc636b00_0;
    %parti/s 1, 1, 2;
    %or;
    %ix/load 4, 0, 0;
    %ix/load 5, 0, 0;
    %flag_set/imm 4, 0;
    %assign/vec4/off/d v0x59f2bc636b00_0, 4, 5;
    %jmp T_0.49;
T_0.48 ;
    %pushi/vec4 5, 0, 4;
    %assign/vec4 v0x59f2bc64f880_0, 0;
T_0.49 ;
T_0.47 ;
    %jmp T_0.13;
T_0.6 ;
    %load/vec4 v0x59f2bc634380_0;
    %assign/vec4 v0x59f2bc64fbe0_0, 0;
    %load/vec4 v0x59f2bc62f2a0_0;
    %load/vec4 v0x59f2bc64e970_0;
    %cmp/e;
    %jmp/0xz  T_0.50, 4;
    %pushi/vec4 0, 0, 1;
    %load/vec4 v0x59f2bc636b00_0;
    %concat/vec4; draw_concat_vec4
    %load/vec4 v0x59f2bc64e890_0;
    %pad/u 57;
    %add;
    %assign/vec4 v0x59f2bc64fa20_0, 0;
    %load/vec4 v0x59f2bc62f2a0_0;
    %assign/vec4 v0x59f2bc64fda0_0, 0;
    %jmp T_0.51;
T_0.50 ;
    %load/vec4 v0x59f2bc64e890_0;
    %load/vec4 v0x59f2bc636b00_0;
    %cmp/u;
    %jmp/0xz  T_0.52, 5;
    %pushi/vec4 0, 0, 1;
    %load/vec4 v0x59f2bc636b00_0;
    %concat/vec4; draw_concat_vec4
    %load/vec4 v0x59f2bc64e890_0;
    %pad/u 57;
    %sub;
    %assign/vec4 v0x59f2bc64fa20_0, 0;
    %load/vec4 v0x59f2bc62f2a0_0;
    %assign/vec4 v0x59f2bc64fda0_0, 0;
    %jmp T_0.53;
T_0.52 ;
    %pushi/vec4 0, 0, 1;
    %load/vec4 v0x59f2bc64e890_0;
    %concat/vec4; draw_concat_vec4
    %load/vec4 v0x59f2bc636b00_0;
    %pad/u 57;
    %sub;
    %assign/vec4 v0x59f2bc64fa20_0, 0;
    %load/vec4 v0x59f2bc64e970_0;
    %assign/vec4 v0x59f2bc64fda0_0, 0;
T_0.53 ;
T_0.51 ;
    %pushi/vec4 6, 0, 4;
    %assign/vec4 v0x59f2bc64f880_0, 0;
    %jmp T_0.13;
T_0.7 ;
    %load/vec4 v0x59f2bc64fa20_0;
    %parti/s 1, 56, 7;
    %flag_set/vec4 8;
    %jmp/0xz  T_0.54, 8;
    %load/vec4 v0x59f2bc64fa20_0;
    %parti/s 53, 4, 4;
    %assign/vec4 v0x59f2bc64fcc0_0, 0;
    %load/vec4 v0x59f2bc64fa20_0;
    %parti/s 1, 3, 3;
    %assign/vec4 v0x59f2bc64eaf0_0, 0;
    %load/vec4 v0x59f2bc64fa20_0;
    %parti/s 1, 2, 3;
    %assign/vec4 v0x59f2bc64f3e0_0, 0;
    %load/vec4 v0x59f2bc64fa20_0;
    %parti/s 1, 1, 2;
    %load/vec4 v0x59f2bc64fa20_0;
    %parti/s 1, 0, 2;
    %or;
    %assign/vec4 v0x59f2bc64f960_0, 0;
    %load/vec4 v0x59f2bc64fbe0_0;
    %addi 1, 0, 13;
    %assign/vec4 v0x59f2bc64fbe0_0, 0;
    %jmp T_0.55;
T_0.54 ;
    %load/vec4 v0x59f2bc64fa20_0;
    %parti/s 53, 3, 3;
    %assign/vec4 v0x59f2bc64fcc0_0, 0;
    %load/vec4 v0x59f2bc64fa20_0;
    %parti/s 1, 2, 3;
    %assign/vec4 v0x59f2bc64eaf0_0, 0;
    %load/vec4 v0x59f2bc64fa20_0;
    %parti/s 1, 1, 2;
    %assign/vec4 v0x59f2bc64f3e0_0, 0;
    %load/vec4 v0x59f2bc64fa20_0;
    %parti/s 1, 0, 2;
    %assign/vec4 v0x59f2bc64f960_0, 0;
T_0.55 ;
    %pushi/vec4 7, 0, 4;
    %assign/vec4 v0x59f2bc64f880_0, 0;
    %jmp T_0.13;
T_0.8 ;
    %load/vec4 v0x59f2bc64fcc0_0;
    %parti/s 1, 52, 7;
    %pad/u 32;
    %cmpi/e 0, 0, 32;
    %flag_get/vec4 4;
    %jmp/0 T_0.58, 4;
    %pushi/vec4 4294966274, 0, 32;
    %load/vec4 v0x59f2bc64fbe0_0;
    %pad/s 32;
    %cmp/s;
    %flag_get/vec4 5;
    %and;
T_0.58;
    %flag_set/vec4 8;
    %jmp/0xz  T_0.56, 8;
    %load/vec4 v0x59f2bc64fbe0_0;
    %subi 1, 0, 13;
    %assign/vec4 v0x59f2bc64fbe0_0, 0;
    %load/vec4 v0x59f2bc64fcc0_0;
    %ix/load 4, 1, 0;
    %flag_set/imm 4, 0;
    %shiftl 4;
    %assign/vec4 v0x59f2bc64fcc0_0, 0;
    %load/vec4 v0x59f2bc64eaf0_0;
    %ix/load 4, 0, 0;
    %ix/load 5, 0, 0;
    %flag_set/imm 4, 0;
    %assign/vec4/off/d v0x59f2bc64fcc0_0, 4, 5;
    %load/vec4 v0x59f2bc64f3e0_0;
    %assign/vec4 v0x59f2bc64eaf0_0, 0;
    %pushi/vec4 0, 0, 1;
    %assign/vec4 v0x59f2bc64f3e0_0, 0;
    %jmp T_0.57;
T_0.56 ;
    %pushi/vec4 8, 0, 4;
    %assign/vec4 v0x59f2bc64f880_0, 0;
T_0.57 ;
    %jmp T_0.13;
T_0.9 ;
    %load/vec4 v0x59f2bc64fbe0_0;
    %pad/s 32;
    %cmpi/s 4294966274, 0, 32;
    %jmp/0xz  T_0.59, 5;
    %load/vec4 v0x59f2bc64fbe0_0;
    %addi 1, 0, 13;
    %assign/vec4 v0x59f2bc64fbe0_0, 0;
    %load/vec4 v0x59f2bc64fcc0_0;
    %ix/load 4, 1, 0;
    %flag_set/imm 4, 0;
    %shiftr 4;
    %assign/vec4 v0x59f2bc64fcc0_0, 0;
    %load/vec4 v0x59f2bc64fcc0_0;
    %parti/s 1, 0, 2;
    %assign/vec4 v0x59f2bc64eaf0_0, 0;
    %load/vec4 v0x59f2bc64eaf0_0;
    %assign/vec4 v0x59f2bc64f3e0_0, 0;
    %load/vec4 v0x59f2bc64f960_0;
    %load/vec4 v0x59f2bc64f3e0_0;
    %or;
    %assign/vec4 v0x59f2bc64f960_0, 0;
    %jmp T_0.60;
T_0.59 ;
    %pushi/vec4 9, 0, 4;
    %assign/vec4 v0x59f2bc64f880_0, 0;
T_0.60 ;
    %jmp T_0.13;
T_0.10 ;
    %load/vec4 v0x59f2bc64eaf0_0;
    %flag_set/vec4 9;
    %flag_get/vec4 9;
    %jmp/0 T_0.63, 9;
    %load/vec4 v0x59f2bc64f3e0_0;
    %load/vec4 v0x59f2bc64f960_0;
    %or;
    %load/vec4 v0x59f2bc64fcc0_0;
    %parti/s 1, 0, 2;
    %or;
    %and;
T_0.63;
    %flag_set/vec4 8;
    %jmp/0xz  T_0.61, 8;
    %load/vec4 v0x59f2bc64fcc0_0;
    %addi 1, 0, 53;
    %assign/vec4 v0x59f2bc64fcc0_0, 0;
    %load/vec4 v0x59f2bc64fcc0_0;
    %pushi/vec4 4294967295, 0, 32;
    %concati/vec4 2097151, 0, 21;
    %cmp/e;
    %jmp/0xz  T_0.64, 4;
    %load/vec4 v0x59f2bc64fbe0_0;
    %addi 1, 0, 13;
    %assign/vec4 v0x59f2bc64fbe0_0, 0;
T_0.64 ;
T_0.61 ;
    %pushi/vec4 10, 0, 4;
    %assign/vec4 v0x59f2bc64f880_0, 0;
    %jmp T_0.13;
T_0.11 ;
    %load/vec4 v0x59f2bc64fcc0_0;
    %parti/s 52, 0, 2;
    %ix/load 4, 0, 0;
    %ix/load 5, 0, 0;
    %flag_set/imm 4, 0;
    %assign/vec4/off/d v0x59f2bc64fb00_0, 4, 5;
    %load/vec4 v0x59f2bc64fbe0_0;
    %parti/s 11, 0, 2;
    %addi 1023, 0, 11;
    %ix/load 4, 52, 0;
    %ix/load 5, 0, 0;
    %flag_set/imm 4, 0;
    %assign/vec4/off/d v0x59f2bc64fb00_0, 4, 5;
    %load/vec4 v0x59f2bc64fda0_0;
    %ix/load 4, 63, 0;
    %ix/load 5, 0, 0;
    %flag_set/imm 4, 0;
    %assign/vec4/off/d v0x59f2bc64fb00_0, 4, 5;
    %load/vec4 v0x59f2bc64fbe0_0;
    %pad/s 32;
    %cmpi/e 4294966274, 0, 32;
    %flag_get/vec4 4;
    %jmp/0 T_0.68, 4;
    %load/vec4 v0x59f2bc64fcc0_0;
    %parti/s 1, 52, 7;
    %pad/u 32;
    %pushi/vec4 0, 0, 32;
    %cmp/e;
    %flag_get/vec4 4;
    %and;
T_0.68;
    %flag_set/vec4 8;
    %jmp/0xz  T_0.66, 8;
    %pushi/vec4 0, 0, 11;
    %ix/load 4, 52, 0;
    %ix/load 5, 0, 0;
    %flag_set/imm 4, 0;
    %assign/vec4/off/d v0x59f2bc64fb00_0, 4, 5;
T_0.66 ;
    %load/vec4 v0x59f2bc64fbe0_0;
    %pad/s 32;
    %cmpi/e 4294966274, 0, 32;
    %flag_get/vec4 4;
    %jmp/0 T_0.71, 4;
    %load/vec4 v0x59f2bc64fcc0_0;
    %pushi/vec4 0, 0, 53;
    %cmp/e;
    %flag_get/vec4 4;
    %and;
T_0.71;
    %flag_set/vec4 8;
    %jmp/0xz  T_0.69, 8;
    %pushi/vec4 0, 0, 1;
    %ix/load 4, 63, 0;
    %ix/load 5, 0, 0;
    %flag_set/imm 4, 0;
    %assign/vec4/off/d v0x59f2bc64fb00_0, 4, 5;
T_0.69 ;
    %load/vec4 v0x59f2bc64fbe0_0;
    %pad/s 32;
    %cmpi/s 1023, 0, 32;
    %flag_or 5, 4; GT is !LE
    %flag_inv 5;
    %jmp/0xz  T_0.72, 5;
    %pushi/vec4 0, 0, 52;
    %ix/load 4, 0, 0;
    %ix/load 5, 0, 0;
    %flag_set/imm 4, 0;
    %assign/vec4/off/d v0x59f2bc64fb00_0, 4, 5;
    %pushi/vec4 2047, 0, 11;
    %ix/load 4, 52, 0;
    %ix/load 5, 0, 0;
    %flag_set/imm 4, 0;
    %assign/vec4/off/d v0x59f2bc64fb00_0, 4, 5;
    %load/vec4 v0x59f2bc64fda0_0;
    %ix/load 4, 63, 0;
    %ix/load 5, 0, 0;
    %flag_set/imm 4, 0;
    %assign/vec4/off/d v0x59f2bc64fb00_0, 4, 5;
T_0.72 ;
    %pushi/vec4 11, 0, 4;
    %assign/vec4 v0x59f2bc64f880_0, 0;
    %jmp T_0.13;
T_0.12 ;
    %pushi/vec4 1, 0, 1;
    %assign/vec4 v0x59f2bc64f7c0_0, 0;
    %load/vec4 v0x59f2bc64fb00_0;
    %assign/vec4 v0x59f2bc64f6e0_0, 0;
    %load/vec4 v0x59f2bc64f7c0_0;
    %flag_set/vec4 9;
    %flag_get/vec4 9;
    %jmp/0 T_0.76, 9;
    %load/vec4 v0x59f2bc64f260_0;
    %and;
T_0.76;
    %flag_set/vec4 8;
    %jmp/0xz  T_0.74, 8;
    %pushi/vec4 0, 0, 1;
    %assign/vec4 v0x59f2bc64f7c0_0, 0;
    %pushi/vec4 1, 0, 4;
    %assign/vec4 v0x59f2bc64f880_0, 0;
T_0.74 ;
    %jmp T_0.13;
T_0.13 ;
    %pop/vec4 1;
T_0.1 ;
    %jmp T_0;
    .thread T_0;
    .scope S_0x59f2bc652bf0;
T_1 ;
    %wait E_0x59f2bc550370;
    %load/vec4 v0x59f2bc654540_0;
    %pad/u 32;
    %cmpi/e 1, 0, 32;
    %jmp/0xz  T_1.0, 4;
    %pushi/vec4 1, 0, 4;
    %assign/vec4 v0x59f2bc654950_0, 0;
    %pushi/vec4 0, 0, 1;
    %assign/vec4 v0x59f2bc654630_0, 0;
    %pushi/vec4 0, 0, 1;
    %assign/vec4 v0x59f2bc6546f0_0, 0;
    %pushi/vec4 0, 0, 1;
    %assign/vec4 v0x59f2bc654890_0, 0;
    %jmp T_1.1;
T_1.0 ;
    %load/vec4 v0x59f2bc654950_0;
    %dup/vec4;
    %pushi/vec4 1, 0, 4;
    %cmp/u;
    %jmp/1 T_1.2, 6;
    %dup/vec4;
    %pushi/vec4 2, 0, 4;
    %cmp/u;
    %jmp/1 T_1.3, 6;
    %dup/vec4;
    %pushi/vec4 3, 0, 4;
    %cmp/u;
    %jmp/1 T_1.4, 6;
    %dup/vec4;
    %pushi/vec4 4, 0, 4;
    %cmp/u;
    %jmp/1 T_1.5, 6;
    %dup/vec4;
    %pushi/vec4 5, 0, 4;
    %cmp/u;
    %jmp/1 T_1.6, 6;
    %dup/vec4;
    %pushi/vec4 6, 0, 4;
    %cmp/u;
    %jmp/1 T_1.7, 6;
    %dup/vec4;
    %pushi/vec4 7, 0, 4;
    %cmp/u;
    %jmp/1 T_1.8, 6;
    %dup/vec4;
    %pushi/vec4 8, 0, 4;
    %cmp/u;
    %jmp/1 T_1.9, 6;
    %dup/vec4;
    %pushi/vec4 9, 0, 4;
    %cmp/u;
    %jmp/1 T_1.10, 6;
    %dup/vec4;
    %pushi/vec4 10, 0, 4;
    %cmp/u;
    %jmp/1 T_1.11, 6;
    %dup/vec4;
    %pushi/vec4 11, 0, 4;
    %cmp/u;
    %jmp/1 T_1.12, 6;
    %dup/vec4;
    %pushi/vec4 12, 0, 4;
    %cmp/u;
    %jmp/1 T_1.13, 6;
    %jmp T_1.14;
T_1.2 ;
    %pushi/vec4 1, 0, 1;
    %assign/vec4 v0x59f2bc6546f0_0, 0;
    %pushi/vec4 1, 0, 1;
    %assign/vec4 v0x59f2bc654630_0, 0;
    %load/vec4 v0x59f2bc6546f0_0;
    %flag_set/vec4 11;
    %flag_get/vec4 11;
    %jmp/0 T_1.19, 11;
    %load/vec4 v0x59f2bc653f70_0;
    %and;
T_1.19;
    %flag_set/vec4 10;
    %flag_get/vec4 10;
    %jmp/0 T_1.18, 10;
    %load/vec4 v0x59f2bc654630_0;
    %and;
T_1.18;
    %flag_set/vec4 9;
    %flag_get/vec4 9;
    %jmp/0 T_1.17, 9;
    %load/vec4 v0x59f2bc653ce0_0;
    %and;
T_1.17;
    %flag_set/vec4 8;
    %jmp/0xz  T_1.15, 8;
    %load/vec4 v0x59f2bc653b10_0;
    %assign/vec4 v0x59f2bc6532c0_0, 0;
    %load/vec4 v0x59f2bc653da0_0;
    %assign/vec4 v0x59f2bc653600_0, 0;
    %pushi/vec4 0, 0, 1;
    %assign/vec4 v0x59f2bc654630_0, 0;
    %pushi/vec4 0, 0, 1;
    %assign/vec4 v0x59f2bc6546f0_0, 0;
    %pushi/vec4 2, 0, 4;
    %assign/vec4 v0x59f2bc654950_0, 0;
T_1.15 ;
    %jmp T_1.14;
T_1.3 ;
    %load/vec4 v0x59f2bc6532c0_0;
    %parti/s 52, 0, 2;
    %pad/u 53;
    %assign/vec4 v0x59f2bc653480_0, 0;
    %load/vec4 v0x59f2bc653600_0;
    %parti/s 52, 0, 2;
    %pad/u 53;
    %assign/vec4 v0x59f2bc653810_0, 0;
    %load/vec4 v0x59f2bc6532c0_0;
    %parti/s 11, 52, 7;
    %pad/u 13;
    %subi 1023, 0, 13;
    %assign/vec4 v0x59f2bc6533a0_0, 0;
    %load/vec4 v0x59f2bc653600_0;
    %parti/s 11, 52, 7;
    %pad/u 13;
    %subi 1023, 0, 13;
    %assign/vec4 v0x59f2bc653730_0, 0;
    %load/vec4 v0x59f2bc6532c0_0;
    %parti/s 1, 63, 7;
    %assign/vec4 v0x59f2bc653540_0, 0;
    %load/vec4 v0x59f2bc653600_0;
    %parti/s 1, 63, 7;
    %assign/vec4 v0x59f2bc6538f0_0, 0;
    %pushi/vec4 3, 0, 4;
    %assign/vec4 v0x59f2bc654950_0, 0;
    %jmp T_1.14;
T_1.4 ;
    %load/vec4 v0x59f2bc6533a0_0;
    %pad/u 32;
    %cmpi/e 1024, 0, 32;
    %flag_get/vec4 4;
    %jmp/0 T_1.23, 4;
    %load/vec4 v0x59f2bc653480_0;
    %pushi/vec4 0, 0, 53;
    %cmp/ne;
    %flag_get/vec4 4;
    %and;
T_1.23;
    %flag_set/vec4 8;
    %jmp/1 T_1.22, 8;
    %load/vec4 v0x59f2bc653730_0;
    %pad/u 32;
    %cmpi/e 1024, 0, 32;
    %flag_get/vec4 4;
    %jmp/0 T_1.24, 4;
    %load/vec4 v0x59f2bc653810_0;
    %pushi/vec4 0, 0, 53;
    %cmp/ne;
    %flag_get/vec4 4;
    %and;
T_1.24;
    %flag_set/vec4 9;
    %flag_or 8, 9;
T_1.22;
    %jmp/0xz  T_1.20, 8;
    %pushi/vec4 1, 0, 1;
    %ix/load 4, 63, 0;
    %ix/load 5, 0, 0;
    %flag_set/imm 4, 0;
    %assign/vec4/off/d v0x59f2bc654af0_0, 4, 5;
    %pushi/vec4 2047, 0, 11;
    %ix/load 4, 52, 0;
    %ix/load 5, 0, 0;
    %flag_set/imm 4, 0;
    %assign/vec4/off/d v0x59f2bc654af0_0, 4, 5;
    %pushi/vec4 1, 0, 1;
    %ix/load 4, 51, 0;
    %ix/load 5, 0, 0;
    %flag_set/imm 4, 0;
    %assign/vec4/off/d v0x59f2bc654af0_0, 4, 5;
    %pushi/vec4 0, 0, 51;
    %ix/load 4, 0, 0;
    %ix/load 5, 0, 0;
    %flag_set/imm 4, 0;
    %assign/vec4/off/d v0x59f2bc654af0_0, 4, 5;
    %pushi/vec4 12, 0, 4;
    %assign/vec4 v0x59f2bc654950_0, 0;
    %jmp T_1.21;
T_1.20 ;
    %load/vec4 v0x59f2bc6533a0_0;
    %pad/u 32;
    %cmpi/e 1024, 0, 32;
    %jmp/0xz  T_1.25, 4;
    %load/vec4 v0x59f2bc653540_0;
    %load/vec4 v0x59f2bc6538f0_0;
    %xor;
    %ix/load 4, 63, 0;
    %ix/load 5, 0, 0;
    %flag_set/imm 4, 0;
    %assign/vec4/off/d v0x59f2bc654af0_0, 4, 5;
    %pushi/vec4 2047, 0, 11;
    %ix/load 4, 52, 0;
    %ix/load 5, 0, 0;
    %flag_set/imm 4, 0;
    %assign/vec4/off/d v0x59f2bc654af0_0, 4, 5;
    %pushi/vec4 0, 0, 52;
    %ix/load 4, 0, 0;
    %ix/load 5, 0, 0;
    %flag_set/imm 4, 0;
    %assign/vec4/off/d v0x59f2bc654af0_0, 4, 5;
    %pushi/vec4 12, 0, 4;
    %assign/vec4 v0x59f2bc654950_0, 0;
    %load/vec4 v0x59f2bc653730_0;
    %pad/s 32;
    %cmpi/e 4294966273, 0, 32;
    %flag_get/vec4 4;
    %jmp/0 T_1.29, 4;
    %load/vec4 v0x59f2bc653810_0;
    %pushi/vec4 0, 0, 53;
    %cmp/e;
    %flag_get/vec4 4;
    %and;
T_1.29;
    %flag_set/vec4 8;
    %jmp/0xz  T_1.27, 8;
    %pushi/vec4 1, 0, 1;
    %ix/load 4, 63, 0;
    %ix/load 5, 0, 0;
    %flag_set/imm 4, 0;
    %assign/vec4/off/d v0x59f2bc654af0_0, 4, 5;
    %pushi/vec4 2047, 0, 11;
    %ix/load 4, 52, 0;
    %ix/load 5, 0, 0;
    %flag_set/imm 4, 0;
    %assign/vec4/off/d v0x59f2bc654af0_0, 4, 5;
    %pushi/vec4 1, 0, 1;
    %ix/load 4, 51, 0;
    %ix/load 5, 0, 0;
    %flag_set/imm 4, 0;
    %assign/vec4/off/d v0x59f2bc654af0_0, 4, 5;
    %pushi/vec4 0, 0, 51;
    %ix/load 4, 0, 0;
    %ix/load 5, 0, 0;
    %flag_set/imm 4, 0;
    %assign/vec4/off/d v0x59f2bc654af0_0, 4, 5;
    %pushi/vec4 12, 0, 4;
    %assign/vec4 v0x59f2bc654950_0, 0;
T_1.27 ;
    %jmp T_1.26;
T_1.25 ;
    %load/vec4 v0x59f2bc653730_0;
    %pad/u 32;
    %cmpi/e 1024, 0, 32;
    %jmp/0xz  T_1.30, 4;
    %load/vec4 v0x59f2bc653540_0;
    %load/vec4 v0x59f2bc6538f0_0;
    %xor;
    %ix/load 4, 63, 0;
    %ix/load 5, 0, 0;
    %flag_set/imm 4, 0;
    %assign/vec4/off/d v0x59f2bc654af0_0, 4, 5;
    %pushi/vec4 2047, 0, 11;
    %ix/load 4, 52, 0;
    %ix/load 5, 0, 0;
    %flag_set/imm 4, 0;
    %assign/vec4/off/d v0x59f2bc654af0_0, 4, 5;
    %pushi/vec4 0, 0, 52;
    %ix/load 4, 0, 0;
    %ix/load 5, 0, 0;
    %flag_set/imm 4, 0;
    %assign/vec4/off/d v0x59f2bc654af0_0, 4, 5;
    %load/vec4 v0x59f2bc6533a0_0;
    %pad/s 32;
    %cmpi/e 4294966273, 0, 32;
    %flag_get/vec4 4;
    %jmp/0 T_1.34, 4;
    %load/vec4 v0x59f2bc653480_0;
    %pushi/vec4 0, 0, 53;
    %cmp/e;
    %flag_get/vec4 4;
    %and;
T_1.34;
    %flag_set/vec4 8;
    %jmp/0xz  T_1.32, 8;
    %pushi/vec4 1, 0, 1;
    %ix/load 4, 63, 0;
    %ix/load 5, 0, 0;
    %flag_set/imm 4, 0;
    %assign/vec4/off/d v0x59f2bc654af0_0, 4, 5;
    %pushi/vec4 2047, 0, 11;
    %ix/load 4, 52, 0;
    %ix/load 5, 0, 0;
    %flag_set/imm 4, 0;
    %assign/vec4/off/d v0x59f2bc654af0_0, 4, 5;
    %pushi/vec4 1, 0, 1;
    %ix/load 4, 51, 0;
    %ix/load 5, 0, 0;
    %flag_set/imm 4, 0;
    %assign/vec4/off/d v0x59f2bc654af0_0, 4, 5;
    %pushi/vec4 0, 0, 51;
    %ix/load 4, 0, 0;
    %ix/load 5, 0, 0;
    %flag_set/imm 4, 0;
    %assign/vec4/off/d v0x59f2bc654af0_0, 4, 5;
    %pushi/vec4 12, 0, 4;
    %assign/vec4 v0x59f2bc654950_0, 0;
T_1.32 ;
    %pushi/vec4 12, 0, 4;
    %assign/vec4 v0x59f2bc654950_0, 0;
    %jmp T_1.31;
T_1.30 ;
    %load/vec4 v0x59f2bc6533a0_0;
    %pad/s 32;
    %cmpi/e 4294966273, 0, 32;
    %flag_get/vec4 4;
    %jmp/0 T_1.37, 4;
    %load/vec4 v0x59f2bc653480_0;
    %pushi/vec4 0, 0, 53;
    %cmp/e;
    %flag_get/vec4 4;
    %and;
T_1.37;
    %flag_set/vec4 8;
    %jmp/0xz  T_1.35, 8;
    %load/vec4 v0x59f2bc653540_0;
    %load/vec4 v0x59f2bc6538f0_0;
    %xor;
    %ix/load 4, 63, 0;
    %ix/load 5, 0, 0;
    %flag_set/imm 4, 0;
    %assign/vec4/off/d v0x59f2bc654af0_0, 4, 5;
    %pushi/vec4 0, 0, 11;
    %ix/load 4, 52, 0;
    %ix/load 5, 0, 0;
    %flag_set/imm 4, 0;
    %assign/vec4/off/d v0x59f2bc654af0_0, 4, 5;
    %pushi/vec4 0, 0, 52;
    %ix/load 4, 0, 0;
    %ix/load 5, 0, 0;
    %flag_set/imm 4, 0;
    %assign/vec4/off/d v0x59f2bc654af0_0, 4, 5;
    %pushi/vec4 12, 0, 4;
    %assign/vec4 v0x59f2bc654950_0, 0;
    %jmp T_1.36;
T_1.35 ;
    %load/vec4 v0x59f2bc653730_0;
    %pad/s 32;
    %cmpi/e 4294966273, 0, 32;
    %flag_get/vec4 4;
    %jmp/0 T_1.40, 4;
    %load/vec4 v0x59f2bc653810_0;
    %pushi/vec4 0, 0, 53;
    %cmp/e;
    %flag_get/vec4 4;
    %and;
T_1.40;
    %flag_set/vec4 8;
    %jmp/0xz  T_1.38, 8;
    %load/vec4 v0x59f2bc653540_0;
    %load/vec4 v0x59f2bc6538f0_0;
    %xor;
    %ix/load 4, 63, 0;
    %ix/load 5, 0, 0;
    %flag_set/imm 4, 0;
    %assign/vec4/off/d v0x59f2bc654af0_0, 4, 5;
    %pushi/vec4 0, 0, 11;
    %ix/load 4, 52, 0;
    %ix/load 5, 0, 0;
    %flag_set/imm 4, 0;
    %assign/vec4/off/d v0x59f2bc654af0_0, 4, 5;
    %pushi/vec4 0, 0, 52;
    %ix/load 4, 0, 0;
    %ix/load 5, 0, 0;
    %flag_set/imm 4, 0;
    %assign/vec4/off/d v0x59f2bc654af0_0, 4, 5;
    %pushi/vec4 12, 0, 4;
    %assign/vec4 v0x59f2bc654950_0, 0;
    %jmp T_1.39;
T_1.38 ;
    %load/vec4 v0x59f2bc6533a0_0;
    %pad/s 32;
    %cmpi/e 4294966273, 0, 32;
    %jmp/0xz  T_1.41, 4;
    %pushi/vec4 7170, 0, 13;
    %assign/vec4 v0x59f2bc6533a0_0, 0;
    %jmp T_1.42;
T_1.41 ;
    %pushi/vec4 1, 0, 1;
    %ix/load 4, 52, 0;
    %ix/load 5, 0, 0;
    %flag_set/imm 4, 0;
    %assign/vec4/off/d v0x59f2bc653480_0, 4, 5;
T_1.42 ;
    %load/vec4 v0x59f2bc653730_0;
    %pad/s 32;
    %cmpi/e 4294966273, 0, 32;
    %jmp/0xz  T_1.43, 4;
    %pushi/vec4 7170, 0, 13;
    %assign/vec4 v0x59f2bc653730_0, 0;
    %jmp T_1.44;
T_1.43 ;
    %pushi/vec4 1, 0, 1;
    %ix/load 4, 52, 0;
    %ix/load 5, 0, 0;
    %flag_set/imm 4, 0;
    %assign/vec4/off/d v0x59f2bc653810_0, 4, 5;
T_1.44 ;
    %pushi/vec4 4, 0, 4;
    %assign/vec4 v0x59f2bc654950_0, 0;
T_1.39 ;
T_1.36 ;
T_1.31 ;
T_1.26 ;
T_1.21 ;
    %jmp T_1.14;
T_1.5 ;
    %load/vec4 v0x59f2bc653480_0;
    %parti/s 1, 52, 7;
    %flag_set/vec4 8;
    %jmp/0xz  T_1.45, 8;
    %pushi/vec4 5, 0, 4;
    %assign/vec4 v0x59f2bc654950_0, 0;
    %jmp T_1.46;
T_1.45 ;
    %load/vec4 v0x59f2bc653480_0;
    %ix/load 4, 1, 0;
    %flag_set/imm 4, 0;
    %shiftl 4;
    %assign/vec4 v0x59f2bc653480_0, 0;
    %load/vec4 v0x59f2bc6533a0_0;
    %subi 1, 0, 13;
    %assign/vec4 v0x59f2bc6533a0_0, 0;
T_1.46 ;
    %jmp T_1.14;
T_1.6 ;
    %load/vec4 v0x59f2bc653810_0;
    %parti/s 1, 52, 7;
    %flag_set/vec4 8;
    %jmp/0xz  T_1.47, 8;
    %pushi/vec4 6, 0, 4;
    %assign/vec4 v0x59f2bc654950_0, 0;
    %jmp T_1.48;
T_1.47 ;
    %load/vec4 v0x59f2bc653810_0;
    %ix/load 4, 1, 0;
    %flag_set/imm 4, 0;
    %shiftl 4;
    %assign/vec4 v0x59f2bc653810_0, 0;
    %load/vec4 v0x59f2bc653730_0;
    %subi 1, 0, 13;
    %assign/vec4 v0x59f2bc653730_0, 0;
T_1.48 ;
    %jmp T_1.14;
T_1.7 ;
    %load/vec4 v0x59f2bc653540_0;
    %load/vec4 v0x59f2bc6538f0_0;
    %xor;
    %assign/vec4 v0x59f2bc654d90_0, 0;
    %load/vec4 v0x59f2bc6533a0_0;
    %load/vec4 v0x59f2bc653730_0;
    %add;
    %addi 1, 0, 13;
    %assign/vec4 v0x59f2bc654bd0_0, 0;
    %load/vec4 v0x59f2bc653480_0;
    %pad/u 108;
    %load/vec4 v0x59f2bc653810_0;
    %pad/u 108;
    %mul;
    %muli 4, 0, 108;
    %assign/vec4 v0x59f2bc6543a0_0, 0;
    %pushi/vec4 7, 0, 4;
    %assign/vec4 v0x59f2bc654950_0, 0;
    %jmp T_1.14;
T_1.8 ;
    %load/vec4 v0x59f2bc6543a0_0;
    %parti/s 53, 55, 7;
    %assign/vec4 v0x59f2bc654cb0_0, 0;
    %load/vec4 v0x59f2bc6543a0_0;
    %parti/s 1, 54, 7;
    %assign/vec4 v0x59f2bc653a50_0, 0;
    %load/vec4 v0x59f2bc6543a0_0;
    %parti/s 1, 53, 7;
    %assign/vec4 v0x59f2bc654480_0, 0;
    %load/vec4 v0x59f2bc6543a0_0;
    %parti/s 53, 0, 2;
    %pushi/vec4 0, 0, 53;
    %cmp/ne;
    %flag_get/vec4 4;
    %assign/vec4 v0x59f2bc654a30_0, 0;
    %pushi/vec4 8, 0, 4;
    %assign/vec4 v0x59f2bc654950_0, 0;
    %jmp T_1.14;
T_1.9 ;
    %load/vec4 v0x59f2bc654cb0_0;
    %parti/s 1, 52, 7;
    %pad/u 32;
    %cmpi/e 0, 0, 32;
    %jmp/0xz  T_1.49, 4;
    %load/vec4 v0x59f2bc654bd0_0;
    %subi 1, 0, 13;
    %assign/vec4 v0x59f2bc654bd0_0, 0;
    %load/vec4 v0x59f2bc654cb0_0;
    %ix/load 4, 1, 0;
    %flag_set/imm 4, 0;
    %shiftl 4;
    %assign/vec4 v0x59f2bc654cb0_0, 0;
    %load/vec4 v0x59f2bc653a50_0;
    %ix/load 4, 0, 0;
    %ix/load 5, 0, 0;
    %flag_set/imm 4, 0;
    %assign/vec4/off/d v0x59f2bc654cb0_0, 4, 5;
    %load/vec4 v0x59f2bc654480_0;
    %assign/vec4 v0x59f2bc653a50_0, 0;
    %pushi/vec4 0, 0, 1;
    %assign/vec4 v0x59f2bc654480_0, 0;
    %jmp T_1.50;
T_1.49 ;
    %pushi/vec4 9, 0, 4;
    %assign/vec4 v0x59f2bc654950_0, 0;
T_1.50 ;
    %jmp T_1.14;
T_1.10 ;
    %load/vec4 v0x59f2bc654bd0_0;
    %pad/s 32;
    %cmpi/s 4294966274, 0, 32;
    %jmp/0xz  T_1.51, 5;
    %load/vec4 v0x59f2bc654bd0_0;
    %addi 1, 0, 13;
    %assign/vec4 v0x59f2bc654bd0_0, 0;
    %load/vec4 v0x59f2bc654cb0_0;
    %ix/load 4, 1, 0;
    %flag_set/imm 4, 0;
    %shiftr 4;
    %assign/vec4 v0x59f2bc654cb0_0, 0;
    %load/vec4 v0x59f2bc654cb0_0;
    %parti/s 1, 0, 2;
    %assign/vec4 v0x59f2bc653a50_0, 0;
    %load/vec4 v0x59f2bc653a50_0;
    %assign/vec4 v0x59f2bc654480_0, 0;
    %load/vec4 v0x59f2bc654a30_0;
    %load/vec4 v0x59f2bc654480_0;
    %or;
    %assign/vec4 v0x59f2bc654a30_0, 0;
    %jmp T_1.52;
T_1.51 ;
    %pushi/vec4 10, 0, 4;
    %assign/vec4 v0x59f2bc654950_0, 0;
T_1.52 ;
    %jmp T_1.14;
T_1.11 ;
    %load/vec4 v0x59f2bc653a50_0;
    %flag_set/vec4 9;
    %flag_get/vec4 9;
    %jmp/0 T_1.55, 9;
    %load/vec4 v0x59f2bc654480_0;
    %load/vec4 v0x59f2bc654a30_0;
    %or;
    %load/vec4 v0x59f2bc654cb0_0;
    %parti/s 1, 0, 2;
    %or;
    %and;
T_1.55;
    %flag_set/vec4 8;
    %jmp/0xz  T_1.53, 8;
    %load/vec4 v0x59f2bc654cb0_0;
    %addi 1, 0, 53;
    %assign/vec4 v0x59f2bc654cb0_0, 0;
    %load/vec4 v0x59f2bc654cb0_0;
    %pushi/vec4 4294967295, 0, 32;
    %concati/vec4 2097151, 0, 21;
    %cmp/e;
    %jmp/0xz  T_1.56, 4;
    %load/vec4 v0x59f2bc654bd0_0;
    %addi 1, 0, 13;
    %assign/vec4 v0x59f2bc654bd0_0, 0;
T_1.56 ;
T_1.53 ;
    %pushi/vec4 11, 0, 4;
    %assign/vec4 v0x59f2bc654950_0, 0;
    %jmp T_1.14;
T_1.12 ;
    %load/vec4 v0x59f2bc654cb0_0;
    %parti/s 52, 0, 2;
    %ix/load 4, 0, 0;
    %ix/load 5, 0, 0;
    %flag_set/imm 4, 0;
    %assign/vec4/off/d v0x59f2bc654af0_0, 4, 5;
    %load/vec4 v0x59f2bc654bd0_0;
    %parti/s 12, 0, 2;
    %addi 1023, 0, 12;
    %pad/u 11;
    %ix/load 4, 52, 0;
    %ix/load 5, 0, 0;
    %flag_set/imm 4, 0;
    %assign/vec4/off/d v0x59f2bc654af0_0, 4, 5;
    %load/vec4 v0x59f2bc654d90_0;
    %ix/load 4, 63, 0;
    %ix/load 5, 0, 0;
    %flag_set/imm 4, 0;
    %assign/vec4/off/d v0x59f2bc654af0_0, 4, 5;
    %load/vec4 v0x59f2bc654bd0_0;
    %pad/s 32;
    %cmpi/e 4294966274, 0, 32;
    %flag_get/vec4 4;
    %jmp/0 T_1.60, 4;
    %load/vec4 v0x59f2bc654cb0_0;
    %parti/s 1, 52, 7;
    %pad/u 32;
    %pushi/vec4 0, 0, 32;
    %cmp/e;
    %flag_get/vec4 4;
    %and;
T_1.60;
    %flag_set/vec4 8;
    %jmp/0xz  T_1.58, 8;
    %pushi/vec4 0, 0, 11;
    %ix/load 4, 52, 0;
    %ix/load 5, 0, 0;
    %flag_set/imm 4, 0;
    %assign/vec4/off/d v0x59f2bc654af0_0, 4, 5;
T_1.58 ;
    %load/vec4 v0x59f2bc654bd0_0;
    %pad/s 32;
    %cmpi/s 1023, 0, 32;
    %flag_or 5, 4; GT is !LE
    %flag_inv 5;
    %jmp/0xz  T_1.61, 5;
    %pushi/vec4 0, 0, 52;
    %ix/load 4, 0, 0;
    %ix/load 5, 0, 0;
    %flag_set/imm 4, 0;
    %assign/vec4/off/d v0x59f2bc654af0_0, 4, 5;
    %pushi/vec4 2047, 0, 11;
    %ix/load 4, 52, 0;
    %ix/load 5, 0, 0;
    %flag_set/imm 4, 0;
    %assign/vec4/off/d v0x59f2bc654af0_0, 4, 5;
    %load/vec4 v0x59f2bc654d90_0;
    %ix/load 4, 63, 0;
    %ix/load 5, 0, 0;
    %flag_set/imm 4, 0;
    %assign/vec4/off/d v0x59f2bc654af0_0, 4, 5;
T_1.61 ;
    %pushi/vec4 12, 0, 4;
    %assign/vec4 v0x59f2bc654950_0, 0;
    %jmp T_1.14;
T_1.13 ;
    %pushi/vec4 1, 0, 1;
    %assign/vec4 v0x59f2bc654890_0, 0;
    %load/vec4 v0x59f2bc654af0_0;
    %assign/vec4 v0x59f2bc6547b0_0, 0;
    %load/vec4 v0x59f2bc654890_0;
    %flag_set/vec4 9;
    %flag_get/vec4 9;
    %jmp/0 T_1.65, 9;
    %load/vec4 v0x59f2bc654220_0;
    %and;
T_1.65;
    %flag_set/vec4 8;
    %jmp/0xz  T_1.63, 8;
    %pushi/vec4 0, 0, 1;
    %assign/vec4 v0x59f2bc654890_0, 0;
    %pushi/vec4 1, 0, 4;
    %assign/vec4 v0x59f2bc654950_0, 0;
T_1.63 ;
    %jmp T_1.14;
T_1.14 ;
    %pop/vec4 1;
T_1.1 ;
    %jmp T_1;
    .thread T_1;
    .scope S_0x59f2bc604310;
T_2 ;
    %wait E_0x59f2bc550370;
    %load/vec4 v0x59f2bc651fe0_0;
    %pad/u 32;
    %cmpi/e 1, 0, 32;
    %jmp/0xz  T_2.0, 4;
    %pushi/vec4 1, 0, 4;
    %assign/vec4 v0x59f2bc652380_0, 0;
    %pushi/vec4 0, 0, 1;
    %assign/vec4 v0x59f2bc652080_0, 0;
    %pushi/vec4 0, 0, 1;
    %assign/vec4 v0x59f2bc652120_0, 0;
    %pushi/vec4 0, 0, 1;
    %assign/vec4 v0x59f2bc6522c0_0, 0;
    %jmp T_2.1;
T_2.0 ;
    %load/vec4 v0x59f2bc652380_0;
    %dup/vec4;
    %pushi/vec4 1, 0, 4;
    %cmp/u;
    %jmp/1 T_2.2, 6;
    %dup/vec4;
    %pushi/vec4 2, 0, 4;
    %cmp/u;
    %jmp/1 T_2.3, 6;
    %dup/vec4;
    %pushi/vec4 3, 0, 4;
    %cmp/u;
    %jmp/1 T_2.4, 6;
    %dup/vec4;
    %pushi/vec4 4, 0, 4;
    %cmp/u;
    %jmp/1 T_2.5, 6;
    %dup/vec4;
    %pushi/vec4 5, 0, 4;
    %cmp/u;
    %jmp/1 T_2.6, 6;
    %dup/vec4;
    %pushi/vec4 6, 0, 4;
    %cmp/u;
    %jmp/1 T_2.7, 6;
    %dup/vec4;
    %pushi/vec4 7, 0, 4;
    %cmp/u;
    %jmp/1 T_2.8, 6;
    %dup/vec4;
    %pushi/vec4 8, 0, 4;
    %cmp/u;
    %jmp/1 T_2.9, 6;
    %dup/vec4;
    %pushi/vec4 9, 0, 4;
    %cmp/u;
    %jmp/1 T_2.10, 6;
    %dup/vec4;
    %pushi/vec4 10, 0, 4;
    %cmp/u;
    %jmp/1 T_2.11, 6;
    %dup/vec4;
    %pushi/vec4 11, 0, 4;
    %cmp/u;
    %jmp/1 T_2.12, 6;
    %dup/vec4;
    %pushi/vec4 12, 0, 4;
    %cmp/u;
    %jmp/1 T_2.13, 6;
    %dup/vec4;
    %pushi/vec4 13, 0, 4;
    %cmp/u;
    %jmp/1 T_2.14, 6;
    %dup/vec4;
    %pushi/vec4 14, 0, 4;
    %cmp/u;
    %jmp/1 T_2.15, 6;
    %jmp T_2.16;
T_2.2 ;
    %pushi/vec4 1, 0, 1;
    %assign/vec4 v0x59f2bc652120_0, 0;
    %pushi/vec4 1, 0, 1;
    %assign/vec4 v0x59f2bc652080_0, 0;
    %load/vec4 v0x59f2bc652120_0;
    %flag_set/vec4 11;
    %flag_get/vec4 11;
    %jmp/0 T_2.21, 11;
    %load/vec4 v0x59f2bc651a40_0;
    %and;
T_2.21;
    %flag_set/vec4 10;
    %flag_get/vec4 10;
    %jmp/0 T_2.20, 10;
    %load/vec4 v0x59f2bc652080_0;
    %and;
T_2.20;
    %flag_set/vec4 9;
    %flag_get/vec4 9;
    %jmp/0 T_2.19, 9;
    %load/vec4 v0x59f2bc651710_0;
    %and;
T_2.19;
    %flag_set/vec4 8;
    %jmp/0xz  T_2.17, 8;
    %load/vec4 v0x59f2bc6515b0_0;
    %assign/vec4 v0x59f2bc650ac0_0, 0;
    %load/vec4 v0x59f2bc6517d0_0;
    %assign/vec4 v0x59f2bc650e20_0, 0;
    %pushi/vec4 0, 0, 1;
    %assign/vec4 v0x59f2bc652080_0, 0;
    %pushi/vec4 0, 0, 1;
    %assign/vec4 v0x59f2bc652120_0, 0;
    %pushi/vec4 2, 0, 4;
    %assign/vec4 v0x59f2bc652380_0, 0;
T_2.17 ;
    %jmp T_2.16;
T_2.3 ;
    %load/vec4 v0x59f2bc650ac0_0;
    %parti/s 52, 0, 2;
    %pad/u 53;
    %assign/vec4 v0x59f2bc650ca0_0, 0;
    %load/vec4 v0x59f2bc650e20_0;
    %parti/s 52, 0, 2;
    %pad/u 53;
    %assign/vec4 v0x59f2bc651030_0, 0;
    %load/vec4 v0x59f2bc650ac0_0;
    %parti/s 11, 52, 7;
    %pad/u 13;
    %subi 1023, 0, 13;
    %assign/vec4 v0x59f2bc650bc0_0, 0;
    %load/vec4 v0x59f2bc650e20_0;
    %parti/s 11, 52, 7;
    %pad/u 13;
    %subi 1023, 0, 13;
    %assign/vec4 v0x59f2bc650f50_0, 0;
    %load/vec4 v0x59f2bc650ac0_0;
    %parti/s 1, 63, 7;
    %assign/vec4 v0x59f2bc650d60_0, 0;
    %load/vec4 v0x59f2bc650e20_0;
    %parti/s 1, 63, 7;
    %assign/vec4 v0x59f2bc651110_0, 0;
    %pushi/vec4 3, 0, 4;
    %assign/vec4 v0x59f2bc652380_0, 0;
    %jmp T_2.16;
T_2.4 ;
    %load/vec4 v0x59f2bc650bc0_0;
    %pad/u 32;
    %cmpi/e 1024, 0, 32;
    %flag_get/vec4 4;
    %jmp/0 T_2.25, 4;
    %load/vec4 v0x59f2bc650ca0_0;
    %pushi/vec4 0, 0, 53;
    %cmp/ne;
    %flag_get/vec4 4;
    %and;
T_2.25;
    %flag_set/vec4 8;
    %jmp/1 T_2.24, 8;
    %load/vec4 v0x59f2bc650f50_0;
    %pad/u 32;
    %cmpi/e 1024, 0, 32;
    %flag_get/vec4 4;
    %jmp/0 T_2.26, 4;
    %load/vec4 v0x59f2bc651030_0;
    %pushi/vec4 0, 0, 53;
    %cmp/ne;
    %flag_get/vec4 4;
    %and;
T_2.26;
    %flag_set/vec4 9;
    %flag_or 8, 9;
T_2.24;
    %jmp/0xz  T_2.22, 8;
    %pushi/vec4 1, 0, 1;
    %ix/load 4, 63, 0;
    %ix/load 5, 0, 0;
    %flag_set/imm 4, 0;
    %assign/vec4/off/d v0x59f2bc652520_0, 4, 5;
    %pushi/vec4 2047, 0, 11;
    %ix/load 4, 52, 0;
    %ix/load 5, 0, 0;
    %flag_set/imm 4, 0;
    %assign/vec4/off/d v0x59f2bc652520_0, 4, 5;
    %pushi/vec4 1, 0, 1;
    %ix/load 4, 51, 0;
    %ix/load 5, 0, 0;
    %flag_set/imm 4, 0;
    %assign/vec4/off/d v0x59f2bc652520_0, 4, 5;
    %pushi/vec4 0, 0, 51;
    %ix/load 4, 0, 0;
    %ix/load 5, 0, 0;
    %flag_set/imm 4, 0;
    %assign/vec4/off/d v0x59f2bc652520_0, 4, 5;
    %pushi/vec4 14, 0, 4;
    %assign/vec4 v0x59f2bc652380_0, 0;
    %jmp T_2.23;
T_2.22 ;
    %load/vec4 v0x59f2bc650bc0_0;
    %pad/u 32;
    %cmpi/e 1024, 0, 32;
    %flag_get/vec4 4;
    %jmp/0 T_2.29, 4;
    %load/vec4 v0x59f2bc650f50_0;
    %pad/u 32;
    %pushi/vec4 1024, 0, 32;
    %cmp/e;
    %flag_get/vec4 4;
    %and;
T_2.29;
    %flag_set/vec4 8;
    %jmp/0xz  T_2.27, 8;
    %pushi/vec4 1, 0, 1;
    %ix/load 4, 63, 0;
    %ix/load 5, 0, 0;
    %flag_set/imm 4, 0;
    %assign/vec4/off/d v0x59f2bc652520_0, 4, 5;
    %pushi/vec4 2047, 0, 11;
    %ix/load 4, 52, 0;
    %ix/load 5, 0, 0;
    %flag_set/imm 4, 0;
    %assign/vec4/off/d v0x59f2bc652520_0, 4, 5;
    %pushi/vec4 1, 0, 1;
    %ix/load 4, 51, 0;
    %ix/load 5, 0, 0;
    %flag_set/imm 4, 0;
    %assign/vec4/off/d v0x59f2bc652520_0, 4, 5;
    %pushi/vec4 0, 0, 51;
    %ix/load 4, 0, 0;
    %ix/load 5, 0, 0;
    %flag_set/imm 4, 0;
    %assign/vec4/off/d v0x59f2bc652520_0, 4, 5;
    %pushi/vec4 14, 0, 4;
    %assign/vec4 v0x59f2bc652380_0, 0;
    %jmp T_2.28;
T_2.27 ;
    %load/vec4 v0x59f2bc650bc0_0;
    %pad/u 32;
    %cmpi/e 1024, 0, 32;
    %jmp/0xz  T_2.30, 4;
    %load/vec4 v0x59f2bc650d60_0;
    %load/vec4 v0x59f2bc651110_0;
    %xor;
    %ix/load 4, 63, 0;
    %ix/load 5, 0, 0;
    %flag_set/imm 4, 0;
    %assign/vec4/off/d v0x59f2bc652520_0, 4, 5;
    %pushi/vec4 2047, 0, 11;
    %ix/load 4, 52, 0;
    %ix/load 5, 0, 0;
    %flag_set/imm 4, 0;
    %assign/vec4/off/d v0x59f2bc652520_0, 4, 5;
    %pushi/vec4 0, 0, 52;
    %ix/load 4, 0, 0;
    %ix/load 5, 0, 0;
    %flag_set/imm 4, 0;
    %assign/vec4/off/d v0x59f2bc652520_0, 4, 5;
    %pushi/vec4 14, 0, 4;
    %assign/vec4 v0x59f2bc652380_0, 0;
    %load/vec4 v0x59f2bc650f50_0;
    %pad/u 32;
    %pushi/vec4 4294966273, 0, 32;
    %cmp/e;
    %flag_get/vec4 4;
    %flag_set/vec4 9;
    %flag_get/vec4 9;
    %jmp/0 T_2.34, 9;
    %load/vec4 v0x59f2bc651030_0;
    %pushi/vec4 0, 0, 53;
    %cmp/e;
    %flag_get/vec4 4;
    %and;
T_2.34;
    %flag_set/vec4 8;
    %jmp/0xz  T_2.32, 8;
    %pushi/vec4 1, 0, 1;
    %ix/load 4, 63, 0;
    %ix/load 5, 0, 0;
    %flag_set/imm 4, 0;
    %assign/vec4/off/d v0x59f2bc652520_0, 4, 5;
    %pushi/vec4 2047, 0, 11;
    %ix/load 4, 52, 0;
    %ix/load 5, 0, 0;
    %flag_set/imm 4, 0;
    %assign/vec4/off/d v0x59f2bc652520_0, 4, 5;
    %pushi/vec4 1, 0, 1;
    %ix/load 4, 51, 0;
    %ix/load 5, 0, 0;
    %flag_set/imm 4, 0;
    %assign/vec4/off/d v0x59f2bc652520_0, 4, 5;
    %pushi/vec4 0, 0, 51;
    %ix/load 4, 0, 0;
    %ix/load 5, 0, 0;
    %flag_set/imm 4, 0;
    %assign/vec4/off/d v0x59f2bc652520_0, 4, 5;
    %pushi/vec4 14, 0, 4;
    %assign/vec4 v0x59f2bc652380_0, 0;
T_2.32 ;
    %jmp T_2.31;
T_2.30 ;
    %load/vec4 v0x59f2bc650f50_0;
    %pad/u 32;
    %cmpi/e 1024, 0, 32;
    %jmp/0xz  T_2.35, 4;
    %load/vec4 v0x59f2bc650d60_0;
    %load/vec4 v0x59f2bc651110_0;
    %xor;
    %ix/load 4, 63, 0;
    %ix/load 5, 0, 0;
    %flag_set/imm 4, 0;
    %assign/vec4/off/d v0x59f2bc652520_0, 4, 5;
    %pushi/vec4 0, 0, 11;
    %ix/load 4, 52, 0;
    %ix/load 5, 0, 0;
    %flag_set/imm 4, 0;
    %assign/vec4/off/d v0x59f2bc652520_0, 4, 5;
    %pushi/vec4 0, 0, 52;
    %ix/load 4, 0, 0;
    %ix/load 5, 0, 0;
    %flag_set/imm 4, 0;
    %assign/vec4/off/d v0x59f2bc652520_0, 4, 5;
    %pushi/vec4 14, 0, 4;
    %assign/vec4 v0x59f2bc652380_0, 0;
    %jmp T_2.36;
T_2.35 ;
    %load/vec4 v0x59f2bc650bc0_0;
    %pad/s 32;
    %cmpi/e 4294966273, 0, 32;
    %flag_get/vec4 4;
    %jmp/0 T_2.39, 4;
    %load/vec4 v0x59f2bc650ca0_0;
    %pushi/vec4 0, 0, 53;
    %cmp/e;
    %flag_get/vec4 4;
    %and;
T_2.39;
    %flag_set/vec4 8;
    %jmp/0xz  T_2.37, 8;
    %load/vec4 v0x59f2bc650d60_0;
    %load/vec4 v0x59f2bc651110_0;
    %xor;
    %ix/load 4, 63, 0;
    %ix/load 5, 0, 0;
    %flag_set/imm 4, 0;
    %assign/vec4/off/d v0x59f2bc652520_0, 4, 5;
    %pushi/vec4 0, 0, 11;
    %ix/load 4, 52, 0;
    %ix/load 5, 0, 0;
    %flag_set/imm 4, 0;
    %assign/vec4/off/d v0x59f2bc652520_0, 4, 5;
    %pushi/vec4 0, 0, 52;
    %ix/load 4, 0, 0;
    %ix/load 5, 0, 0;
    %flag_set/imm 4, 0;
    %assign/vec4/off/d v0x59f2bc652520_0, 4, 5;
    %pushi/vec4 14, 0, 4;
    %assign/vec4 v0x59f2bc652380_0, 0;
    %load/vec4 v0x59f2bc650f50_0;
    %pad/s 32;
    %cmpi/e 4294966273, 0, 32;
    %flag_get/vec4 4;
    %jmp/0 T_2.42, 4;
    %load/vec4 v0x59f2bc651030_0;
    %pushi/vec4 0, 0, 53;
    %cmp/e;
    %flag_get/vec4 4;
    %and;
T_2.42;
    %flag_set/vec4 8;
    %jmp/0xz  T_2.40, 8;
    %pushi/vec4 1, 0, 1;
    %ix/load 4, 63, 0;
    %ix/load 5, 0, 0;
    %flag_set/imm 4, 0;
    %assign/vec4/off/d v0x59f2bc652520_0, 4, 5;
    %pushi/vec4 2047, 0, 11;
    %ix/load 4, 52, 0;
    %ix/load 5, 0, 0;
    %flag_set/imm 4, 0;
    %assign/vec4/off/d v0x59f2bc652520_0, 4, 5;
    %pushi/vec4 1, 0, 1;
    %ix/load 4, 51, 0;
    %ix/load 5, 0, 0;
    %flag_set/imm 4, 0;
    %assign/vec4/off/d v0x59f2bc652520_0, 4, 5;
    %pushi/vec4 0, 0, 51;
    %ix/load 4, 0, 0;
    %ix/load 5, 0, 0;
    %flag_set/imm 4, 0;
    %assign/vec4/off/d v0x59f2bc652520_0, 4, 5;
    %pushi/vec4 14, 0, 4;
    %assign/vec4 v0x59f2bc652380_0, 0;
T_2.40 ;
    %jmp T_2.38;
T_2.37 ;
    %load/vec4 v0x59f2bc650f50_0;
    %pad/s 32;
    %cmpi/e 4294966273, 0, 32;
    %flag_get/vec4 4;
    %jmp/0 T_2.45, 4;
    %load/vec4 v0x59f2bc651030_0;
    %pushi/vec4 0, 0, 53;
    %cmp/e;
    %flag_get/vec4 4;
    %and;
T_2.45;
    %flag_set/vec4 8;
    %jmp/0xz  T_2.43, 8;
    %load/vec4 v0x59f2bc650d60_0;
    %load/vec4 v0x59f2bc651110_0;
    %xor;
    %ix/load 4, 63, 0;
    %ix/load 5, 0, 0;
    %flag_set/imm 4, 0;
    %assign/vec4/off/d v0x59f2bc652520_0, 4, 5;
    %pushi/vec4 2047, 0, 11;
    %ix/load 4, 52, 0;
    %ix/load 5, 0, 0;
    %flag_set/imm 4, 0;
    %assign/vec4/off/d v0x59f2bc652520_0, 4, 5;
    %pushi/vec4 0, 0, 52;
    %ix/load 4, 0, 0;
    %ix/load 5, 0, 0;
    %flag_set/imm 4, 0;
    %assign/vec4/off/d v0x59f2bc652520_0, 4, 5;
    %pushi/vec4 14, 0, 4;
    %assign/vec4 v0x59f2bc652380_0, 0;
    %jmp T_2.44;
T_2.43 ;
    %load/vec4 v0x59f2bc650bc0_0;
    %pad/s 32;
    %cmpi/e 4294966273, 0, 32;
    %jmp/0xz  T_2.46, 4;
    %pushi/vec4 7170, 0, 13;
    %assign/vec4 v0x59f2bc650bc0_0, 0;
    %jmp T_2.47;
T_2.46 ;
    %pushi/vec4 1, 0, 1;
    %ix/load 4, 52, 0;
    %ix/load 5, 0, 0;
    %flag_set/imm 4, 0;
    %assign/vec4/off/d v0x59f2bc650ca0_0, 4, 5;
T_2.47 ;
    %load/vec4 v0x59f2bc650f50_0;
    %pad/s 32;
    %cmpi/e 4294966273, 0, 32;
    %jmp/0xz  T_2.48, 4;
    %pushi/vec4 7170, 0, 13;
    %assign/vec4 v0x59f2bc650f50_0, 0;
    %jmp T_2.49;
T_2.48 ;
    %pushi/vec4 1, 0, 1;
    %ix/load 4, 52, 0;
    %ix/load 5, 0, 0;
    %flag_set/imm 4, 0;
    %assign/vec4/off/d v0x59f2bc651030_0, 4, 5;
T_2.49 ;
    %pushi/vec4 4, 0, 4;
    %assign/vec4 v0x59f2bc652380_0, 0;
T_2.44 ;
T_2.38 ;
T_2.36 ;
T_2.31 ;
T_2.28 ;
T_2.23 ;
    %jmp T_2.16;
T_2.5 ;
    %load/vec4 v0x59f2bc650ca0_0;
    %parti/s 1, 52, 7;
    %flag_set/vec4 8;
    %jmp/0xz  T_2.50, 8;
    %pushi/vec4 5, 0, 4;
    %assign/vec4 v0x59f2bc652380_0, 0;
    %jmp T_2.51;
T_2.50 ;
    %load/vec4 v0x59f2bc650ca0_0;
    %ix/load 4, 1, 0;
    %flag_set/imm 4, 0;
    %shiftl 4;
    %assign/vec4 v0x59f2bc650ca0_0, 0;
    %load/vec4 v0x59f2bc650bc0_0;
    %subi 1, 0, 13;
    %assign/vec4 v0x59f2bc650bc0_0, 0;
T_2.51 ;
    %jmp T_2.16;
T_2.6 ;
    %load/vec4 v0x59f2bc651030_0;
    %parti/s 1, 52, 7;
    %flag_set/vec4 8;
    %jmp/0xz  T_2.52, 8;
    %pushi/vec4 6, 0, 4;
    %assign/vec4 v0x59f2bc652380_0, 0;
    %jmp T_2.53;
T_2.52 ;
    %load/vec4 v0x59f2bc651030_0;
    %ix/load 4, 1, 0;
    %flag_set/imm 4, 0;
    %shiftl 4;
    %assign/vec4 v0x59f2bc651030_0, 0;
    %load/vec4 v0x59f2bc650f50_0;
    %subi 1, 0, 13;
    %assign/vec4 v0x59f2bc650f50_0, 0;
T_2.53 ;
    %jmp T_2.16;
T_2.7 ;
    %load/vec4 v0x59f2bc650d60_0;
    %load/vec4 v0x59f2bc651110_0;
    %xor;
    %assign/vec4 v0x59f2bc6529d0_0, 0;
    %load/vec4 v0x59f2bc650bc0_0;
    %load/vec4 v0x59f2bc650f50_0;
    %sub;
    %assign/vec4 v0x59f2bc652810_0, 0;
    %pushi/vec4 0, 0, 109;
    %assign/vec4 v0x59f2bc651d60_0, 0;
    %pushi/vec4 0, 0, 109;
    %assign/vec4 v0x59f2bc651e40_0, 0;
    %pushi/vec4 0, 0, 7;
    %assign/vec4 v0x59f2bc651270_0, 0;
    %load/vec4 v0x59f2bc650ca0_0;
    %pad/u 109;
    %ix/load 4, 56, 0;
    %flag_set/imm 4, 0;
    %shiftl 4;
    %assign/vec4 v0x59f2bc651330_0, 0;
    %load/vec4 v0x59f2bc651030_0;
    %pad/u 109;
    %assign/vec4 v0x59f2bc651410_0, 0;
    %pushi/vec4 7, 0, 4;
    %assign/vec4 v0x59f2bc652380_0, 0;
    %jmp T_2.16;
T_2.8 ;
    %load/vec4 v0x59f2bc651d60_0;
    %ix/load 4, 1, 0;
    %flag_set/imm 4, 0;
    %shiftl 4;
    %assign/vec4 v0x59f2bc651d60_0, 0;
    %load/vec4 v0x59f2bc651e40_0;
    %ix/load 4, 1, 0;
    %flag_set/imm 4, 0;
    %shiftl 4;
    %assign/vec4 v0x59f2bc651e40_0, 0;
    %load/vec4 v0x59f2bc651330_0;
    %parti/s 1, 108, 8;
    %ix/load 4, 0, 0;
    %ix/load 5, 0, 0;
    %flag_set/imm 4, 0;
    %assign/vec4/off/d v0x59f2bc651e40_0, 4, 5;
    %load/vec4 v0x59f2bc651330_0;
    %ix/load 4, 1, 0;
    %flag_set/imm 4, 0;
    %shiftl 4;
    %assign/vec4 v0x59f2bc651330_0, 0;
    %pushi/vec4 8, 0, 4;
    %assign/vec4 v0x59f2bc652380_0, 0;
    %jmp T_2.16;
T_2.9 ;
    %load/vec4 v0x59f2bc651410_0;
    %load/vec4 v0x59f2bc651e40_0;
    %cmp/u;
    %flag_or 5, 4;
    %jmp/0xz  T_2.54, 5;
    %pushi/vec4 1, 0, 1;
    %ix/load 4, 0, 0;
    %ix/load 5, 0, 0;
    %flag_set/imm 4, 0;
    %assign/vec4/off/d v0x59f2bc651d60_0, 4, 5;
    %load/vec4 v0x59f2bc651e40_0;
    %load/vec4 v0x59f2bc651410_0;
    %sub;
    %assign/vec4 v0x59f2bc651e40_0, 0;
T_2.54 ;
    %load/vec4 v0x59f2bc651270_0;
    %pad/u 32;
    %cmpi/e 107, 0, 32;
    %jmp/0xz  T_2.56, 4;
    %pushi/vec4 9, 0, 4;
    %assign/vec4 v0x59f2bc652380_0, 0;
    %jmp T_2.57;
T_2.56 ;
    %load/vec4 v0x59f2bc651270_0;
    %addi 1, 0, 7;
    %assign/vec4 v0x59f2bc651270_0, 0;
    %pushi/vec4 7, 0, 4;
    %assign/vec4 v0x59f2bc652380_0, 0;
T_2.57 ;
    %jmp T_2.16;
T_2.10 ;
    %load/vec4 v0x59f2bc651d60_0;
    %parti/s 53, 3, 3;
    %assign/vec4 v0x59f2bc6528f0_0, 0;
    %load/vec4 v0x59f2bc651d60_0;
    %parti/s 1, 2, 3;
    %assign/vec4 v0x59f2bc6514f0_0, 0;
    %load/vec4 v0x59f2bc651d60_0;
    %parti/s 1, 1, 2;
    %assign/vec4 v0x59f2bc651f20_0, 0;
    %load/vec4 v0x59f2bc651d60_0;
    %parti/s 1, 0, 2;
    %load/vec4 v0x59f2bc651e40_0;
    %pushi/vec4 0, 0, 109;
    %cmp/ne;
    %flag_get/vec4 4;
    %or;
    %assign/vec4 v0x59f2bc652460_0, 0;
    %pushi/vec4 10, 0, 4;
    %assign/vec4 v0x59f2bc652380_0, 0;
    %jmp T_2.16;
T_2.11 ;
    %load/vec4 v0x59f2bc6528f0_0;
    %parti/s 1, 52, 7;
    %pad/u 32;
    %cmpi/e 0, 0, 32;
    %flag_get/vec4 4;
    %jmp/0 T_2.60, 4;
    %pushi/vec4 4294966274, 0, 32;
    %load/vec4 v0x59f2bc652810_0;
    %pad/s 32;
    %cmp/s;
    %flag_get/vec4 5;
    %and;
T_2.60;
    %flag_set/vec4 8;
    %jmp/0xz  T_2.58, 8;
    %load/vec4 v0x59f2bc652810_0;
    %subi 1, 0, 13;
    %assign/vec4 v0x59f2bc652810_0, 0;
    %load/vec4 v0x59f2bc6528f0_0;
    %ix/load 4, 1, 0;
    %flag_set/imm 4, 0;
    %shiftl 4;
    %assign/vec4 v0x59f2bc6528f0_0, 0;
    %load/vec4 v0x59f2bc6514f0_0;
    %ix/load 4, 0, 0;
    %ix/load 5, 0, 0;
    %flag_set/imm 4, 0;
    %assign/vec4/off/d v0x59f2bc6528f0_0, 4, 5;
    %load/vec4 v0x59f2bc651f20_0;
    %assign/vec4 v0x59f2bc6514f0_0, 0;
    %pushi/vec4 0, 0, 1;
    %assign/vec4 v0x59f2bc651f20_0, 0;
    %jmp T_2.59;
T_2.58 ;
    %pushi/vec4 11, 0, 4;
    %assign/vec4 v0x59f2bc652380_0, 0;
T_2.59 ;
    %jmp T_2.16;
T_2.12 ;
    %load/vec4 v0x59f2bc652810_0;
    %pad/s 32;
    %cmpi/s 4294966274, 0, 32;
    %jmp/0xz  T_2.61, 5;
    %load/vec4 v0x59f2bc652810_0;
    %addi 1, 0, 13;
    %assign/vec4 v0x59f2bc652810_0, 0;
    %load/vec4 v0x59f2bc6528f0_0;
    %ix/load 4, 1, 0;
    %flag_set/imm 4, 0;
    %shiftr 4;
    %assign/vec4 v0x59f2bc6528f0_0, 0;
    %load/vec4 v0x59f2bc6528f0_0;
    %parti/s 1, 0, 2;
    %assign/vec4 v0x59f2bc6514f0_0, 0;
    %load/vec4 v0x59f2bc6514f0_0;
    %assign/vec4 v0x59f2bc651f20_0, 0;
    %load/vec4 v0x59f2bc652460_0;
    %load/vec4 v0x59f2bc651f20_0;
    %or;
    %assign/vec4 v0x59f2bc652460_0, 0;
    %jmp T_2.62;
T_2.61 ;
    %pushi/vec4 12, 0, 4;
    %assign/vec4 v0x59f2bc652380_0, 0;
T_2.62 ;
    %jmp T_2.16;
T_2.13 ;
    %load/vec4 v0x59f2bc6514f0_0;
    %flag_set/vec4 9;
    %flag_get/vec4 9;
    %jmp/0 T_2.65, 9;
    %load/vec4 v0x59f2bc651f20_0;
    %load/vec4 v0x59f2bc652460_0;
    %or;
    %load/vec4 v0x59f2bc6528f0_0;
    %parti/s 1, 0, 2;
    %or;
    %and;
T_2.65;
    %flag_set/vec4 8;
    %jmp/0xz  T_2.63, 8;
    %load/vec4 v0x59f2bc6528f0_0;
    %addi 1, 0, 53;
    %assign/vec4 v0x59f2bc6528f0_0, 0;
    %load/vec4 v0x59f2bc6528f0_0;
    %cmpi/e 16777215, 0, 53;
    %jmp/0xz  T_2.66, 4;
    %load/vec4 v0x59f2bc652810_0;
    %addi 1, 0, 13;
    %assign/vec4 v0x59f2bc652810_0, 0;
T_2.66 ;
T_2.63 ;
    %pushi/vec4 13, 0, 4;
    %assign/vec4 v0x59f2bc652380_0, 0;
    %jmp T_2.16;
T_2.14 ;
    %load/vec4 v0x59f2bc6528f0_0;
    %parti/s 52, 0, 2;
    %ix/load 4, 0, 0;
    %ix/load 5, 0, 0;
    %flag_set/imm 4, 0;
    %assign/vec4/off/d v0x59f2bc652520_0, 4, 5;
    %load/vec4 v0x59f2bc652810_0;
    %parti/s 11, 0, 2;
    %addi 1023, 0, 11;
    %ix/load 4, 52, 0;
    %ix/load 5, 0, 0;
    %flag_set/imm 4, 0;
    %assign/vec4/off/d v0x59f2bc652520_0, 4, 5;
    %load/vec4 v0x59f2bc6529d0_0;
    %ix/load 4, 63, 0;
    %ix/load 5, 0, 0;
    %flag_set/imm 4, 0;
    %assign/vec4/off/d v0x59f2bc652520_0, 4, 5;
    %load/vec4 v0x59f2bc652810_0;
    %pad/s 32;
    %cmpi/e 4294966274, 0, 32;
    %flag_get/vec4 4;
    %jmp/0 T_2.70, 4;
    %load/vec4 v0x59f2bc6528f0_0;
    %parti/s 1, 52, 7;
    %pad/u 32;
    %pushi/vec4 0, 0, 32;
    %cmp/e;
    %flag_get/vec4 4;
    %and;
T_2.70;
    %flag_set/vec4 8;
    %jmp/0xz  T_2.68, 8;
    %pushi/vec4 0, 0, 11;
    %ix/load 4, 52, 0;
    %ix/load 5, 0, 0;
    %flag_set/imm 4, 0;
    %assign/vec4/off/d v0x59f2bc652520_0, 4, 5;
T_2.68 ;
    %load/vec4 v0x59f2bc652810_0;
    %pad/s 32;
    %cmpi/s 1023, 0, 32;
    %flag_or 5, 4; GT is !LE
    %flag_inv 5;
    %jmp/0xz  T_2.71, 5;
    %pushi/vec4 0, 0, 52;
    %ix/load 4, 0, 0;
    %ix/load 5, 0, 0;
    %flag_set/imm 4, 0;
    %assign/vec4/off/d v0x59f2bc652520_0, 4, 5;
    %pushi/vec4 2047, 0, 11;
    %ix/load 4, 52, 0;
    %ix/load 5, 0, 0;
    %flag_set/imm 4, 0;
    %assign/vec4/off/d v0x59f2bc652520_0, 4, 5;
    %load/vec4 v0x59f2bc6529d0_0;
    %ix/load 4, 63, 0;
    %ix/load 5, 0, 0;
    %flag_set/imm 4, 0;
    %assign/vec4/off/d v0x59f2bc652520_0, 4, 5;
T_2.71 ;
    %pushi/vec4 14, 0, 4;
    %assign/vec4 v0x59f2bc652380_0, 0;
    %jmp T_2.16;
T_2.15 ;
    %pushi/vec4 1, 0, 1;
    %assign/vec4 v0x59f2bc6522c0_0, 0;
    %load/vec4 v0x59f2bc652520_0;
    %assign/vec4 v0x59f2bc6521e0_0, 0;
    %load/vec4 v0x59f2bc6522c0_0;
    %flag_set/vec4 9;
    %flag_get/vec4 9;
    %jmp/0 T_2.75, 9;
    %load/vec4 v0x59f2bc651be0_0;
    %and;
T_2.75;
    %flag_set/vec4 8;
    %jmp/0xz  T_2.73, 8;
    %pushi/vec4 0, 0, 1;
    %assign/vec4 v0x59f2bc6522c0_0, 0;
    %pushi/vec4 1, 0, 4;
    %assign/vec4 v0x59f2bc652380_0, 0;
T_2.73 ;
    %jmp T_2.16;
T_2.16 ;
    %pop/vec4 1;
T_2.1 ;
    %jmp T_2;
    .thread T_2;
    .scope S_0x59f2bc615530;
T_3 ;
    %wait E_0x59f2bc5d7070;
    %load/vec4 v0x59f2bc6570f0_0;
    %dup/vec4;
    %pushi/vec4 0, 0, 2;
    %cmp/u;
    %jmp/1 T_3.0, 6;
    %dup/vec4;
    %pushi/vec4 1, 0, 2;
    %cmp/u;
    %jmp/1 T_3.1, 6;
    %dup/vec4;
    %pushi/vec4 2, 0, 2;
    %cmp/u;
    %jmp/1 T_3.2, 6;
    %dup/vec4;
    %pushi/vec4 3, 0, 2;
    %cmp/u;
    %jmp/1 T_3.3, 6;
    %pushi/vec4 4294967295, 4294967295, 32;
    %concati/vec4 4294967295, 4294967295, 32;
    %store/vec4 v0x59f2bc657190_0, 0, 64;
    %jmp T_3.5;
T_3.0 ;
    %load/vec4 v0x59f2bc655ca0_0;
    %store/vec4 v0x59f2bc657190_0, 0, 64;
    %jmp T_3.5;
T_3.1 ;
    %load/vec4 v0x59f2bc656200_0;
    %store/vec4 v0x59f2bc657190_0, 0, 64;
    %jmp T_3.5;
T_3.2 ;
    %load/vec4 v0x59f2bc656ee0_0;
    %store/vec4 v0x59f2bc657190_0, 0, 64;
    %jmp T_3.5;
T_3.3 ;
    %pushi/vec4 4294967295, 4294967295, 32;
    %concati/vec4 4294967295, 4294967295, 32;
    %store/vec4 v0x59f2bc657190_0, 0, 64;
    %jmp T_3.5;
T_3.5 ;
    %pop/vec4 1;
    %jmp T_3;
    .thread T_3, $push;
    .scope S_0x59f2bc615530;
T_4 ;
    %wait E_0x59f2bc5d7570;
    %load/vec4 v0x59f2bc6570f0_0;
    %dup/vec4;
    %pushi/vec4 0, 0, 2;
    %cmp/u;
    %jmp/1 T_4.0, 6;
    %dup/vec4;
    %pushi/vec4 1, 0, 2;
    %cmp/u;
    %jmp/1 T_4.1, 6;
    %dup/vec4;
    %pushi/vec4 2, 0, 2;
    %cmp/u;
    %jmp/1 T_4.2, 6;
    %dup/vec4;
    %pushi/vec4 3, 0, 2;
    %cmp/u;
    %jmp/1 T_4.3, 6;
    %pushi/vec4 0, 0, 1;
    %store/vec4 v0x59f2bc656fb0_0, 0, 1;
    %jmp T_4.5;
T_4.0 ;
    %load/vec4 v0x59f2bc655c00_0;
    %store/vec4 v0x59f2bc656fb0_0, 0, 1;
    %jmp T_4.5;
T_4.1 ;
    %load/vec4 v0x59f2bc656130_0;
    %store/vec4 v0x59f2bc656fb0_0, 0, 1;
    %jmp T_4.5;
T_4.2 ;
    %load/vec4 v0x59f2bc656e10_0;
    %store/vec4 v0x59f2bc656fb0_0, 0, 1;
    %jmp T_4.5;
T_4.3 ;
    %pushi/vec4 0, 0, 1;
    %store/vec4 v0x59f2bc656fb0_0, 0, 1;
    %jmp T_4.5;
T_4.5 ;
    %pop/vec4 1;
    %jmp T_4;
    .thread T_4, $push;
    .scope S_0x59f2bc615530;
T_5 ;
    %wait E_0x59f2bc5d6ac0;
    %load/vec4 v0x59f2bc657230_0;
    %flag_set/vec4 8;
    %jmp/0xz  T_5.0, 8;
    %pushi/vec4 3, 0, 2;
    %assign/vec4 v0x59f2bc6570f0_0, 0;
    %jmp T_5.1;
T_5.0 ;
    %load/vec4 v0x59f2bc656370_0;
    %flag_set/vec4 8;
    %jmp/0xz  T_5.2, 8;
    %load/vec4 v0x59f2bc657050_0;
    %assign/vec4 v0x59f2bc6570f0_0, 0;
    %jmp T_5.3;
T_5.2 ;
    %load/vec4 v0x59f2bc6570f0_0;
    %assign/vec4 v0x59f2bc6570f0_0, 0;
T_5.3 ;
T_5.1 ;
    %jmp T_5;
    .thread T_5;
    .scope S_0x59f2bc6046f0;
T_6 ;
    %vpi_call 2 28 "$dumpfile", "gtk_arithmetics_unit_tb.vcd" {0 0 0};
    %vpi_call 2 29 "$dumpvars", 32'sb00000000000000000000000000000000, S_0x59f2bc6046f0 {0 0 0};
    %pushi/vec4 0, 0, 32;
    %store/vec4 v0x59f2bc657e90_0, 0, 32;
T_6.0 ;
    %load/vec4 v0x59f2bc657e90_0;
    %cmpi/s 6012, 0, 32;
    %jmp/0xz T_6.1, 5;
    %pushi/vec4 0, 0, 2;
    %ix/getv/s 4, v0x59f2bc657e90_0;
    %store/vec4a v0x59f2bc657800, 4, 0;
    %pushi/vec4 1, 0, 2;
    %load/vec4 v0x59f2bc657e90_0;
    %addi 1, 0, 32;
    %ix/vec4/s 4;
    %store/vec4a v0x59f2bc657800, 4, 0;
    %pushi/vec4 2, 0, 2;
    %load/vec4 v0x59f2bc657e90_0;
    %addi 2, 0, 32;
    %ix/vec4/s 4;
    %store/vec4a v0x59f2bc657800, 4, 0;
    %load/vec4 v0x59f2bc657e90_0;
    %addi 3, 0, 32;
    %store/vec4 v0x59f2bc657e90_0, 0, 32;
    %jmp T_6.0;
T_6.1 ;
    %pushi/vec4 0, 0, 1;
    %store/vec4 v0x59f2bc657980_0, 0, 1;
    %pushi/vec4 0, 0, 1;
    %store/vec4 v0x59f2bc6581e0_0, 0, 1;
    %pushi/vec4 0, 0, 32;
    %store/vec4 v0x59f2bc657b90_0, 0, 32;
    %pushi/vec4 0, 0, 32;
    %store/vec4 v0x59f2bc657db0_0, 0, 32;
    %pushi/vec4 1, 0, 1;
    %store/vec4 v0x59f2bc657a20_0, 0, 1;
    %pushi/vec4 1, 0, 1;
    %store/vec4 v0x59f2bc657ac0_0, 0, 1;
    %vpi_call 2 43 "$readmemh", "arithmetics_stim_a.txt", v0x59f2bc657680 {0 0 0};
    %vpi_call 2 44 "$readmemh", "arithmetics_stim_b.txt", v0x59f2bc657740 {0 0 0};
    %vpi_call 2 45 "$readmemh", "arithmetics_output.txt", v0x59f2bc6578c0 {0 0 0};
    %pushi/vec4 0, 0, 64;
    %store/vec4 v0x59f2bc6573b0_0, 0, 64;
    %pushi/vec4 0, 0, 64;
    %store/vec4 v0x59f2bc6574b0_0, 0, 64;
    %delay 10000, 0;
    %load/vec4 v0x59f2bc6581e0_0;
    %inv;
    %store/vec4 v0x59f2bc6581e0_0, 0, 1;
    %delay 10000, 0;
    %load/vec4 v0x59f2bc6581e0_0;
    %inv;
    %store/vec4 v0x59f2bc6581e0_0, 0, 1;
    %end;
    .thread T_6;
    .scope S_0x59f2bc6046f0;
T_7 ;
    %delay 5000, 0;
    %load/vec4 v0x59f2bc657980_0;
    %inv;
    %store/vec4 v0x59f2bc657980_0, 0, 1;
    %jmp T_7;
    .thread T_7;
    .scope S_0x59f2bc6046f0;
T_8 ;
    %wait E_0x59f2bc5d6ac0;
    %load/vec4 v0x59f2bc6581e0_0;
    %flag_set/vec4 8;
    %jmp/0xz  T_8.0, 8;
    %pushi/vec4 0, 0, 64;
    %assign/vec4 v0x59f2bc6573b0_0, 0;
    %pushi/vec4 0, 0, 64;
    %assign/vec4 v0x59f2bc6574b0_0, 0;
    %pushi/vec4 0, 0, 2;
    %assign/vec4 v0x59f2bc657590_0, 0;
    %jmp T_8.1;
T_8.0 ;
    %ix/getv/s 4, v0x59f2bc657b90_0;
    %load/vec4a v0x59f2bc657680, 4;
    %assign/vec4 v0x59f2bc6573b0_0, 0;
    %ix/getv/s 4, v0x59f2bc657b90_0;
    %load/vec4a v0x59f2bc657740, 4;
    %assign/vec4 v0x59f2bc6574b0_0, 0;
    %ix/getv/s 4, v0x59f2bc657b90_0;
    %load/vec4a v0x59f2bc657800, 4;
    %assign/vec4 v0x59f2bc657590_0, 0;
T_8.1 ;
    %jmp T_8;
    .thread T_8;
    .scope S_0x59f2bc6046f0;
T_9 ;
    %wait E_0x59f2bc550370;
    %load/vec4 v0x59f2bc657f70_0;
    %pad/u 32;
    %cmpi/e 1, 0, 32;
    %jmp/0xz  T_9.0, 4;
    %ix/getv/s 4, v0x59f2bc657b90_0;
    %load/vec4a v0x59f2bc6578c0, 4;
    %load/vec4 v0x59f2bc658110_0;
    %cmp/e;
    %jmp/0xz  T_9.2, 4;
    %load/vec4 v0x59f2bc657b90_0;
    %addi 1, 0, 32;
    %vpi_call 2 82 "$display", "Test %d / %d is correct", S<0,vec4,s32>, P_0x59f2bc5d2e90 {1 0 0};
    %load/vec4 v0x59f2bc657db0_0;
    %addi 1, 0, 32;
    %store/vec4 v0x59f2bc657db0_0, 0, 32;
T_9.2 ;
    %load/vec4 v0x59f2bc657db0_0;
    %cmpi/e 6012, 0, 32;
    %flag_get/vec4 4;
    %jmp/0 T_9.6, 4;
    %load/vec4 v0x59f2bc657b90_0;
    %pushi/vec4 6011, 0, 32;
    %cmp/e;
    %flag_get/vec4 4;
    %and;
T_9.6;
    %flag_set/vec4 8;
    %jmp/0xz  T_9.4, 8;
    %vpi_call 2 87 "$display", "All tests are correct !!" {0 0 0};
    %jmp T_9.5;
T_9.4 ;
    %load/vec4 v0x59f2bc657db0_0;
    %cmpi/ne 6012, 0, 32;
    %flag_get/vec4 4;
    %jmp/0 T_9.9, 4;
    %load/vec4 v0x59f2bc657b90_0;
    %pushi/vec4 6011, 0, 32;
    %cmp/e;
    %flag_get/vec4 4;
    %and;
T_9.9;
    %flag_set/vec4 8;
    %jmp/0xz  T_9.7, 8;
    %vpi_call 2 89 "$display", "%d out of %d are correct !!", v0x59f2bc657db0_0, P_0x59f2bc5d2e90 {0 0 0};
T_9.7 ;
T_9.5 ;
    %load/vec4 v0x59f2bc657b90_0;
    %addi 1, 0, 32;
    %store/vec4 v0x59f2bc657b90_0, 0, 32;
T_9.0 ;
    %jmp T_9;
    .thread T_9;
# The file index is used to find the file name in the following table.
:file_names 7;
    "N/A";
    "<interactive>";
    "arithmetics_unit_tb.v";
    "Arithmetics_unit.v";
    "double_adder.v";
    "double_divider.v";
    "double_multiplier.v";
