
 /----------------------------------------------------------------------------\
 |  yosys -- Yosys Open SYnthesis Suite                                       |
 |  Copyright (C) 2012 - 2024  Claire Xenia Wolf <claire@yosyshq.com>         |
 |  Distributed under an ISC-like license, type "license" to see terms        |
 \----------------------------------------------------------------------------/
 Yosys 0.46 (git sha1 e97731b9dda91fa5fa53ed87df7c34163ba59a41, clang++ 17.0.6 -fPIC -O3)
Loaded SDC plugin

-- Executing script file `yosys_double_adder.ys' --

1. Executing Liberty frontend: sg13g2_stdcell_typ_1p20V_25C.lib
Imported 84 cell types from liberty file.

2. Executing Verilog-2005 frontend: double_adder.v
Parsing Verilog input from `double_adder.v' to AST representation.
Generating RTLIL representation for module `\double_adder'.
Successfully finished Verilog frontend.

3. Executing HIERARCHY pass (managing design hierarchy).

3.1. Analyzing design hierarchy..
Top module:  \double_adder

3.2. Analyzing design hierarchy..
Top module:  \double_adder
Removed 0 unused modules.

4. Executing PROC pass (convert processes to netlists).

4.1. Executing PROC_CLEAN pass (remove empty switches from decision trees).
Cleaned up 0 empty switches.

4.2. Executing PROC_RMDEAD pass (remove dead branches from decision trees).
Marked 16 switch rules as full_case in process $proc$double_adder.v:59$1 in module double_adder.
Removed a total of 0 dead cases.

4.3. Executing PROC_PRUNE pass (remove redundant assignments in processes).
Removed 0 redundant assignments.
Promoted 0 assignments to connections.

4.4. Executing PROC_INIT pass (extract init attributes).

4.5. Executing PROC_ARST pass (detect async resets in processes).
Found async reset \rst in `\double_adder.$proc$double_adder.v:59$1'.

4.6. Executing PROC_ROM pass (convert switches to ROMs).
Converted 0 switches.
<suppressed ~24 debug messages>

4.7. Executing PROC_MUX pass (convert decision trees to multiplexers).
Creating decoders for process `\double_adder.$proc$double_adder.v:59$1'.
     1/29: $0\z[63:0] [51]
     2/29: $0\z_m[52:0] [0]
     3/29: $0\a_m[55:0] [0]
     4/29: $0\b_m[55:0] [0]
     5/29: $0\b_m[55:0] [54:1]
     6/29: $0\b_m[55:0] [55]
     7/29: $0\z_m[52:0] [52:1]
     8/29: $0\z[63:0] [62:52]
     9/29: $0\z[63:0] [63]
    10/29: $0\sticky[0:0]
    11/29: $0\round_bit[0:0]
    12/29: $0\guard[0:0]
    13/29: $0\z_s[0:0]
    14/29: $0\b_s[0:0]
    15/29: $0\a_s[0:0]
    16/29: $0\z_e[12:0]
    17/29: $0\b_e[12:0]
    18/29: $0\a_e[12:0]
    19/29: $0\a_m[55:0] [55]
    20/29: $0\a_m[55:0] [54:1]
    21/29: $0\z[63:0] [50:0]
    22/29: $0\sum[56:0]
    23/29: $0\b[63:0]
    24/29: $0\a[63:0]
    25/29: $0\state[3:0]
    26/29: $0\s_input_b_ack[0:0]
    27/29: $0\s_input_a_ack[0:0]
    28/29: $0\s_output_z[63:0]
    29/29: $0\s_output_z_stb[0:0]

4.8. Executing PROC_DLATCH pass (convert process syncs to latches).

4.9. Executing PROC_DFF pass (convert process syncs to FFs).
Creating register for signal `\double_adder.\s_output_z_stb' using process `\double_adder.$proc$double_adder.v:59$1'.
  created $adff cell `$procdff$647' with positive edge clock and positive level reset.
Creating register for signal `\double_adder.\s_output_z' using process `\double_adder.$proc$double_adder.v:59$1'.
  created $dff cell `$procdff$652' with positive edge clock.
Creating register for signal `\double_adder.\s_input_a_ack' using process `\double_adder.$proc$double_adder.v:59$1'.
  created $adff cell `$procdff$655' with positive edge clock and positive level reset.
Creating register for signal `\double_adder.\s_input_b_ack' using process `\double_adder.$proc$double_adder.v:59$1'.
  created $adff cell `$procdff$658' with positive edge clock and positive level reset.
Creating register for signal `\double_adder.\state' using process `\double_adder.$proc$double_adder.v:59$1'.
  created $adff cell `$procdff$661' with positive edge clock and positive level reset.
Creating register for signal `\double_adder.\a' using process `\double_adder.$proc$double_adder.v:59$1'.
  created $dff cell `$procdff$666' with positive edge clock.
Creating register for signal `\double_adder.\b' using process `\double_adder.$proc$double_adder.v:59$1'.
  created $dff cell `$procdff$671' with positive edge clock.
Creating register for signal `\double_adder.\z' using process `\double_adder.$proc$double_adder.v:59$1'.
  created $dff cell `$procdff$676' with positive edge clock.
Creating register for signal `\double_adder.\a_m' using process `\double_adder.$proc$double_adder.v:59$1'.
  created $dff cell `$procdff$681' with positive edge clock.
Creating register for signal `\double_adder.\b_m' using process `\double_adder.$proc$double_adder.v:59$1'.
  created $dff cell `$procdff$686' with positive edge clock.
Creating register for signal `\double_adder.\z_m' using process `\double_adder.$proc$double_adder.v:59$1'.
  created $dff cell `$procdff$691' with positive edge clock.
Creating register for signal `\double_adder.\a_e' using process `\double_adder.$proc$double_adder.v:59$1'.
  created $dff cell `$procdff$696' with positive edge clock.
Creating register for signal `\double_adder.\b_e' using process `\double_adder.$proc$double_adder.v:59$1'.
  created $dff cell `$procdff$701' with positive edge clock.
Creating register for signal `\double_adder.\z_e' using process `\double_adder.$proc$double_adder.v:59$1'.
  created $dff cell `$procdff$706' with positive edge clock.
Creating register for signal `\double_adder.\a_s' using process `\double_adder.$proc$double_adder.v:59$1'.
  created $dff cell `$procdff$711' with positive edge clock.
Creating register for signal `\double_adder.\b_s' using process `\double_adder.$proc$double_adder.v:59$1'.
  created $dff cell `$procdff$716' with positive edge clock.
Creating register for signal `\double_adder.\z_s' using process `\double_adder.$proc$double_adder.v:59$1'.
  created $dff cell `$procdff$721' with positive edge clock.
Creating register for signal `\double_adder.\guard' using process `\double_adder.$proc$double_adder.v:59$1'.
  created $dff cell `$procdff$726' with positive edge clock.
Creating register for signal `\double_adder.\round_bit' using process `\double_adder.$proc$double_adder.v:59$1'.
  created $dff cell `$procdff$731' with positive edge clock.
Creating register for signal `\double_adder.\sticky' using process `\double_adder.$proc$double_adder.v:59$1'.
  created $dff cell `$procdff$736' with positive edge clock.
Creating register for signal `\double_adder.\sum' using process `\double_adder.$proc$double_adder.v:59$1'.
  created $dff cell `$procdff$741' with positive edge clock.

4.10. Executing PROC_MEMWR pass (convert process memory writes to cells).

4.11. Executing PROC_CLEAN pass (remove empty switches from decision trees).
Found and cleaned up 24 empty switches in `\double_adder.$proc$double_adder.v:59$1'.
Removing empty process `double_adder.$proc$double_adder.v:59$1'.
Cleaned up 24 empty switches.

4.12. Executing OPT_EXPR pass (perform const folding).
Optimizing module double_adder.
<suppressed ~35 debug messages>

5. Executing OPT pass (performing simple optimizations).

5.1. Executing OPT_EXPR pass (perform const folding).
Optimizing module double_adder.

5.2. Executing OPT_MERGE pass (detect identical cells).
Finding identical cells in module `\double_adder'.
<suppressed ~228 debug messages>
Removed a total of 76 cells.

5.3. Executing OPT_MUXTREE pass (detect dead branches in mux trees).
Running muxtree optimizer on module \double_adder..
  Creating internal representation of mux trees.
  Evaluating internal representation of mux trees.
      Replacing known input bits on port B of cell $procmux$212: \sum [56:5] -> { 1'1 \sum [55:5] }
  Analyzing evaluation results.
Removed 0 multiplexer ports.
<suppressed ~21 debug messages>

5.4. Executing OPT_REDUCE pass (consolidate $*mux and $reduce_* inputs).
  Optimizing cells in module \double_adder.
Performed a total of 0 changes.

5.5. Executing OPT_MERGE pass (detect identical cells).
Finding identical cells in module `\double_adder'.
<suppressed ~3 debug messages>
Removed a total of 1 cells.

5.6. Executing OPT_DFF pass (perform DFF optimizations).
Adding EN signal on $procdff$741 ($dff) from module double_adder (D = $procmux$533_Y, Q = \sum).
Adding EN signal on $procdff$691 ($dff) from module double_adder (D = { $procmux$201_Y $procmux$106_Y }, Q = \z_m).
Adding EN signal on $procdff$716 ($dff) from module double_adder (D = \b [63], Q = \b_s).
Adding EN signal on $procdff$736 ($dff) from module double_adder (D = $procmux$276_Y, Q = \sticky).
Adding EN signal on $procdff$696 ($dff) from module double_adder (D = $procmux$419_Y, Q = \a_e).
Adding EN signal on $procdff$701 ($dff) from module double_adder (D = $procmux$381_Y, Q = \b_e).
Adding EN signal on $procdff$647 ($adff) from module double_adder (D = $procmux$641_Y, Q = \s_output_z_stb).
Adding EN signal on $procdff$731 ($dff) from module double_adder (D = $procmux$288_Y, Q = \round_bit).
Adding EN signal on $procdff$652 ($dff) from module double_adder (D = \z, Q = \s_output_z).
Adding EN signal on $procdff$655 ($adff) from module double_adder (D = $procmux$635_Y, Q = \s_input_a_ack).
Adding EN signal on $procdff$711 ($dff) from module double_adder (D = \a [63], Q = \a_s).
Adding EN signal on $procdff$658 ($adff) from module double_adder (D = $procmux$621_Y, Q = \s_input_b_ack).
Adding EN signal on $procdff$726 ($dff) from module double_adder (D = $procmux$304_Y, Q = \guard).
Adding EN signal on $procdff$661 ($adff) from module double_adder (D = $procmux$567_Y, Q = \state).
Adding EN signal on $procdff$666 ($dff) from module double_adder (D = \input_a, Q = \a).
Adding EN signal on $procdff$671 ($dff) from module double_adder (D = \input_b, Q = \b).
Adding EN signal on $procdff$721 ($dff) from module double_adder (D = $procmux$324_Y, Q = \z_s).
Adding EN signal on $procdff$676 ($dff) from module double_adder (D = { $procmux$247_Y $procmux$220_Y $procmux$79_Y $procmux$501_Y }, Q = \z).
Adding EN signal on $procdff$681 ($dff) from module double_adder (D = $procmux$457_Y, Q = \a_m [55]).
Adding EN signal on $procdff$681 ($dff) from module double_adder (D = { $procmux$495_Y $procmux$133_Y }, Q = \a_m [54:0]).
Adding EN signal on $procdff$706 ($dff) from module double_adder (D = $procmux$356_Y, Q = \z_e).
Adding EN signal on $procdff$686 ($dff) from module double_adder (D = $procmux$172_Y, Q = \b_m [55]).
Adding EN signal on $procdff$686 ($dff) from module double_adder (D = { $procmux$159_Y $procmux$146_Y }, Q = \b_m [54:0]).

5.7. Executing OPT_CLEAN pass (remove unused cells and wires).
Finding unused cells or wires in module \double_adder..
Removed 29 unused cells and 275 unused wires.
<suppressed ~30 debug messages>

5.8. Executing OPT_EXPR pass (perform const folding).
Optimizing module double_adder.
<suppressed ~13 debug messages>

5.9. Rerunning OPT passes. (Maybe there is more to do..)

5.10. Executing OPT_MUXTREE pass (detect dead branches in mux trees).
Running muxtree optimizer on module \double_adder..
  Creating internal representation of mux trees.
  Evaluating internal representation of mux trees.
  Analyzing evaluation results.
Removed 0 multiplexer ports.
<suppressed ~23 debug messages>

5.11. Executing OPT_REDUCE pass (consolidate $*mux and $reduce_* inputs).
  Optimizing cells in module \double_adder.
Performed a total of 0 changes.

5.12. Executing OPT_MERGE pass (detect identical cells).
Finding identical cells in module `\double_adder'.
<suppressed ~183 debug messages>
Removed a total of 61 cells.

5.13. Executing OPT_DFF pass (perform DFF optimizations).

5.14. Executing OPT_CLEAN pass (remove unused cells and wires).
Finding unused cells or wires in module \double_adder..
Removed 0 unused cells and 60 unused wires.
<suppressed ~1 debug messages>

5.15. Executing OPT_EXPR pass (perform const folding).
Optimizing module double_adder.

5.16. Rerunning OPT passes. (Maybe there is more to do..)

5.17. Executing OPT_MUXTREE pass (detect dead branches in mux trees).
Running muxtree optimizer on module \double_adder..
  Creating internal representation of mux trees.
  Evaluating internal representation of mux trees.
  Analyzing evaluation results.
Removed 0 multiplexer ports.
<suppressed ~23 debug messages>

5.18. Executing OPT_REDUCE pass (consolidate $*mux and $reduce_* inputs).
  Optimizing cells in module \double_adder.
Performed a total of 0 changes.

5.19. Executing OPT_MERGE pass (detect identical cells).
Finding identical cells in module `\double_adder'.
Removed a total of 0 cells.

5.20. Executing OPT_DFF pass (perform DFF optimizations).

5.21. Executing OPT_CLEAN pass (remove unused cells and wires).
Finding unused cells or wires in module \double_adder..

5.22. Executing OPT_EXPR pass (perform const folding).
Optimizing module double_adder.

5.23. Finished OPT passes. (There is nothing left to do.)

6. Executing FSM pass (extract and optimize FSM).

6.1. Executing FSM_DETECT pass (finding FSMs in design).

6.2. Executing FSM_EXTRACT pass (extracting FSM from design).

6.3. Executing FSM_OPT pass (simple optimizations of FSMs).

6.4. Executing OPT_CLEAN pass (remove unused cells and wires).
Finding unused cells or wires in module \double_adder..

6.5. Executing FSM_OPT pass (simple optimizations of FSMs).

6.6. Executing FSM_RECODE pass (re-assigning FSM state encoding).

6.7. Executing FSM_INFO pass (dumping all available information on FSM cells).

6.8. Executing FSM_MAP pass (mapping FSMs to basic logic).

7. Executing OPT pass (performing simple optimizations).

7.1. Executing OPT_EXPR pass (perform const folding).
Optimizing module double_adder.

7.2. Executing OPT_MERGE pass (detect identical cells).
Finding identical cells in module `\double_adder'.
Removed a total of 0 cells.

7.3. Executing OPT_MUXTREE pass (detect dead branches in mux trees).
Running muxtree optimizer on module \double_adder..
  Creating internal representation of mux trees.
  Evaluating internal representation of mux trees.
  Analyzing evaluation results.
Removed 0 multiplexer ports.
<suppressed ~23 debug messages>

7.4. Executing OPT_REDUCE pass (consolidate $*mux and $reduce_* inputs).
  Optimizing cells in module \double_adder.
Performed a total of 0 changes.

7.5. Executing OPT_MERGE pass (detect identical cells).
Finding identical cells in module `\double_adder'.
Removed a total of 0 cells.

7.6. Executing OPT_DFF pass (perform DFF optimizations).

7.7. Executing OPT_CLEAN pass (remove unused cells and wires).
Finding unused cells or wires in module \double_adder..

7.8. Executing OPT_EXPR pass (perform const folding).
Optimizing module double_adder.

7.9. Finished OPT passes. (There is nothing left to do.)

8. Executing TECHMAP pass (map to technology primitives).

8.1. Executing Verilog-2005 frontend: /nix/store/9r0bh7sp051dpm8km8bqlb028anpd3v3-yosys/bin/../share/yosys/techmap.v
Parsing Verilog input from `/nix/store/9r0bh7sp051dpm8km8bqlb028anpd3v3-yosys/bin/../share/yosys/techmap.v' to AST representation.
Generating RTLIL representation for module `\_90_simplemap_bool_ops'.
Generating RTLIL representation for module `\_90_simplemap_reduce_ops'.
Generating RTLIL representation for module `\_90_simplemap_logic_ops'.
Generating RTLIL representation for module `\_90_simplemap_compare_ops'.
Generating RTLIL representation for module `\_90_simplemap_various'.
Generating RTLIL representation for module `\_90_simplemap_registers'.
Generating RTLIL representation for module `\_90_shift_ops_shr_shl_sshl_sshr'.
Generating RTLIL representation for module `\_90_shift_shiftx'.
Generating RTLIL representation for module `\_90_fa'.
Generating RTLIL representation for module `\_90_lcu_brent_kung'.
Generating RTLIL representation for module `\_90_alu'.
Generating RTLIL representation for module `\_90_macc'.
Generating RTLIL representation for module `\_90_alumacc'.
Generating RTLIL representation for module `\$__div_mod_u'.
Generating RTLIL representation for module `\$__div_mod_trunc'.
Generating RTLIL representation for module `\_90_div'.
Generating RTLIL representation for module `\_90_mod'.
Generating RTLIL representation for module `\$__div_mod_floor'.
Generating RTLIL representation for module `\_90_divfloor'.
Generating RTLIL representation for module `\_90_modfloor'.
Generating RTLIL representation for module `\_90_pow'.
Generating RTLIL representation for module `\_90_pmux'.
Generating RTLIL representation for module `\_90_demux'.
Generating RTLIL representation for module `\_90_lut'.
Successfully finished Verilog frontend.

8.2. Continuing TECHMAP pass.
Using extmapper simplemap for cells of type $logic_and.
Running "alumacc" on wrapper $extern:wrap:$sub:A_SIGNED=0:A_WIDTH=11:B_SIGNED=0:B_WIDTH=32:Y_WIDTH=32:394426c56d1a028ba8fdd5469b163e04011def47.
Using template $extern:wrap:$sub:A_SIGNED=0:A_WIDTH=11:B_SIGNED=0:B_WIDTH=32:Y_WIDTH=32:394426c56d1a028ba8fdd5469b163e04011def47 for cells of type $extern:wrap:$sub:A_SIGNED=0:A_WIDTH=11:B_SIGNED=0:B_WIDTH=32:Y_WIDTH=32:394426c56d1a028ba8fdd5469b163e04011def47.
Using extmapper simplemap for cells of type $reduce_bool.
Using extmapper simplemap for cells of type $reduce_and.
Using extmapper simplemap for cells of type $logic_or.
Using extmapper simplemap for cells of type $eq.
Using extmapper simplemap for cells of type $ne.
Using extmapper simplemap for cells of type $not.
Using extmapper simplemap for cells of type $and.
Using extmapper simplemap for cells of type $logic_not.
Running "alumacc" on wrapper $extern:wrap:$add:A_SIGNED=0:A_WIDTH=11:B_SIGNED=0:B_WIDTH=32:Y_WIDTH=32:394426c56d1a028ba8fdd5469b163e04011def47.
Using template $extern:wrap:$add:A_SIGNED=0:A_WIDTH=11:B_SIGNED=0:B_WIDTH=32:Y_WIDTH=32:394426c56d1a028ba8fdd5469b163e04011def47 for cells of type $extern:wrap:$add:A_SIGNED=0:A_WIDTH=11:B_SIGNED=0:B_WIDTH=32:Y_WIDTH=32:394426c56d1a028ba8fdd5469b163e04011def47.
Running "alumacc" on wrapper $extern:wrap:$gt:A_SIGNED=1:A_WIDTH=13:B_SIGNED=1:B_WIDTH=13:Y_WIDTH=1:394426c56d1a028ba8fdd5469b163e04011def47.
Using template $extern:wrap:$gt:A_SIGNED=1:A_WIDTH=13:B_SIGNED=1:B_WIDTH=13:Y_WIDTH=1:394426c56d1a028ba8fdd5469b163e04011def47 for cells of type $extern:wrap:$gt:A_SIGNED=1:A_WIDTH=13:B_SIGNED=1:B_WIDTH=13:Y_WIDTH=1:394426c56d1a028ba8fdd5469b163e04011def47.
Running "alumacc" on wrapper $extern:wrap:$add:A_SIGNED=0:A_WIDTH=13:B_SIGNED=0:B_WIDTH=32:Y_WIDTH=32:394426c56d1a028ba8fdd5469b163e04011def47.
Using template $extern:wrap:$add:A_SIGNED=0:A_WIDTH=13:B_SIGNED=0:B_WIDTH=32:Y_WIDTH=32:394426c56d1a028ba8fdd5469b163e04011def47 for cells of type $extern:wrap:$add:A_SIGNED=0:A_WIDTH=13:B_SIGNED=0:B_WIDTH=32:Y_WIDTH=32:394426c56d1a028ba8fdd5469b163e04011def47.
Using extmapper simplemap for cells of type $or.
Running "alumacc" on wrapper $extern:wrap:$lt:A_SIGNED=1:A_WIDTH=13:B_SIGNED=1:B_WIDTH=13:Y_WIDTH=1:394426c56d1a028ba8fdd5469b163e04011def47.
Using template $extern:wrap:$lt:A_SIGNED=1:A_WIDTH=13:B_SIGNED=1:B_WIDTH=13:Y_WIDTH=1:394426c56d1a028ba8fdd5469b163e04011def47 for cells of type $extern:wrap:$lt:A_SIGNED=1:A_WIDTH=13:B_SIGNED=1:B_WIDTH=13:Y_WIDTH=1:394426c56d1a028ba8fdd5469b163e04011def47.
Running "alumacc" on wrapper $extern:wrap:$add:A_SIGNED=0:A_WIDTH=57:B_SIGNED=0:B_WIDTH=56:Y_WIDTH=57:394426c56d1a028ba8fdd5469b163e04011def47.
Using template $extern:wrap:$add:A_SIGNED=0:A_WIDTH=57:B_SIGNED=0:B_WIDTH=56:Y_WIDTH=57:394426c56d1a028ba8fdd5469b163e04011def47 for cells of type $extern:wrap:$add:A_SIGNED=0:A_WIDTH=57:B_SIGNED=0:B_WIDTH=56:Y_WIDTH=57:394426c56d1a028ba8fdd5469b163e04011def47.
Running "alumacc" on wrapper $extern:wrap:$gt:A_SIGNED=0:A_WIDTH=56:B_SIGNED=0:B_WIDTH=56:Y_WIDTH=1:394426c56d1a028ba8fdd5469b163e04011def47.
Using template $extern:wrap:$gt:A_SIGNED=0:A_WIDTH=56:B_SIGNED=0:B_WIDTH=56:Y_WIDTH=1:394426c56d1a028ba8fdd5469b163e04011def47 for cells of type $extern:wrap:$gt:A_SIGNED=0:A_WIDTH=56:B_SIGNED=0:B_WIDTH=56:Y_WIDTH=1:394426c56d1a028ba8fdd5469b163e04011def47.
Running "alumacc" on wrapper $extern:wrap:$sub:A_SIGNED=0:A_WIDTH=57:B_SIGNED=0:B_WIDTH=56:Y_WIDTH=57:394426c56d1a028ba8fdd5469b163e04011def47.
Using template $extern:wrap:$sub:A_SIGNED=0:A_WIDTH=57:B_SIGNED=0:B_WIDTH=56:Y_WIDTH=57:394426c56d1a028ba8fdd5469b163e04011def47 for cells of type $extern:wrap:$sub:A_SIGNED=0:A_WIDTH=57:B_SIGNED=0:B_WIDTH=56:Y_WIDTH=57:394426c56d1a028ba8fdd5469b163e04011def47.
Running "alumacc" on wrapper $extern:wrap:$gt:A_SIGNED=1:A_WIDTH=32:B_SIGNED=1:B_WIDTH=32:Y_WIDTH=1:394426c56d1a028ba8fdd5469b163e04011def47.
Using template $extern:wrap:$gt:A_SIGNED=1:A_WIDTH=32:B_SIGNED=1:B_WIDTH=32:Y_WIDTH=1:394426c56d1a028ba8fdd5469b163e04011def47 for cells of type $extern:wrap:$gt:A_SIGNED=1:A_WIDTH=32:B_SIGNED=1:B_WIDTH=32:Y_WIDTH=1:394426c56d1a028ba8fdd5469b163e04011def47.
Running "alumacc" on wrapper $extern:wrap:$sub:A_SIGNED=0:A_WIDTH=13:B_SIGNED=0:B_WIDTH=32:Y_WIDTH=32:394426c56d1a028ba8fdd5469b163e04011def47.
Using template $extern:wrap:$sub:A_SIGNED=0:A_WIDTH=13:B_SIGNED=0:B_WIDTH=32:Y_WIDTH=32:394426c56d1a028ba8fdd5469b163e04011def47 for cells of type $extern:wrap:$sub:A_SIGNED=0:A_WIDTH=13:B_SIGNED=0:B_WIDTH=32:Y_WIDTH=32:394426c56d1a028ba8fdd5469b163e04011def47.
Running "alumacc" on wrapper $extern:wrap:$lt:A_SIGNED=1:A_WIDTH=32:B_SIGNED=1:B_WIDTH=32:Y_WIDTH=1:394426c56d1a028ba8fdd5469b163e04011def47.
Using template $extern:wrap:$lt:A_SIGNED=1:A_WIDTH=32:B_SIGNED=1:B_WIDTH=32:Y_WIDTH=1:394426c56d1a028ba8fdd5469b163e04011def47 for cells of type $extern:wrap:$lt:A_SIGNED=1:A_WIDTH=32:B_SIGNED=1:B_WIDTH=32:Y_WIDTH=1:394426c56d1a028ba8fdd5469b163e04011def47.
Running "alumacc" on wrapper $extern:wrap:$add:A_SIGNED=0:A_WIDTH=53:B_SIGNED=0:B_WIDTH=32:Y_WIDTH=53:394426c56d1a028ba8fdd5469b163e04011def47.
Using template $extern:wrap:$add:A_SIGNED=0:A_WIDTH=53:B_SIGNED=0:B_WIDTH=32:Y_WIDTH=53:394426c56d1a028ba8fdd5469b163e04011def47 for cells of type $extern:wrap:$add:A_SIGNED=0:A_WIDTH=53:B_SIGNED=0:B_WIDTH=32:Y_WIDTH=53:394426c56d1a028ba8fdd5469b163e04011def47.
Using extmapper simplemap for cells of type $mux.
Using template $paramod$c5c783b17ab1d780abfad8cfe6563a0a7b47a3b0\_90_pmux for cells of type $pmux.
Using template $paramod$b3b6ac92d800c6f07aa48f510f923d86a674e5a7\_90_pmux for cells of type $pmux.
Using template $paramod$02a96e2570961cd4fd72abff8fb684b8b0b68467\_90_pmux for cells of type $pmux.
Using template $paramod$d629d85c8826a74239b9178d1930215a43b0ceb0\_90_pmux for cells of type $pmux.
Using template $paramod$600cc41df39b3e6f3f6c2a4f2a63b342a4593187\_90_pmux for cells of type $pmux.
Using template $paramod$97b4ede9ac0b1e299c90f9b8e8f5b82f01419d4d\_90_pmux for cells of type $pmux.
Using template $paramod$ec31b3c96ae7b60fc5c4f3e8a5c57d41bf6207a9\_90_pmux for cells of type $pmux.
Using template $paramod$22d60a7641dca782b2290912c8e26f3c8b9c52b2\_90_pmux for cells of type $pmux.
Using template $paramod$085b13339aea124ef7579eb5b7cd7ccdd9c8bb03\_90_pmux for cells of type $pmux.
Using template $paramod$73c1c7322faaaa595331a8d8d336d7d573593385\_90_pmux for cells of type $pmux.
Using extmapper simplemap for cells of type $dffe.
Using extmapper simplemap for cells of type $adffe.
Using template $paramod$a4cd5864316cd4ed9c6832759038dc317198ba73\_90_alu for cells of type $alu.
Using extmapper simplemap for cells of type $xor.
Using template $paramod$381bfac1a8d048c2a82a5e9a8ba59722228aaa1f\_90_alu for cells of type $alu.
Using template $paramod$3111a1a8e90c88cc8c163ba5aed0203d96ddc46d\_90_alu for cells of type $alu.
Using template $paramod$42012094cb3072d0c364ad41e9ef21c044662c5f\_90_alu for cells of type $alu.
Using template $paramod$7bd4281b5f3a80256512f7bfc730d1882f38423f\_90_alu for cells of type $alu.
Using template $paramod$1c7f752e569376866c69ba483366d7daef9225f6\_90_alu for cells of type $alu.
Using template $paramod$2653f68ddb8eab7b1907b4a20767b72a824a7a36\_90_alu for cells of type $alu.
Using template $paramod$e32c921f95fe0e2350204f4ecefc9e296355521b\_90_alu for cells of type $alu.
Using extmapper simplemap for cells of type $reduce_or.
Using template $paramod\_90_lcu_brent_kung\WIDTH=32'00000000000000000000000000100000 for cells of type $lcu.
Using extmapper simplemap for cells of type $pos.
Using template $paramod\_90_lcu_brent_kung\WIDTH=32'00000000000000000000000000001101 for cells of type $lcu.
Using template $paramod\_90_lcu_brent_kung\WIDTH=32'00000000000000000000000000111001 for cells of type $lcu.
Using template $paramod\_90_lcu_brent_kung\WIDTH=32'00000000000000000000000000111000 for cells of type $lcu.
Using template $paramod\_90_lcu_brent_kung\WIDTH=32'00000000000000000000000000110101 for cells of type $lcu.
No more expansions possible.
<suppressed ~5162 debug messages>

9. Executing OPT pass (performing simple optimizations).

9.1. Executing OPT_EXPR pass (perform const folding).
Optimizing module double_adder.
<suppressed ~4450 debug messages>

9.2. Executing OPT_MERGE pass (detect identical cells).
Finding identical cells in module `\double_adder'.
<suppressed ~4956 debug messages>
Removed a total of 1652 cells.

9.3. Executing OPT_MUXTREE pass (detect dead branches in mux trees).
Running muxtree optimizer on module \double_adder..
  Creating internal representation of mux trees.
  No muxes found in this module.
Removed 0 multiplexer ports.

9.4. Executing OPT_REDUCE pass (consolidate $*mux and $reduce_* inputs).
  Optimizing cells in module \double_adder.
Performed a total of 0 changes.

9.5. Executing OPT_MERGE pass (detect identical cells).
Finding identical cells in module `\double_adder'.
Removed a total of 0 cells.

9.6. Executing OPT_DFF pass (perform DFF optimizations).

9.7. Executing OPT_CLEAN pass (remove unused cells and wires).
Finding unused cells or wires in module \double_adder..
Removed 129 unused cells and 3627 unused wires.
<suppressed ~130 debug messages>

9.8. Executing OPT_EXPR pass (perform const folding).
Optimizing module double_adder.
<suppressed ~16 debug messages>

9.9. Rerunning OPT passes. (Maybe there is more to do..)

9.10. Executing OPT_MUXTREE pass (detect dead branches in mux trees).
Running muxtree optimizer on module \double_adder..
  Creating internal representation of mux trees.
  No muxes found in this module.
Removed 0 multiplexer ports.

9.11. Executing OPT_REDUCE pass (consolidate $*mux and $reduce_* inputs).
  Optimizing cells in module \double_adder.
Performed a total of 0 changes.

9.12. Executing OPT_MERGE pass (detect identical cells).
Finding identical cells in module `\double_adder'.
<suppressed ~3 debug messages>
Removed a total of 1 cells.

9.13. Executing OPT_DFF pass (perform DFF optimizations).

9.14. Executing OPT_CLEAN pass (remove unused cells and wires).
Finding unused cells or wires in module \double_adder..
Removed 0 unused cells and 4 unused wires.
<suppressed ~1 debug messages>

9.15. Executing OPT_EXPR pass (perform const folding).
Optimizing module double_adder.

9.16. Rerunning OPT passes. (Maybe there is more to do..)

9.17. Executing OPT_MUXTREE pass (detect dead branches in mux trees).
Running muxtree optimizer on module \double_adder..
  Creating internal representation of mux trees.
  No muxes found in this module.
Removed 0 multiplexer ports.

9.18. Executing OPT_REDUCE pass (consolidate $*mux and $reduce_* inputs).
  Optimizing cells in module \double_adder.
Performed a total of 0 changes.

9.19. Executing OPT_MERGE pass (detect identical cells).
Finding identical cells in module `\double_adder'.
Removed a total of 0 cells.

9.20. Executing OPT_DFF pass (perform DFF optimizations).

9.21. Executing OPT_CLEAN pass (remove unused cells and wires).
Finding unused cells or wires in module \double_adder..

9.22. Executing OPT_EXPR pass (perform const folding).
Optimizing module double_adder.

9.23. Finished OPT passes. (There is nothing left to do.)

10. Executing DFFLIBMAP pass (mapping DFF cells to sequential cells from liberty file).
Warning: Found unsupported expression 'SCE*SCD+SCE'*D' in pin attribute of cell 'sg13g2_sdfrbp_1' - skipping.
Warning: Found unsupported expression 'SCE*SCD+SCE'*D' in pin attribute of cell 'sg13g2_sdfrbp_2' - skipping.
Warning: Found unsupported expression 'SCE*SCD+SCE'*D' in pin attribute of cell 'sg13g2_sdfrbpq_1' - skipping.
Warning: Found unsupported expression 'SCE*SCD+SCE'*D' in pin attribute of cell 'sg13g2_sdfrbpq_2' - skipping.
Warning: Found unsupported expression 'SCE*SCD+SCE'*D' in pin attribute of cell 'sg13g2_sdfrbp_1' - skipping.
Warning: Found unsupported expression 'SCE*SCD+SCE'*D' in pin attribute of cell 'sg13g2_sdfrbp_2' - skipping.
Warning: Found unsupported expression 'SCE*SCD+SCE'*D' in pin attribute of cell 'sg13g2_sdfrbpq_1' - skipping.
Warning: Found unsupported expression 'SCE*SCD+SCE'*D' in pin attribute of cell 'sg13g2_sdfrbpq_2' - skipping.
  cell sg13g2_dfrbpq_1 (noninv, pins=4, area=48.99) is a direct match for cell type $_DFF_PN0_.
Warning: Found unsupported expression 'SCE*SCD+SCE'*D' in pin attribute of cell 'sg13g2_sdfrbp_1' - skipping.
Warning: Found unsupported expression 'SCE*SCD+SCE'*D' in pin attribute of cell 'sg13g2_sdfrbp_2' - skipping.
Warning: Found unsupported expression 'SCE*SCD+SCE'*D' in pin attribute of cell 'sg13g2_sdfrbpq_1' - skipping.
Warning: Found unsupported expression 'SCE*SCD+SCE'*D' in pin attribute of cell 'sg13g2_sdfrbpq_2' - skipping.
Warning: Found unsupported expression 'SCE*SCD+SCE'*D' in pin attribute of cell 'sg13g2_sdfrbp_1' - skipping.
Warning: Found unsupported expression 'SCE*SCD+SCE'*D' in pin attribute of cell 'sg13g2_sdfrbp_2' - skipping.
Warning: Found unsupported expression 'SCE*SCD+SCE'*D' in pin attribute of cell 'sg13g2_sdfrbpq_1' - skipping.
Warning: Found unsupported expression 'SCE*SCD+SCE'*D' in pin attribute of cell 'sg13g2_sdfrbpq_2' - skipping.
Warning: Found unsupported expression 'SCE*SCD+SCE'*D' in pin attribute of cell 'sg13g2_sdfrbp_1' - skipping.
Warning: Found unsupported expression 'SCE*SCD+SCE'*D' in pin attribute of cell 'sg13g2_sdfrbp_2' - skipping.
Warning: Found unsupported expression 'SCE*SCD+SCE'*D' in pin attribute of cell 'sg13g2_sdfrbpq_1' - skipping.
Warning: Found unsupported expression 'SCE*SCD+SCE'*D' in pin attribute of cell 'sg13g2_sdfrbpq_2' - skipping.
Warning: Found unsupported expression 'SCE*SCD+SCE'*D' in pin attribute of cell 'sg13g2_sdfrbp_1' - skipping.
Warning: Found unsupported expression 'SCE*SCD+SCE'*D' in pin attribute of cell 'sg13g2_sdfrbp_2' - skipping.
Warning: Found unsupported expression 'SCE*SCD+SCE'*D' in pin attribute of cell 'sg13g2_sdfrbpq_1' - skipping.
Warning: Found unsupported expression 'SCE*SCD+SCE'*D' in pin attribute of cell 'sg13g2_sdfrbpq_2' - skipping.
Warning: Found unsupported expression 'SCE*SCD+SCE'*D' in pin attribute of cell 'sg13g2_sdfrbp_1' - skipping.
Warning: Found unsupported expression 'SCE*SCD+SCE'*D' in pin attribute of cell 'sg13g2_sdfrbp_2' - skipping.
Warning: Found unsupported expression 'SCE*SCD+SCE'*D' in pin attribute of cell 'sg13g2_sdfrbpq_1' - skipping.
Warning: Found unsupported expression 'SCE*SCD+SCE'*D' in pin attribute of cell 'sg13g2_sdfrbpq_2' - skipping.
Warning: Found unsupported expression 'SCE*SCD+SCE'*D' in pin attribute of cell 'sg13g2_sdfrbp_1' - skipping.
Warning: Found unsupported expression 'SCE*SCD+SCE'*D' in pin attribute of cell 'sg13g2_sdfrbp_2' - skipping.
Warning: Found unsupported expression 'SCE*SCD+SCE'*D' in pin attribute of cell 'sg13g2_sdfrbpq_1' - skipping.
Warning: Found unsupported expression 'SCE*SCD+SCE'*D' in pin attribute of cell 'sg13g2_sdfrbpq_2' - skipping.
Warning: Found unsupported expression 'SCE*SCD+SCE'*D' in pin attribute of cell 'sg13g2_sdfrbp_1' - skipping.
Warning: Found unsupported expression 'SCE*SCD+SCE'*D' in pin attribute of cell 'sg13g2_sdfrbp_2' - skipping.
Warning: Found unsupported expression 'SCE*SCD+SCE'*D' in pin attribute of cell 'sg13g2_sdfrbpq_1' - skipping.
Warning: Found unsupported expression 'SCE*SCD+SCE'*D' in pin attribute of cell 'sg13g2_sdfrbpq_2' - skipping.
  final dff cell mappings:
    unmapped dff cell: $_DFF_N_
    unmapped dff cell: $_DFF_P_
    unmapped dff cell: $_DFF_NN0_
    unmapped dff cell: $_DFF_NN1_
    unmapped dff cell: $_DFF_NP0_
    unmapped dff cell: $_DFF_NP1_
    \sg13g2_dfrbpq_1 _DFF_PN0_ (.CLK( C), .D( D), .Q( Q), .RESET_B( R));
    unmapped dff cell: $_DFF_PN1_
    unmapped dff cell: $_DFF_PP0_
    unmapped dff cell: $_DFF_PP1_
    unmapped dff cell: $_DFFSR_NNN_
    unmapped dff cell: $_DFFSR_NNP_
    unmapped dff cell: $_DFFSR_NPN_
    unmapped dff cell: $_DFFSR_NPP_
    unmapped dff cell: $_DFFSR_PNN_
    unmapped dff cell: $_DFFSR_PNP_
    unmapped dff cell: $_DFFSR_PPN_
    unmapped dff cell: $_DFFSR_PPP_

10.1. Executing DFFLEGALIZE pass (convert FFs to types supported by the target).
Mapping DFF cells in module `\double_adder':
  mapped 529 $_DFF_PN0_ cells to \sg13g2_dfrbpq_1 cells.

11. Executing ABC pass (technology mapping using ABC).

11.1. Extracting gate netlist of module `\double_adder' to `<abc-temp-dir>/input.blif'..
Replacing 829 occurrences of constant undef bits with constant zero bits
Extracted 5618 gates and 6282 wires to a netlist network with 661 inputs and 535 outputs.

11.1.1. Executing ABC.
Running ABC command: "/nix/store/6l3aj1gi4lja8z5s4lan2k2cfz9mqkrz-yosys-abc/bin/abc" -s -f <abc-temp-dir>/abc.script 2>&1
ABC: ABC command line: "source <abc-temp-dir>/abc.script".
ABC: 
ABC: + read_blif <abc-temp-dir>/input.blif 
ABC: + read_lib -w /home/jcarrig/Documents/5th year/VLSI/VLSI_Project/openlane/double_adder/sg13g2_stdcell_typ_1p20V_25C.lib 
ABC: Parsing finished successfully.  Parsing time =     0.01 sec
ABC: Scl_LibertyReadGenlib() skipped cell "sg13g2_antennanp" due to dont_use attribute.
ABC: Scl_LibertyReadGenlib() skipped cell "sg13g2_decap_4" due to dont_use attribute.
ABC: Scl_LibertyReadGenlib() skipped cell "sg13g2_decap_8" due to dont_use attribute.
ABC: Scl_LibertyReadGenlib() skipped sequential cell "sg13g2_dfrbp_1".
ABC: Scl_LibertyReadGenlib() skipped sequential cell "sg13g2_dfrbp_2".
ABC: Scl_LibertyReadGenlib() skipped sequential cell "sg13g2_dfrbpq_1".
ABC: Scl_LibertyReadGenlib() skipped sequential cell "sg13g2_dfrbpq_2".
ABC: Scl_LibertyReadGenlib() skipped sequential cell "sg13g2_dlhq_1".
ABC: Scl_LibertyReadGenlib() skipped sequential cell "sg13g2_dlhr_1".
ABC: Scl_LibertyReadGenlib() skipped sequential cell "sg13g2_dlhrq_1".
ABC: Scl_LibertyReadGenlib() skipped sequential cell "sg13g2_dllr_1".
ABC: Scl_LibertyReadGenlib() skipped sequential cell "sg13g2_dllrq_1".
ABC: Scl_LibertyReadGenlib() skipped three-state cell "sg13g2_ebufn_2".
ABC: Scl_LibertyReadGenlib() skipped three-state cell "sg13g2_ebufn_4".
ABC: Scl_LibertyReadGenlib() skipped three-state cell "sg13g2_ebufn_8".
ABC: Scl_LibertyReadGenlib() skipped three-state cell "sg13g2_einvn_2".
ABC: Scl_LibertyReadGenlib() skipped three-state cell "sg13g2_einvn_4".
ABC: Scl_LibertyReadGenlib() skipped three-state cell "sg13g2_einvn_8".
ABC: Scl_LibertyReadGenlib() skipped cell "sg13g2_fill_1" due to dont_use attribute.
ABC: Scl_LibertyReadGenlib() skipped cell "sg13g2_fill_2" due to dont_use attribute.
ABC: Scl_LibertyReadGenlib() skipped cell "sg13g2_fill_4" due to dont_use attribute.
ABC: Scl_LibertyReadGenlib() skipped cell "sg13g2_fill_8" due to dont_use attribute.
ABC: Scl_LibertyReadGenlib() skipped cell "sg13g2_lgcp_1" due to dont_use attribute.
ABC: Scl_LibertyReadGenlib() skipped sequential cell "sg13g2_sdfbbp_1".
ABC: Scl_LibertyReadGenlib() skipped sequential cell "sg13g2_sdfrbp_1".
ABC: Scl_LibertyReadGenlib() skipped sequential cell "sg13g2_sdfrbp_2".
ABC: Scl_LibertyReadGenlib() skipped sequential cell "sg13g2_sdfrbpq_1".
ABC: Scl_LibertyReadGenlib() skipped sequential cell "sg13g2_sdfrbpq_2".
ABC: Scl_LibertyReadGenlib() skipped cell "sg13g2_sighold" due to dont_use attribute.
ABC: Scl_LibertyReadGenlib() skipped cell "sg13g2_slgcp_1" due to dont_use attribute.
ABC: Library "sg13g2_stdcell_typ_1p20V_25C" from "/home/jcarrig/Documents/5th year/VLSI/VLSI_Project/openlane/double_adder/sg13g2_stdcell_typ_1p20V_25C.lib" has 54 cells (20 skipped: 14 seq; 6 tri-state; 0 no func; 10 dont_use).  Time =     0.01 sec
ABC: Memory =    2.85 MB. Time =     0.01 sec
ABC: + strash 
ABC: + &get -n 
ABC: + &fraig -x 
ABC: + &put 
ABC: + scorr 
ABC: Warning: The network is combinational (run "fraig" or "fraig_sweep").
ABC: + dc2 
ABC: + dretime 
ABC: + retime -o -D 10000 
ABC: + strash 
ABC: + &get -n 
ABC: + &dch -f 
ABC: + &nf -D 10000 
ABC: + &put 
ABC: + write_blif <abc-temp-dir>/output.blif 

11.1.2. Re-integrating ABC results.
ABC RESULTS:     sg13g2_and4_1 cells:        8
ABC RESULTS:     sg13g2_nor4_1 cells:       60
ABC RESULTS:     sg13g2_and3_1 cells:       15
ABC RESULTS:     sg13g2_mux2_1 cells:      204
ABC RESULTS:    sg13g2_nor2b_1 cells:       93
ABC RESULTS:    sg13g2_xnor2_1 cells:       90
ABC RESULTS:     sg13g2_xor2_1 cells:       57
ABC RESULTS:     sg13g2_a21o_1 cells:       33
ABC RESULTS:     sg13g2_nor3_1 cells:       39
ABC RESULTS:   sg13g2_nand2b_1 cells:      129
ABC RESULTS:   sg13g2_nand3b_1 cells:        6
ABC RESULTS:      sg13g2_or2_1 cells:       38
ABC RESULTS:      sg13g2_or3_1 cells:        7
ABC RESULTS:    sg13g2_nand4_1 cells:       47
ABC RESULTS:     sg13g2_and2_1 cells:       87
ABC RESULTS:   sg13g2_a221oi_1 cells:       58
ABC RESULTS:    sg13g2_nand2_1 cells:      272
ABC RESULTS:    sg13g2_nand3_1 cells:       82
ABC RESULTS:    sg13g2_o21ai_1 cells:      401
ABC RESULTS:    sg13g2_a22oi_1 cells:      302
ABC RESULTS:     sg13g2_nor2_1 cells:      354
ABC RESULTS:    sg13g2_a21oi_1 cells:      366
ABC RESULTS:      sg13g2_inv_1 cells:      141
ABC RESULTS:        internal signals:     5086
ABC RESULTS:           input signals:      661
ABC RESULTS:          output signals:      535
Removing temp directory.
Removed 0 unused cells and 2577 unused wires.

12. Executing Verilog backend.

12.1. Executing BMUXMAP pass.

12.2. Executing DEMUXMAP pass.
Dumping module `\double_adder'.

Warnings: 4 unique messages, 36 total
End of script. Logfile hash: 99b8e7a926, CPU: user 1.16s system 0.05s, MEM: 89.54 MB peak
Yosys 0.46 (git sha1 e97731b9dda91fa5fa53ed87df7c34163ba59a41, clang++ 17.0.6 -fPIC -O3)
Time spent: 32% 1x abc (0 sec), 14% 21x opt_expr (0 sec), ...
